 &plot nbnd= 114, nks=    81 /
            0.500000  0.500000  0.500000
  -73.464  -73.464  -73.464  -73.464  -39.641  -39.641  -39.641  -39.641  -39.638  -39.638
  -39.638  -39.638  -39.386  -39.386  -39.386  -39.386   -2.394   -2.394   -2.394   -2.394
    0.189    0.189    0.189    0.189    6.335    6.335    6.335    6.335    7.440    7.440
    7.440    7.440    8.292    8.292    8.292    8.292   10.532   10.532   10.532   10.532
   10.849   10.849   10.849   10.849   11.620   11.620   11.620   11.620   11.771   11.771
   11.771   11.771   12.427   12.427   12.427   12.427   14.259   14.259   14.259   14.259
   15.233   15.233   15.233   15.233   16.156   16.156   16.156   16.156   19.932   19.932
   19.932   19.932   20.888   20.888   20.888   20.888   21.395   21.395   21.395   21.395
   21.875   21.875   21.875   21.875   23.042   23.042   23.042   23.042   25.431   25.431
   25.431   25.431   27.818   27.818   27.818   27.818   28.632   28.632   28.632   28.632
   29.716   29.716   29.716   29.716   29.816   29.816   29.816   29.816   32.685   32.685
   32.685   32.685   33.039   33.039
            0.475000  0.475000  0.475000
  -73.464  -73.464  -73.464  -73.464  -39.641  -39.641  -39.641  -39.641  -39.638  -39.638
  -39.638  -39.638  -39.386  -39.386  -39.386  -39.386   -2.414   -2.393   -2.392   -2.392
    0.194    0.194    0.199    0.208    6.284    6.329    6.329    6.336    7.414    7.414
    7.441    7.505    8.290    8.290    8.321    8.321   10.498   10.498   10.522   10.522
   10.785   10.828   10.828   10.834   11.632   11.641   11.641   11.671   11.781   11.781
   11.796   11.796   12.426   12.433   12.433   12.434   14.258   14.271   14.272   14.272
   15.225   15.225   15.238   15.238   16.138   16.143   16.155   16.155   19.854   19.889
   19.889   19.958   20.866   20.912   20.912   20.976   21.351   21.351   21.382   21.382
   21.884   21.884   21.923   21.923   23.035   23.071   23.072   23.072   25.432   25.460
   25.489   25.489   27.584   27.741   27.741   27.816   28.603   28.653   28.653   28.865
   29.540   29.540   29.591   29.591   29.936   29.936   29.975   29.975   32.531   32.619
   32.619   32.637   33.021   33.171
            0.450000  0.450000  0.450000
  -73.464  -73.464  -73.464  -73.464  -39.641  -39.641  -39.641  -39.641  -39.638  -39.638
  -39.638  -39.638  -39.386  -39.386  -39.386  -39.386   -2.472   -2.391   -2.389   -2.389
    0.208    0.208    0.229    0.262    6.160    6.309    6.309    6.338    7.349    7.349
    7.444    7.670    8.285    8.285    8.392    8.392   10.405   10.405   10.487   10.487
   10.632   10.785   10.785   10.795   11.665   11.684   11.684   11.785   11.812   11.812
   11.865   11.865   12.421   12.451   12.451   12.454   14.254   14.307   14.308   14.308
   15.203   15.203   15.253   15.253   16.084   16.105   16.153   16.153   19.687   19.782
   19.782   20.034   20.806   20.957   20.957   21.168   21.241   21.241   21.368   21.368
   21.909   21.909   22.042   22.042   23.016   23.159   23.162   23.162   25.434   25.541
   25.646   25.646   27.170   27.564   27.564   27.807   28.521   28.636   28.636   29.272
   29.287   29.287   29.514   29.514   30.034   30.034   30.180   30.180   32.286   32.501
   32.542   32.542   32.970   33.397
            0.425000  0.425000  0.425000
  -73.464  -73.464  -73.464  -73.464  -39.641  -39.641  -39.641  -39.641  -39.638  -39.638
  -39.638  -39.638  -39.386  -39.386  -39.386  -39.386   -2.561   -2.387   -2.382   -2.382
    0.231    0.231    0.277    0.344    6.009    6.274    6.274    6.344    7.270    7.270
    7.447    7.891    8.276    8.276    8.478    8.478   10.275   10.275   10.423   10.423
   10.439   10.736   10.750   10.750   11.713   11.728   11.728   11.859   11.859   11.911
   11.962   11.962   12.414   12.478   12.478   12.487   14.249   14.364   14.366   14.366
   15.166   15.166   15.277   15.277   15.998   16.044   16.150   16.150   19.516   19.652
   19.652   20.157   20.716   20.964   20.964   21.111   21.111   21.369   21.386   21.386
   21.946   21.946   22.200   22.200   22.987   23.306   23.307   23.307   25.437   25.658
   25.864   25.864   26.755   27.361   27.361   27.785   28.402   28.509   28.509   29.019
   29.019   29.524   29.524   29.669   30.091   30.091   30.389   30.389   32.047   32.313
   32.512   32.512   32.878   33.578
            0.400000  0.400000  0.400000
  -73.464  -73.464  -73.464  -73.464  -39.641  -39.641  -39.641  -39.641  -39.638  -39.638
  -39.638  -39.638  -39.386  -39.386  -39.386  -39.386   -2.673   -2.381   -2.373   -2.373
    0.261    0.261    0.344    0.443    5.858    6.224    6.224    6.353    7.198    7.198
    7.448    8.137    8.264    8.264    8.551    8.551   10.132   10.132   10.234   10.336
   10.336   10.663   10.732   10.732   11.768   11.770   11.770   11.914   11.914   12.023
   12.065   12.065   12.406   12.513   12.513   12.532   14.241   14.439   14.443   14.443
   15.112   15.112   15.311   15.311   15.888   15.968   16.147   16.147   19.376   19.529
   19.529   20.321   20.605   20.876   20.876   21.037   21.037   21.433   21.433   21.526
   22.001   22.001   22.376   22.376   22.945   23.496   23.496   23.508   25.442   25.790
   26.075   26.075   26.390   27.193   27.193   27.730   28.284   28.310   28.310   28.763
   28.763   29.530   29.530   29.989   30.146   30.146   30.605   30.605   31.825   32.136
   32.512   32.512   32.733   33.700
            0.375000  0.375000  0.375000
  -73.464  -73.464  -73.464  -73.464  -39.641  -39.641  -39.641  -39.641  -39.638  -39.638
  -39.638  -39.638  -39.386  -39.386  -39.386  -39.386   -2.801   -2.372   -2.361   -2.361
    0.297    0.297    0.428    0.547    5.723    6.160    6.160    6.370    7.141    7.141
    7.445    8.250    8.250    8.393    8.594    8.594    9.995    9.995   10.031   10.242
   10.242   10.580   10.729   10.729   11.814   11.814   11.827   11.965   11.965   12.107
   12.162   12.162   12.400   12.549   12.549   12.583   14.233   14.526   14.536   14.536
   15.042   15.042   15.353   15.353   15.760   15.886   16.146   16.146   19.281   19.429
   19.429   20.466   20.540   20.745   20.745   21.014   21.014   21.476   21.476   21.623
   22.081   22.081   22.564   22.564   22.885   23.708   23.708   23.743   25.445   25.917
   26.109   26.185   26.185   27.114   27.114   27.618   28.086   28.086   28.210   28.560
   28.560   29.482   29.482   30.162   30.215   30.215   30.836   30.836   31.626   32.024
   32.502   32.502   32.548   33.724
            0.350000  0.350000  0.350000
  -73.464  -73.464  -73.464  -73.464  -39.641  -39.641  -39.641  -39.640  -39.639  -39.639
  -39.638  -39.638  -39.386  -39.386  -39.386  -39.386   -2.937   -2.360   -2.346   -2.346
    0.337    0.337    0.525    0.647    5.615    6.088    6.088    6.396    7.103    7.103
    7.436    8.229    8.229    8.598    8.598    8.647    9.837    9.871    9.871   10.155
   10.155   10.490   10.733   10.733   11.861   11.861   11.885   12.011   12.011   12.151
   12.245   12.245   12.406   12.580   12.580   12.633   14.224   14.612   14.639   14.639
   14.957   14.957   15.403   15.403   15.623   15.817   16.150   16.150   19.233   19.362
   19.362   20.350   20.633   20.633   20.760   21.009   21.009   21.499   21.499   21.665
   22.186   22.186   22.762   22.762   22.800   23.916   23.916   23.971   25.441   25.937
   26.032   26.158   26.158   27.111   27.111   27.455   27.856   27.856   28.198   28.456
   28.456   29.413   29.413   30.132   30.282   30.282   31.076   31.076   31.463   31.942
   32.413   32.454   32.454   33.605
            0.325000  0.325000  0.325000
  -73.464  -73.464  -73.464  -73.464  -39.641  -39.641  -39.641  -39.640  -39.639  -39.639
  -39.638  -39.638  -39.386  -39.386  -39.386  -39.386   -3.077   -2.344   -2.327   -2.327
    0.379    0.379    0.635    0.735    5.537    6.015    6.015    6.435    7.080    7.080
    7.419    8.197    8.197    8.571    8.571    8.887    9.663    9.755    9.755   10.085
   10.085   10.391   10.741   10.741   11.909   11.909   11.941   12.050   12.050   12.152
   12.312   12.312   12.432   12.602   12.602   12.678   14.214   14.686   14.742   14.742
   14.869   14.869   15.462   15.462   15.480   15.783   16.161   16.161   19.227   19.329
   19.329   20.227   20.560   20.560   21.012   21.023   21.023   21.499   21.499   21.664
   22.307   22.307   22.692   22.969   22.969   24.092   24.092   24.147   25.417   25.866
   26.066   26.066   26.155   27.086   27.086   27.284   27.627   27.627   28.227   28.449
   28.449   29.384   29.384   29.919   30.334   30.334   31.299   31.299   31.304   31.784
   32.367   32.367   32.454   33.387
            0.300000  0.300000  0.300000
  -73.464  -73.464  -73.464  -73.464  -39.641  -39.640  -39.640  -39.640  -39.639  -39.639
  -39.638  -39.638  -39.386  -39.386  -39.386  -39.386   -3.216   -2.325   -2.306   -2.306
    0.420    0.420    0.750    0.809    5.492    5.947    5.947    6.489    7.069    7.069
    7.391    8.143    8.143    8.534    8.534    9.092    9.523    9.642    9.642   10.029
   10.029   10.284   10.750   10.750   11.958   11.958   11.995   12.082   12.082   12.120
   12.363   12.363   12.472   12.608   12.608   12.713   14.201   14.733   14.733   14.740
   14.894   14.894   15.336   15.526   15.526   15.800   16.182   16.182   19.251   19.330
   19.330   20.114   20.535   20.535   21.057   21.057   21.271   21.482   21.482   21.636
   22.427   22.427   22.574   23.181   23.181   24.213   24.213   24.253   25.339   25.845
   25.979   25.979   26.342   27.005   27.005   27.143   27.419   27.419   28.275   28.463
   28.463   29.434   29.434   29.594   30.372   30.372   31.077   31.471   31.471   31.613
   32.284   32.284   32.599   33.169
            0.275000  0.275000  0.275000
  -73.464  -73.464  -73.464  -73.464  -39.641  -39.640  -39.640  -39.640  -39.639  -39.639
  -39.638  -39.638  -39.387  -39.386  -39.386  -39.386   -3.351   -2.303   -2.281   -2.281
    0.458    0.458    0.828    0.905    5.482    5.892    5.892    6.561    7.066    7.066
    7.352    8.061    8.061    8.513    8.513    9.194    9.477    9.529    9.529    9.979
    9.979   10.171   10.754   10.754   12.004   12.004   12.045   12.074   12.109   12.109
   12.398   12.398   12.511   12.599   12.599   12.740   14.182   14.636   14.636   14.775
   15.016   15.016   15.199   15.595   15.595   15.865   16.211   16.211   19.290   19.364
   19.364   20.025   20.558   20.558   21.107   21.107   21.450   21.450   21.504   21.613
   22.470   22.533   22.533   23.391   23.391   24.287   24.287   24.305   25.182   25.847
   25.911   25.911   26.597   26.882   26.882   27.045   27.259   27.259   28.323   28.462
   28.462   29.225   29.509   29.509   30.389   30.389   30.779   31.455   31.579   31.579
   32.255   32.255   32.706   33.061
            0.250000  0.250000  0.250000
  -73.464  -73.464  -73.464  -73.464  -39.641  -39.640  -39.640  -39.639  -39.639  -39.639
  -39.638  -39.638  -39.387  -39.386  -39.386  -39.386   -3.480   -2.276   -2.253   -2.253
    0.490    0.490    0.852    1.036    5.501    5.854    5.854    6.656    7.065    7.065
    7.302    7.955    7.955    8.515    8.515    9.145    9.418    9.418    9.552    9.921
    9.921   10.063   10.750   10.750   12.022   12.047   12.047   12.096   12.130   12.130
   12.418   12.418   12.541   12.577   12.577   12.759   14.154   14.544   14.544   14.792
   15.088   15.152   15.152   15.666   15.666   15.961   16.245   16.245   19.323   19.429
   19.429   19.980   20.623   20.623   21.160   21.160   21.417   21.417   21.527   21.766
   22.404   22.609   22.609   23.580   23.580   24.321   24.352   24.352   24.958   25.850
   25.850   25.870   26.725   26.725   26.826   27.013   27.156   27.156   28.356   28.485
   28.485   28.874   29.523   29.523   30.344   30.344   30.463   31.267   31.687   31.687
   32.258   32.258   32.641   33.090
            0.225000  0.225000  0.225000
  -73.464  -73.464  -73.464  -73.464  -39.641  -39.640  -39.640  -39.639  -39.639  -39.639
  -39.638  -39.638  -39.387  -39.386  -39.386  -39.386   -3.600   -2.246   -2.224   -2.224
    0.516    0.516    0.848    1.173    5.547    5.837    5.837    6.772    7.066    7.066
    7.243    7.840    7.840    8.537    8.537    9.058    9.312    9.312    9.587    9.847
    9.847   10.004   10.734   10.734   11.979   12.082   12.082   12.145   12.145   12.145
   12.425   12.425   12.548   12.548   12.558   12.771   14.117   14.468   14.468   14.766
   15.047   15.299   15.299   15.737   15.737   16.065   16.282   16.282   19.334   19.527
   19.527   20.000   20.722   20.722   21.180   21.180   21.412   21.412   21.500   21.910
   22.396   22.647   22.647   23.729   23.729   24.315   24.456   24.456   24.710   25.785
   25.785   25.904   26.558   26.558   26.831   27.081   27.081   27.130   28.344   28.561
   28.561   28.643   29.450   29.450   30.175   30.213   30.213   31.046   31.795   31.795
   32.268   32.268   32.509   32.986
            0.200000  0.200000  0.200000
  -73.464  -73.464  -73.464  -73.464  -39.641  -39.641  -39.641  -39.639  -39.639  -39.639
  -39.638  -39.638  -39.387  -39.386  -39.386  -39.386   -3.711   -2.214   -2.192   -2.192
    0.534    0.534    0.823    1.312    5.613    5.842    5.842    6.909    7.064    7.064
    7.181    7.729    7.729    8.569    8.569    8.973    9.213    9.213    9.502    9.756
    9.756   10.030   10.704   10.704   11.947   12.097   12.097   12.158   12.158   12.194
   12.422   12.422   12.522   12.522   12.561   12.776   14.069   14.411   14.411   14.687
   15.096   15.451   15.451   15.809   15.809   16.157   16.316   16.316   19.331   19.657
   19.657   20.086   20.830   20.830   21.145   21.145   21.461   21.461   21.498   21.970
   22.426   22.652   22.652   23.832   23.832   24.300   24.484   24.604   24.604   25.726
   25.726   25.936   26.400   26.400   26.683   27.013   27.013   27.212   28.281   28.604
   28.665   28.665   29.326   29.326   29.960   30.038   30.038   30.817   31.766   31.766
   32.304   32.304   32.368   33.007
            0.175000  0.175000  0.175000
  -73.464  -73.464  -73.464  -73.464  -39.641  -39.641  -39.641  -39.639  -39.639  -39.639
  -39.638  -39.638  -39.387  -39.386  -39.386  -39.386   -3.810   -2.180   -2.160   -2.160
    0.545    0.545    0.784    1.446    5.694    5.868    5.868    7.046    7.059    7.059
    7.137    7.634    7.634    8.600    8.600    8.887    9.129    9.129    9.355    9.650
    9.650   10.091   10.661   10.661   11.923   12.074   12.074   12.182   12.182   12.244
   12.418   12.418   12.504   12.504   12.552   12.775   14.012   14.374   14.374   14.593
   15.200   15.603   15.603   15.886   15.886   16.225   16.346   16.347   19.337   19.815
   19.815   20.220   20.868   20.868   21.155   21.155   21.530   21.532   21.532   21.979
   22.417   22.640   22.640   23.894   23.894   24.264   24.339   24.756   24.756   25.700
   25.700   25.945   26.264   26.264   26.416   26.952   26.952   27.246   28.215   28.662
   28.705   28.705   29.221   29.221   29.859   29.893   29.893   30.603   31.631   31.631
   32.219   32.231   32.231   33.118
            0.150000  0.150000  0.150000
  -73.464  -73.464  -73.464  -73.464  -39.641  -39.641  -39.641  -39.639  -39.639  -39.639
  -39.638  -39.638  -39.387  -39.386  -39.386  -39.386   -3.898   -2.145   -2.128   -2.128
    0.549    0.549    0.734    1.574    5.785    5.913    5.913    7.036    7.048    7.048
    7.259    7.562    7.562    8.608    8.608    8.780    9.072    9.072    9.210    9.536
    9.536   10.149   10.606   10.606   11.901   12.022   12.022   12.211   12.211   12.293
   12.420   12.420   12.492   12.492   12.534   12.768   13.941   14.354   14.354   14.509
   15.334   15.738   15.738   15.973   15.973   16.266   16.376   16.376   19.369   19.987
   19.987   20.390   20.788   20.788   21.280   21.280   21.593   21.600   21.600   21.964
   22.325   22.627   22.627   23.911   23.911   24.151   24.350   24.863   24.863   25.734
   25.734   25.810   26.159   26.159   26.193   26.908   26.908   27.277   28.118   28.605
   28.605   28.755   29.172   29.172   29.849   29.849   29.869   30.426   31.454   31.454
   32.048   32.048   32.048   33.165
            0.125000  0.125000  0.125000
  -73.464  -73.464  -73.464  -73.464  -39.641  -39.641  -39.641  -39.639  -39.639  -39.639
  -39.638  -39.638  -39.387  -39.386  -39.386  -39.386   -3.974   -2.112   -2.098   -2.098
    0.546    0.546    0.681    1.689    5.881    5.971    5.971    6.986    7.030    7.030
    7.433    7.521    7.521    8.567    8.567    8.632    9.055    9.055    9.107    9.431
    9.431   10.195   10.542   10.542   11.877   11.956   11.956   12.240   12.240   12.339
   12.428   12.428   12.482   12.482   12.512   12.759   13.855   14.347   14.347   14.445
   15.483   15.843   15.843   16.068   16.068   16.282   16.414   16.414   19.429   20.126
   20.126   20.591   20.715   20.715   21.435   21.435   21.665   21.665   21.673   21.917
   22.194   22.615   22.615   23.880   23.880   24.040   24.413   24.906   24.906   25.435
   25.825   25.825   26.093   26.093   26.171   26.879   26.879   27.280   28.020   28.442
   28.442   28.875   29.126   29.126   29.913   29.915   29.915   30.318   31.242   31.242
   31.828   31.828   31.839   33.149
            0.100000  0.100000  0.100000
  -73.464  -73.464  -73.464  -73.464  -39.641  -39.641  -39.641  -39.639  -39.639  -39.639
  -39.638  -39.638  -39.387  -39.386  -39.386  -39.386   -4.036   -2.081   -2.071   -2.071
    0.540    0.540    0.629    1.790    5.976    6.035    6.035    6.948    7.007    7.007
    7.517    7.517    7.603    8.450    8.471    8.471    9.053    9.067    9.067    9.353
    9.353   10.228   10.472   10.472   11.847   11.888   11.888   12.266   12.266   12.380
   12.438   12.438   12.476   12.476   12.492   12.750   13.757   14.348   14.348   14.404
   15.638   15.920   15.920   16.144   16.144   16.279   16.480   16.480   19.511   20.137
   20.137   20.781   20.781   20.818   21.550   21.550   21.657   21.758   21.758   21.890
   22.116   22.591   22.591   23.812   23.812   23.934   24.486   24.893   24.893   25.006
   25.936   25.936   26.076   26.076   26.211   26.849   26.849   27.215   27.981   28.293
   28.293   29.025   29.105   29.105   29.912   30.019   30.019   30.309   30.997   30.997
   31.588   31.605   31.605   33.134
            0.075000  0.075000  0.075000
  -73.464  -73.464  -73.464  -73.464  -39.641  -39.641  -39.641  -39.639  -39.639  -39.638
  -39.638  -39.638  -39.387  -39.386  -39.386  -39.386   -4.085   -2.054   -2.048   -2.048
    0.532    0.532    0.584    1.873    6.063    6.097    6.097    6.928    6.983    6.983
    7.549    7.549    7.753    8.262    8.336    8.336    9.031    9.073    9.073    9.326
    9.326   10.250   10.400   10.400   11.812   11.828   11.828   12.287   12.287   12.414
   12.448   12.448   12.471   12.471   12.478   12.743   13.656   14.353   14.353   14.381
   15.786   15.979   15.979   16.179   16.179   16.262   16.576   16.576   19.604   20.035
   20.035   20.985   20.985   21.062   21.470   21.600   21.600   21.885   21.885   21.969
   22.106   22.533   22.533   23.739   23.739   23.836   24.478   24.657   24.841   24.841
   26.028   26.028   26.116   26.116   26.268   26.794   26.794   27.093   28.001   28.187
   28.187   29.160   29.160   29.208   29.875   30.109   30.109   30.360   30.734   30.734
   31.306   31.386   31.386   33.143
            0.050000  0.050000  0.050000
  -73.464  -73.464  -73.464  -73.464  -39.641  -39.641  -39.641  -39.639  -39.639  -39.638
  -39.638  -39.638  -39.387  -39.386  -39.386  -39.386   -4.120   -2.033   -2.031   -2.031
    0.525    0.525    0.548    1.934    6.133    6.149    6.149    6.928    6.964    6.964
    7.617    7.617    7.870    8.096    8.181    8.181    9.027    9.057    9.057    9.347
    9.347   10.263   10.335   10.335   11.778   11.782   11.782   12.303   12.303   12.440
   12.456   12.456   12.468   12.468   12.470   12.737   13.568   14.359   14.359   14.370
   15.917   16.027   16.027   16.182   16.182   16.234   16.677   16.677   19.697   19.917
   19.917   21.240   21.240   21.266   21.307   21.618   21.618   21.986   21.986   21.991
   22.181   22.438   22.438   23.691   23.691   23.751   24.169   24.641   24.766   24.766
   26.091   26.091   26.205   26.205   26.329   26.704   26.704   26.960   28.040   28.123
   28.123   29.304   29.304   29.419   29.843   30.145   30.145   30.414   30.503   30.503
   31.017   31.176   31.176   33.162
            0.025000  0.025000  0.025000
  -73.464  -73.464  -73.464  -73.464  -39.641  -39.641  -39.641  -39.639  -39.639  -39.638
  -39.638  -39.638  -39.387  -39.386  -39.386  -39.386   -4.142   -2.020   -2.020   -2.020
    0.520    0.520    0.526    1.972    6.178    6.182    6.182    6.939    6.951    6.951
    7.716    7.716    7.933    7.990    8.025    8.025    9.030    9.040    9.040    9.378
    9.378   10.269   10.288   10.288   11.753   11.754   11.754   12.313   12.313   12.455
   12.459   12.459   12.468   12.468   12.468   12.733   13.508   14.363   14.363   14.366
   16.023   16.063   16.063   16.171   16.171   16.195   16.750   16.750   19.770   19.830
   19.830   21.118   21.492   21.492   21.512   21.627   21.627   21.951   21.987   21.987
   22.285   22.353   22.353   23.674   23.674   23.693   23.900   24.663   24.699   24.699
   26.131   26.131   26.316   26.316   26.383   26.589   26.589   26.857   28.070   28.090
   28.090   29.518   29.518   29.625   29.824   30.019   30.019   30.427   30.427   30.442
   30.771   31.000   31.000   33.175
            0.000000  0.000000  0.000000
  -73.464  -73.464  -73.464  -73.464  -39.641  -39.641  -39.641  -39.639  -39.639  -39.638
  -39.638  -39.638  -39.386  -39.386  -39.386  -39.386   -4.149   -2.016   -2.016   -2.016
    0.518    0.518    0.518    1.985    6.194    6.194    6.194    6.947    6.947    6.947
    7.802    7.802    7.918    7.918    7.918    7.986    9.033    9.033    9.033    9.392
    9.392   10.270   10.270   10.270   11.744   11.744   11.744   12.316   12.316   12.460
   12.460   12.460   12.468   12.468   12.468   12.732   13.487   14.365   14.365   14.365
   16.078   16.078   16.078   16.163   16.163   16.163   16.777   16.777   19.799   19.799
   19.799   21.061   21.608   21.608   21.608   21.667   21.667   21.915   21.915   21.915
   22.331   22.331   22.331   23.672   23.672   23.672   23.795   24.671   24.671   24.671
   26.145   26.145   26.406   26.406   26.406   26.497   26.497   26.816   28.080   28.080
   28.080   29.732   29.732   29.732   29.813   29.813   29.813   30.440   30.440   30.440
   30.669   30.924   30.924   33.179
            0.025000  0.000000  0.000000
  -73.464  -73.464  -73.464  -73.464  -39.641  -39.641  -39.641  -39.639  -39.639  -39.638
  -39.638  -39.638  -39.387  -39.386  -39.386  -39.386   -4.146   -2.021   -2.015   -2.015
    0.519    0.519    0.520    1.981    6.184    6.192    6.193    6.935    6.945    6.960
    7.731    7.807    7.925    7.927    7.982    7.994    9.029    9.032    9.040    9.382
    9.393   10.266   10.268   10.288   11.743   11.749   11.750   12.314   12.317   12.459
   12.459   12.460   12.468   12.468   12.468   12.733   13.494   14.363   14.364   14.366
   16.062   16.069   16.070   16.163   16.172   16.174   16.759   16.777   19.798   19.803
   19.806   21.081   21.546   21.606   21.606   21.606   21.629   21.922   21.956   21.959
   22.310   22.332   22.346   23.659   23.672   23.693   23.831   24.666   24.673   24.690
   26.131   26.149   26.329   26.403   26.414   26.496   26.565   26.830   28.067   28.088
   28.088   29.590   29.641   29.721   29.793   29.906   29.945   30.407   30.433   30.471
   30.703   30.927   30.972   33.175
            0.050000  0.000000  0.000000
  -73.464  -73.464  -73.464  -73.464  -39.641  -39.641  -39.641  -39.639  -39.639  -39.638
  -39.638  -39.638  -39.387  -39.386  -39.386  -39.386   -4.139   -2.037   -2.013   -2.013
    0.521    0.522    0.526    1.968    6.157    6.185    6.190    6.904    6.938    6.999
    7.626    7.821    7.947    7.950    7.968    8.110    9.018    9.031    9.065    9.354
    9.396   10.254   10.260   10.339   11.742   11.763   11.766   12.306   12.318   12.454
   12.455   12.459   12.468   12.469   12.471   12.734   13.515   14.359   14.363   14.370
   16.025   16.047   16.048   16.163   16.193   16.196   16.707   16.775   19.797   19.815
   19.827   21.138   21.416   21.475   21.528   21.601   21.603   21.941   22.019   22.025
   22.270   22.336   22.389   23.618   23.670   23.751   23.931   24.653   24.680   24.746
   26.091   26.164   26.211   26.392   26.437   26.489   26.654   26.875   28.029   28.110
   28.110   29.410   29.526   29.697   29.738   30.028   30.096   30.339   30.413   30.561
   30.798   30.933   31.088   33.161
            0.075000  0.000000  0.000000
  -73.464  -73.464  -73.464  -73.464  -39.641  -39.641  -39.641  -39.639  -39.639  -39.638
  -39.638  -39.638  -39.387  -39.386  -39.386  -39.386   -4.128   -2.062   -2.010   -2.010
    0.525    0.528    0.535    1.947    6.116    6.175    6.184    6.858    6.927    7.059
    7.524    7.843    7.947    7.981    7.982    8.232    9.001    9.031    9.105    9.315
    9.401   10.234   10.248   10.413   11.740   11.784   11.791   12.292   12.320   12.443
   12.449   12.455   12.467   12.471   12.478   12.736   13.550   14.351   14.362   14.376
   15.981   16.011   16.023   16.162   16.216   16.219   16.625   16.773   19.794   19.834
   19.859   21.231   21.265   21.312   21.389   21.594   21.599   21.969   22.001   22.086
   22.278   22.346   22.450   23.553   23.664   23.831   24.076   24.636   24.692   24.832
   26.030   26.085   26.189   26.376   26.474   26.476   26.733   26.947   27.970   28.139
   28.147   29.233   29.417   29.652   29.680   30.145   30.238   30.273   30.383   30.698
   30.932   30.935   31.232   33.145
            0.100000  0.000000  0.000000
  -73.464  -73.464  -73.464  -73.464  -39.641  -39.641  -39.641  -39.639  -39.639  -39.638
  -39.638  -39.638  -39.387  -39.386  -39.386  -39.386   -4.111   -2.098   -2.006   -2.006
    0.531    0.535    0.547    1.919    6.069    6.160    6.174    6.806    6.910    7.134
    7.427    7.873    7.920    8.015    8.028    8.355    8.978    9.031    9.163    9.273
    9.407   10.208   10.233   10.502   11.738   11.812   11.826   12.275   12.323   12.427
   12.441   12.450   12.467   12.476   12.489   12.738   13.595   14.341   14.360   14.385
   15.933   15.963   15.997   16.162   16.230   16.247   16.518   16.768   19.786   19.861
   19.899   21.106   21.125   21.232   21.356   21.586   21.597   21.906   21.997   22.136
   22.339   22.367   22.521   23.466   23.650   23.921   24.242   24.618   24.715   24.941
   25.952   25.954   26.224   26.354   26.447   26.533   26.807   27.041   27.896   28.168
   28.194   29.063   29.319   29.547   29.688   30.221   30.244   30.350   30.380   30.863
   30.911   31.101   31.388   33.134
            0.125000  0.000000  0.000000
  -73.464  -73.464  -73.464  -73.464  -39.641  -39.641  -39.641  -39.639  -39.639  -39.638
  -39.638  -39.638  -39.387  -39.386  -39.386  -39.386   -4.090   -2.141   -2.001   -2.000
    0.538    0.545    0.562    1.883    6.018    6.140    6.159    6.753    6.887    7.223
    7.339    7.890    7.909    8.046    8.085    8.477    8.949    9.035    9.233    9.237
    9.416   10.177   10.213   10.597   11.738   11.845   11.868   12.252   12.327   12.405
   12.431   12.442   12.466   12.482   12.503   12.741   13.650   14.329   14.359   14.397
   15.883   15.907   15.971   16.161   16.237   16.275   16.391   16.761   19.770   19.896
   19.944   20.920   20.944   21.070   21.502   21.585   21.598   21.792   22.020   22.177
   22.403   22.408   22.594   23.361   23.623   24.010   24.395   24.606   24.766   25.064
   25.815   25.869   26.272   26.330   26.405   26.608   26.878   27.149   27.812   28.191
   28.249   28.905   29.233   29.435   29.731   30.185   30.266   30.370   30.527   30.862
   31.042   31.286   31.547   33.137
            0.150000  0.000000  0.000000
  -73.464  -73.464  -73.464  -73.464  -39.641  -39.641  -39.641  -39.639  -39.639  -39.638
  -39.638  -39.638  -39.387  -39.386  -39.386  -39.386   -4.064   -2.193   -1.995   -1.994
    0.546    0.557    0.579    1.841    5.967    6.115    6.136    6.707    6.856    7.259
    7.322    7.858    7.947    8.070    8.149    8.596    8.918    9.044    9.198    9.326
    9.426   10.142   10.192   10.692   11.741   11.880   11.915   12.227   12.331   12.379
   12.421   12.433   12.466   12.491   12.522   12.745   13.712   14.314   14.359   14.413
   15.831   15.846   15.944   16.158   16.237   16.250   16.302   16.752   19.743   19.936
   19.992   20.706   20.780   20.905   21.550   21.603   21.688   21.704   22.033   22.215
   22.459   22.470   22.665   23.244   23.581   24.089   24.488   24.604   24.876   25.193
   25.674   25.779   26.305   26.335   26.347   26.704   26.943   27.268   27.724   28.210
   28.307   28.764   29.158   29.326   29.811   30.159   30.219   30.434   30.682   30.781
   31.226   31.482   31.705   33.157
            0.175000  0.000000  0.000000
  -73.464  -73.464  -73.464  -73.464  -39.641  -39.641  -39.641  -39.639  -39.639  -39.639
  -39.638  -39.638  -39.387  -39.386  -39.386  -39.386   -4.034   -2.252   -1.988   -1.986
    0.556    0.572    0.597    1.793    5.919    6.086    6.104    6.671    6.816    7.188
    7.431    7.829    7.987    8.087    8.218    8.708    8.885    9.063    9.169    9.427
    9.438   10.103   10.168   10.779   11.746   11.915   11.966   12.200   12.336   12.347
   12.411   12.422   12.466   12.502   12.543   12.749   13.780   14.299   14.362   14.434
   15.778   15.785   15.919   16.100   16.154   16.228   16.328   16.739   19.704   19.983
   20.044   20.490   20.614   20.740   21.542   21.608   21.612   21.896   22.036   22.252
   22.524   22.534   22.729   23.117   23.522   24.151   24.514   24.616   25.040   25.318
   25.532   25.689   26.273   26.283   26.415   26.816   26.998   27.394   27.640   28.229
   28.366   28.646   29.093   29.231   29.926   30.138   30.165   30.481   30.672   30.843
   31.407   31.685   31.858   33.197
            0.200000  0.000000  0.000000
  -73.464  -73.464  -73.464  -73.464  -39.641  -39.641  -39.641  -39.639  -39.639  -39.638
  -39.638  -39.638  -39.387  -39.386  -39.386  -39.386   -3.999   -2.317   -1.981   -1.978
    0.567    0.589    0.615    1.741    5.874    6.053    6.064    6.648    6.767    7.127
    7.547    7.805    8.025    8.096    8.286    8.808    8.854    9.100    9.145    9.452
    9.538   10.063   10.142   10.853   11.755   11.949   12.020   12.175   12.310   12.341
   12.403   12.410   12.465   12.514   12.569   12.753   13.850   14.282   14.367   14.459
   15.725   15.726   15.894   15.945   16.148   16.210   16.352   16.723   19.652   20.036
   20.097   20.278   20.448   20.576   21.532   21.558   21.623   22.030   22.100   22.288
   22.570   22.626   22.786   22.987   23.450   24.194   24.501   24.640   25.223   25.388
   25.432   25.601   26.185   26.266   26.518   26.940   27.038   27.524   27.567   28.255
   28.419   28.558   29.035   29.157   30.066   30.112   30.113   30.504   30.545   31.005
   31.584   31.891   32.003   33.259
            0.225000  0.000000  0.000000
  -73.464  -73.464  -73.464  -73.464  -39.641  -39.641  -39.641  -39.639  -39.639  -39.638
  -39.638  -39.638  -39.387  -39.386  -39.386  -39.386   -3.960   -2.387   -1.973   -1.970
    0.579    0.608    0.634    1.684    5.835    6.015    6.018    6.635    6.709    7.075
    7.670    7.787    8.058    8.099    8.348    8.831    8.890    9.127    9.161    9.467
    9.654   10.021   10.115   10.905   11.766   11.980   12.074   12.156   12.268   12.347
   12.396   12.396   12.465   12.529   12.597   12.757   13.923   14.265   14.375   14.491
   15.667   15.675   15.789   15.871   16.137   16.183   16.374   16.704   19.589   20.074
   20.093   20.154   20.282   20.415   21.524   21.541   21.636   22.017   22.299   22.325
   22.609   22.731   22.836   22.868   23.368   24.214   24.463   24.674   25.245   25.397
   25.518   25.527   26.083   26.259   26.646   27.059   27.060   27.521   27.652   28.293
   28.463   28.505   28.982   29.111   30.067   30.070   30.226   30.417   30.501   31.156
   31.753   32.097   32.140   33.342
            0.250000  0.000000  0.000000
  -73.464  -73.464  -73.464  -73.464  -39.641  -39.641  -39.641  -39.639  -39.639  -39.638
  -39.638  -39.638  -39.387  -39.386  -39.386  -39.386   -3.917   -2.461   -1.965   -1.962
    0.592    0.630    0.651    1.625    5.802    5.969    5.975    6.633    6.643    7.031
    7.777    7.799    8.084    8.097    8.395    8.825    8.954    9.113    9.246    9.485
    9.773    9.978   10.087   10.930   11.781   12.008   12.127   12.146   12.221   12.353
   12.380   12.393   12.465   12.546   12.627   12.760   13.995   14.249   14.388   14.528
   15.592   15.626   15.659   15.850   16.123   16.147   16.393   16.682   19.518   19.881
   20.119   20.155   20.213   20.258   21.517   21.555   21.649   21.998   22.361   22.441
   22.643   22.806   22.847   22.877   23.285   24.213   24.409   24.714   25.104   25.433
   25.563   25.594   25.969   26.264   26.804   27.060   27.138   27.535   27.774   28.348
   28.492   28.495   28.931   29.098   29.984   30.041   30.311   30.395   30.475   31.284
   31.914   32.268   32.297   33.441
            0.275000  0.000000  0.000000
  -73.464  -73.464  -73.464  -73.464  -39.641  -39.641  -39.641  -39.639  -39.639  -39.638
  -39.638  -39.638  -39.387  -39.386  -39.386  -39.386   -3.869   -2.539   -1.957   -1.953
    0.605    0.655    0.667    1.563    5.776    5.918    5.933    6.571    6.639    6.995
    7.776    7.931    8.091    8.102    8.417    8.844    9.008    9.103    9.348    9.503
    9.887    9.938   10.059   10.924   11.797   12.031   12.150   12.172   12.178   12.359
   12.362   12.394   12.466   12.566   12.657   12.761   14.066   14.235   14.406   14.572
   15.451   15.579   15.605   15.830   16.102   16.102   16.409   16.658   19.443   19.704
   19.961   20.105   20.222   20.274   21.513   21.596   21.659   21.974   22.398   22.425
   22.673   22.897   22.910   22.966   23.212   24.194   24.343   24.756   24.969   25.360
   25.630   25.700   25.846   26.284   26.989   27.042   27.141   27.641   27.882   28.421
   28.496   28.530   28.886   29.117   29.862   30.029   30.236   30.429   30.567   31.369
   32.067   32.390   32.482   33.549
            0.300000  0.000000  0.000000
  -73.464  -73.464  -73.464  -73.464  -39.641  -39.641  -39.641  -39.639  -39.639  -39.639
  -39.638  -39.638  -39.387  -39.386  -39.386  -39.386   -3.818   -2.619   -1.948   -1.945
    0.618    0.681    0.683    1.499    5.758    5.869    5.891    6.494    6.651    6.965
    7.782    8.066    8.083    8.111    8.413    8.890    9.061    9.094    9.458    9.524
    9.887   10.007   10.030   10.884   11.813   12.046   12.125   12.167   12.226   12.343
   12.364   12.399   12.467   12.587   12.687   12.761   14.136   14.223   14.429   14.623
   15.297   15.535   15.578   15.813   16.047   16.075   16.422   16.632   19.369   19.544
   19.813   19.960   20.291   20.338   21.512   21.658   21.667   21.943   22.316   22.434
   22.700   22.933   23.055   23.073   23.188   24.159   24.268   24.798   24.842   25.294
   25.637   25.716   25.820   26.322   27.009   27.094   27.199   27.808   27.971   28.464
   28.510   28.608   28.855   29.158   29.728   30.032   30.180   30.369   30.734   31.393
   32.210   32.507   32.634   33.358
            0.325000  0.000000  0.000000
  -73.464  -73.464  -73.464  -73.464  -39.641  -39.640  -39.640  -39.639  -39.639  -39.639
  -39.639  -39.638  -39.386  -39.386  -39.386  -39.386   -3.762   -2.701   -1.940   -1.937
    0.632    0.694    0.713    1.435    5.748    5.823    5.850    6.414    6.667    6.940
    7.796    8.073    8.113    8.197    8.392    8.959    9.085    9.116    9.545    9.573
    9.843   10.001   10.110   10.813   11.829   12.035   12.100   12.195   12.268   12.322
   12.370   12.409   12.469   12.611   12.714   12.759   14.204   14.214   14.456   14.680
   15.147   15.495   15.565   15.797   15.985   16.039   16.431   16.606   19.299   19.405
   19.675   19.822   20.363   20.404   21.514   21.669   21.738   21.903   22.187   22.469
   22.724   22.947   23.049   23.252   23.286   24.113   24.188   24.731   24.836   25.238
   25.580   25.618   25.924   26.376   26.966   27.026   27.428   28.002   28.037   28.392
   28.613   28.721   28.847   29.195   29.622   30.044   30.131   30.303   30.887   31.352
   32.324   32.621   32.720   33.211
            0.350000  0.000000  0.000000
  -73.464  -73.464  -73.464  -73.464  -39.641  -39.640  -39.640  -39.640  -39.639  -39.639
  -39.639  -39.638  -39.386  -39.386  -39.386  -39.386   -3.703   -2.785   -1.933   -1.929
    0.646    0.704    0.747    1.370    5.746    5.783    5.811    6.333    6.687    6.919
    7.817    8.064    8.108    8.292    8.393    9.042    9.076    9.172    9.568    9.688
    9.798    9.971   10.200   10.716   11.842   11.992   12.105   12.231   12.301   12.304
   12.375   12.422   12.474   12.636   12.738   12.754   14.211   14.269   14.486   14.743
   15.003   15.459   15.563   15.782   15.915   15.996   16.437   16.579   19.238   19.288
   19.550   19.694   20.438   20.472   21.519   21.665   21.831   21.854   22.057   22.502
   22.745   22.949   23.030   23.403   23.426   24.060   24.108   24.644   24.871   25.193
   25.441   25.579   26.017   26.447   26.922   26.949   27.670   28.075   28.207   28.285
   28.724   28.856   28.858   29.183   29.594   30.054   30.084   30.241   31.015   31.256
   32.371   32.702   32.732   33.142
            0.375000  0.000000  0.000000
  -73.464  -73.464  -73.464  -73.464  -39.641  -39.640  -39.640  -39.640  -39.639  -39.639
  -39.639  -39.638  -39.386  -39.386  -39.386  -39.386   -3.640   -2.869   -1.926   -1.923
    0.659    0.711    0.783    1.307    5.748    5.753    5.775    6.254    6.708    6.900
    7.843    8.055    8.099    8.279    8.489    9.065    9.137    9.229    9.591    9.752
    9.803    9.943   10.273   10.599   11.852   11.946   12.116   12.269   12.278   12.333
   12.380   12.435   12.485   12.661   12.744   12.757   14.213   14.332   14.517   14.812
   14.867   15.428   15.571   15.768   15.841   15.945   16.440   16.553   19.188   19.196
   19.438   19.576   20.513   20.540   21.527   21.653   21.798   21.931   21.933   22.530
   22.764   22.940   23.032   23.508   23.575   24.005   24.030   24.589   24.900   25.162
   25.302   25.527   26.102   26.532   26.869   26.882   27.919   28.080   28.160   28.410
   28.838   28.876   29.004   29.121   29.645   30.041   30.043   30.205   31.106   31.125
   32.328   32.586   32.843   33.171
            0.400000  0.000000  0.000000
  -73.464  -73.464  -73.464  -73.464  -39.641  -39.640  -39.640  -39.640  -39.639  -39.639
  -39.639  -39.638  -39.386  -39.386  -39.386  -39.386   -3.574   -2.953   -1.920   -1.917
    0.672    0.716    0.822    1.244    5.719    5.744    5.769    6.176    6.730    6.883
    7.874    8.047    8.087    8.235    8.603    9.050    9.241    9.287    9.614    9.706
    9.915    9.916   10.325   10.466   11.857   11.906   12.129   12.256   12.307   12.354
   12.386   12.444   12.505   12.687   12.731   12.770   14.224   14.392   14.545   14.742
   14.886   15.401   15.587   15.754   15.768   15.888   16.442   16.528   19.127   19.150
   19.341   19.469   20.586   20.608   21.537   21.632   21.740   21.813   22.041   22.551
   22.780   22.920   23.057   23.552   23.730   23.951   23.961   24.570   24.923   25.146
   25.169   25.468   26.181   26.624   26.788   26.854   28.029   28.049   28.169   28.602
   28.899   28.949   29.057   29.144   29.720   29.996   30.016   30.200   30.987   31.151
   32.227   32.420   32.955   33.260
            0.425000  0.000000  0.000000
  -73.464  -73.464  -73.464  -73.464  -39.640  -39.640  -39.640  -39.640  -39.639  -39.639
  -39.639  -39.638  -39.386  -39.386  -39.386  -39.386   -3.505   -3.036   -1.915   -1.913
    0.683    0.718    0.865    1.182    5.698    5.718    5.793    6.103    6.752    6.867
    7.910    8.042    8.074    8.186    8.707    9.031    9.345    9.354    9.637    9.658
    9.892   10.021   10.325   10.352   11.858   11.875   12.141   12.234   12.341   12.369
   12.391   12.447   12.533   12.711   12.713   12.778   14.243   14.447   14.566   14.629
   14.964   15.373   15.608   15.703   15.738   15.827   16.444   16.505   19.082   19.126
   19.260   19.377   20.655   20.671   21.548   21.598   21.693   21.710   22.152   22.561
   22.793   22.891   23.104   23.539   23.886   23.903   23.903   24.568   24.939   25.053
   25.146   25.405   26.257   26.709   26.717   26.843   27.906   27.984   28.414   28.771
   28.924   29.013   29.046   29.252   29.779   29.940   30.018   30.205   30.870   31.143
   32.116   32.249   33.069   33.359
            0.450000  0.000000  0.000000
  -73.464  -73.464  -73.464  -73.464  -39.640  -39.640  -39.640  -39.640  -39.639  -39.639
  -39.639  -39.638  -39.386  -39.386  -39.386  -39.386   -3.432   -3.119   -1.912   -1.910
    0.694    0.718    0.911    1.123    5.683    5.697    5.826    6.034    6.774    6.850
    7.950    8.040    8.063    8.136    8.795    9.005    9.401    9.471    9.610    9.656
    9.877   10.119   10.181   10.352   11.855   11.856   12.153   12.214   12.367   12.378
   12.399   12.446   12.566   12.690   12.733   12.780   14.274   14.495   14.529   14.578
   15.045   15.335   15.632   15.660   15.722   15.766   16.446   16.486   19.059   19.111
   19.201   19.298   20.715   20.725   21.556   21.556   21.630   21.659   22.260   22.550
   22.804   22.861   23.168   23.486   23.861   23.864   24.043   24.541   24.948   24.974
   25.162   25.342   26.331   26.630   26.797   26.848   27.810   27.900   28.644   28.904
   28.945   28.991   29.124   29.302   29.804   29.888   30.056   30.204   30.808   31.086
   32.022   32.102   33.187   33.440
            0.475000  0.000000  0.000000
  -73.464  -73.464  -73.464  -73.464  -39.640  -39.640  -39.640  -39.640  -39.639  -39.639
  -39.638  -39.638  -39.386  -39.386  -39.386  -39.386   -3.357   -3.200   -1.909   -1.908
    0.703    0.715    0.960    1.066    5.676    5.683    5.867    5.972    6.795    6.833
    7.993    8.041    8.053    8.087    8.868    8.970    9.455    9.560    9.579    9.665
    9.882   10.044   10.205   10.326   11.847   11.850   12.166   12.196   12.380   12.383
   12.413   12.439   12.599   12.663   12.752   12.776   14.317   14.444   14.534   14.577
   15.128   15.280   15.649   15.656   15.702   15.711   16.451   16.470   19.057   19.095
   19.177   19.237   20.757   20.762   21.524   21.539   21.603   21.634   22.361   22.513
   22.812   22.837   23.244   23.411   23.836   23.839   24.195   24.461   24.946   24.950
   25.191   25.284   26.405   26.554   26.851   26.862   27.758   27.819   28.843   28.962
   28.980   28.983   29.178   29.282   29.812   29.849   30.109   30.188   30.819   30.993
   31.964   32.001   33.310   33.475
            0.500000  0.000000  0.000000
  -73.464  -73.464  -73.464  -73.464  -39.640  -39.640  -39.640  -39.640  -39.639  -39.639
  -39.638  -39.638  -39.386  -39.386  -39.386  -39.386   -3.280   -3.280   -1.908   -1.908
    0.710    0.710    1.011    1.011    5.676    5.676    5.916    5.916    6.814    6.814
    8.039    8.039    8.045    8.045    8.925    8.925    9.508    9.508    9.648    9.648
    9.935    9.935   10.276   10.276   11.846   11.846   12.180   12.180   12.383   12.383
   12.428   12.428   12.632   12.632   12.766   12.766   14.373   14.373   14.562   14.562
   15.209   15.209   15.669   15.669   15.680   15.680   16.459   16.459   19.071   19.071
   19.194   19.194   20.774   20.774   21.518   21.518   21.614   21.614   22.448   22.448
   22.822   22.822   23.328   23.328   23.829   23.829   24.339   24.339   24.945   24.945
   25.233   25.233   26.479   26.479   26.869   26.869   27.764   27.764   28.971   28.971
   28.972   28.972   29.225   29.225   29.824   29.824   30.156   30.156   30.893   30.893
   31.954   31.954   33.436   33.436
            0.500000  0.025000  0.000000
  -73.464  -73.464  -73.464  -73.464  -39.640  -39.640  -39.640  -39.640  -39.639  -39.639
  -39.638  -39.638  -39.386  -39.386  -39.386  -39.386   -3.278   -3.278   -1.910   -1.910
    0.707    0.707    1.012    1.012    5.659    5.659    5.935    5.935    6.818    6.818
    7.953    7.953    8.128    8.128    8.928    8.928    9.498    9.498    9.649    9.649
    9.945    9.945   10.277   10.277   11.849   11.849   12.179   12.179   12.382   12.382
   12.427   12.427   12.633   12.633   12.765   12.765   14.367   14.367   14.571   14.571
   15.207   15.207   15.664   15.664   15.685   15.685   16.447   16.447   19.078   19.078
   19.199   19.199   20.774   20.774   21.491   21.491   21.613   21.613   22.472   22.472
   22.812   22.812   23.301   23.301   23.854   23.854   24.332   24.332   24.944   24.944
   25.253   25.253   26.464   26.464   26.867   26.867   27.772   27.772   28.883   28.883
   29.004   29.004   29.275   29.275   29.845   29.845   30.162   30.162   30.892   30.892
   31.954   31.954   33.420   33.420
            0.500000  0.050000  0.000000
  -73.464  -73.464  -73.464  -73.464  -39.640  -39.640  -39.640  -39.640  -39.639  -39.639
  -39.638  -39.638  -39.386  -39.386  -39.386  -39.386   -3.272   -3.272   -1.915   -1.915
    0.700    0.700    1.013    1.013    5.619    5.619    5.981    5.981    6.828    6.828
    7.864    7.864    8.211    8.211    8.934    8.934    9.472    9.472    9.651    9.651
    9.974    9.974   10.281   10.281   11.857   11.857   12.177   12.177   12.376   12.376
   12.424   12.424   12.633   12.633   12.761   12.761   14.351   14.351   14.597   14.597
   15.203   15.203   15.655   15.655   15.697   15.697   16.412   16.412   19.094   19.094
   19.215   19.215   20.774   20.774   21.416   21.416   21.614   21.614   22.529   22.529
   22.785   22.785   23.238   23.238   23.919   23.919   24.314   24.314   24.947   24.947
   25.307   25.307   26.423   26.423   26.862   26.862   27.795   27.795   28.772   28.772
   28.990   28.990   29.382   29.382   29.905   29.905   30.178   30.178   30.890   30.890
   31.956   31.956   33.378   33.378
            0.500000  0.075000  0.000000
  -73.464  -73.464  -73.464  -73.464  -39.640  -39.640  -39.640  -39.640  -39.639  -39.639
  -39.638  -39.638  -39.386  -39.386  -39.386  -39.386   -3.262   -3.262   -1.924   -1.924
    0.690    0.690    1.014    1.014    5.571    5.571    6.037    6.037    6.846    6.846
    7.775    7.775    8.291    8.291    8.943    8.943    9.438    9.438    9.652    9.652
   10.014   10.014   10.290   10.290   11.870   11.870   12.173   12.173   12.366   12.366
   12.420   12.420   12.635   12.635   12.754   12.754   14.333   14.333   14.632   14.632
   15.195   15.195   15.642   15.642   15.713   15.713   16.358   16.358   19.114   19.114
   19.245   19.245   20.771   20.771   21.313   21.313   21.619   21.619   22.576   22.576
   22.755   22.755   23.166   23.166   24.002   24.002   24.287   24.287   24.963   24.963
   25.377   25.377   26.365   26.365   26.857   26.857   27.821   27.821   28.658   28.658
   28.961   28.961   29.504   29.504   29.998   29.998   30.199   30.199   30.890   30.890
   31.965   31.965   33.313   33.313
            0.500000  0.100000  0.000000
  -73.464  -73.464  -73.464  -73.464  -39.640  -39.640  -39.640  -39.640  -39.639  -39.639
  -39.638  -39.638  -39.386  -39.386  -39.386  -39.386   -3.248   -3.248   -1.937   -1.937
    0.676    0.676    1.015    1.015    5.523    5.523    6.095    6.095    6.871    6.871
    7.688    7.688    8.367    8.367    8.951    8.951    9.403    9.403    9.651    9.651
   10.054   10.054   10.309   10.309   11.888   11.888   12.168   12.168   12.353   12.353
   12.413   12.413   12.637   12.637   12.745   12.745   14.316   14.316   14.670   14.670
   15.186   15.186   15.624   15.624   15.735   15.735   16.290   16.290   19.135   19.135
   19.292   19.292   20.759   20.759   21.205   21.205   21.624   21.624   22.563   22.563
   22.743   22.743   23.113   23.113   24.090   24.090   24.257   24.257   25.002   25.002
   25.445   25.445   26.303   26.303   26.855   26.855   27.839   27.839   28.546   28.546
   28.934   28.934   29.622   29.622   30.107   30.107   30.230   30.230   30.894   30.894
   31.987   31.987   33.228   33.228
            0.500000  0.125000  0.000000
  -73.464  -73.464  -73.464  -73.464  -39.641  -39.641  -39.640  -39.640  -39.639  -39.639
  -39.638  -39.638  -39.386  -39.386  -39.386  -39.386   -3.230   -3.230   -1.954   -1.954
    0.662    0.662    1.015    1.015    5.478    5.478    6.148    6.148    6.902    6.902
    7.608    7.608    8.441    8.441    8.955    8.955    9.372    9.372    9.649    9.649
   10.086   10.086   10.344   10.344   11.910   11.910   12.162   12.162   12.337   12.337
   12.405   12.405   12.640   12.640   12.734   12.734   14.303   14.303   14.707   14.707
   15.174   15.174   15.600   15.600   15.762   15.762   16.213   16.213   19.155   19.155
   19.353   19.353   20.729   20.729   21.111   21.111   21.625   21.625   22.494   22.494
   22.721   22.721   23.105   23.105   24.177   24.177   24.225   24.225   25.070   25.070
   25.492   25.492   26.252   26.252   26.862   26.862   27.841   27.841   28.436   28.436
   28.920   28.920   29.723   29.723   30.176   30.176   30.318   30.318   30.908   30.908
   32.029   32.029   33.124   33.124
            0.500000  0.150000  0.000000
  -73.464  -73.464  -73.464  -73.464  -39.641  -39.641  -39.640  -39.640  -39.639  -39.639
  -39.638  -39.638  -39.386  -39.386  -39.386  -39.386   -3.209   -3.209   -1.974   -1.974
    0.646    0.646    1.012    1.012    5.437    5.437    6.192    6.192    6.940    6.940
    7.538    7.538    8.512    8.512    8.951    8.951    9.348    9.348    9.646    9.646
   10.105   10.105   10.394   10.394   11.935   11.935   12.155   12.155   12.320   12.320
   12.394   12.394   12.645   12.645   12.721   12.721   14.293   14.293   14.740   14.740
   15.160   15.160   15.570   15.570   15.792   15.792   16.134   16.134   19.176   19.176
   19.423   19.423   20.671   20.671   21.046   21.046   21.617   21.617   22.404   22.404
   22.667   22.667   23.130   23.130   24.193   24.193   24.263   24.263   25.173   25.173
   25.502   25.502   26.226   26.226   26.880   26.880   27.820   27.820   28.329   28.329
   28.925   28.925   29.789   29.789   30.197   30.197   30.474   30.474   30.939   30.939
   32.091   32.091   33.004   33.004
            0.500000  0.175000  0.000000
  -73.464  -73.464  -73.464  -73.464  -39.641  -39.641  -39.640  -39.640  -39.639  -39.639
  -39.638  -39.638  -39.386  -39.386  -39.386  -39.386   -3.184   -3.184   -1.999   -1.999
    0.632    0.632    1.006    1.006    5.403    5.403    6.224    6.224    6.983    6.983
    7.482    7.482    8.581    8.581    8.939    8.939    9.335    9.335    9.642    9.642
   10.112   10.112   10.457   10.457   11.961   11.961   12.145   12.145   12.304   12.304
   12.382   12.382   12.650   12.650   12.706   12.706   14.289   14.289   14.767   14.767
   15.144   15.144   15.530   15.530   15.827   15.827   16.060   16.060   19.198   19.198
   19.499   19.499   20.587   20.587   21.010   21.010   21.595   21.595   22.307   22.307
   22.600   22.600   23.157   23.157   24.169   24.169   24.348   24.348   25.309   25.309
   25.470   25.470   26.228   26.228   26.911   26.911   27.773   27.773   28.227   28.227
   28.949   28.949   29.803   29.803   30.209   30.209   30.662   30.662   30.991   30.991
   32.169   32.169   32.873   32.873
            0.500000  0.200000  0.000000
  -73.464  -73.464  -73.464  -73.464  -39.641  -39.641  -39.640  -39.640  -39.639  -39.639
  -39.638  -39.638  -39.386  -39.386  -39.386  -39.386   -3.155   -3.155   -2.027   -2.027
    0.619    0.619    0.998    0.998    5.375    5.375    6.239    6.239    7.028    7.028
    7.445    7.445    8.644    8.644    8.920    8.920    9.332    9.332    9.638    9.638
   10.114   10.114   10.525   10.525   11.987   11.987   12.131   12.131   12.295   12.295
   12.366   12.366   12.654   12.654   12.693   12.693   14.289   14.289   14.784   14.784
   15.128   15.128   15.478   15.478   15.864   15.864   16.000   16.000   19.223   19.223
   19.578   19.578   20.489   20.489   20.990   20.990   21.554   21.554   22.214   22.214
   22.530   22.530   23.172   23.172   24.156   24.156   24.435   24.435   25.392   25.392
   25.487   25.487   26.248   26.248   26.952   26.952   27.705   27.705   28.131   28.131
   28.991   28.991   29.772   29.772   30.214   30.214   30.867   30.867   31.071   31.071
   32.252   32.252   32.738   32.738
            0.500000  0.225000  0.000000
  -73.464  -73.464  -73.464  -73.464  -39.641  -39.641  -39.640  -39.640  -39.639  -39.639
  -39.638  -39.638  -39.386  -39.386  -39.386  -39.386   -3.123   -3.123   -2.059   -2.059
    0.609    0.609    0.987    0.987    5.354    5.354    6.236    6.236    7.072    7.072
    7.431    7.431    8.700    8.700    8.901    8.901    9.336    9.336    9.633    9.633
   10.114   10.114   10.593   10.593   12.009   12.009   12.112   12.112   12.295   12.295
   12.349   12.349   12.653   12.653   12.683   12.683   14.295   14.295   14.790   14.790
   15.111   15.111   15.415   15.415   15.902   15.902   15.959   15.959   19.251   19.251
   19.658   19.658   20.390   20.390   20.975   20.975   21.494   21.494   22.133   22.133
   22.459   22.459   23.170   23.170   24.160   24.160   24.524   24.524   25.317   25.317
   25.671   25.671   26.272   26.272   26.990   26.990   27.633   27.633   28.039   28.039
   29.042   29.042   29.712   29.712   30.205   30.205   31.058   31.058   31.197   31.197
   32.324   32.324   32.611   32.611
            0.500000  0.250000  0.000000
  -73.464  -73.464  -73.464  -73.464  -39.641  -39.641  -39.640  -39.640  -39.639  -39.639
  -39.638  -39.638  -39.386  -39.386  -39.386  -39.386   -3.087   -3.087   -2.095   -2.095
    0.601    0.601    0.972    0.972    5.341    5.341    6.216    6.216    7.112    7.112
    7.441    7.441    8.735    8.735    8.897    8.897    9.342    9.342    9.627    9.627
   10.116   10.116   10.657   10.657   12.022   12.022   12.096   12.096   12.302   12.302
   12.334   12.334   12.642   12.642   12.684   12.684   14.305   14.305   14.786   14.786
   15.091   15.091   15.340   15.340   15.927   15.927   15.950   15.950   19.282   19.282
   19.738   19.738   20.297   20.297   20.955   20.955   21.416   21.416   22.070   22.070
   22.379   22.379   23.159   23.159   24.181   24.181   24.611   24.611   25.244   25.244
   25.872   25.872   26.292   26.292   27.003   27.003   27.582   27.582   27.948   27.948
   29.093   29.093   29.644   29.644   30.182   30.182   31.185   31.185   31.401   31.401
   32.350   32.350   32.527   32.527
            0.500000  0.275000  0.000000
  -73.464  -73.464  -73.464  -73.464  -39.641  -39.641  -39.640  -39.640  -39.639  -39.639
  -39.638  -39.638  -39.386  -39.386  -39.386  -39.386   -3.048   -3.048   -2.134   -2.134
    0.597    0.597    0.954    0.954    5.334    5.334    6.178    6.178    7.149    7.149
    7.471    7.471    8.741    8.741    8.920    8.920    9.349    9.349    9.621    9.621
   10.122   10.122   10.712   10.712   12.013   12.013   12.094   12.094   12.297   12.297
   12.342   12.342   12.624   12.624   12.689   12.689   14.322   14.322   14.774   14.774
   15.070   15.070   15.259   15.259   15.924   15.924   15.983   15.983   19.316   19.316
   19.816   19.816   20.214   20.214   20.928   20.928   21.326   21.326   22.029   22.029
   22.284   22.284   23.145   23.145   24.216   24.216   24.691   24.691   25.195   25.195
   26.070   26.070   26.312   26.312   26.965   26.965   27.579   27.579   27.862   27.862
   29.125   29.125   29.587   29.587   30.147   30.147   31.268   31.268   31.634   31.634
   32.303   32.303   32.523   32.523
            0.500000  0.300000  0.000000
  -73.464  -73.464  -73.464  -73.464  -39.641  -39.641  -39.640  -39.640  -39.639  -39.639
  -39.638  -39.638  -39.386  -39.386  -39.386  -39.386   -3.007   -3.007   -2.177   -2.177
    0.596    0.596    0.934    0.934    5.336    5.336    6.128    6.128    7.185    7.185
    7.512    7.512    8.729    8.729    8.962    8.962    9.354    9.354    9.613    9.613
   10.135   10.135   10.755   10.755   11.988   11.988   12.102   12.102   12.279   12.279
   12.371   12.371   12.604   12.604   12.696   12.696   14.343   14.343   14.755   14.755
   15.044   15.044   15.177   15.177   15.931   15.931   16.018   16.018   19.354   19.354
   19.886   19.886   20.149   20.149   20.892   20.892   21.229   21.229   22.008   22.008
   22.174   22.174   23.128   23.128   24.262   24.262   24.755   24.755   25.186   25.186
   26.198   26.198   26.390   26.390   26.879   26.879   27.604   27.604   27.799   27.799
   29.116   29.116   29.563   29.563   30.106   30.106   31.315   31.315   31.848   31.848
   32.271   32.271   32.548   32.548
            0.500000  0.325000  0.000000
  -73.464  -73.464  -73.464  -73.464  -39.641  -39.641  -39.640  -39.640  -39.639  -39.639
  -39.638  -39.638  -39.386  -39.386  -39.386  -39.386   -2.962   -2.962   -2.222   -2.222
    0.600    0.600    0.911    0.911    5.344    5.344    6.068    6.068    7.222    7.222
    7.554    7.554    8.716    8.716    9.005    9.005    9.356    9.356    9.603    9.603
   10.156   10.156   10.783   10.783   11.960   11.960   12.110   12.110   12.264   12.264
   12.408   12.408   12.582   12.582   12.702   12.702   14.370   14.370   14.733   14.733
   15.015   15.015   15.095   15.095   15.946   15.946   16.050   16.050   19.393   19.393
   19.930   19.930   20.124   20.124   20.850   20.850   21.130   21.130   21.975   21.975
   22.082   22.082   23.105   23.105   24.318   24.318   24.802   24.802   25.220   25.220
   26.207   26.207   26.555   26.555   26.779   26.779   27.577   27.577   27.824   27.824
   29.060   29.060   29.572   29.572   30.068   30.068   31.310   31.310   31.988   31.988
   32.346   32.346   32.577   32.577
            0.500000  0.350000  0.000000
  -73.464  -73.464  -73.464  -73.464  -39.641  -39.641  -39.640  -39.640  -39.639  -39.639
  -39.638  -39.638  -39.386  -39.386  -39.386  -39.386   -2.915   -2.915   -2.271   -2.271
    0.607    0.607    0.886    0.886    5.361    5.361    6.002    6.002    7.262    7.262
    7.590    7.590    8.712    8.712    9.042    9.042    9.357    9.357    9.592    9.592
   10.188   10.188   10.795   10.795   11.936   11.936   12.108   12.108   12.258   12.258
   12.448   12.448   12.558   12.558   12.707   12.707   14.403   14.403   14.712   14.712
   14.980   14.980   15.019   15.019   15.967   15.967   16.078   16.078   19.434   19.434
   19.921   19.921   20.165   20.165   20.804   20.804   21.034   21.034   21.856   21.856
   22.083   22.083   23.069   23.069   24.385   24.385   24.845   24.845   25.282   25.282
   26.173   26.173   26.597   26.597   26.809   26.809   27.502   27.502   27.922   27.922
   28.974   28.974   29.584   29.584   30.048   30.048   31.252   31.252   32.059   32.059
   32.506   32.506   32.621   32.621
            0.500000  0.375000  0.000000
  -73.464  -73.464  -73.464  -73.464  -39.641  -39.641  -39.640  -39.640  -39.639  -39.639
  -39.638  -39.638  -39.386  -39.386  -39.386  -39.386   -2.866   -2.866   -2.322   -2.322
    0.618    0.618    0.860    0.860    5.384    5.384    5.933    5.933    7.305    7.305
    7.614    7.614    8.721    8.721    9.065    9.065    9.361    9.361    9.578    9.578
   10.230   10.230   10.788   10.788   11.919   11.919   12.094   12.094   12.264   12.264
   12.488   12.488   12.535   12.535   12.710   12.710   14.441   14.441   14.693   14.693
   14.937   14.937   14.950   14.950   15.991   15.991   16.099   16.099   19.476   19.476
   19.885   19.885   20.247   20.247   20.760   20.760   20.945   20.945   21.702   21.702
   22.128   22.128   23.015   23.015   24.465   24.465   24.892   24.892   25.354   25.354
   26.114   26.114   26.511   26.511   26.950   26.950   27.442   27.442   28.041   28.041
   28.877   28.877   29.565   29.565   30.063   30.063   31.155   31.155   32.122   32.122
   32.593   32.593   32.761   32.761
            0.500000  0.400000  0.000000
  -73.464  -73.464  -73.464  -73.464  -39.641  -39.641  -39.640  -39.640  -39.639  -39.639
  -39.638  -39.638  -39.386  -39.386  -39.386  -39.386   -2.815   -2.815   -2.374   -2.374
    0.633    0.633    0.832    0.832    5.415    5.415    5.862    5.862    7.350    7.350
    7.623    7.623    8.744    8.744    9.069    9.069    9.371    9.371    9.562    9.562
   10.282   10.282   10.765   10.765   11.911   11.911   12.071   12.071   12.280   12.280
   12.499   12.499   12.539   12.539   12.709   12.709   14.484   14.484   14.680   14.680
   14.879   14.879   14.899   14.899   16.017   16.017   16.113   16.113   19.519   19.519
   19.844   19.844   20.346   20.346   20.721   20.721   20.866   20.866   21.540   21.540
   22.192   22.192   22.943   22.943   24.558   24.558   24.944   24.944   25.418   25.418
   26.028   26.028   26.450   26.450   27.008   27.008   27.463   27.463   28.156   28.156
   28.787   28.787   29.503   29.503   30.116   30.116   31.036   31.036   32.192   32.192
   32.618   32.618   32.946   32.946
            0.500000  0.425000  0.000000
  -73.464  -73.464  -73.464  -73.464  -39.641  -39.641  -39.640  -39.640  -39.639  -39.639
  -39.638  -39.638  -39.386  -39.386  -39.386  -39.386   -2.762   -2.762   -2.429   -2.429
    0.651    0.651    0.804    0.804    5.452    5.452    5.793    5.793    7.397    7.397
    7.617    7.617    8.780    8.780    9.054    9.054    9.390    9.390    9.543    9.543
   10.341   10.341   10.726   10.726   11.911   11.911   12.043   12.043   12.303   12.303
   12.475   12.475   12.574   12.574   12.705   12.705   14.531   14.531   14.673   14.673
   14.823   14.823   14.851   14.851   16.042   16.042   16.121   16.121   19.562   19.562
   19.803   19.803   20.454   20.454   20.691   20.691   20.802   20.802   21.376   21.376
   22.270   22.270   22.857   22.857   24.662   24.662   24.993   24.993   25.466   25.466
   25.922   25.922   26.437   26.437   26.957   26.957   27.581   27.581   28.237   28.237
   28.735   28.735   29.406   29.406   30.197   30.197   30.907   30.907   32.268   32.268
   32.622   32.622   33.117   33.117
            0.500000  0.450000  0.000000
  -73.464  -73.464  -73.464  -73.464  -39.640  -39.640  -39.640  -39.640  -39.639  -39.639
  -39.639  -39.639  -39.386  -39.386  -39.386  -39.386   -2.707   -2.707   -2.484   -2.484
    0.671    0.671    0.775    0.775    5.496    5.496    5.725    5.725    7.444    7.444
    7.599    7.599    8.825    8.825    9.023    9.023    9.415    9.415    9.521    9.521
   10.406   10.406   10.674   10.674   11.920   11.920   12.013   12.013   12.329   12.329
   12.446   12.446   12.608   12.608   12.696   12.696   14.582   14.582   14.675   14.675
   14.775   14.775   14.800   14.800   16.066   16.066   16.121   16.121   19.604   19.604
   19.764   19.764   20.558   20.558   20.675   20.675   20.763   20.763   21.214   21.214
   22.359   22.359   22.761   22.761   24.771   24.771   25.022   25.022   25.503   25.503
   25.809   25.809   26.471   26.471   26.858   26.858   27.734   27.734   28.235   28.235
   28.764   28.764   29.284   29.284   30.295   30.295   30.775   30.775   32.348   32.348
   32.603   32.603   33.273   33.273
            0.500000  0.475000  0.000000
  -73.464  -73.464  -73.464  -73.464  -39.640  -39.640  -39.640  -39.640  -39.639  -39.639
  -39.639  -39.639  -39.386  -39.386  -39.386  -39.386   -2.652   -2.652   -2.540   -2.540
    0.695    0.695    0.747    0.747    5.546    5.546    5.661    5.661    7.489    7.489
    7.569    7.569    8.876    8.876    8.979    8.979    9.442    9.442    9.497    9.497
   10.475   10.475   10.612   10.612   11.936   11.936   11.985   11.985   12.358   12.358
   12.417   12.417   12.638   12.638   12.682   12.682   14.636   14.636   14.686   14.686
   14.735   14.735   14.747   14.747   16.087   16.087   16.115   16.115   19.645   19.645
   19.725   19.725   20.622   20.622   20.663   20.663   20.797   20.797   21.058   21.058
   22.455   22.455   22.659   22.659   24.875   24.875   25.014   25.014   25.547   25.547
   25.702   25.702   26.542   26.542   26.747   26.747   27.888   27.888   28.154   28.154
   28.868   28.868   29.147   29.147   30.404   30.404   30.646   30.646   32.427   32.427
   32.561   32.561   33.419   33.419
            0.500000  0.500000  0.000000
  -73.464  -73.464  -73.464  -73.464  -39.640  -39.640  -39.640  -39.640  -39.639  -39.639
  -39.639  -39.639  -39.386  -39.386  -39.386  -39.386   -2.596   -2.596   -2.596   -2.596
    0.720    0.720    0.720    0.720    5.601    5.601    5.601    5.601    7.532    7.532
    7.532    7.532    8.929    8.929    8.929    8.929    9.470    9.470    9.470    9.470
   10.545   10.545   10.545   10.545   11.958   11.958   11.958   11.958   12.387   12.387
   12.387   12.387   12.663   12.663   12.663   12.663   14.690   14.690   14.690   14.690
   14.707   14.707   14.707   14.707   16.104   16.104   16.104   16.104   19.685   19.685
   19.685   19.685   20.645   20.645   20.645   20.645   20.913   20.913   20.913   20.913
   22.556   22.556   22.556   22.556   24.961   24.961   24.961   24.961   25.613   25.613
   25.613   25.613   26.638   26.638   26.638   26.638   28.031   28.031   28.031   28.031
   29.004   29.004   29.004   29.004   30.522   30.522   30.522   30.522   32.500   32.500
   32.500   32.500   33.561   33.561
            0.475000  0.475000  0.000000
  -73.464  -73.464  -73.464  -73.464  -39.640  -39.640  -39.640  -39.640  -39.639  -39.639
  -39.639  -39.639  -39.386  -39.386  -39.386  -39.386   -2.710   -2.593   -2.593   -2.487
    0.692    0.699    0.743    0.752    5.536    5.562    5.651    5.676    7.406    7.500
    7.565    7.626    8.871    8.886    8.960    8.999    9.434    9.446    9.490    9.500
   10.419   10.535   10.558   10.670   11.914   11.956   11.961   12.005   12.344   12.369
   12.403   12.426   12.636   12.641   12.682   12.683   14.593   14.620   14.672   14.692
   14.694   14.748   14.795   14.806   16.059   16.086   16.118   16.149   19.601   19.680
   19.700   19.774   20.560   20.631   20.654   20.658   20.683   20.895   20.974   21.228
   22.382   22.542   22.582   22.750   24.836   24.870   24.960   25.041   25.502   25.602
   25.622   25.830   26.485   26.573   26.696   26.766   27.829   27.977   28.075   28.253
   28.839   28.906   29.130   29.165   30.350   30.442   30.574   30.699   32.408   32.439
   32.546   32.571   33.392   33.421
            0.450000  0.450000  0.000000
  -73.464  -73.464  -73.464  -73.464  -39.641  -39.640  -39.640  -39.640  -39.639  -39.639
  -39.639  -39.639  -39.386  -39.386  -39.386  -39.386   -2.827   -2.585   -2.584   -2.385
    0.667    0.681    0.766    0.789    5.482    5.534    5.714    5.760    7.265    7.472
    7.600    7.673    8.790    8.884    8.963    9.076    9.394    9.419    9.505    9.523
   10.295   10.532   10.565   10.791   11.881   11.953   11.966   12.046   12.304   12.349
   12.418   12.455   12.602   12.620   12.695   12.696   14.503   14.549   14.649   14.691
   14.697   14.794   14.905   14.917   16.014   16.065   16.130   16.195   19.533   19.684
   19.723   19.840   20.347   20.529   20.640   20.684   20.730   20.893   21.079   21.542
   22.235   22.542   22.622   22.957   24.669   24.724   24.905   25.083   25.458   25.578
   25.627   26.104   26.321   26.524   26.725   26.862   27.693   27.900   28.116   28.390
   28.679   28.925   29.249   29.315   30.195   30.339   30.598   30.870   32.269   32.392
   32.536   32.647   33.201   33.276
            0.425000  0.425000  0.000000
  -73.464  -73.464  -73.464  -73.464  -39.641  -39.640  -39.640  -39.640  -39.639  -39.639
  -39.638  -39.638  -39.386  -39.386  -39.386  -39.386   -2.946   -2.571   -2.569   -2.292
    0.645    0.667    0.787    0.830    5.443    5.516    5.788    5.847    7.121    7.446
    7.631    7.670    8.696    8.903    8.963    9.137    9.359    9.392    9.516    9.540
   10.176   10.532   10.557   10.906   11.863   11.947   11.973   12.073   12.275   12.326
   12.432   12.465   12.561   12.607   12.701   12.706   14.421   14.493   14.640   14.689
   14.706   14.843   15.020   15.033   15.967   16.041   16.140   16.241   19.489   19.696
   19.750   19.830   20.200   20.454   20.599   20.767   20.792   20.898   21.208   21.830
   22.120   22.559   22.673   23.172   24.480   24.591   24.826   25.094   25.426   25.516
   25.627   26.163   26.315   26.559   26.725   26.931   27.629   27.795   28.168   28.375
   28.538   29.122   29.348   29.438   30.071   30.215   30.598   31.024   32.084   32.338
   32.469   32.724   33.010   33.181
            0.400000  0.400000  0.000000
  -73.464  -73.464  -73.464  -73.464  -39.641  -39.641  -39.640  -39.640  -39.639  -39.639
  -39.638  -39.638  -39.386  -39.386  -39.386  -39.386   -3.064   -2.552   -2.550   -2.209
    0.626    0.659    0.805    0.878    5.418    5.509    5.874    5.936    6.987    7.422
    7.605    7.678    8.595    8.871    9.021    9.148    9.345    9.371    9.526    9.555
   10.066   10.525   10.526   11.013   11.866   11.936   11.982   12.086   12.262   12.301
   12.448   12.455   12.514   12.606   12.701   12.715   14.348   14.448   14.653   14.682
   14.720   14.890   15.136   15.152   15.918   16.018   16.150   16.286   19.472   19.701
   19.715   19.806   20.175   20.381   20.549   20.858   20.864   20.948   21.347   22.040
   22.063   22.599   22.735   23.393   24.285   24.500   24.733   25.079   25.373   25.423
   25.623   26.024   26.341   26.700   26.714   27.041   27.600   27.665   28.242   28.301
   28.437   29.367   29.420   29.511   30.008   30.074   30.601   31.148   31.866   32.194
   32.398   32.679   32.961   33.189
            0.375000  0.375000  0.000000
  -73.464  -73.464  -73.464  -73.464  -39.641  -39.641  -39.640  -39.640  -39.639  -39.639
  -39.638  -39.638  -39.386  -39.386  -39.386  -39.386   -3.180   -2.527   -2.525   -2.139
    0.609    0.655    0.817    0.933    5.407    5.512    5.971    6.018    6.870    7.399
    7.526    7.706    8.495    8.816    9.074    9.101    9.345    9.375    9.545    9.576
    9.968   10.471   10.503   11.106   11.887   11.922   11.994   12.091   12.261   12.273
   12.434   12.451   12.479   12.612   12.696   12.724   14.283   14.412   14.671   14.690
   14.742   14.929   15.252   15.268   15.873   15.998   16.159   16.328   19.483   19.579
   19.736   19.849   20.196   20.315   20.500   20.881   20.941   21.112   21.485   21.995
   22.220   22.670   22.799   23.612   24.104   24.440   24.631   25.042   25.241   25.374
   25.619   25.925   26.313   26.707   26.719   27.249   27.529   27.566   28.220   28.338
   28.388   29.397   29.468   29.675   29.921   30.038   30.647   31.236   31.628   31.961
   32.326   32.485   33.098   33.202
            0.350000  0.350000  0.000000
  -73.464  -73.464  -73.464  -73.464  -39.641  -39.641  -39.640  -39.640  -39.639  -39.639
  -39.638  -39.638  -39.386  -39.386  -39.386  -39.386   -3.293   -2.498   -2.495   -2.081
    0.595    0.654    0.823    0.996    5.413    5.524    6.079    6.086    6.782    7.375
    7.433    7.728    8.403    8.758    9.021    9.078    9.324    9.405    9.575    9.624
    9.881   10.396   10.456   11.180   11.908   11.923   12.006   12.101   12.240   12.264
   12.402   12.413   12.495   12.616   12.685   12.733   14.227   14.382   14.653   14.754
   14.773   14.945   15.365   15.377   15.844   15.980   16.167   16.365   19.485   19.522
   19.755   19.902   20.193   20.294   20.464   20.901   21.015   21.306   21.615   21.990
   22.306   22.763   22.856   23.805   23.955   24.395   24.525   24.936   25.170   25.323
   25.617   25.888   26.273   26.650   26.705   27.315   27.516   27.519   28.158   28.377
   28.453   29.266   29.500   29.761   29.826   30.165   30.748   31.280   31.398   31.700
   32.232   32.294   32.941   33.246
            0.325000  0.325000  0.000000
  -73.464  -73.464  -73.464  -73.464  -39.641  -39.641  -39.640  -39.640  -39.639  -39.639
  -39.638  -39.638  -39.386  -39.386  -39.386  -39.386   -3.401   -2.464   -2.461   -2.037
    0.582    0.655    0.822    1.068    5.433    5.544    6.128    6.195    6.735    7.338
    7.348    7.738    8.322    8.708    8.927    9.039    9.278    9.424    9.603    9.716
    9.802   10.311   10.382   11.227   11.901   11.965   12.019   12.122   12.203   12.266
   12.349   12.399   12.517   12.616   12.671   12.742   14.178   14.357   14.630   14.814
   14.846   14.928   15.474   15.474   15.848   15.968   16.176   16.397   19.433   19.588
   19.763   19.962   20.146   20.340   20.454   20.930   21.081   21.481   21.732   22.042
   22.351   22.855   22.886   23.854   23.893   24.415   24.420   24.747   25.156   25.315
   25.618   25.915   26.222   26.541   26.709   27.188   27.483   27.564   28.163   28.389
   28.560   29.087   29.525   29.605   29.898   30.338   30.820   31.254   31.260   31.465
   32.119   32.155   32.707   33.161
            0.300000  0.300000  0.000000
  -73.464  -73.464  -73.464  -73.464  -39.641  -39.641  -39.640  -39.640  -39.639  -39.639
  -39.638  -39.638  -39.386  -39.386  -39.386  -39.386   -3.505   -2.426   -2.423   -2.004
    0.571    0.656    0.813    1.148    5.467    5.573    6.140    6.318    6.735    7.250
    7.316    7.730    8.256    8.674    8.826    8.981    9.217    9.424    9.615    9.725
    9.830   10.228   10.284   11.241   11.908   11.995   12.042   12.152   12.163   12.263
   12.303   12.394   12.536   12.610   12.653   12.752   14.136   14.337   14.599   14.869
   14.873   14.962   15.558   15.578   15.889   15.963   16.185   16.423   19.418   19.677
   19.755   20.019   20.118   20.409   20.480   20.972   21.133   21.598   21.829   22.175
   22.377   22.880   22.923   23.806   23.828   24.331   24.538   24.554   25.076   25.418
   25.625   25.986   26.157   26.410   26.716   27.057   27.454   27.482   28.243   28.396
   28.642   28.889   29.441   29.575   29.942   30.453   30.715   31.085   31.350   31.350
   31.991   32.110   32.516   32.957
            0.275000  0.275000  0.000000
  -73.464  -73.464  -73.464  -73.464  -39.641  -39.641  -39.640  -39.640  -39.639  -39.639
  -39.638  -39.638  -39.387  -39.386  -39.386  -39.386   -3.602   -2.385   -2.382   -1.983
    0.561    0.656    0.798    1.236    5.515    5.608    6.130    6.443    6.773    7.177
    7.278    7.701    8.203    8.662    8.728    8.912    9.146    9.412    9.583    9.659
    9.937   10.159   10.177   11.217   11.931   11.997   12.084   12.123   12.189   12.237
   12.285   12.396   12.548   12.598   12.633   12.761   14.099   14.322   14.563   14.793
   14.938   15.097   15.628   15.676   15.950   15.974   16.194   16.445   19.436   19.732
   19.788   20.045   20.157   20.490   20.545   21.024   21.169   21.659   21.893   22.362
   22.400   22.855   22.950   23.700   23.782   24.279   24.335   24.745   24.991   25.560
   25.633   26.069   26.083   26.268   26.726   26.936   27.241   27.535   28.333   28.381
   28.685   28.691   29.301   29.636   29.946   30.390   30.634   30.855   31.298   31.519
   31.847   32.199   32.378   32.764
            0.250000  0.250000  0.000000
  -73.464  -73.464  -73.464  -73.464  -39.641  -39.641  -39.640  -39.639  -39.639  -39.639
  -39.638  -39.638  -39.386  -39.386  -39.386  -39.386   -3.693   -2.341   -2.338   -1.971
    0.553    0.652    0.776    1.329    5.575    5.651    6.113    6.560    6.833    7.131
    7.234    7.652    8.155    8.644    8.668    8.840    9.072    9.396    9.486    9.617
    9.959   10.114   10.130   11.161   11.967   11.983   12.072   12.145   12.199   12.229
   12.285   12.404   12.551   12.581   12.609   12.767   14.064   14.311   14.522   14.702
   15.023   15.249   15.686   15.769   15.974   16.043   16.203   16.464   19.480   19.704
   19.913   20.062   20.245   20.579   20.643   21.087   21.187   21.699   21.907   22.428
   22.512   22.880   22.925   23.575   23.734   24.147   24.289   24.900   24.977   25.634
   25.704   26.005   26.129   26.140   26.742   26.805   26.989   27.634   28.336   28.384
   28.522   28.688   29.192   29.720   29.874   30.190   30.636   30.647   31.255   31.638
   31.697   32.287   32.379   32.644
            0.225000  0.225000  0.000000
  -73.464  -73.464  -73.464  -73.464  -39.641  -39.641  -39.640  -39.639  -39.639  -39.639
  -39.638  -39.638  -39.387  -39.386  -39.386  -39.386   -3.777   -2.296   -2.293   -1.966
    0.546    0.644    0.748    1.426    5.645    5.700    6.100    6.654    6.905    7.124
    7.188    7.590    8.101    8.583    8.670    8.789    8.995    9.360    9.378    9.564
    9.849   10.093   10.193   11.081   11.960   12.008   12.030   12.167   12.196   12.268
   12.288   12.414   12.546   12.562   12.584   12.770   14.027   14.306   14.479   14.614
   15.124   15.411   15.732   15.857   15.996   16.122   16.212   16.483   19.545   19.677
   20.048   20.099   20.353   20.678   20.760   21.161   21.191   21.739   21.871   22.444
   22.537   22.856   23.020   23.477   23.656   23.990   24.350   24.880   25.166   25.605
   25.835   25.937   26.013   26.192   26.573   26.774   26.814   27.735   28.261   28.295
   28.492   28.663   29.144   29.731   29.815   29.983   30.444   30.656   31.213   31.555
   31.680   32.228   32.342   32.861
            0.200000  0.200000  0.000000
  -73.464  -73.464  -73.464  -73.464  -39.641  -39.641  -39.640  -39.639  -39.639  -39.639
  -39.638  -39.638  -39.387  -39.386  -39.386  -39.386   -3.853   -2.250   -2.248   -1.967
    0.540    0.632    0.717    1.523    5.722    5.756    6.097    6.710    6.979    7.144
    7.167    7.524    8.034    8.546    8.616    8.805    8.916    9.226    9.360    9.495
    9.715   10.091   10.260   10.984   11.930   11.986   12.037   12.149   12.246   12.289
   12.307   12.424   12.533   12.543   12.557   12.769   13.982   14.305   14.439   14.538
   15.239   15.579   15.770   15.941   16.023   16.191   16.223   16.503   19.629   19.658
   20.155   20.182   20.475   20.791   20.866   21.203   21.246   21.786   21.805   22.398
   22.502   22.782   23.161   23.413   23.605   23.878   24.425   24.867   25.361   25.517
   25.875   25.932   25.946   26.245   26.267   26.716   26.823   27.772   28.164   28.172
   28.513   28.633   29.187   29.561   29.794   29.895   30.295   30.640   31.152   31.444
   31.641   32.180   32.201   33.087
            0.175000  0.175000  0.000000
  -73.464  -73.464  -73.464  -73.464  -39.641  -39.641  -39.641  -39.639  -39.639  -39.639
  -39.638  -39.638  -39.387  -39.386  -39.386  -39.386   -3.921   -2.205   -2.203   -1.973
    0.534    0.617    0.683    1.617    5.803    5.819    6.103    6.737    7.038    7.121
    7.229    7.480    7.956    8.521    8.527    8.832    8.861    9.102    9.343    9.414
    9.587   10.103   10.310   10.876   11.897   11.942   12.032   12.160   12.293   12.293
   12.341   12.433   12.517   12.524   12.533   12.764   13.924   14.309   14.404   14.479
   15.364   15.740   15.805   16.025   16.052   16.235   16.241   16.529   19.648   19.717
   20.233   20.295   20.609   20.910   20.926   21.277   21.341   21.739   21.842   22.260
   22.463   22.723   23.153   23.386   23.675   23.813   24.484   24.862   25.385   25.538
   25.725   25.908   25.983   26.066   26.331   26.640   26.873   27.704   28.065   28.100
   28.511   28.627   29.312   29.401   29.634   29.923   30.223   30.601   31.054   31.375
   31.525   32.041   32.112   32.958
            0.150000  0.150000  0.000000
  -73.464  -73.464  -73.464  -73.464  -39.641  -39.641  -39.641  -39.639  -39.639  -39.639
  -39.638  -39.638  -39.387  -39.386  -39.386  -39.386   -3.981   -2.161   -2.160   -1.980
    0.530    0.599    0.647    1.705    5.886    5.887    6.116    6.755    7.033    7.173
    7.234    7.514    7.878    8.427    8.483    8.732    8.929    9.015    9.325    9.328
    9.478   10.125   10.340   10.763   11.864   11.898   11.994   12.192   12.297   12.336
   12.372   12.441   12.500   12.507   12.512   12.758   13.851   14.317   14.380   14.437
   15.495   15.841   15.877   16.080   16.115   16.253   16.271   16.563   19.651   19.789
   20.347   20.350   20.755   20.922   21.084   21.417   21.441   21.687   21.901   22.066
   22.436   22.651   23.029   23.398   23.783   23.807   24.513   24.854   25.240   25.413
   25.692   25.882   26.008   26.060   26.440   26.575   26.905   27.554   28.009   28.055
   28.476   28.666   29.278   29.473   29.520   29.897   30.233   30.550   30.930   31.329
   31.346   31.852   31.990   32.912
            0.125000  0.125000  0.000000
  -73.464  -73.464  -73.464  -73.464  -39.641  -39.641  -39.641  -39.639  -39.639  -39.639
  -39.638  -39.638  -39.387  -39.386  -39.386  -39.386   -4.032   -2.121   -2.120   -1.989
    0.526    0.580    0.613    1.785    5.958    5.967    6.134    6.778    7.006    7.180
    7.260    7.615    7.809    8.320    8.415    8.607    8.979    8.996    9.243    9.302
    9.405   10.154   10.350   10.648   11.832   11.855   11.942   12.226   12.302   12.373
   12.399   12.448   12.487   12.492   12.496   12.751   13.769   14.327   14.366   14.409
   15.627   15.879   15.971   16.105   16.192   16.281   16.308   16.606   19.666   19.826
   20.297   20.522   20.910   20.987   21.254   21.544   21.557   21.653   21.878   21.957
   22.426   22.555   22.865   23.438   23.770   23.899   24.515   24.836   25.050   25.116
   25.828   25.895   26.039   26.091   26.520   26.538   26.904   27.376   27.993   28.030
   28.407   28.760   29.209   29.462   29.608   29.896   30.268   30.498   30.799   31.123
   31.279   31.632   31.808   32.944
            0.100000  0.100000  0.000000
  -73.464  -73.464  -73.464  -73.464  -39.641  -39.641  -39.641  -39.639  -39.639  -39.638
  -39.638  -39.638  -39.387  -39.386  -39.386  -39.386   -4.074   -2.086   -2.085   -1.997
    0.523    0.561    0.582    1.854    6.029    6.040    6.153    6.811    6.983    7.111
    7.358    7.727    7.758    8.212    8.317    8.465    8.980    9.045    9.169    9.283
    9.377   10.186   10.343   10.537   11.803   11.818   11.884   12.258   12.306   12.405
   12.421   12.454   12.477   12.480   12.484   12.744   13.684   14.338   14.360   14.390
   15.754   15.921   16.024   16.125   16.215   16.273   16.429   16.654   19.691   19.834
   20.176   20.746   21.074   21.109   21.413   21.532   21.630   21.656   21.857   22.003
   22.428   22.445   22.689   23.495   23.756   23.906   24.492   24.742   24.806   24.984
   25.942   25.953   26.090   26.119   26.477   26.595   26.871   27.199   28.006   28.027
   28.318   28.905   29.206   29.459   29.680   29.962   30.297   30.446   30.668   30.879
   31.212   31.393   31.593   33.019
            0.075000  0.075000  0.000000
  -73.464  -73.464  -73.464  -73.464  -39.641  -39.641  -39.641  -39.639  -39.639  -39.638
  -39.638  -39.638  -39.387  -39.386  -39.386  -39.386   -4.106   -2.056   -2.056   -2.005
    0.521    0.543    0.555    1.910    6.094    6.103    6.170    6.853    6.966    7.046
    7.466    7.732    7.827    8.109    8.202    8.316    8.996    9.058    9.109    9.297
    9.373   10.218   10.324   10.435   11.779   11.787   11.829   12.283   12.310   12.430
   12.439   12.458   12.471   12.472   12.476   12.739   13.606   14.349   14.360   14.377
   15.869   15.966   16.053   16.142   16.214   16.251   16.562   16.701   19.724   19.825
   20.036   21.001   21.244   21.256   21.363   21.528   21.619   21.787   21.968   22.036
   22.339   22.423   22.517   23.557   23.733   23.842   24.310   24.630   24.765   24.868
   26.008   26.073   26.136   26.165   26.444   26.605   26.805   27.044   28.031   28.040
   28.227   29.094   29.274   29.504   29.727   30.043   30.318   30.376   30.549   30.648
   31.126   31.148   31.371   33.095
            0.050000  0.050000  0.000000
  -73.464  -73.464  -73.464  -73.464  -39.641  -39.641  -39.641  -39.639  -39.639  -39.638
  -39.638  -39.638  -39.387  -39.386  -39.386  -39.386   -4.130   -2.034   -2.034   -2.011
    0.519    0.530    0.535    1.951    6.147    6.152    6.183    6.898    6.955    6.994
    7.584    7.736    7.902    8.023    8.083    8.165    9.015    9.048    9.067    9.339
    9.380   10.245   10.299   10.350   11.760   11.763   11.783   12.301   12.314   12.447
   12.451   12.460   12.468   12.468   12.470   12.735   13.543   14.357   14.362   14.370
   15.967   16.012   16.068   16.153   16.202   16.219   16.675   16.741   19.759   19.813
   19.912   21.206   21.266   21.408   21.417   21.594   21.612   21.901   22.019   22.048
   22.287   22.361   22.410   23.615   23.705   23.756   24.055   24.644   24.721   24.768
   26.077   26.143   26.193   26.258   26.423   26.579   26.708   26.923   28.055   28.060
   28.149   29.312   29.401   29.586   29.770   30.063   30.221   30.345   30.465   30.512
   30.917   31.031   31.163   33.148
            0.025000  0.025000  0.000000
  -73.464  -73.464  -73.464  -73.464  -39.641  -39.641  -39.641  -39.639  -39.639  -39.638
  -39.638  -39.638  -39.387  -39.386  -39.386  -39.386   -4.144   -2.021   -2.020   -2.015
    0.518    0.521    0.522    1.976    6.182    6.183    6.191    6.933    6.949    6.959
    7.709    7.769    7.929    7.976    7.982    8.019    9.028    9.037    9.041    9.377
    9.389   10.264   10.278   10.291   11.748   11.749   11.754   12.312   12.316   12.457
   12.458   12.460   12.468   12.468   12.468   12.733   13.501   14.363   14.364   14.366
   16.043   16.055   16.076   16.160   16.180   16.183   16.750   16.768   19.788   19.802
   19.828   21.099   21.505   21.542   21.578   21.609   21.630   21.935   21.963   21.992
   22.312   22.319   22.358   23.657   23.682   23.694   23.866   24.663   24.685   24.697
   26.126   26.145   26.314   26.351   26.410   26.534   26.590   26.844   28.073   28.075
   28.098   29.543   29.569   29.683   29.802   29.964   29.999   30.401   30.440   30.460
   30.738   30.954   30.996   33.173
            0.000000  0.000000  0.000000
  -73.464  -73.464  -73.464  -73.464  -39.641  -39.641  -39.641  -39.639  -39.639  -39.638
  -39.638  -39.638  -39.386  -39.386  -39.386  -39.386   -4.149   -2.016   -2.016   -2.016
    0.518    0.518    0.518    1.985    6.194    6.194    6.194    6.947    6.947    6.947
    7.802    7.802    7.918    7.918    7.918    7.986    9.033    9.033    9.033    9.392
    9.392   10.270   10.270   10.270   11.744   11.744   11.744   12.316   12.316   12.460
   12.460   12.460   12.468   12.468   12.468   12.732   13.487   14.365   14.365   14.365
   16.078   16.078   16.078   16.163   16.163   16.163   16.777   16.777   19.799   19.799
   19.799   21.061   21.608   21.608   21.608   21.667   21.667   21.915   21.915   21.915
   22.331   22.331   22.331   23.672   23.672   23.672   23.795   24.671   24.671   24.671
   26.145   26.145   26.406   26.406   26.406   26.497   26.497   26.816   28.080   28.080
   28.080   29.732   29.732   29.732   29.813   29.813   29.813   30.440   30.440   30.440
   30.669   30.924   30.924   33.179
