 &plot nbnd=   9, nks=   101 /
            0.000000  1.000000  0.500000
    8.415    9.018    9.018   10.302   11.051   18.724   18.724   20.828   21.291
            0.025000  0.925000  0.500000
    8.443    8.979    9.030   10.301   11.018   17.909   18.703   21.219   22.033
            0.050000  0.850000  0.500000
    8.521    8.871    9.065   10.289   10.931   16.618   18.674   21.757   23.705
            0.075000  0.775000  0.500000
    8.612    8.740    9.120   10.239   10.823   15.382   18.693   22.514   25.628
            0.100000  0.700000  0.500000
    8.458    8.843    9.189   10.135   10.728   14.285   18.791   23.464   27.692
            0.125000  0.625000  0.500000
    8.206    9.024    9.263    9.998   10.651   13.352   18.980   24.576   29.854
            0.150000  0.550000  0.500000
    7.924    9.199    9.331    9.868   10.590   12.591   19.265   25.831   32.037
            0.175000  0.475000  0.500000
    7.632    9.327    9.375    9.782   10.562   11.996   19.652   27.212   33.354
            0.200000  0.400000  0.500000
    7.354    9.333    9.424    9.753   10.600   11.542   20.146   28.697   32.963
            0.225000  0.325000  0.500000
    7.117    9.245    9.473    9.755   10.707   11.196   20.757   30.224   32.518
            0.250000  0.250000  0.500000
    6.943    9.137    9.496    9.785   10.804   10.964   21.492   31.243   31.968
            0.275000  0.175000  0.500000
    6.850    9.038    9.490    9.860   10.636   11.046   22.355   29.681   32.087
            0.300000  0.100000  0.500000
    6.844    8.967    9.461    9.975   10.426   11.183   23.343   27.643   32.112
            0.325000  0.025000  0.500000
    6.921    8.936    9.427   10.109   10.241   11.304   24.380   25.715   32.196
            0.350000 -0.050000  0.500000
    7.060    8.964    9.405   10.042   10.291   11.404   23.564   25.864   32.367
            0.375000 -0.125000  0.500000
    7.221    9.085    9.401    9.887   10.449   11.483   21.797   27.209   32.625
            0.400000 -0.200000  0.500000
    7.354    9.333    9.424    9.753   10.600   11.542   20.146   28.697   32.963
            0.425000 -0.275000  0.500000
    7.433    9.434    9.633    9.755   10.729   11.582   18.674   30.279   33.365
            0.450000 -0.350000  0.500000
    7.466    9.462    9.557   10.237   10.827   11.597   17.448   31.901   33.787
            0.475000 -0.425000  0.500000
    7.476    9.482    9.507   10.695   10.887   11.576   16.585   33.364   34.152
            0.500000 -0.500000  0.500000
    7.477    9.490    9.490   10.908   10.908   11.545   16.262   33.852   34.555
            0.475000 -0.475000  0.475000
    7.464    9.493    9.493   10.901   10.901   11.424   16.440   33.869   34.558
            0.450000 -0.450000  0.450000
    7.422    9.501    9.501   10.880   10.880   11.111   16.925   33.921   34.569
            0.425000 -0.425000  0.425000
    7.344    9.516    9.516   10.708   10.846   10.846   17.623   34.006   34.591
            0.400000 -0.400000  0.400000
    7.218    9.535    9.535   10.299   10.801   10.801   18.462   34.121   34.626
            0.375000 -0.375000  0.375000
    7.030    9.559    9.559    9.939   10.746   10.746   19.400   34.265   34.678
            0.350000 -0.350000  0.350000
    6.773    9.585    9.585    9.660   10.684   10.684   20.410   34.431   34.749
            0.325000 -0.325000  0.325000
    6.454    9.467    9.612    9.612   10.618   10.618   21.478   34.617   34.843
            0.300000 -0.300000  0.300000
    6.091    9.350    9.639    9.639   10.550   10.550   22.595   34.960   34.961
            0.275000 -0.275000  0.275000
    5.708    9.291    9.661    9.661   10.484   10.484   23.755   35.103   35.104
            0.250000 -0.250000  0.250000
    5.324    9.271    9.678    9.678   10.425   10.425   24.952   35.217   35.273
            0.225000 -0.225000  0.225000
    4.954    9.278    9.686    9.686   10.377   10.377   26.183   35.406   35.469
            0.200000 -0.200000  0.200000
    4.608    9.303    9.682    9.682   10.342   10.342   27.444   35.692   35.692
            0.175000 -0.175000  0.175000
    4.292    9.336    9.668    9.668   10.321   10.321   28.730   35.726   35.942
            0.150000 -0.150000  0.150000
    4.012    9.375    9.644    9.644   10.312   10.312   30.035   35.853   36.218
            0.125000 -0.125000  0.125000
    3.771    9.413    9.616    9.616   10.313   10.313   31.348   35.962   36.516
            0.100000 -0.100000  0.100000
    3.571    9.450    9.587    9.587   10.319   10.319   32.647   36.073   36.831
            0.075000 -0.075000  0.075000
    3.414    9.480    9.561    9.561   10.327   10.327   33.872   36.235   37.152
            0.050000 -0.050000  0.050000
    3.301    9.503    9.540    9.540   10.334   10.334   34.845   36.597   37.455
            0.025000 -0.025000  0.025000
    3.233    9.517    9.527    9.527   10.340   10.340   35.326   37.300   37.693
            0.000000  0.000000  0.000000
    3.211    9.522    9.522    9.522   10.341   10.341   35.440   37.787   37.787
            0.000000  0.000000  0.050000
    3.241    9.513    9.530    9.530   10.333   10.345   35.310   37.377   37.378
            0.000000  0.000000  0.100000
    3.332    9.487    9.551    9.551   10.309   10.355   34.970   36.547   36.547
            0.000000  0.000000  0.150000
    3.482    9.443    9.587    9.587   10.270   10.371   34.519   35.618   35.618
            0.000000  0.000000  0.200000
    3.691    9.383    9.637    9.637   10.218   10.393   34.028   34.675   34.675
            0.000000  0.000000  0.250000
    3.956    9.309    9.700    9.700   10.155   10.421   33.537   33.746   33.746
            0.000000  0.000000  0.300000
    4.275    9.224    9.775    9.775   10.085   10.453   32.842   32.842   33.067
            0.000000  0.000000  0.350000
    4.644    9.128    9.862    9.862   10.014   10.489   31.969   31.969   32.628
            0.000000  0.000000  0.400000
    5.056    9.025    9.949    9.960    9.960   10.528   31.134   31.134   32.224
            0.000000  0.000000  0.450000
    5.501    8.918    9.900   10.067   10.067   10.570   30.340   30.340   31.858
            0.000000  0.000000  0.500000
    5.964    8.809    9.887   10.181   10.181   10.612   29.591   29.591   30.889
            0.000000  0.000000  0.550000
    6.422    8.701    9.932   10.300   10.300   10.655   28.893   28.893   29.481
            0.000000  0.000000  0.600000
    6.839    8.596   10.070   10.421   10.421   10.697   28.047   28.248   28.248
            0.000000  0.000000  0.650000
    7.179    8.498   10.338   10.542   10.542   10.737   26.627   27.663   27.663
            0.000000  0.000000  0.700000
    7.416    8.408   10.658   10.658   10.757   10.774   25.244   27.141   27.141
            0.000000  0.000000  0.750000
    7.559    8.328   10.766   10.766   10.808   11.313   23.918   26.688   26.688
            0.000000  0.000000  0.800000
    7.632    8.260   10.836   10.862   10.862   11.966   22.670   26.309   26.309
            0.000000  0.000000  0.850000
    7.665    8.205   10.860   10.941   10.941   12.661   21.533   26.008   26.008
            0.000000  0.000000  0.900000
    7.676    8.166   10.876   11.001   11.001   13.323   20.565   25.789   25.789
            0.000000  0.000000  0.950000
    7.679    8.142   10.887   11.038   11.038   13.835   19.872   25.657   25.657
            0.000000  0.000000  1.000000
    7.678    8.134   10.890   11.050   11.050   14.036   19.611   25.612   25.612
            0.050000  0.025000  0.950000
    7.697    8.153   10.871   10.971   11.036   13.938   19.888   25.225   25.656
            0.100000  0.050000  0.900000
    7.749    8.207   10.725   10.826   11.003   13.704   20.646   24.344   25.781
            0.150000  0.075000  0.850000
    7.830    8.294   10.385   10.713   10.971   13.436   21.747   23.319   25.976
            0.200000  0.100000  0.800000
    7.927    8.409    9.998   10.561   10.940   13.184   22.278   23.114   26.231
            0.250000  0.125000  0.750000
    8.011    8.549    9.648   10.386   10.906   12.952   21.337   24.630   26.537
            0.300000  0.150000  0.700000
    8.028    8.721    9.414   10.202   10.864   12.733   20.486   26.267   26.921
            0.350000  0.175000  0.650000
    7.946    8.931    9.337   10.027   10.814   12.526   19.747   27.220   28.157
            0.400000  0.200000  0.600000
    7.811    9.154    9.387    9.872   10.757   12.336   19.123   27.697   30.022
            0.450000  0.225000  0.550000
    7.694    9.307    9.547    9.751   10.707   12.182   18.613   28.226   31.949
            0.500000  0.250000  0.500000
    7.632    9.365    9.676    9.726   10.704   12.099   18.208   28.828   33.541
            0.550000  0.275000  0.450000
    7.640    9.353    9.663    9.787   10.783   12.141   17.901   29.499   32.162
            0.600000  0.300000  0.400000
    7.715    9.285    9.685    9.749   10.882   12.375   17.684   30.067   30.629
            0.650000  0.325000  0.350000
    7.846    9.171    9.634    9.782   10.925   12.820   17.553   28.788   30.736
            0.700000  0.350000  0.300000
    8.018    9.024    9.544    9.888   10.919   13.433   17.509   27.259   29.843
            0.750000  0.375000  0.250000
    8.207    8.871    9.452   10.027   10.893   14.173   17.558   25.817   28.138
            0.800000  0.400000  0.200000
    8.391    8.739    9.358   10.168   10.877   15.020   17.709   24.482   26.362
            0.850000  0.425000  0.150000
    8.505    8.691    9.268   10.269   10.898   15.962   17.967   23.268   24.660
            0.900000  0.450000  0.100000
    8.474    8.795    9.183   10.307   10.960   16.978   18.320   22.197   23.100
            0.950000  0.475000  0.050000
    8.431    8.917    9.102   10.306   11.025   18.001   18.687   21.312   21.826
            1.000000  0.500000  0.000000
    8.415    9.018    9.018   10.302   11.051   18.724   18.724   20.828   21.291
            0.987500  0.512500  0.000000
    8.414    8.972    9.064   10.303   11.050   18.552   18.867   20.830   21.330
            0.975000  0.525000  0.000000
    8.412    8.927    9.111   10.307   11.047   18.387   18.946   20.818   21.464
            0.962500  0.537500  0.000000
    8.408    8.882    9.159   10.313   11.043   18.230   18.972   20.787   21.690
            0.950000  0.550000  0.000000
    8.403    8.838    9.208   10.321   11.037   18.080   18.958   20.745   21.982
            0.937500  0.562500  0.000000
    8.396    8.795    9.257   10.331   11.030   17.937   18.919   20.699   22.319
            0.925000  0.575000  0.000000
    8.388    8.755    9.307   10.342   11.020   17.803   18.864   20.654   22.688
            0.912500  0.587500  0.000000
    8.379    8.716    9.356   10.354   11.010   17.677   18.801   20.610   23.078
            0.900000  0.600000  0.000000
    8.369    8.679    9.405   10.367   10.997   17.559   18.735   20.569   23.484
            0.887500  0.612500  0.000000
    8.358    8.646    9.453   10.380   10.984   17.449   18.668   20.532   23.900
            0.875000  0.625000  0.000000
    8.346    8.616    9.501   10.394   10.969   17.348   18.604   20.497   24.324
            0.862500  0.637500  0.000000
    8.333    8.589    9.546   10.407   10.954   17.256   18.542   20.466   24.751
            0.850000  0.650000  0.000000
    8.321    8.566    9.589   10.420   10.939   17.173   18.485   20.439   25.180
            0.837500  0.662500  0.000000
    8.308    8.546    9.630   10.432   10.923   17.100   18.433   20.414   25.606
            0.825000  0.675000  0.000000
    8.296    8.530    9.667   10.443   10.908   17.036   18.387   20.394   26.024
            0.812500  0.687500  0.000000
    8.285    8.516    9.700   10.452   10.894   16.981   18.347   20.376   26.428
            0.800000  0.700000  0.000000
    8.274    8.506    9.729   10.460   10.881   16.937   18.314   20.362   26.806
            0.787500  0.712500  0.000000
    8.266    8.498    9.751   10.467   10.870   16.902   18.288   20.351   27.143
            0.775000  0.725000  0.000000
    8.261    8.492    9.768   10.471   10.862   16.877   18.270   20.343   27.418
            0.762500  0.737500  0.000000
    8.257    8.489    9.779   10.474   10.857   16.862   18.259   20.338   27.603
            0.750000  0.750000  0.000000
    8.256    8.488    9.782   10.475   10.855   16.857   18.255   20.336   27.668
