 &plot nbnd=   8, nks=   101 /
            0.000000  1.000000  0.500000
    1.437    1.437    5.072    5.072   24.103   24.103   25.835   25.835
            0.025000  0.925000  0.500000
    0.741    1.983    4.634    5.802   23.431   24.351   25.882   26.343
            0.050000  0.850000  0.500000
   -0.036    2.300    4.604    6.708   22.684   24.219   26.282   27.161
            0.075000  0.775000  0.500000
   -0.837    2.408    4.976    7.688   22.037   24.011   26.746   27.878
            0.100000  0.700000  0.500000
   -1.620    2.452    5.601    8.650   21.570   23.814   26.992   28.046
            0.125000  0.625000  0.500000
   -2.351    2.536    6.359    9.501   21.338   23.627   26.339   28.182
            0.150000  0.550000  0.500000
   -3.010    2.702    7.183   10.161   21.375   23.374   25.193   28.416
            0.175000  0.475000  0.500000
   -3.583    2.960    8.022   10.570   21.671   22.816   24.317   28.409
            0.200000  0.400000  0.500000
   -4.060    3.314    8.819   10.702   21.766   22.309   23.950   28.083
            0.225000  0.325000  0.500000
   -4.436    3.760    9.506   10.550   20.969   22.907   23.765   27.548
            0.250000  0.250000  0.500000
   -4.707    4.292    9.899   10.231   20.484   23.582   23.585   26.982
            0.275000  0.175000  0.500000
   -4.871    4.897    9.283   10.450   20.436   23.350   24.207   26.516
            0.300000  0.100000  0.500000
   -4.925    5.552    8.326   10.634   20.737   23.067   24.727   26.210
            0.325000  0.025000  0.500000
   -4.869    6.121    7.345   10.717   21.175   22.779   25.084   26.115
            0.350000 -0.050000  0.500000
   -4.704    5.655    7.361   10.738   21.531   22.546   25.025   26.482
            0.375000 -0.125000  0.500000
   -4.433    4.501    8.066   10.727   21.706   22.399   24.572   27.247
            0.400000 -0.200000  0.500000
   -4.060    3.314    8.819   10.702   21.766   22.309   23.950   28.083
            0.425000 -0.275000  0.500000
   -3.596    2.186    9.520   10.673   21.808   22.227   23.306   28.728
            0.450000 -0.350000  0.500000
   -3.069    1.171   10.099   10.648   21.865   22.131   22.769   29.066
            0.475000 -0.425000  0.500000
   -2.557    0.362   10.488   10.631   21.918   22.010   22.455   29.173
            0.500000 -0.500000  0.500000
   -2.302    0.008   10.625   10.625   21.941   21.941   22.370   29.189
            0.475000 -0.475000  0.475000
   -2.468    0.202   10.636   10.636   21.939   21.939   22.364   29.182
            0.450000 -0.450000  0.450000
   -2.857    0.676   10.670   10.670   21.934   21.934   22.346   29.157
            0.425000 -0.425000  0.425000
   -3.330    1.293   10.725   10.725   21.924   21.924   22.316   29.115
            0.400000 -0.400000  0.400000
   -3.824    1.986   10.802   10.802   21.904   21.904   22.272   29.052
            0.375000 -0.375000  0.375000
   -4.311    2.726   10.900   10.900   21.868   21.868   22.214   28.964
            0.350000 -0.350000  0.350000
   -4.780    3.502   11.018   11.018   21.812   21.812   22.141   28.849
            0.325000 -0.325000  0.325000
   -5.225    4.305   11.157   11.157   21.728   21.728   22.050   28.707
            0.300000 -0.300000  0.300000
   -5.642    5.130   11.316   11.316   21.613   21.613   21.940   28.543
            0.275000 -0.275000  0.275000
   -6.029    5.972   11.494   11.494   21.461   21.461   21.807   28.358
            0.250000 -0.250000  0.250000
   -6.385    6.825   11.686   11.686   21.269   21.269   21.647   28.161
            0.225000 -0.225000  0.225000
   -6.709    7.684   11.894   11.894   21.043   21.043   21.458   27.959
            0.200000 -0.200000  0.200000
   -7.000    8.543   12.112   12.112   20.785   20.785   21.235   27.761
            0.175000 -0.175000  0.175000
   -7.258    9.392   12.337   12.337   20.505   20.505   20.977   27.572
            0.150000 -0.150000  0.150000
   -7.482   10.222   12.564   12.564   20.212   20.212   20.683   27.399
            0.125000 -0.125000  0.125000
   -7.673   11.017   12.785   12.785   19.922   19.922   20.356   27.246
            0.100000 -0.100000  0.100000
   -7.828   11.760   12.992   12.992   19.649   19.649   20.011   27.119
            0.075000 -0.075000  0.075000
   -7.950   12.419   13.173   13.173   19.410   19.410   19.667   27.018
            0.050000 -0.050000  0.050000
   -8.037   12.955   13.316   13.316   19.222   19.222   19.360   26.946
            0.025000 -0.025000  0.025000
   -8.089   13.313   13.409   13.409   19.101   19.101   19.140   26.902
            0.000000  0.000000  0.000000
   -8.106   13.441   13.441   13.441   19.059   19.059   19.059   26.888
            0.000000  0.000000  0.050000
   -8.083   13.342   13.342   13.383   19.041   19.178   19.178   26.906
            0.000000  0.000000  0.100000
   -8.013   13.070   13.070   13.214   18.986   19.510   19.510   26.952
            0.000000  0.000000  0.150000
   -7.898   12.675   12.675   12.940   18.899   20.004   20.004   26.996
            0.000000  0.000000  0.200000
   -7.736   12.208   12.208   12.571   18.785   20.609   20.609   26.987
            0.000000  0.000000  0.250000
   -7.528   11.706   11.706   12.117   18.650   21.287   21.287   26.858
            0.000000  0.000000  0.300000
   -7.275   11.194   11.194   11.589   18.502   22.011   22.011   26.546
            0.000000  0.000000  0.350000
   -6.976   10.687   10.687   10.998   18.347   22.764   22.764   26.028
            0.000000  0.000000  0.400000
   -6.633   10.198   10.198   10.350   18.193   23.534   23.534   25.343
            0.000000  0.000000  0.450000
   -6.245    9.656    9.733    9.733   18.047   24.314   24.314   24.560
            0.000000  0.000000  0.500000
   -5.814    8.920    9.297    9.297   17.914   23.742   25.089   25.089
            0.000000  0.000000  0.550000
   -5.340    8.147    8.894    8.894   17.797   22.934   25.854   25.854
            0.000000  0.000000  0.600000
   -4.824    7.347    8.528    8.528   17.704   22.163   26.602   26.602
            0.000000  0.000000  0.650000
   -4.266    6.524    8.201    8.201   17.638   21.447   27.323   27.323
            0.000000  0.000000  0.700000
   -3.670    5.685    7.914    7.914   17.603   20.792   28.006   28.006
            0.000000  0.000000  0.750000
   -3.035    4.835    7.670    7.670   17.602   20.204   28.636   28.636
            0.000000  0.000000  0.800000
   -2.364    3.981    7.469    7.469   17.639   19.683   29.197   29.197
            0.000000  0.000000  0.850000
   -1.658    3.128    7.311    7.311   17.717   19.227   29.667   29.667
            0.000000  0.000000  0.900000
   -0.921    2.284    7.198    7.198   17.839   18.835   30.026   30.026
            0.000000  0.000000  0.950000
   -0.155    1.452    7.130    7.130   18.008   18.503   30.250   30.250
            0.000000  0.000000  1.000000
    0.638    0.638    7.108    7.108   18.229   18.229   30.327   30.327
            0.050000  0.025000  0.950000
   -0.134    1.467    6.996    7.137   18.118   18.632   30.176   30.212
            0.100000  0.050000  0.900000
   -0.831    2.325    6.703    7.225   18.234   19.361   29.699   29.894
            0.150000  0.075000  0.850000
   -1.445    3.137    6.352    7.378   18.521   20.386   28.879   29.414
            0.200000  0.100000  0.800000
   -1.970    3.715    6.179    7.607   18.947   21.641   27.776   28.803
            0.250000  0.125000  0.750000
   -2.404    3.789    6.461    7.938   19.488   23.043   26.511   28.082
            0.300000  0.150000  0.700000
   -2.743    3.466    7.047    8.419   20.118   24.361   25.350   27.286
            0.350000  0.175000  0.650000
   -2.986    3.020    7.616    9.067   20.804   23.790   25.868   26.689
            0.400000  0.200000  0.600000
   -3.132    2.573    8.088    9.762   21.480   22.807   25.274   27.629
            0.450000  0.225000  0.550000
   -3.183    2.174    8.493   10.303   21.795   22.450   24.354   28.529
            0.500000  0.250000  0.500000
   -3.138    1.845    8.840   10.517   21.689   22.653   23.699   28.893
            0.550000  0.275000  0.450000
   -2.999    1.599    9.091   10.342   21.787   22.327   23.862   28.791
            0.600000  0.300000  0.400000
   -2.770    1.442    9.132    9.903   21.233   22.931   24.217   28.424
            0.650000  0.325000  0.350000
   -2.453    1.380    8.685    9.547   20.698   23.942   24.552   27.950
            0.700000  0.350000  0.300000
   -2.055    1.411    7.865    9.228   20.445   24.446   25.440   27.478
            0.750000  0.375000  0.250000
   -1.582    1.532    6.956    8.738   20.526   24.519   26.484   27.232
            0.800000  0.400000  0.200000
   -1.043    1.726    6.071    8.074   20.926   24.505   26.448   27.881
            0.850000  0.425000  0.150000
   -0.450    1.947    5.296    7.299   21.589   24.460   26.167   28.062
            0.900000  0.450000  0.100000
    0.180    2.073    4.771    6.488   22.441   24.404   25.948   27.398
            0.950000  0.475000  0.050000
    0.825    1.908    4.695    5.716   23.371   24.334   25.817   26.448
            1.000000  0.500000  0.000000
    1.437    1.437    5.072    5.072   24.103   24.103   25.835   25.835
            0.987500  0.512500  0.000000
    1.339    1.528    4.978    5.179   23.953   24.178   25.864   25.883
            0.975000  0.525000  0.000000
    1.246    1.600    4.889    5.309   23.698   24.237   25.950   25.997
            0.962500  0.537500  0.000000
    1.158    1.655    4.803    5.459   23.383   24.281   26.036   26.192
            0.950000  0.550000  0.000000
    1.076    1.696    4.722    5.627   23.038   24.312   26.138   26.418
            0.937500  0.562500  0.000000
    0.998    1.723    4.645    5.809   22.680   24.331   26.255   26.660
            0.925000  0.575000  0.000000
    0.925    1.740    4.573    6.002   22.318   24.339   26.383   26.908
            0.912500  0.587500  0.000000
    0.857    1.749    4.506    6.203   21.960   24.341   26.519   27.158
            0.900000  0.600000  0.000000
    0.794    1.751    4.443    6.408   21.609   24.337   26.661   27.403
            0.887500  0.612500  0.000000
    0.736    1.748    4.384    6.614   21.269   24.329   26.805   27.643
            0.875000  0.625000  0.000000
    0.683    1.742    4.331    6.818   20.945   24.319   26.950   27.873
            0.862500  0.637500  0.000000
    0.635    1.734    4.282    7.016   20.637   24.308   27.093   28.092
            0.850000  0.650000  0.000000
    0.593    1.724    4.239    7.206   20.351   24.296   27.232   28.296
            0.837500  0.662500  0.000000
    0.555    1.714    4.200    7.384   20.088   24.283   27.364   28.483
            0.825000  0.675000  0.000000
    0.522    1.704    4.166    7.547   19.851   24.272   27.488   28.652
            0.812500  0.687500  0.000000
    0.494    1.695    4.138    7.692   19.645   24.262   27.598   28.800
            0.800000  0.700000  0.000000
    0.472    1.687    4.115    7.816   19.471   24.254   27.693   28.924
            0.787500  0.712500  0.000000
    0.454    1.681    4.097    7.915   19.332   24.247   27.771   29.023
            0.775000  0.725000  0.000000
    0.441    1.676    4.084    7.988   19.232   24.242   27.829   29.094
            0.762500  0.737500  0.000000
    0.434    1.673    4.076    8.033   19.170   24.239   27.865   29.138
            0.750000  0.750000  0.000000
    0.431    1.672    4.073    8.048   19.150   24.238   27.877   29.152
