 &plot nbnd=  26, nks=    81 /
            0.500000  0.500000  0.500000
  -69.458  -38.169  -38.169  -38.169  -22.423   -6.616   -6.616   -6.616   -4.772   -4.772
   -4.772    4.130    5.278    5.278    6.047    6.047    6.047    9.924    9.924    9.924
   11.561   11.561   11.561   15.028   15.028   17.232
            0.475000  0.475000  0.475000
  -69.458  -38.169  -38.169  -38.169  -22.423   -6.638   -6.618   -6.618   -4.766   -4.766
   -4.752    4.148    5.286    5.286    6.039    6.053    6.053    9.905    9.905    9.916
   11.551   11.553   11.553   15.002   15.002   17.258
            0.450000  0.450000  0.450000
  -69.458  -38.169  -38.169  -38.169  -22.424   -6.700   -6.625   -6.625   -4.747   -4.747
   -4.695    4.202    5.308    5.308    6.016    6.070    6.070    9.847    9.847    9.893
   11.522   11.531   11.531   14.928   14.928   17.336
            0.425000  0.425000  0.425000
  -69.458  -38.169  -38.169  -38.169  -22.426   -6.792   -6.635   -6.635   -4.718   -4.718
   -4.613    4.290    5.346    5.346    5.985    6.099    6.099    9.757    9.757    9.855
   11.474   11.494   11.494   14.811   14.811   17.451
            0.400000  0.400000  0.400000
  -69.458  -38.168  -38.168  -38.168  -22.429   -6.905   -6.647   -6.647   -4.680   -4.680
   -4.516    4.405    5.397    5.397    5.957    6.142    6.142    9.643    9.643    9.803
   11.409   11.443   11.443   14.657   14.657   17.593
            0.375000  0.375000  0.375000
  -69.458  -38.168  -38.168  -38.168  -22.432   -7.027   -6.660   -6.660   -4.637   -4.637
   -4.417    4.540    5.460    5.460    5.946    6.199    6.199    9.515    9.515    9.739
   11.328   11.379   11.379   14.472   14.472   17.743
            0.350000  0.350000  0.350000
  -69.458  -38.168  -38.168  -38.168  -22.436   -7.152   -6.671   -6.671   -4.592   -4.592
   -4.323    4.685    5.534    5.534    5.969    6.272    6.272    9.380    9.380    9.665
   11.234   11.302   11.302   14.262   14.262   17.883
            0.325000  0.325000  0.325000
  -69.458  -38.168  -38.168  -38.168  -22.440   -7.273   -6.680   -6.680   -4.548   -4.548
   -4.243    4.827    5.616    5.616    6.044    6.363    6.363    9.249    9.249    9.584
   11.128   11.215   11.215   14.030   14.030   17.996
            0.300000  0.300000  0.300000
  -69.458  -38.167  -38.167  -38.167  -22.445   -7.387   -6.685   -6.685   -4.508   -4.508
   -4.181    4.958    5.704    5.704    6.181    6.474    6.474    9.129    9.129    9.498
   11.012   11.117   11.117   13.782   13.782   18.072
            0.275000  0.275000  0.275000
  -69.458  -38.167  -38.167  -38.167  -22.450   -7.491   -6.685   -6.685   -4.473   -4.473
   -4.141    5.080    5.795    5.795    6.381    6.607    6.607    9.026    9.026    9.408
   10.890   11.010   11.010   13.519   13.519   17.954
            0.250000  0.250000  0.250000
  -69.458  -38.167  -38.167  -38.167  -22.455   -7.583   -6.680   -6.680   -4.446   -4.446
   -4.124    5.200    5.887    5.887    6.633    6.761    6.761    8.947    8.947    9.318
   10.762   10.895   10.895   13.247   13.247   17.748
            0.225000  0.225000  0.225000
  -69.458  -38.166  -38.166  -38.166  -22.461   -7.662   -6.670   -6.670   -4.428   -4.428
   -4.129    5.327    5.975    5.975    6.923    6.937    6.937    8.895    8.895    9.229
   10.632   10.773   10.773   12.968   12.968   17.498
            0.200000  0.200000  0.200000
  -69.458  -38.166  -38.166  -38.166  -22.467   -7.726   -6.656   -6.656   -4.419   -4.419
   -4.154    5.465    6.059    6.059    7.134    7.134    7.239    8.873    8.873    9.144
   10.501   10.644   10.644   12.685   12.685   17.226
            0.175000  0.175000  0.175000
  -69.458  -38.165  -38.165  -38.165  -22.472   -7.778   -6.637   -6.637   -4.419   -4.419
   -4.196    5.613    6.134    6.134    7.349    7.349    7.569    8.884    8.884    9.064
   10.373   10.510   10.510   12.403   12.403   16.946
            0.150000  0.150000  0.150000
  -69.458  -38.165  -38.165  -38.165  -22.477   -7.817   -6.616   -6.616   -4.425   -4.425
   -4.248    5.768    6.199    6.199    7.580    7.580    7.902    8.926    8.926    8.992
   10.247   10.368   10.368   12.124   12.124   16.669
            0.125000  0.125000  0.125000
  -69.458  -38.165  -38.165  -38.165  -22.482   -7.846   -6.594   -6.594   -4.436   -4.436
   -4.306    5.922    6.253    6.253    7.822    7.822    8.229    8.928    8.996    8.996
   10.126   10.221   10.221   11.855   11.855   16.406
            0.100000  0.100000  0.100000
  -69.458  -38.165  -38.165  -38.165  -22.486   -7.865   -6.572   -6.572   -4.451   -4.451
   -4.363    6.066    6.297    6.297    8.068    8.068    8.541    8.874    9.089    9.089
   10.009   10.066   10.066   11.600   11.600   16.168
            0.075000  0.075000  0.075000
  -69.458  -38.164  -38.164  -38.164  -22.489   -7.877   -6.553   -6.553   -4.466   -4.466
   -4.414    6.191    6.329    6.329    8.309    8.309    8.829    8.831    9.196    9.196
    9.892    9.907    9.907   11.370   11.370   15.966
            0.050000  0.050000  0.050000
  -69.458  -38.164  -38.164  -38.164  -22.491   -7.884   -6.537   -6.537   -4.479   -4.479
   -4.455    6.287    6.352    6.352    8.530    8.530    8.800    9.084    9.304    9.304
    9.747    9.747    9.772   11.179   11.179   15.812
            0.025000  0.025000  0.025000
  -69.458  -38.164  -38.164  -38.164  -22.493   -7.887   -6.527   -6.527   -4.487   -4.487
   -4.481    6.348    6.365    6.365    8.703    8.703    8.781    9.303    9.399    9.399
    9.601    9.601    9.641   11.048   11.048   15.716
            0.000000  0.000000  0.000000
  -69.458  -38.164  -38.164  -38.164  -22.493   -7.888   -6.524   -6.524   -4.490   -4.490
   -4.490    6.369    6.369    6.369    8.774    8.774    8.774    9.467    9.467    9.467
    9.507    9.507    9.507   11.000   11.000   15.683
            0.000000  0.025000  0.000000
  -69.458  -38.164  -38.164  -38.164  -22.493   -7.888   -6.526   -6.523   -4.490   -4.490
   -4.486    6.359    6.369    6.369    8.753    8.753    8.769    9.410    9.410    9.437
    9.507    9.584    9.584   11.000   11.032   15.694
            0.000000  0.050000  0.000000
  -69.458  -38.164  -38.164  -38.164  -22.493   -7.887   -6.534   -6.523   -4.489   -4.489
   -4.473    6.330    6.369    6.369    8.695    8.695    8.752    9.353    9.356    9.356
    9.508    9.693    9.693   11.000   11.120   15.725
            0.000000  0.075000  0.000000
  -69.458  -38.164  -38.164  -38.164  -22.492   -7.886   -6.545   -6.522   -4.487   -4.487
   -4.453    6.282    6.369    6.369    8.608    8.608    8.724    9.232    9.316    9.316
    9.510    9.813    9.813   11.001   11.247   15.779
            0.000000  0.100000  0.000000
  -69.458  -38.165  -38.164  -38.164  -22.491   -7.884   -6.560   -6.520   -4.484   -4.484
   -4.426    6.218    6.370    6.370    8.505    8.505    8.687    9.088    9.284    9.284
    9.512    9.940    9.940   11.001   11.399   15.851
            0.000000  0.125000  0.000000
  -69.458  -38.165  -38.164  -38.164  -22.489   -7.883   -6.577   -6.518   -4.481   -4.481
   -4.393    6.139    6.370    6.370    8.393    8.393    8.642    8.933    9.257    9.257
    9.515   10.069   10.069   11.002   11.565   15.943
            0.000000  0.150000  0.000000
  -69.458  -38.165  -38.164  -38.164  -22.488   -7.883   -6.595   -6.515   -4.478   -4.478
   -4.355    6.048    6.371    6.371    8.278    8.278    8.590    8.774    9.231    9.231
    9.518   10.198   10.198   11.002   11.735   16.051
            0.000000  0.175000  0.000000
  -69.458  -38.166  -38.164  -38.164  -22.486   -7.883   -6.613   -6.513   -4.473   -4.473
   -4.315    5.947    6.372    6.372    8.162    8.162    8.533    8.616    9.206    9.206
    9.522   10.326   10.326   11.003   11.905   16.174
            0.000000  0.200000  0.000000
  -69.458  -38.166  -38.164  -38.164  -22.484   -7.884   -6.629   -6.510   -4.469   -4.469
   -4.273    5.841    6.374    6.374    8.048    8.048    8.461    8.473    9.182    9.182
    9.525   10.450   10.450   11.003   12.071   16.313
            0.000000  0.225000  0.000000
  -69.458  -38.166  -38.164  -38.164  -22.482   -7.888   -6.642   -6.507   -4.464   -4.464
   -4.230    5.731    6.376    6.376    7.938    7.938    8.313    8.411    9.158    9.158
    9.529   10.569   10.569   11.004   12.230   16.462
            0.000000  0.250000  0.000000
  -69.458  -38.167  -38.164  -38.164  -22.480   -7.892   -6.653   -6.503   -4.459   -4.459
   -4.188    5.621    6.379    6.379    7.833    7.833    8.173    8.349    9.134    9.134
    9.534   10.683   10.683   11.005   12.380   16.620
            0.000000  0.275000  0.000000
  -69.458  -38.167  -38.164  -38.164  -22.478   -7.898   -6.661   -6.500   -4.454   -4.454
   -4.147    5.513    6.383    6.383    7.734    7.734    8.043    8.289    9.111    9.111
    9.538   10.789   10.789   11.005   12.519   16.782
            0.000000  0.300000  0.000000
  -69.458  -38.168  -38.164  -38.164  -22.475   -7.906   -6.665   -6.497   -4.450   -4.450
   -4.109    5.409    6.387    6.387    7.642    7.642    7.923    8.231    9.090    9.090
    9.542   10.887   10.887   11.006   12.646   16.946
            0.000000  0.325000  0.000000
  -69.458  -38.168  -38.164  -38.164  -22.473   -7.914   -6.667   -6.494   -4.445   -4.445
   -4.073    5.313    6.392    6.392    7.558    7.558    7.816    8.178    9.070    9.070
    9.546   10.975   10.975   11.006   12.760   17.106
            0.000000  0.350000  0.000000
  -69.458  -38.168  -38.164  -38.164  -22.472   -7.923   -6.666   -6.491   -4.441   -4.441
   -4.042    5.226    6.397    6.397    7.483    7.483    7.720    8.130    9.052    9.052
    9.550   11.007   11.054   11.054   12.860   17.258
            0.000000  0.375000  0.000000
  -69.458  -38.169  -38.164  -38.164  -22.470   -7.931   -6.664   -6.489   -4.437   -4.437
   -4.015    5.149    6.403    6.403    7.417    7.417    7.638    8.087    9.037    9.037
    9.553   11.007   11.122   11.122   12.945   17.397
            0.000000  0.400000  0.000000
  -69.458  -38.169  -38.164  -38.164  -22.469   -7.939   -6.661   -6.487   -4.434   -4.434
   -3.992    5.084    6.408    6.408    7.361    7.361    7.570    8.052    9.024    9.024
    9.556   11.007   11.179   11.179   13.015   17.518
            0.000000  0.425000  0.000000
  -69.458  -38.169  -38.164  -38.164  -22.468   -7.946   -6.658   -6.485   -4.431   -4.431
   -3.974    5.033    6.413    6.413    7.317    7.317    7.517    8.023    9.013    9.013
    9.558   11.008   11.224   11.224   13.071   17.617
            0.000000  0.450000  0.000000
  -69.458  -38.169  -38.164  -38.164  -22.467   -7.951   -6.655   -6.484   -4.430   -4.430
   -3.961    4.995    6.417    6.417    7.284    7.284    7.478    8.003    9.006    9.006
    9.559   11.008   11.256   11.256   13.110   17.510
            0.000000  0.475000  0.000000
  -69.458  -38.170  -38.164  -38.164  -22.466   -7.954   -6.654   -6.483   -4.428   -4.428
   -3.953    4.972    6.420    6.420    7.264    7.264    7.455    7.990    9.001    9.001
    9.560   11.008   11.276   11.276   13.134   17.737
            0.000000  0.500000  0.000000
  -69.458  -38.170  -38.164  -38.164  -22.466   -7.956   -6.653   -6.483   -4.428   -4.428
   -3.950    4.965    6.421    6.421    7.258    7.258    7.447    7.986    8.999    8.999
    9.561   11.008   11.282   11.282   13.142   17.752
            0.025000  0.500000  0.000000
  -69.458  -38.170  -38.164  -38.164  -22.466   -7.952   -6.655   -6.483   -4.428   -4.426
   -3.952    4.964    6.414    6.422    7.168    7.255    7.520    8.008    8.968    8.982
    9.593   11.028   11.281   11.281   13.151   17.762
            0.050000  0.500000  0.000000
  -69.458  -38.170  -38.164  -38.164  -22.465   -7.943   -6.663   -6.485   -4.427   -4.421
   -3.957    4.961    6.392    6.426    7.016    7.247    7.620    8.076    8.888    8.932
    9.675   11.084   11.276   11.279   13.181   17.792
            0.075000  0.500000  0.000000
  -69.458  -38.170  -38.164  -38.164  -22.465   -7.928   -6.674   -6.487   -4.425   -4.413
   -3.965    4.957    6.356    6.433    6.855    7.233    7.699    8.187    8.784    8.859
    9.782   11.167   11.269   11.276   13.230   17.607
            0.100000  0.500000  0.000000
  -69.458  -38.170  -38.164  -38.164  -22.464   -7.906   -6.690   -6.491   -4.422   -4.401
   -3.977    4.951    6.305    6.442    6.692    7.215    7.758    8.327    8.671    8.775
    9.900   11.261   11.264   11.272   13.301   17.643
            0.125000  0.500000  0.000000
  -69.458  -38.170  -38.165  -38.164  -22.463   -7.879   -6.710   -6.497   -4.419   -4.387
   -3.990    4.943    6.239    6.453    6.531    7.192    7.810    8.482    8.553    8.690
   10.023   11.250   11.266   11.365   13.391   17.687
            0.150000  0.500000  0.000000
  -69.458  -38.170  -38.165  -38.164  -22.461   -7.846   -6.733   -6.504   -4.415   -4.371
   -4.006    4.932    6.160    6.375    6.468    7.166    7.858    8.435    8.610    8.641
   10.146   11.240   11.260   11.461   13.501   17.739
            0.175000  0.500000  0.000000
  -69.458  -38.170  -38.165  -38.164  -22.460   -7.808   -6.758   -6.514   -4.411   -4.353
   -4.023    4.919    6.069    6.225    6.485    7.136    7.907    8.319    8.541    8.800
   10.269   11.230   11.253   11.548   13.628   17.798
            0.200000  0.500000  0.000000
  -69.458  -38.169  -38.166  -38.164  -22.458   -7.764   -6.785   -6.527   -4.406   -4.334
   -4.041    4.904    5.969    6.083    6.504    7.104    7.957    8.204    8.484    8.953
   10.388   11.222   11.246   11.625   13.769   17.862
            0.225000  0.500000  0.000000
  -69.458  -38.169  -38.166  -38.164  -22.456   -7.716   -6.813   -6.543   -4.401   -4.314
   -4.060    4.885    5.864    5.948    6.526    7.071    8.008    8.094    8.441    9.098
   10.502   11.217   11.239   11.689   13.918   17.931
            0.250000  0.500000  0.000000
  -69.458  -38.169  -38.167  -38.164  -22.455   -7.664   -6.841   -6.564   -4.396   -4.294
   -4.078    4.862    5.760    5.823    6.551    7.037    7.987    8.059    8.409    9.233
   10.611   11.215   11.232   11.742   14.072   18.002
            0.275000  0.500000  0.000000
  -69.458  -38.169  -38.167  -38.164  -22.453   -7.607   -6.869   -6.588   -4.391   -4.275
   -4.095    4.834    5.659    5.707    6.578    7.003    7.884    8.110    8.387    9.356
   10.714   11.217   11.225   11.785   14.226   18.075
            0.300000  0.500000  0.000000
  -69.458  -38.169  -38.167  -38.164  -22.451   -7.548   -6.895   -6.618   -4.387   -4.256
   -4.111    4.802    5.567    5.601    6.607    6.971    7.786    8.158    8.374    9.465
   10.809   11.219   11.224   11.821   14.374   18.148
            0.325000  0.500000  0.000000
  -69.458  -38.169  -38.168  -38.164  -22.449   -7.485   -6.920   -6.652   -4.382   -4.238
   -4.126    4.764    5.487    5.507    6.639    6.940    7.694    8.204    8.367    9.560
   10.895   11.213   11.236   11.849   14.514   18.218
            0.350000  0.500000  0.000000
  -69.458  -38.169  -38.168  -38.164  -22.448   -7.420   -6.943   -6.691   -4.378   -4.222
   -4.139    4.723    5.420    5.424    6.672    6.912    7.608    8.247    8.365    9.639
   10.971   11.208   11.251   11.871   14.641   18.284
            0.375000  0.500000  0.000000
  -69.458  -38.169  -38.168  -38.164  -22.447   -7.354   -6.963   -6.734   -4.374   -4.208
   -4.149    4.680    5.353    5.367    6.706    6.887    7.529    8.284    8.365    9.704
   11.037   11.203   11.268   11.889   14.754   18.345
            0.400000  0.500000  0.000000
  -69.458  -38.169  -38.169  -38.164  -22.445   -7.286   -6.980   -6.783   -4.370   -4.196
   -4.158    4.639    5.294    5.327    6.740    6.865    7.458    8.316    8.368    9.755
   11.093   11.200   11.287   11.902   14.849   18.318
            0.425000  0.500000  0.000000
  -69.458  -38.169  -38.169  -38.164  -22.444   -7.218   -6.994   -6.836   -4.368   -4.186
   -4.165    4.603    5.248    5.298    6.772    6.848    7.397    8.342    8.371    9.793
   11.136   11.197   11.303   11.912   14.924   18.440
            0.450000  0.500000  0.000000
  -69.458  -38.169  -38.169  -38.164  -22.444   -7.150   -7.004   -6.893   -4.366   -4.179
   -4.170    4.575    5.215    5.278    6.799    6.835    7.348    8.361    8.373    9.819
   11.167   11.195   11.316   11.919   14.979   18.244
            0.475000  0.500000  0.000000
  -69.458  -38.169  -38.169  -38.164  -22.443   -7.083   -7.010   -6.953   -4.365   -4.175
   -4.172    4.557    5.195    5.267    6.818    6.828    7.317    8.372    8.375    9.834
   11.187   11.193   11.325   11.923   15.013   18.225
            0.500000  0.500000  0.000000
  -69.458  -38.169  -38.169  -38.164  -22.443   -7.022   -7.012   -7.012   -4.364   -4.173
   -4.173    4.551    5.189    5.264    6.825    6.825    7.306    8.376    8.376    9.839
   11.193   11.193   11.328   11.924   15.024   18.219
            0.475000  0.475000  0.000000
  -69.458  -38.169  -38.169  -38.164  -22.443   -7.109   -7.009   -6.927   -4.365   -4.175
   -4.173    4.563    5.202    5.271    6.810    6.832    7.327    8.366    8.377    9.829
   11.186   11.188   11.322   11.922   15.002   18.230
            0.450000  0.450000  0.000000
  -69.458  -38.169  -38.169  -38.164  -22.444   -7.202   -7.002   -6.843   -4.367   -4.179
   -4.171    4.599    5.243    5.292    6.771    6.853    7.386    8.338    8.380    9.800
   11.167   11.172   11.304   11.914   14.936   18.255
            0.425000  0.425000  0.000000
  -69.458  -38.169  -38.169  -38.164  -22.446   -7.293   -6.989   -6.767   -4.371   -4.186
   -4.169    4.655    5.311    5.327    6.721    6.887    7.469    8.295    8.385    9.753
   11.134   11.146   11.274   11.901   14.828   18.246
            0.400000  0.400000  0.000000
  -69.458  -38.169  -38.169  -38.164  -22.448   -7.381   -6.972   -6.701   -4.377   -4.196
   -4.166    4.729    5.376    5.409    6.667    6.935    7.566    8.245    8.393    9.690
   11.089   11.109   11.232   11.882   14.682   18.166
            0.375000  0.375000  0.000000
  -69.458  -38.169  -38.169  -38.164  -22.450   -7.462   -6.951   -6.646   -4.383   -4.209
   -4.163    4.817    5.436    5.538    6.616    6.996    7.674    8.193    8.404    9.614
   11.033   11.061   11.179   11.858   14.504   18.042
            0.350000  0.350000  0.000000
  -69.458  -38.168  -38.168  -38.164  -22.453   -7.537   -6.925   -6.603   -4.391   -4.224
   -4.160    4.916    5.508    5.697    6.568    7.070    7.789    8.147    8.419    9.528
   10.966   11.004   11.116   11.827   14.296   17.892
            0.325000  0.325000  0.000000
  -69.458  -38.168  -38.168  -38.164  -22.456   -7.605   -6.896   -6.571   -4.399   -4.242
   -4.159    5.022    5.588    5.884    6.526    7.156    7.908    8.116    8.439    9.437
   10.890   10.935   11.043   11.791   14.065   17.725
            0.300000  0.300000  0.000000
  -69.458  -38.168  -38.167  -38.164  -22.460   -7.664   -6.864   -6.550   -4.409   -4.262
   -4.161    5.135    5.675    6.098    6.489    7.254    8.030    8.104    8.465    9.344
   10.805   10.857   10.961   11.748   13.814   17.544
            0.275000  0.275000  0.000000
  -69.458  -38.167  -38.167  -38.164  -22.463   -7.714   -6.828   -6.538   -4.418   -4.284
   -4.169    5.255    5.767    6.334    6.459    7.363    8.117    8.154    8.498    9.253
   10.713   10.768   10.871   11.700   13.549   17.354
            0.250000  0.250000  0.000000
  -69.458  -38.167  -38.167  -38.164  -22.467   -7.757   -6.791   -6.532   -4.428   -4.307
   -4.183    5.379    5.861    6.434    6.586    7.482    8.158    8.278    8.538    9.169
   10.615   10.669   10.773   11.644   13.272   17.157
            0.225000  0.225000  0.000000
  -69.458  -38.166  -38.166  -38.164  -22.471   -7.792   -6.753   -6.531   -4.438   -4.332
   -4.205    5.509    5.953    6.414    6.851    7.611    8.229    8.403    8.587    9.095
   10.512   10.561   10.668   11.583   12.988   16.955
            0.200000  0.200000  0.000000
  -69.458  -38.166  -38.166  -38.164  -22.475   -7.819   -6.715   -6.532   -4.447   -4.357
   -4.235    5.642    6.040    6.399    7.122    7.748    8.328    8.528    8.643    9.037
   10.405   10.444   10.556   11.515   12.700   16.753
            0.175000  0.175000  0.000000
  -69.458  -38.166  -38.166  -38.164  -22.479   -7.840   -6.677   -6.534   -4.457   -4.383
   -4.271    5.775    6.120    6.387    7.394    7.893    8.454    8.652    8.701    9.001
   10.294   10.318   10.438   11.441   12.413   16.552
            0.150000  0.150000  0.000000
  -69.458  -38.165  -38.165  -38.164  -22.482   -7.856   -6.642   -6.535   -4.465   -4.407
   -4.312    5.906    6.190    6.380    7.662    8.042    8.601    8.750    8.774    9.002
   10.181   10.186   10.313   11.363   12.131   16.358
            0.125000  0.125000  0.000000
  -69.458  -38.165  -38.165  -38.164  -22.485   -7.868   -6.609   -6.535   -4.472   -4.430
   -4.355    6.030    6.248    6.375    7.921    8.195    8.763    8.774    8.896    9.053
   10.049   10.067   10.181   11.282   11.858   16.178
            0.100000  0.100000  0.000000
  -69.458  -38.165  -38.165  -38.164  -22.488   -7.876   -6.580   -6.533   -4.478   -4.450
   -4.397    6.142    6.294    6.372    8.167    8.348    8.779    8.930    9.016    9.143
    9.909    9.952   10.043   11.201   11.601   16.015
            0.075000  0.075000  0.000000
  -69.458  -38.164  -38.164  -38.164  -22.490   -7.882   -6.556   -6.530   -4.484   -4.467
   -4.435    6.236    6.328    6.370    8.391    8.497    8.778    9.092    9.135    9.251
    9.771    9.836    9.901   11.125   11.370   15.876
            0.050000  0.050000  0.000000
  -69.458  -38.164  -38.164  -38.164  -22.492   -7.886   -6.538   -6.527   -4.487   -4.480
   -4.464    6.308    6.351    6.369    8.583    8.631    8.776    9.238    9.252    9.357
    9.644    9.721    9.757   11.060   11.179   15.770
            0.025000  0.025000  0.000000
  -69.458  -38.164  -38.164  -38.164  -22.493   -7.888   -6.527   -6.525   -4.489   -4.488
   -4.484    6.354    6.365    6.369    8.722    8.734    8.775    9.365    9.369    9.437
    9.546    9.605    9.617   11.016   11.048   15.705
            0.000000  0.000000  0.000000
  -69.458  -38.164  -38.164  -38.164  -22.493   -7.888   -6.524   -6.524   -4.490   -4.490
   -4.490    6.369    6.369    6.369    8.774    8.774    8.774    9.467    9.467    9.467
    9.507    9.507    9.507   11.000   11.000   15.683
