 &plot nbnd=  84, nks=   101 /
            0.500000  0.250000  0.750000
  -73.012  -73.012  -73.012  -73.012  -39.588  -39.588  -39.588  -39.588  -39.587  -39.587
  -39.586  -39.586  -39.333  -39.333  -39.333  -39.333   -3.068   -3.068   -2.323   -2.323
    0.296    0.296    0.619    0.619    5.341    5.341    6.228    6.228    6.410    6.410
    7.742    7.742    8.259    8.259    8.546    8.546    9.234    9.234    9.736    9.736
    9.914    9.914   10.486   10.486   11.642   11.642   11.792   11.792   11.861   11.861
   12.056   12.056   12.296   12.296   12.439   12.439   14.008   14.008   14.446   14.446
   14.651   14.651   15.055   15.055   15.496   15.496   15.874   15.874   19.009   19.009
   19.447   19.447   19.757   19.757   20.751   20.751   21.035   21.035   21.667   21.667
   22.123   22.123   22.721   22.721
            0.475000  0.262500  0.712500
  -73.012  -73.012  -73.012  -73.012  -39.588  -39.588  -39.588  -39.588  -39.586  -39.586
  -39.586  -39.586  -39.333  -39.333  -39.333  -39.333   -3.064   -2.934   -2.368   -2.359
    0.249    0.265    0.541    0.564    5.365    5.427    6.165    6.224    6.472    6.523
    7.732    7.813    8.125    8.273    8.517    8.552    9.292    9.339    9.774    9.817
    9.944    9.948   10.443   10.573   11.601   11.630   11.727   11.779   11.826   11.843
   12.032   12.064   12.254   12.291   12.411   12.429   13.969   14.059   14.432   14.455
   14.592   14.609   15.033   15.061   15.496   15.535   15.857   15.893   18.946   19.000
   19.406   19.593   19.782   19.947   20.747   20.815   20.865   21.004   21.511   21.552
   22.057   22.084   22.575   22.630
            0.450000  0.275000  0.675000
  -73.012  -73.012  -73.012  -73.012  -39.589  -39.588  -39.588  -39.588  -39.586  -39.586
  -39.586  -39.586  -39.333  -39.333  -39.333  -39.333   -3.048   -2.803   -2.426   -2.389
    0.209    0.240    0.458    0.516    5.389    5.536    6.061    6.207    6.555    6.705
    7.635    7.835    8.069    8.292    8.475    8.524    9.379    9.456    9.788    9.832
    9.969   10.071   10.397   10.634   11.553   11.608   11.705   11.755   11.784   11.839
   12.000   12.056   12.211   12.294   12.372   12.407   13.935   14.102   14.388   14.413
   14.571   14.633   15.012   15.067   15.495   15.565   15.850   15.911   18.920   19.000
   19.336   19.762   19.868   20.222   20.583   20.703   20.934   20.996   21.295   21.530
   21.996   22.054   22.401   22.513
            0.425000  0.287500  0.637500
  -73.012  -73.012  -73.012  -73.012  -39.589  -39.588  -39.588  -39.588  -39.586  -39.586
  -39.586  -39.586  -39.333  -39.333  -39.333  -39.333   -3.020   -2.683   -2.497   -2.413
    0.178    0.221    0.382    0.474    5.417    5.657    5.962    6.192    6.627    6.915
    7.451    7.842    8.082    8.313    8.426    8.460    9.480    9.583    9.753    9.875
    9.999   10.191   10.353   10.661   11.507   11.598   11.695   11.724   11.752   11.849
   11.958   12.031   12.174   12.304   12.331   12.382   13.911   14.139   14.308   14.351
   14.603   14.675   14.996   15.061   15.498   15.593   15.848   15.920   18.925   19.037
   19.261   19.925   19.979   20.399   20.500   20.597   20.923   21.055   21.131   21.590
   21.906   21.926   22.253   22.473
            0.400000  0.300000  0.600000
  -73.012  -73.012  -73.012  -73.012  -39.589  -39.588  -39.588  -39.588  -39.586  -39.586
  -39.586  -39.586  -39.333  -39.333  -39.333  -39.333   -2.983   -2.583   -2.575   -2.430
    0.158    0.203    0.332    0.437    5.451    5.746    5.914    6.180    6.680    7.081
    7.295    7.850    8.078    8.306    8.393    8.406    9.569    9.705    9.718    9.911
   10.043   10.226   10.358   10.657   11.486   11.585   11.673   11.702   11.749   11.860
   11.908   11.992   12.155   12.289   12.317   12.359   13.905   14.173   14.214   14.300
   14.652   14.709   14.992   15.041   15.518   15.619   15.850   15.914   18.947   19.125
   19.189   19.990   20.073   20.285   20.448   20.746   20.914   21.028   21.222   21.638
   21.779   21.801   22.143   22.456
            0.375000  0.312500  0.562500
  -73.012  -73.012  -73.012  -73.012  -39.589  -39.588  -39.588  -39.588  -39.586  -39.586
  -39.586  -39.586  -39.333  -39.333  -39.333  -39.333   -2.935   -2.671   -2.499   -2.440
    0.148    0.179    0.323    0.407    5.489    5.703    6.006    6.172    6.711    6.958
    7.431    7.852    8.044    8.213    8.400    8.413    9.618    9.670    9.840    9.946
   10.075   10.169   10.418   10.628   11.493   11.564   11.659   11.693   11.753   11.822
   11.908   11.954   12.160   12.256   12.326   12.347   13.920   14.119   14.208   14.270
   14.690   14.729   14.996   15.016   15.552   15.632   15.855   15.897   18.972   19.118
   19.262   19.897   20.034   20.275   20.514   20.747   20.880   21.142   21.366   21.629
   21.682   21.712   22.140   22.384
            0.350000  0.325000  0.525000
  -73.012  -73.012  -73.012  -73.012  -39.589  -39.589  -39.588  -39.588  -39.586  -39.586
  -39.586  -39.586  -39.333  -39.333  -39.333  -39.333   -2.878   -2.769   -2.451   -2.441
    0.149    0.161    0.347    0.384    5.532    5.619    6.121    6.169    6.717    6.785
    7.637    7.815    8.032    8.112    8.424    8.432    9.615    9.633    9.955    9.991
   10.051   10.094   10.483   10.577   11.518   11.547   11.665   11.687   11.750   11.772
   11.933   11.941   12.186   12.228   12.335   12.344   13.957   14.037   14.244   14.262
   14.706   14.726   15.001   15.007   15.586   15.622   15.862   15.877   18.994   19.048
   19.431   19.690   20.064   20.205   20.662   20.780   20.874   21.030   21.491   21.521
   21.713   21.721   22.241   22.307
            0.325000  0.337500  0.487500
  -73.012  -73.012  -73.012  -73.012  -39.589  -39.588  -39.588  -39.588  -39.586  -39.586
  -39.586  -39.586  -39.333  -39.333  -39.333  -39.333   -2.869   -2.813   -2.438   -2.435
    0.159    0.166    0.373    0.391    5.534    5.577    6.151    6.172    6.695    6.719
    7.711    7.795    8.052    8.096    8.441    8.446    9.580    9.593    9.973   10.001
   10.012   10.065   10.502   10.554   11.532   11.548   11.679   11.691   11.748   11.760
   11.955   11.960   12.205   12.227   12.344   12.349   13.973   14.013   14.276   14.283
   14.692   14.704   15.009   15.016   15.586   15.604   15.866   15.874   18.985   19.009
   19.490   19.615   20.101   20.184   20.742   20.780   20.860   20.911   21.412   21.441
   21.835   21.843   22.285   22.298
            0.300000  0.350000  0.450000
  -73.012  -73.012  -73.012  -73.012  -39.589  -39.588  -39.588  -39.588  -39.586  -39.586
  -39.586  -39.586  -39.333  -39.333  -39.333  -39.333   -2.969   -2.742   -2.459   -2.421
    0.171    0.200    0.378    0.446    5.455    5.620    6.052    6.186    6.648    6.802
    7.567    7.847    8.057    8.230    8.436    8.461    9.510    9.573    9.847    9.915
   10.008   10.145   10.411   10.623   11.517   11.580   11.684   11.717   11.747   11.809
   11.964   12.004   12.187   12.274   12.340   12.371   13.929   14.086   14.306   14.328
   14.634   14.687   15.004   15.044   15.531   15.599   15.857   15.900   18.939   19.020
   19.334   19.803   20.008   20.368   20.552   20.661   20.911   20.999   21.234   21.499
   21.915   21.947   22.264   22.382
            0.275000  0.362500  0.412500
  -73.012  -73.012  -73.012  -73.012  -39.589  -39.588  -39.588  -39.588  -39.586  -39.586
  -39.586  -39.586  -39.333  -39.333  -39.333  -39.333   -3.066   -2.666   -2.511   -2.400
    0.192    0.241    0.410    0.505    5.384    5.647    5.922    6.201    6.592    6.953
    7.415    7.828    8.097    8.353    8.433    8.490    9.432    9.558    9.690    9.834
    9.980   10.189   10.323   10.684   11.511   11.612   11.708   11.738   11.765   11.875
   11.964   12.061   12.174   12.322   12.333   12.397   13.906   14.172   14.329   14.387
   14.570   14.653   14.991   15.077   15.472   15.583   15.840   15.934   18.918   19.036
   19.237   19.921   19.986   20.331   20.497   20.605   20.939   21.018   21.162   21.647
   21.912   21.928   22.290   22.558
            0.250000  0.375000  0.375000
  -73.012  -73.012  -73.012  -73.012  -39.589  -39.588  -39.588  -39.588  -39.586  -39.586
  -39.586  -39.586  -39.333  -39.333  -39.333  -39.333   -3.157   -2.591   -2.582   -2.373
    0.221    0.275    0.475    0.565    5.323    5.609    5.861    6.218    6.529    7.097
    7.290    7.784    8.113    8.388    8.428    8.598    9.356    9.510    9.566    9.748
    9.948   10.161   10.281   10.730   11.525   11.643   11.728   11.773   11.800   11.914
   11.984   12.104   12.178   12.322   12.365   12.424   13.899   14.261   14.331   14.439
   14.540   14.607   14.972   15.109   15.424   15.576   15.814   15.963   18.922   19.064
   19.200   19.830   20.115   20.163   20.403   20.657   20.897   21.073   21.311   21.729
   21.848   21.969   22.329   22.755
            0.225000  0.387500  0.337500
  -73.012  -73.012  -73.012  -73.012  -39.589  -39.588  -39.588  -39.588  -39.587  -39.586
  -39.586  -39.586  -39.333  -39.333  -39.333  -39.333   -3.239   -2.679   -2.506   -2.340
    0.255    0.305    0.560    0.623    5.275    5.503    5.891    6.232    6.467    7.061
    7.345    7.732    8.079    8.406    8.428    8.711    9.284    9.367    9.559    9.660
    9.908   10.089   10.273   10.755   11.557   11.672   11.740   11.811   11.849   11.902
   12.043   12.103   12.217   12.314   12.395   12.448   13.898   14.285   14.355   14.434
   14.562   14.621   14.948   15.138   15.395   15.583   15.785   15.979   18.942   19.110
   19.214   19.722   19.937   20.262   20.373   20.515   20.953   21.283   21.464   21.695
   21.786   22.159   22.360   22.895
            0.200000  0.400000  0.300000
  -73.012  -73.012  -73.012  -73.012  -39.588  -39.588  -39.588  -39.588  -39.587  -39.587
  -39.586  -39.586  -39.333  -39.333  -39.333  -39.333   -3.312   -2.781   -2.426   -2.302
    0.291    0.338    0.642    0.682    5.242    5.397    5.951    6.232    6.417    6.938
    7.447    7.702    8.023    8.378    8.474    8.792    9.185    9.277    9.536    9.617
    9.845   10.036   10.260   10.751   11.607   11.690   11.759   11.835   11.887   11.904
   12.075   12.099   12.255   12.321   12.410   12.464   13.891   14.256   14.329   14.491
   14.544   14.743   14.923   15.164   15.389   15.592   15.769   15.977   18.966   19.173
   19.261   19.618   19.755   20.206   20.436   20.494   21.001   21.475   21.592   21.656
   21.831   22.301   22.491   22.902
            0.175000  0.412500  0.262500
  -73.012  -73.012  -73.012  -73.012  -39.588  -39.588  -39.588  -39.588  -39.587  -39.587
  -39.586  -39.586  -39.333  -39.333  -39.333  -39.333   -3.374   -2.885   -2.349   -2.261
    0.330    0.377    0.696    0.754    5.226    5.315    6.014    6.209    6.388    6.823
    7.446    7.710    8.021    8.346    8.502    8.839    9.081    9.226    9.480    9.638
    9.757   10.015   10.233   10.712   11.652   11.706   11.785   11.832   11.898   11.959
   12.055   12.113   12.283   12.349   12.412   12.471   13.874   14.218   14.307   14.503
   14.596   14.862   14.929   15.191   15.395   15.583   15.785   15.961   18.976   19.233
   19.309   19.493   19.658   20.083   20.529   20.587   21.035   21.495   21.659   21.763
   21.995   22.373   22.726   22.817
            0.150000  0.425000  0.225000
  -73.012  -73.012  -73.012  -73.012  -39.588  -39.588  -39.588  -39.587  -39.587  -39.587
  -39.586  -39.586  -39.333  -39.333  -39.333  -39.333   -3.424   -2.989   -2.277   -2.219
    0.372    0.418    0.730    0.822    5.226    5.264    6.049    6.173    6.380    6.732
    7.398    7.669    8.128    8.307    8.488    8.858    9.021    9.173    9.438    9.650
    9.688   10.013   10.188   10.633   11.653   11.746   11.789   11.849   11.917   12.011
   12.040   12.107   12.313   12.382   12.411   12.469   13.858   14.170   14.322   14.478
   14.667   14.878   15.059   15.218   15.400   15.560   15.829   15.941   18.966   19.251
   19.278   19.387   19.690   20.030   20.640   20.687   21.077   21.428   21.752   21.903
   22.186   22.444   22.684   23.019
            0.125000  0.437500  0.187500
  -73.012  -73.012  -73.012  -73.012  -39.588  -39.588  -39.588  -39.587  -39.587  -39.587
  -39.586  -39.586  -39.333  -39.333  -39.333  -39.333   -3.461   -3.088   -2.212   -2.178
    0.415    0.459    0.755    0.872    5.242    5.246    6.018    6.136    6.399    6.671
    7.368    7.606    8.253    8.290    8.428    8.847    9.021    9.118    9.411    9.562
    9.726   10.018   10.127   10.517   11.636   11.724   11.823   11.887   11.934   12.041
   12.060   12.105   12.330   12.401   12.430   12.463   13.854   14.130   14.345   14.445
   14.717   14.895   15.198   15.248   15.396   15.537   15.880   15.943   18.939   19.121
   19.255   19.311   19.806   20.079   20.740   20.799   21.125   21.371   21.859   22.040
   22.333   22.517   22.638   23.021
            0.100000  0.450000  0.150000
  -73.012  -73.012  -73.012  -73.012  -39.588  -39.588  -39.588  -39.587  -39.587  -39.587
  -39.586  -39.586  -39.333  -39.333  -39.333  -39.333   -3.485   -3.179   -2.157   -2.139
    0.458    0.496    0.774    0.902    5.256    5.273    5.945    6.065    6.449    6.635
    7.379    7.566    8.201    8.328    8.443    8.815    9.057    9.081    9.389    9.482
    9.760   10.014   10.064   10.374   11.615   11.679   11.844   11.904   11.980   12.059
   12.103   12.114   12.332   12.413   12.456   12.464   13.869   14.101   14.355   14.407
   14.749   14.921   15.284   15.298   15.395   15.509   15.927   15.991   18.903   18.992
   19.185   19.215   19.964   20.191   20.829   20.927   21.170   21.334   21.993   22.163
   22.420   22.573   22.642   22.932
            0.075000  0.462500  0.112500
  -73.012  -73.012  -73.012  -73.012  -39.588  -39.588  -39.588  -39.588  -39.587  -39.587
  -39.586  -39.586  -39.333  -39.333  -39.333  -39.333   -3.494   -3.262   -2.113   -2.105
    0.498    0.527    0.791    0.912    5.294    5.315    5.859    5.964    6.504    6.614
    7.437    7.566    8.128    8.212    8.564    8.776    9.058    9.130    9.369    9.423
    9.766    9.981   10.027   10.228   11.595   11.634   11.855   11.902   12.041   12.084
   12.128   12.140   12.332   12.413   12.468   12.489   13.901   14.082   14.337   14.372
   14.778   14.939   15.324   15.339   15.413   15.473   15.998   16.058   18.858   18.900
   19.065   19.130   20.139   20.311   20.931   21.050   21.211   21.321   22.145   22.270
   22.448   22.486   22.734   22.907
            0.050000  0.475000  0.075000
  -73.012  -73.012  -73.012  -73.012  -39.588  -39.588  -39.588  -39.588  -39.587  -39.587
  -39.586  -39.586  -39.333  -39.333  -39.333  -39.333   -3.489   -3.333   -2.081   -2.079
    0.532    0.549    0.812    0.906    5.351    5.366    5.772    5.852    6.546    6.602
    7.536    7.612    8.036    8.083    8.629    8.738    9.103    9.193    9.350    9.393
    9.727    9.911   10.008   10.133   11.579   11.597   11.863   11.897   12.090   12.107
   12.146   12.165   12.338   12.402   12.486   12.507   13.946   14.071   14.303   14.335
   14.810   14.938   15.356   15.364   15.424   15.437   16.083   16.120   18.807   18.847
   18.965   19.032   20.305   20.403   21.052   21.146   21.257   21.325   22.234   22.353
   22.365   22.442   22.844   22.977
            0.025000  0.487500  0.037500
  -73.012  -73.012  -73.012  -73.012  -39.588  -39.588  -39.588  -39.588  -39.587  -39.587
  -39.586  -39.586  -39.333  -39.333  -39.333  -39.333   -3.471   -3.392   -2.061   -2.061
    0.554    0.561    0.836    0.888    5.414    5.418    5.701    5.748    6.572    6.594
    7.664    7.696    7.925    7.947    8.654    8.703    9.181    9.235    9.356    9.384
    9.679    9.781   10.028   10.090   11.568   11.573   11.872   11.890   12.119   12.122
   12.162   12.176   12.352   12.386   12.502   12.515   13.997   14.060   14.276   14.295
   14.848   14.918   15.377   15.392   15.410   15.420   16.151   16.163   18.779   18.802
   18.913   18.948   20.428   20.458   21.168   21.203   21.302   21.330   22.166   22.234
   22.477   22.502   22.967   23.045
            0.000000  0.500000  0.000000
  -73.012  -73.012  -73.011  -73.011  -39.588  -39.588  -39.588  -39.588  -39.587  -39.587
  -39.586  -39.586  -39.333  -39.333  -39.333  -39.333   -3.438   -3.438   -2.055   -2.055
    0.563    0.563    0.862    0.862    5.446    5.446    5.684    5.684    6.586    6.586
    7.805    7.805    7.806    7.806    8.674    8.674    9.231    9.231    9.380    9.380
    9.684    9.684   10.059   10.059   11.565   11.565   11.881   11.881   12.128   12.128
   12.174   12.174   12.369   12.369   12.513   12.513   14.038   14.038   14.271   14.271
   14.886   14.886   15.395   15.395   15.406   15.406   16.178   16.178   18.778   18.778
   18.906   18.906   20.475   20.475   21.223   21.223   21.324   21.324   22.152   22.152
   22.532   22.532   23.051   23.051
            0.000000  0.475000  0.000000
  -73.012  -73.012  -73.012  -73.012  -39.588  -39.588  -39.588  -39.588  -39.587  -39.587
  -39.586  -39.586  -39.333  -39.333  -39.333  -39.333   -3.516   -3.358   -2.056   -2.055
    0.556    0.569    0.810    0.917    5.446    5.454    5.635    5.741    6.566    6.606
    7.761    7.801    7.813    7.852    8.619    8.717    9.178    9.283    9.333    9.382
    9.610    9.808    9.987   10.110   11.567   11.567   11.864   11.901   12.125   12.127
   12.157   12.186   12.333   12.403   12.497   12.524   13.981   14.110   14.244   14.283
   14.810   14.954   15.382   15.384   15.427   15.431   16.172   16.188   18.765   18.799
   18.892   18.947   20.459   20.462   21.227   21.246   21.310   21.346   22.067   22.214
   22.522   22.549   22.968   23.134
            0.000000  0.450000  0.000000
  -73.012  -73.012  -73.012  -73.012  -39.588  -39.588  -39.588  -39.588  -39.587  -39.587
  -39.587  -39.586  -39.333  -39.333  -39.333  -39.333   -3.591   -3.276   -2.059   -2.057
    0.547    0.571    0.761    0.975    5.453    5.468    5.594    5.803    6.544    6.624
    7.719    7.799    7.823    7.900    8.549    8.749    9.123    9.237    9.334    9.366
    9.593    9.899    9.953   10.136   11.570   11.578   11.848   11.923   12.114   12.122
   12.138   12.192   12.297   12.432   12.476   12.529   13.939   14.197   14.204   14.279
   14.732   15.011   15.361   15.397   15.444   15.482   16.169   16.203   18.768   18.815
   18.916   19.008   20.419   20.425   21.256   21.263   21.337   21.373   21.968   22.249
   22.513   22.575   22.892   23.209
            0.000000  0.425000  0.000000
  -73.012  -73.012  -73.012  -73.012  -39.588  -39.588  -39.588  -39.588  -39.587  -39.587
  -39.586  -39.586  -39.333  -39.333  -39.333  -39.333   -3.664   -3.193   -2.063   -2.060
    0.536    0.572    0.715    1.035    5.468    5.489    5.562    5.872    6.521    6.641
    7.681    7.801    7.835    7.949    8.463    8.772    9.067    9.123    9.344    9.384
    9.606    9.800   10.101   10.135   11.571   11.600   11.833   11.947   12.086   12.110
   12.129   12.193   12.263   12.452   12.457   12.527   13.909   14.155   14.263   14.299
   14.655   15.055   15.339   15.440   15.460   15.539   16.168   16.221   18.791   18.830
   18.974   19.086   20.360   20.371   21.253   21.297   21.408   21.418   21.861   22.259
   22.503   22.606   22.828   23.262
            0.000000  0.400000  0.000000
  -73.012  -73.012  -73.012  -73.012  -39.588  -39.588  -39.588  -39.588  -39.587  -39.587
  -39.586  -39.586  -39.333  -39.333  -39.333  -39.333   -3.734   -3.109   -2.068   -2.065
    0.525    0.570    0.673    1.097    5.489    5.515    5.538    5.946    6.498    6.658
    7.646    7.806    7.848    7.997    8.361    8.789    9.010    9.010    9.319    9.433
    9.630    9.692   10.106   10.246   11.568   11.633   11.819   11.971   12.049   12.091
   12.123   12.189   12.234   12.425   12.476   12.520   13.891   14.099   14.236   14.415
   14.580   15.093   15.320   15.474   15.501   15.599   16.169   16.243   18.837   18.856
   19.054   19.178   20.292   20.309   21.240   21.332   21.454   21.521   21.751   22.249
   22.490   22.634   22.781   23.274
            0.000000  0.375000  0.000000
  -73.012  -73.012  -73.012  -73.012  -39.588  -39.588  -39.588  -39.587  -39.587  -39.586
  -39.586  -39.586  -39.333  -39.333  -39.333  -39.333   -3.800   -3.025   -2.074   -2.070
    0.512    0.565    0.633    1.160    5.518    5.522    5.547    6.024    6.475    6.675
    7.616    7.813    7.861    8.041    8.248    8.802    8.906    8.953    9.295    9.481
    9.578    9.659   10.051   10.381   11.561   11.677   11.805   11.996   12.007   12.064
   12.117   12.180   12.215   12.397   12.491   12.506   13.882   14.038   14.203   14.509
   14.543   15.130   15.306   15.487   15.572   15.655   16.168   16.268   18.894   18.905
   19.150   19.284   20.219   20.242   21.228   21.357   21.509   21.639   21.644   22.229
   22.475   22.653   22.755   23.230
            0.000000  0.350000  0.000000
  -73.012  -73.012  -73.012  -73.012  -39.588  -39.588  -39.588  -39.587  -39.587  -39.586
  -39.586  -39.586  -39.333  -39.333  -39.333  -39.333   -3.864   -2.940   -2.081   -2.077
    0.498    0.557    0.597    1.225    5.515    5.554    5.583    6.104    6.453    6.694
    7.591    7.822    7.871    8.060    8.145    8.811    8.811    8.896    9.270    9.462
    9.529    9.690    9.975   10.501   11.550   11.727   11.790   11.965   12.020   12.030
   12.111   12.165   12.205   12.369   12.485   12.500   13.881   13.974   14.168   14.442
   14.682   15.169   15.300   15.501   15.644   15.706   16.166   16.294   18.945   18.998
   19.261   19.403   20.145   20.174   21.220   21.371   21.541   21.564   21.765   22.201
   22.457   22.662   22.751   23.122
            0.000000  0.325000  0.000000
  -73.012  -73.012  -73.012  -73.012  -39.589  -39.588  -39.588  -39.587  -39.587  -39.587
  -39.586  -39.586  -39.333  -39.333  -39.333  -39.333   -3.923   -2.856   -2.088   -2.084
    0.484    0.547    0.563    1.290    5.517    5.595    5.623    6.185    6.432    6.715
    7.572    7.831    7.878    7.966    8.143    8.728    8.818    8.840    9.247    9.345
    9.576    9.722    9.882   10.600   11.535   11.770   11.786   11.925   11.990   12.042
   12.105   12.147   12.202   12.341   12.460   12.506   13.886   13.909   14.136   14.379
   14.829   15.210   15.304   15.516   15.713   15.750   16.162   16.321   19.007   19.115
   19.386   19.531   20.071   20.107   21.214   21.377   21.448   21.612   21.895   22.169
   22.437   22.658   22.767   22.973
            0.000000  0.300000  0.000000
  -73.012  -73.012  -73.012  -73.012  -39.589  -39.588  -39.588  -39.587  -39.587  -39.587
  -39.586  -39.586  -39.333  -39.333  -39.333  -39.333   -3.979   -2.773   -2.096   -2.092
    0.470    0.533    0.535    1.355    5.528    5.642    5.664    6.265    6.415    6.739
    7.560    7.834    7.841    7.878    8.165    8.657    8.787    8.824    9.225    9.228
    9.621    9.755    9.778   10.673   11.518   11.754   11.840   11.894   11.946   12.063
   12.099   12.132   12.201   12.316   12.430   12.508   13.843   13.897   14.107   14.321
   14.982   15.255   15.319   15.532   15.775   15.786   16.154   16.348   19.077   19.255
   19.524   19.669   19.999   20.041   21.211   21.368   21.376   21.652   22.025   22.135
   22.414   22.644   22.762   22.793
            0.000000  0.275000  0.000000
  -73.012  -73.012  -73.012  -73.012  -39.588  -39.588  -39.588  -39.587  -39.587  -39.586
  -39.586  -39.586  -39.333  -39.333  -39.333  -39.333   -4.031   -2.693   -2.105   -2.101
    0.456    0.505    0.520    1.419    5.546    5.691    5.707    6.343    6.403    6.769
    7.555    7.699    7.849    7.871    8.171    8.607    8.737    8.831    9.114    9.204
    9.630    9.700    9.789   10.714   11.501   11.732   11.874   11.894   11.897   12.081
   12.093   12.120   12.201   12.293   12.397   12.508   13.775   13.910   14.083   14.268
   15.138   15.302   15.348   15.551   15.814   15.830   16.142   16.373   19.151   19.414
   19.672   19.815   19.929   19.978   21.212   21.306   21.369   21.684   22.100   22.136
   22.388   22.614   22.620   22.666
            0.000000  0.250000  0.000000
  -73.012  -73.012  -73.012  -73.012  -39.588  -39.588  -39.588  -39.587  -39.586  -39.586
  -39.586  -39.586  -39.333  -39.333  -39.333  -39.333   -4.078   -2.614   -2.113   -2.110
    0.443    0.480    0.504    1.482    5.573    5.743    5.749    6.396    6.416    6.805
    7.558    7.567    7.854    7.855    8.152    8.582    8.687    8.839    9.007    9.185
    9.527    9.729    9.822   10.720   11.483   11.708   11.845   11.870   11.946   12.086
   12.098   12.113   12.201   12.273   12.363   12.506   13.706   13.927   14.065   14.222
   15.288   15.352   15.398   15.572   15.835   15.876   16.127   16.397   19.226   19.592
   19.829   19.863   19.917   19.968   21.215   21.265   21.358   21.708   22.064   22.157
   22.358   22.516   22.547   22.587
            0.000000  0.225000  0.000000
  -73.012  -73.012  -73.012  -73.012  -39.589  -39.588  -39.588  -39.587  -39.587  -39.586
  -39.586  -39.586  -39.333  -39.333  -39.333  -39.333   -4.122   -2.539   -2.122   -2.119
    0.430    0.458    0.486    1.543    5.606    5.789    5.793    6.398    6.482    6.848
    7.438    7.570    7.830    7.857    8.108    8.583    8.630    8.851    8.914    9.167
    9.406    9.774    9.855   10.693   11.467   11.680   11.789   11.879   11.992   12.080
   12.111   12.111   12.202   12.255   12.329   12.503   13.637   13.944   14.052   14.182
   15.394   15.403   15.501   15.594   15.851   15.913   16.109   16.419   19.297   19.785
   19.801   19.859   19.991   20.126   21.222   21.251   21.345   21.727   22.018   22.027
   22.325   22.434   22.546   22.575
            0.000000  0.200000  0.000000
  -73.012  -73.012  -73.012  -73.012  -39.589  -39.589  -39.589  -39.587  -39.587  -39.586
  -39.586  -39.586  -39.333  -39.333  -39.333  -39.333   -4.161   -2.469   -2.130   -2.127
    0.418    0.439    0.467    1.600    5.646    5.827    5.839    6.410    6.540    6.899
    7.316    7.589    7.798    7.855    8.049    8.559    8.600    8.843    8.866    9.152
    9.286    9.819    9.887   10.638   11.454   11.648   11.733   11.900   12.034   12.074
   12.112   12.123   12.203   12.241   12.298   12.499   13.567   13.962   14.044   14.149
   15.456   15.463   15.619   15.651   15.862   15.940   16.087   16.438   19.360   19.743
   19.803   19.990   20.156   20.288   21.230   21.268   21.332   21.740   21.820   21.991
   22.286   22.331   22.496   22.694
            0.000000  0.175000  0.000000
  -73.012  -73.012  -73.012  -73.012  -39.589  -39.589  -39.589  -39.587  -39.587  -39.586
  -39.586  -39.586  -39.333  -39.333  -39.333  -39.333   -4.196   -2.403   -2.137   -2.135
    0.407    0.422    0.449    1.654    5.690    5.860    5.879    6.435    6.589    6.960
    7.200    7.616    7.762    7.846    7.981    8.468    8.626    8.798    8.887    9.138
    9.171    9.864    9.919   10.562   11.444   11.614   11.676   11.926   12.068   12.070
   12.116   12.132   12.204   12.229   12.269   12.495   13.498   13.979   14.040   14.122
   15.510   15.527   15.645   15.807   15.869   15.958   16.063   16.454   19.412   19.691
   19.750   20.202   20.322   20.452   21.240   21.319   21.319   21.615   21.746   21.956
   22.240   22.242   22.439   22.824
            0.000000  0.150000  0.000000
  -73.012  -73.012  -73.012  -73.012  -39.589  -39.589  -39.589  -39.587  -39.587  -39.586
  -39.586  -39.586  -39.333  -39.333  -39.333  -39.333   -4.226   -2.344   -2.144   -2.142
    0.397    0.407    0.430    1.703    5.739    5.890    5.911    6.472    6.629    7.031
    7.093    7.647    7.723    7.830    7.913    8.360    8.655    8.774    8.913    9.066
    9.125    9.907    9.949   10.473   11.437   11.578   11.622   11.954   12.063   12.100
   12.122   12.140   12.205   12.221   12.245   12.491   13.433   13.996   14.039   14.100
   15.564   15.591   15.673   15.874   15.958   15.967   16.037   16.467   19.451   19.644
   19.699   20.418   20.486   20.618   21.248   21.309   21.400   21.421   21.742   21.920
   22.170   22.186   22.375   22.950
            0.000000  0.125000  0.000000
  -73.012  -73.012  -73.012  -73.012  -39.589  -39.589  -39.589  -39.587  -39.587  -39.586
  -39.586  -39.586  -39.333  -39.333  -39.333  -39.333   -4.252   -2.292   -2.150   -2.149
    0.388    0.395    0.413    1.745    5.790    5.914    5.933    6.520    6.661    6.994
    7.111    7.680    7.685    7.807    7.849    8.244    8.682    8.762    8.945    8.972
    9.115    9.946    9.977   10.377   11.434   11.542   11.571   11.981   12.058   12.123
   12.129   12.145   12.206   12.215   12.227   12.487   13.372   14.011   14.040   14.082
   15.618   15.654   15.701   15.877   15.968   16.009   16.100   16.477   19.477   19.603
   19.650   20.632   20.648   20.783   21.217   21.285   21.303   21.504   21.728   21.883
   22.118   22.124   22.305   23.068
            0.000000  0.100000  0.000000
  -73.012  -73.012  -73.012  -73.012  -39.589  -39.589  -39.589  -39.587  -39.587  -39.586
  -39.586  -39.586  -39.333  -39.333  -39.333  -39.333   -4.273   -2.248   -2.156   -2.155
    0.381    0.385    0.398    1.782    5.841    5.933    5.948    6.574    6.684    6.906
    7.199    7.650    7.712    7.777    7.792    8.123    8.707    8.757    8.895    8.982
    9.106    9.982   10.002   10.281   11.433   11.509   11.526   12.004   12.054   12.136
   12.140   12.148   12.207   12.211   12.214   12.483   13.318   14.024   14.042   14.069
   15.670   15.711   15.731   15.879   15.960   15.980   16.229   16.484   19.493   19.568
   19.605   20.809   20.836   20.946   21.075   21.282   21.300   21.617   21.705   21.843
   22.056   22.084   22.233   23.173
            0.000000  0.075000  0.000000
  -73.012  -73.012  -73.012  -73.012  -39.589  -39.589  -39.589  -39.587  -39.587  -39.586
  -39.586  -39.586  -39.333  -39.333  -39.333  -39.333   -4.290   -2.212   -2.160   -2.159
    0.375    0.377    0.385    1.811    5.889    5.948    5.957    6.628    6.701    6.831
    7.296    7.621    7.741    7.744    7.745    8.000    8.728    8.755    8.834    9.021
    9.100   10.011   10.023   10.193   11.433   11.479   11.488   12.022   12.051   12.142
   12.149   12.150   12.207   12.208   12.209   12.481   13.274   14.034   14.044   14.060
   15.720   15.760   15.761   15.880   15.945   15.951   16.337   16.488   19.501   19.541
   19.566   20.949   20.967   21.023   21.103   21.291   21.300   21.677   21.710   21.795
   21.998   22.066   22.164   23.260
            0.000000  0.050000  0.000000
  -73.012  -73.012  -73.012  -73.012  -39.589  -39.589  -39.589  -39.587  -39.587  -39.586
  -39.586  -39.586  -39.333  -39.333  -39.333  -39.333   -4.301   -2.186   -2.163   -2.162
    0.371    0.372    0.376    1.832    5.929    5.958    5.962    6.676    6.712    6.772
    7.399    7.599    7.710    7.713    7.763    7.878    8.744    8.756    8.790    9.056
    9.095   10.034   10.039   10.119   11.434   11.456   11.460   12.036   12.048   12.148
   12.151   12.152   12.207   12.208   12.209   12.479   13.240   14.042   14.046   14.053
   15.767   15.789   15.798   15.880   15.922   15.924   16.421   16.490   19.504   19.521
   19.534   20.856   21.117   21.186   21.242   21.298   21.302   21.650   21.726   21.735
   21.992   22.057   22.105   23.325
            0.000000  0.025000  0.000000
  -73.012  -73.012  -73.012  -73.012  -39.589  -39.589  -39.589  -39.587  -39.587  -39.586
  -39.586  -39.586  -39.334  -39.333  -39.333  -39.333   -4.309   -2.170   -2.165   -2.164
    0.369    0.369    0.370    1.845    5.956    5.964    5.965    6.709    6.718    6.734
    7.504    7.585    7.688    7.690    7.761    7.776    8.753    8.756    8.765    9.082
    9.092   10.048   10.049   10.070   11.435   11.441   11.442   12.044   12.047   12.151
   12.152   12.152   12.208   12.209   12.209   12.478   13.219   14.046   14.048   14.049
   15.808   15.816   15.822   15.880   15.895   15.898   16.473   16.491   19.505   19.509
   19.513   20.799   21.244   21.303   21.304   21.317   21.342   21.632   21.666   21.667
   22.032   22.053   22.066   23.369
            0.000000  0.000000  0.000000
  -73.012  -73.012  -73.012  -73.012  -39.589  -39.589  -39.589  -39.587  -39.587  -39.586
  -39.586  -39.586  -39.334  -39.333  -39.333  -39.333   -4.311   -2.165   -2.165   -2.165
    0.368    0.368    0.368    1.849    5.966    5.966    5.966    6.720    6.720    6.720
    7.580    7.580    7.681    7.681    7.681    7.781    8.756    8.756    8.756    9.091
    9.091   10.053   10.053   10.053   11.436   11.436   11.436   12.046   12.046   12.152
   12.152   12.152   12.209   12.209   12.209   12.477   13.212   14.048   14.048   14.048
   15.830   15.830   15.830   15.880   15.880   15.880   16.491   16.491   19.505   19.505
   19.505   20.779   21.305   21.305   21.305   21.378   21.378   21.625   21.625   21.625
   22.052   22.052   22.052   23.379
            0.000000  0.025000  0.025000
  -73.012  -73.012  -73.012  -73.012  -39.589  -39.589  -39.589  -39.587  -39.587  -39.586
  -39.586  -39.586  -39.334  -39.333  -39.333  -39.333   -4.306   -2.170   -2.170   -2.164
    0.368    0.371    0.372    1.841    5.954    5.955    5.963    6.706    6.722    6.732
    7.482    7.545    7.694    7.742    7.775    7.786    8.752    8.761    8.765    9.078
    9.088   10.045   10.059   10.073   11.441   11.441   11.447   12.043   12.046   12.150
   12.151   12.152   12.208   12.208   12.209   12.478   13.226   14.046   14.047   14.049
   15.788   15.799   15.828   15.878   15.904   15.909   16.464   16.482   19.494   19.509
   19.535   20.817   21.209   21.241   21.290   21.306   21.337   21.644   21.671   21.702
   22.033   22.038   22.078   23.364
            0.000000  0.050000  0.050000
  -73.012  -73.012  -73.012  -73.012  -39.589  -39.589  -39.589  -39.587  -39.587  -39.586
  -39.586  -39.586  -39.333  -39.333  -39.333  -39.333   -4.292   -2.184   -2.183   -2.160
    0.369    0.380    0.385    1.815    5.920    5.924    5.956    6.670    6.727    6.767
    7.356    7.510    7.681    7.800    7.851    7.934    8.741    8.775    8.792    9.043
    9.081   10.022   10.076   10.128   11.454   11.458   11.479   12.031   12.044   12.144
   12.148   12.155   12.206   12.207   12.209   12.480   13.267   14.040   14.044   14.054
   15.708   15.751   15.819   15.871   15.928   15.949   16.388   16.456   19.465   19.519
   19.620   20.924   20.974   21.109   21.130   21.300   21.310   21.609   21.726   21.759
   22.008   22.075   22.128   23.322
            0.000000  0.075000  0.075000
  -73.012  -73.012  -73.012  -73.012  -39.589  -39.589  -39.589  -39.587  -39.587  -39.586
  -39.586  -39.586  -39.333  -39.333  -39.333  -39.333   -4.268   -2.206   -2.205   -2.154
    0.371    0.394    0.406    1.773    5.867    5.876    5.943    6.623    6.736    6.819
    7.238    7.506    7.610    7.881    7.969    8.084    8.726    8.787    8.838    9.008
    9.076    9.988   10.096   10.210   11.475   11.484   11.527   12.012   12.041   12.131
   12.143   12.158   12.205   12.207   12.210   12.484   13.328   14.031   14.041   14.063
   15.608   15.702   15.801   15.858   15.940   15.982   16.274   16.416   19.430   19.533
   19.744   20.710   20.958   20.958   21.081   21.236   21.318   21.494   21.678   21.745
   22.055   22.138   22.230   23.264
            0.000000  0.100000  0.100000
  -73.012  -73.012  -73.012  -73.012  -39.589  -39.589  -39.589  -39.587  -39.587  -39.586
  -39.586  -39.586  -39.333  -39.333  -39.333  -39.333   -4.235   -2.236   -2.235   -2.146
    0.373    0.411    0.433    1.716    5.802    5.813    5.927    6.580    6.752    6.884
    7.129    7.509    7.531    7.982    8.083    8.230    8.714    8.773    8.901    9.002
    9.082    9.948   10.110   10.310   11.503   11.518   11.586   11.986   12.037   12.111
   12.133   12.162   12.207   12.210   12.216   12.490   13.403   14.019   14.040   14.078
   15.491   15.655   15.768   15.841   15.938   16.004   16.142   16.370   19.396   19.541
   19.885   20.456   20.789   20.812   21.122   21.251   21.330   21.364   21.568   21.710
   22.141   22.158   22.400   23.201
            0.000000  0.125000  0.125000
  -73.012  -73.012  -73.012  -73.012  -39.589  -39.589  -39.589  -39.587  -39.587  -39.586
  -39.586  -39.586  -39.333  -39.333  -39.333  -39.333   -4.193   -2.271   -2.270   -2.138
    0.376    0.430    0.464    1.645    5.730    5.740    5.909    6.545    6.774    6.952
    7.030    7.394    7.582    8.088    8.177    8.368    8.720    8.722    8.979    9.024
    9.121    9.909   10.112   10.420   11.535   11.559   11.646   11.954   12.032   12.083
   12.117   12.163   12.216   12.218   12.228   12.496   13.483   14.006   14.043   14.101
   15.362   15.611   15.707   15.820   15.908   16.011   16.028   16.325   19.369   19.534
   20.007   20.233   20.625   20.692   20.962   21.252   21.271   21.353   21.595   21.662
   22.139   22.267   22.575   23.144
            0.000000  0.150000  0.150000
  -73.012  -73.012  -73.012  -73.012  -39.589  -39.589  -39.588  -39.587  -39.587  -39.586
  -39.586  -39.586  -39.333  -39.333  -39.333  -39.333   -4.142   -2.312   -2.310   -2.129
    0.380    0.450    0.499    1.564    5.658    5.659    5.892    6.522    6.802    6.942
    7.007    7.290    7.650    8.192    8.241    8.487    8.655    8.766    9.042    9.067
    9.209    9.873   10.099   10.534   11.571   11.604   11.700   11.918   12.028   12.049
   12.096   12.162   12.230   12.232   12.245   12.504   13.559   13.994   14.054   14.136
   15.227   15.570   15.601   15.794   15.830   15.979   16.000   16.286   19.354   19.497
   20.056   20.062   20.471   20.630   20.790   21.127   21.150   21.388   21.607   21.785
   22.148   22.362   22.739   23.102
            0.000000  0.175000  0.175000
  -73.012  -73.012  -73.012  -73.012  -39.589  -39.588  -39.588  -39.587  -39.587  -39.586
  -39.586  -39.586  -39.333  -39.333  -39.333  -39.333   -4.083   -2.356   -2.353   -2.121
    0.385    0.468    0.535    1.474    5.576    5.590    5.879    6.504    6.807    6.890
    7.003    7.250    7.728    8.276    8.290    8.581    8.589    8.863    9.058    9.156
    9.329    9.845   10.067   10.648   11.609   11.651   11.738   11.885   12.009   12.024
   12.070   12.157   12.247   12.252   12.268   12.511   13.623   13.983   14.076   14.186
   15.093   15.452   15.532   15.742   15.765   15.960   15.969   16.255   19.350   19.426
   19.945   20.004   20.326   20.624   20.630   20.985   21.051   21.440   21.549   21.979
   22.174   22.433   22.866   23.091
            0.000000  0.200000  0.200000
  -73.012  -73.012  -73.012  -73.012  -39.589  -39.588  -39.588  -39.587  -39.587  -39.586
  -39.586  -39.586  -39.333  -39.333  -39.333  -39.333   -4.014   -2.401   -2.399   -2.115
    0.390    0.483    0.569    1.378    5.494    5.526    5.874    6.478    6.747    6.913
    6.939    7.291    7.803    8.299    8.375    8.537    8.662    8.990    9.074    9.239
    9.466    9.829   10.017   10.758   11.646   11.697   11.746   11.869   11.965   12.021
   12.039   12.150   12.268   12.272   12.295   12.515   13.672   13.977   14.109   14.251
   14.964   15.282   15.494   15.656   15.734   15.917   15.947   16.232   19.339   19.358
   19.867   19.890   20.192   20.494   20.581   20.911   20.956   21.495   21.507   22.114
   22.214   22.493   22.874   23.119
            0.000000  0.225000  0.225000
  -73.012  -73.012  -73.012  -73.012  -39.589  -39.588  -39.588  -39.587  -39.587  -39.587
  -39.586  -39.586  -39.333  -39.333  -39.333  -39.333   -3.938   -2.447   -2.445   -2.114
    0.396    0.495    0.601    1.280    5.416    5.470    5.878    6.423    6.673    6.893
    6.958    7.355    7.868    8.336    8.419    8.532    8.740    9.093    9.124    9.309
    9.606    9.829    9.950   10.857   11.680   11.719   11.743   11.882   11.917   12.004
   12.018   12.142   12.287   12.290   12.323   12.516   13.710   13.975   14.150   14.329
   14.847   15.109   15.453   15.569   15.706   15.848   15.937   16.214   19.257   19.377
   19.757   19.810   20.071   20.379   20.473   20.871   20.901   21.448   21.573   22.155
   22.253   22.570   22.728   23.184
            0.000000  0.250000  0.250000
  -73.012  -73.012  -73.012  -73.011  -39.588  -39.588  -39.588  -39.587  -39.587  -39.587
  -39.586  -39.586  -39.333  -39.333  -39.333  -39.333   -3.854   -2.493   -2.490   -2.118
    0.403    0.502    0.629    1.182    5.346    5.420    5.891    6.330    6.601    6.896
    7.004    7.416    7.920    8.398    8.410    8.592    8.817    9.111    9.245    9.363
    9.720    9.852    9.891   10.941   11.678   11.708   11.788   11.868   11.913   11.967
   12.015   12.133   12.296   12.312   12.351   12.513   13.741   13.979   14.197   14.414
   14.743   14.941   15.403   15.478   15.683   15.770   15.927   16.198   19.192   19.403
   19.623   19.772   19.964   20.280   20.355   20.796   20.899   21.411   21.610   22.136
   22.233   22.579   22.639   23.282
            0.000000  0.275000  0.275000
  -73.012  -73.012  -73.012  -73.012  -39.588  -39.588  -39.588  -39.587  -39.587  -39.587
  -39.586  -39.586  -39.333  -39.333  -39.333  -39.333   -3.762   -2.537   -2.534   -2.130
    0.411    0.506    0.651    1.088    5.285    5.377    5.908    6.214    6.541    6.941
    7.047    7.462    7.967    8.406    8.484    8.665    8.892    9.129    9.329    9.410
    9.695    9.903    9.946   10.999   11.640   11.725   11.817   11.834   11.923   11.959
   12.014   12.127   12.294   12.331   12.375   12.506   13.772   13.989   14.244   14.498
   14.654   14.784   15.341   15.382   15.659   15.703   15.918   16.180   19.149   19.431
   19.498   19.753   19.876   20.190   20.256   20.733   20.883   21.373   21.597   22.079
   22.106   22.555   22.663   23.406
            0.000000  0.300000  0.300000
  -73.012  -73.012  -73.012  -73.012  -39.588  -39.588  -39.588  -39.587  -39.587  -39.587
  -39.586  -39.586  -39.333  -39.333  -39.333  -39.333   -3.664   -2.578   -2.575   -2.152
    0.421    0.506    0.667    0.999    5.237    5.342    5.918    6.089    6.502    7.011
    7.084    7.487    8.020    8.423    8.582    8.735    8.964    9.143    9.352    9.477
    9.587    9.978   10.057   11.024   11.617   11.725   11.772   11.880   11.889   11.993
   12.025   12.126   12.282   12.346   12.396   12.496   13.806   14.004   14.286   14.570
   14.581   14.644   15.265   15.281   15.611   15.684   15.909   16.158   19.131   19.388
   19.454   19.733   19.832   20.110   20.190   20.681   20.848   21.315   21.536   21.885
   22.082   22.582   22.634   23.503
            0.000000  0.325000  0.325000
  -73.012  -73.012  -73.012  -73.012  -39.588  -39.588  -39.588  -39.587  -39.587  -39.587
  -39.586  -39.586  -39.333  -39.333  -39.333  -39.333   -3.560   -2.616   -2.613   -2.185
    0.432    0.504    0.675    0.919    5.202    5.313    5.905    5.966    6.503    7.097
    7.115    7.493    8.088    8.463    8.683    8.797    9.027    9.148    9.338    9.468
    9.550   10.068   10.157   11.008   11.613   11.696   11.749   11.859   11.925   12.000
   12.071   12.133   12.264   12.354   12.414   12.486   13.846   14.025   14.320   14.514
   14.533   14.616   15.174   15.176   15.576   15.689   15.901   16.131   19.144   19.299
   19.463   19.680   19.856   20.042   20.162   20.639   20.795   21.201   21.441   21.746
   22.056   22.563   22.588   23.553
            0.000000  0.350000  0.350000
  -73.012  -73.012  -73.012  -73.012  -39.588  -39.588  -39.588  -39.587  -39.587  -39.587
  -39.586  -39.586  -39.333  -39.333  -39.333  -39.333   -3.451   -2.650   -2.648   -2.230
    0.445    0.503    0.676    0.846    5.181    5.293    5.849    5.861    6.550    7.140
    7.190    7.481    8.171    8.519    8.777    8.842    9.075    9.136    9.307    9.365
    9.626   10.158   10.230   10.956   11.625   11.653   11.737   11.838   11.967   11.998
   12.127   12.149   12.242   12.355   12.429   12.477   13.894   14.051   14.346   14.425
   14.481   14.627   15.062   15.074   15.575   15.702   15.893   16.099   19.197   19.233
   19.457   19.621   19.897   20.002   20.171   20.610   20.728   21.025   21.326   21.691
   22.012   22.469   22.556   23.507
            0.000000  0.375000  0.375000
  -73.012  -73.012  -73.012  -73.012  -39.588  -39.588  -39.588  -39.588  -39.587  -39.587
  -39.586  -39.586  -39.333  -39.333  -39.333  -39.333   -3.337   -2.680   -2.678   -2.288
    0.459    0.503    0.670    0.783    5.176    5.281    5.741    5.791    6.637    7.162
    7.281    7.457    8.266    8.582    8.853    8.857    9.097    9.108    9.274    9.304
    9.711   10.235   10.275   10.877   11.616   11.645   11.725   11.829   11.996   12.004
   12.173   12.176   12.228   12.350   12.439   12.468   13.951   14.082   14.357   14.364
   14.445   14.607   14.945   14.961   15.604   15.721   15.885   16.061   19.194   19.290
   19.441   19.567   19.896   20.030   20.206   20.592   20.653   20.828   21.197   21.695
   21.927   22.373   22.500   23.315
            0.000000  0.400000  0.400000
  -73.012  -73.012  -73.012  -73.012  -39.588  -39.588  -39.588  -39.588  -39.587  -39.587
  -39.586  -39.586  -39.333  -39.333  -39.333  -39.333   -3.220   -2.705   -2.703   -2.359
    0.476    0.507    0.657    0.728    5.186    5.278    5.643    5.708    6.753    7.183
    7.357    7.427    8.370    8.643    8.812    8.911    9.092    9.100    9.253    9.278
    9.810   10.290   10.293   10.779   11.593   11.663   11.714   11.824   11.998   12.036
   12.185   12.197   12.256   12.344   12.446   12.461   14.016   14.118   14.318   14.375
   14.420   14.567   14.826   14.841   15.649   15.743   15.876   16.018   19.184   19.415
   19.422   19.522   19.875   20.096   20.255   20.576   20.576   20.655   21.058   21.739
   21.771   22.300   22.435   23.096
            0.000000  0.425000  0.425000
  -73.012  -73.012  -73.012  -73.012  -39.588  -39.588  -39.588  -39.588  -39.587  -39.587
  -39.586  -39.586  -39.333  -39.333  -39.333  -39.333   -3.102   -2.724   -2.723   -2.442
    0.495    0.516    0.639    0.680    5.211    5.285    5.557    5.618    6.886    7.205
    7.385    7.415    8.475    8.684    8.757    8.910    9.095    9.120    9.243    9.262
    9.922   10.293   10.319   10.669   11.591   11.677   11.705   11.812   12.012   12.064
   12.173   12.209   12.302   12.345   12.446   12.452   14.090   14.163   14.305   14.379
   14.403   14.518   14.707   14.719   15.697   15.768   15.868   15.972   19.202   19.405
   19.470   19.541   19.900   20.169   20.306   20.485   20.503   20.601   20.919   21.537
   21.819   22.259   22.373   22.876
            0.000000  0.450000  0.450000
  -73.012  -73.012  -73.012  -73.012  -39.588  -39.588  -39.588  -39.588  -39.587  -39.586
  -39.586  -39.586  -39.333  -39.333  -39.333  -39.333   -2.983   -2.738   -2.737   -2.536
    0.517    0.530    0.618    0.639    5.251    5.303    5.483    5.530    7.027    7.229
    7.353    7.420    8.573    8.676    8.749    8.854    9.126    9.147    9.232    9.246
   10.044   10.289   10.324   10.550   11.609   11.685   11.699   11.784   12.043   12.089
   12.160   12.200   12.344   12.360   12.441   12.442   14.173   14.219   14.313   14.379
   14.393   14.470   14.590   14.599   15.742   15.792   15.858   15.925   19.246   19.394
   19.440   19.553   20.048   20.244   20.349   20.397   20.440   20.599   20.788   21.249
   21.934   22.243   22.322   22.660
            0.000000  0.475000  0.475000
  -73.012  -73.012  -73.012  -73.012  -39.588  -39.588  -39.588  -39.588  -39.586  -39.586
  -39.586  -39.586  -39.333  -39.333  -39.333  -39.333   -2.864   -2.747   -2.746   -2.639
    0.542    0.548    0.594    0.602    5.304    5.331    5.421    5.446    7.164    7.256
    7.318    7.376    8.657    8.678    8.747    8.781    9.163    9.173    9.216    9.224
   10.170   10.289   10.313   10.426   11.646   11.690   11.695   11.741   12.085   12.111
   12.146   12.170   12.380   12.384   12.428   12.428   14.264   14.288   14.335   14.372
   14.391   14.428   14.478   14.487   15.787   15.814   15.846   15.878   19.314   19.392
   19.416   19.488   20.266   20.345   20.364   20.369   20.393   20.600   20.682   20.934
   22.081   22.243   22.283   22.451
            0.000000  0.500000  0.500000
  -73.012  -73.012  -73.012  -73.012  -39.588  -39.588  -39.588  -39.588  -39.586  -39.586
  -39.586  -39.586  -39.333  -39.333  -39.333  -39.333   -2.749   -2.749   -2.749   -2.749
    0.570    0.570    0.570    0.570    5.370    5.370    5.370    5.370    7.286    7.286
    7.286    7.286    8.717    8.717    8.717    8.717    9.197    9.197    9.197    9.197
   10.299   10.299   10.299   10.299   11.692   11.692   11.692   11.692   12.130   12.130
   12.130   12.130   12.408   12.408   12.408   12.408   14.352   14.352   14.352   14.352
   14.401   14.401   14.401   14.401   15.832   15.832   15.832   15.832   19.399   19.399
   19.399   19.399   20.356   20.356   20.356   20.356   20.619   20.619   20.619   20.619
   22.256   22.256   22.256   22.256
            0.037500  0.500000  0.487500
  -73.012  -73.012  -73.012  -73.012  -39.588  -39.588  -39.588  -39.588  -39.586  -39.586
  -39.586  -39.586  -39.333  -39.333  -39.333  -39.333   -2.775   -2.775   -2.719   -2.719
    0.549    0.549    0.576    0.576    5.351    5.351    5.409    5.409    7.264    7.264
    7.305    7.305    8.684    8.684    8.731    8.731    9.196    9.196    9.222    9.222
   10.263   10.263   10.333   10.333   11.680   11.680   11.706   11.706   12.108   12.108
   12.138   12.138   12.393   12.393   12.416   12.416   14.308   14.308   14.342   14.342
   14.425   14.425   14.449   14.449   15.820   15.820   15.836   15.836   19.376   19.376
   19.414   19.414   20.291   20.291   20.337   20.337   20.613   20.613   20.737   20.737
   22.205   22.205   22.308   22.308
            0.075000  0.500000  0.475000
  -73.012  -73.012  -73.012  -73.012  -39.588  -39.588  -39.588  -39.588  -39.586  -39.586
  -39.586  -39.586  -39.333  -39.333  -39.333  -39.333   -2.795   -2.795   -2.684   -2.684
    0.514    0.514    0.567    0.567    5.352    5.352    5.466    5.466    7.236    7.236
    7.326    7.326    8.639    8.639    8.723    8.723    9.218    9.218    9.271    9.271
   10.226   10.226   10.366   10.366   11.669   11.669   11.719   11.719   12.073   12.073
   12.133   12.133   12.371   12.371   12.417   12.417   14.259   14.259   14.320   14.320
   14.471   14.471   14.525   14.525   15.800   15.800   15.836   15.836   19.347   19.347
   19.416   19.416   20.177   20.177   20.310   20.310   20.672   20.672   20.903   20.903
   22.152   22.152   22.353   22.353
            0.112500  0.500000  0.462500
  -73.012  -73.012  -73.012  -73.012  -39.588  -39.588  -39.588  -39.588  -39.586  -39.586
  -39.586  -39.586  -39.333  -39.333  -39.333  -39.333   -2.808   -2.808   -2.646   -2.646
    0.466    0.466    0.546    0.546    5.371    5.371    5.540    5.540    7.198    7.198
    7.353    7.353    8.585    8.585    8.690    8.690    9.262    9.262    9.344    9.344
   10.191   10.191   10.399   10.399   11.657   11.657   11.730   11.730   12.028   12.028
   12.114   12.114   12.343   12.343   12.413   12.413   14.215   14.215   14.300   14.300
   14.523   14.523   14.610   14.610   15.770   15.770   15.834   15.834   19.310   19.310
   19.409   19.409   20.073   20.073   20.312   20.312   20.745   20.745   21.081   21.081
   22.089   22.089   22.379   22.379
            0.150000  0.500000  0.450000
  -73.012  -73.012  -73.012  -73.012  -39.588  -39.588  -39.588  -39.588  -39.586  -39.586
  -39.586  -39.586  -39.333  -39.333  -39.333  -39.333   -2.815   -2.815   -2.608   -2.608
    0.408    0.408    0.513    0.513    5.405    5.405    5.627    5.627    7.150    7.150
    7.389    7.389    8.521    8.521    8.639    8.639    9.323    9.323    9.438    9.438
   10.161   10.161   10.431   10.431   11.642   11.642   11.736   11.736   11.977   11.977
   12.083   12.083   12.313   12.313   12.404   12.404   14.174   14.174   14.283   14.283
   14.579   14.579   14.698   14.698   15.736   15.736   15.831   15.831   19.263   19.263
   19.405   19.405   20.000   20.000   20.345   20.345   20.828   20.828   21.254   21.254
   22.007   22.007   22.374   22.374
            0.187500  0.500000  0.437500
  -73.012  -73.012  -73.012  -73.012  -39.588  -39.588  -39.588  -39.588  -39.586  -39.586
  -39.586  -39.586  -39.333  -39.333  -39.333  -39.333   -2.816   -2.816   -2.570   -2.570
    0.344    0.344    0.473    0.473    5.451    5.451    5.726    5.726    7.092    7.092
    7.433    7.433    8.445    8.445    8.579    8.579    9.398    9.398    9.551    9.551
   10.136   10.136   10.462   10.462   11.622   11.622   11.735   11.735   11.923   11.923
   12.041   12.041   12.283   12.283   12.390   12.390   14.134   14.134   14.265   14.265
   14.634   14.634   14.782   14.782   15.703   15.703   15.829   15.829   19.209   19.209
   19.411   19.411   19.966   19.966   20.398   20.398   20.924   20.924   21.407   21.407
   21.900   21.900   22.334   22.334
            0.225000  0.500000  0.425000
  -73.012  -73.012  -73.012  -73.012  -39.588  -39.588  -39.588  -39.588  -39.586  -39.586
  -39.586  -39.586  -39.333  -39.333  -39.333  -39.333   -2.809   -2.809   -2.535   -2.535
    0.279    0.279    0.428    0.428    5.504    5.504    5.832    5.832    7.026    7.026
    7.486    7.486    8.355    8.355    8.520    8.520    9.483    9.483    9.679    9.679
   10.118   10.118   10.492   10.492   11.594   11.594   11.724   11.724   11.872   11.872
   11.993   11.993   12.255   12.255   12.372   12.372   14.093   14.093   14.246   14.246
   14.683   14.683   14.855   14.855   15.676   15.676   15.832   15.832   19.158   19.158
   19.433   19.433   19.977   19.977   20.463   20.463   21.033   21.033   21.513   21.513
   21.780   21.780   22.268   22.268
            0.262500  0.500000  0.412500
  -73.012  -73.012  -73.012  -73.012  -39.588  -39.588  -39.588  -39.588  -39.586  -39.586
  -39.586  -39.586  -39.333  -39.333  -39.333  -39.333   -2.796   -2.796   -2.507   -2.507
    0.218    0.218    0.380    0.380    5.560    5.560    5.940    5.940    6.958    6.958
    7.543    7.543    8.253    8.253    8.465    8.465    9.575    9.575    9.816    9.816
   10.108   10.108   10.518   10.518   11.560   11.560   11.702   11.702   11.824   11.824
   11.943   11.943   12.229   12.229   12.350   12.350   14.052   14.052   14.222   14.222
   14.723   14.723   14.914   14.914   15.661   15.661   15.841   15.841   19.116   19.116
   19.470   19.470   20.028   20.028   20.538   20.538   21.131   21.131   21.518   21.518
   21.692   21.692   22.204   22.204
            0.300000  0.500000  0.400000
  -73.012  -73.012  -73.012  -73.012  -39.588  -39.588  -39.588  -39.588  -39.586  -39.586
  -39.586  -39.586  -39.333  -39.333  -39.333  -39.333   -2.778   -2.778   -2.487   -2.487
    0.166    0.166    0.332    0.332    5.616    5.616    6.040    6.040    6.899    6.899
    7.598    7.598    8.152    8.152    8.414    8.414    9.669    9.669    9.953    9.953
   10.107   10.107   10.535   10.535   11.525   11.525   11.671   11.671   11.776   11.776
   11.897   11.897   12.208   12.208   12.325   12.325   14.013   14.013   14.194   14.194
   14.753   14.753   14.954   14.954   15.660   15.660   15.855   15.855   19.091   19.091
   19.517   19.517   20.114   20.114   20.627   20.627   21.135   21.135   21.478   21.478
   21.629   21.629   22.166   22.166
            0.337500  0.500000  0.387500
  -73.012  -73.012  -73.012  -73.012  -39.589  -39.589  -39.588  -39.588  -39.586  -39.586
  -39.586  -39.586  -39.333  -39.333  -39.333  -39.333   -2.753   -2.753   -2.478   -2.478
    0.126    0.126    0.286    0.286    5.670    5.670    6.113    6.113    6.866    6.866
    7.633    7.633    8.069    8.069    8.369    8.369    9.761    9.761   10.075   10.075
   10.118   10.118   10.544   10.544   11.496   11.496   11.635   11.635   11.726   11.726
   11.857   11.857   12.194   12.194   12.299   12.299   13.981   13.981   14.161   14.161
   14.777   14.777   14.974   14.974   15.675   15.675   15.872   15.872   19.089   19.089
   19.561   19.561   20.229   20.229   20.732   20.732   21.010   21.010   21.405   21.405
   21.639   21.639   22.127   22.127
            0.375000  0.500000  0.375000
  -73.012  -73.012  -73.012  -73.012  -39.589  -39.589  -39.588  -39.588  -39.586  -39.586
  -39.586  -39.586  -39.333  -39.333  -39.333  -39.333   -2.724   -2.724   -2.483   -2.483
    0.103    0.103    0.245    0.245    5.723    5.723    6.135    6.135    6.882    6.882
    7.618    7.618    8.035    8.035    8.328    8.328    9.842    9.842   10.113   10.113
   10.192   10.192   10.545   10.545   11.473   11.473   11.609   11.609   11.677   11.677
   11.820   11.820   12.187   12.187   12.275   12.275   13.960   13.960   14.126   14.126
   14.797   14.797   14.976   14.976   15.701   15.701   15.884   15.884   19.112   19.112
   19.587   19.587   20.359   20.359   20.782   20.782   20.918   20.918   21.266   21.266
   21.715   21.715   22.047   22.047
            0.412500  0.500000  0.362500
  -73.012  -73.012  -73.012  -73.012  -39.589  -39.589  -39.588  -39.588  -39.586  -39.586
  -39.586  -39.586  -39.333  -39.333  -39.333  -39.333   -2.691   -2.691   -2.502   -2.502
    0.099    0.099    0.210    0.210    5.775    5.775    6.101    6.101    6.955    6.955
    7.542    7.542    8.062    8.062    8.291    8.291    9.904    9.904   10.110   10.110
   10.268   10.268   10.539   10.539   11.462   11.462   11.610   11.610   11.633   11.633
   11.785   11.785   12.189   12.189   12.254   12.254   13.955   13.955   14.090   14.090
   14.818   14.818   14.961   14.961   15.736   15.736   15.884   15.884   19.160   19.160
   19.574   19.574   20.475   20.475   20.674   20.674   20.992   20.992   21.187   21.187
   21.749   21.749   21.936   21.936
            0.450000  0.500000  0.350000
  -73.012  -73.012  -73.012  -73.012  -39.589  -39.589  -39.588  -39.588  -39.586  -39.586
  -39.586  -39.586  -39.333  -39.333  -39.333  -39.333   -2.654   -2.654   -2.536   -2.536
    0.114    0.114    0.183    0.183    5.826    5.826    6.026    6.026    7.070    7.070
    7.428    7.428    8.122    8.122    8.259    8.259    9.944    9.944   10.073   10.073
   10.334   10.334   10.511   10.511   11.477   11.477   11.588   11.588   11.644   11.644
   11.753   11.753   12.200   12.200   12.239   12.239   13.969   13.969   14.056   14.056
   14.842   14.842   14.934   14.934   15.773   15.773   15.867   15.867   19.232   19.232
   19.508   19.508   20.514   20.514   20.603   20.603   21.042   21.042   21.243   21.243
   21.709   21.709   21.840   21.840
            0.487500  0.500000  0.337500
  -73.012  -73.012  -73.012  -73.012  -39.589  -39.589  -39.588  -39.588  -39.586  -39.586
  -39.586  -39.586  -39.333  -39.333  -39.333  -39.333   -2.614   -2.614   -2.582   -2.582
    0.147    0.147    0.165    0.165    5.878    5.878    5.929    5.929    7.205    7.205
    7.297    7.297    8.196    8.196    8.230    8.230    9.965    9.965    9.999    9.999
   10.398   10.398   10.447   10.447   11.523   11.523   11.552   11.552   11.698   11.698
   11.727   11.727   12.218   12.218   12.228   12.228   14.004   14.004   14.028   14.028
   14.870   14.870   14.895   14.895   15.807   15.807   15.833   15.833   19.321   19.321
   19.395   19.395   20.510   20.510   20.537   20.537   21.163   21.163   21.245   21.245
   21.707   21.707   21.760   21.760
            0.525000  0.500000  0.325000
  -73.012  -73.012  -73.012  -73.012  -39.589  -39.589  -39.588  -39.588  -39.586  -39.586
  -39.586  -39.586  -39.333  -39.333  -39.333  -39.333   -2.640   -2.640   -2.573   -2.573
    0.157    0.157    0.196    0.196    5.825    5.825    5.930    5.930    7.159    7.159
    7.346    7.346    8.205    8.205    8.272    8.272    9.898    9.898    9.971    9.971
   10.355   10.355   10.457   10.457   11.527   11.527   11.582   11.582   11.711   11.711
   11.769   11.769   12.223   12.223   12.243   12.243   14.008   14.008   14.059   14.059
   14.848   14.848   14.902   14.902   15.782   15.782   15.836   15.836   19.263   19.263
   19.413   19.413   20.469   20.469   20.518   20.518   21.128   21.128   21.304   21.304
   21.707   21.707   21.816   21.816
            0.562500  0.500000  0.312500
  -73.012  -73.012  -73.012  -73.012  -39.589  -39.589  -39.588  -39.588  -39.586  -39.586
  -39.586  -39.586  -39.333  -39.333  -39.333  -39.333   -2.706   -2.706   -2.530   -2.530
    0.159    0.159    0.257    0.257    5.722    5.722    5.984    5.984    7.017    7.017
    7.483    7.483    8.184    8.184    8.345    8.345    9.780    9.780    9.965    9.965
   10.249   10.249   10.500   10.500   11.517   11.517   11.635   11.635   11.711   11.711
   11.849   11.849   12.223   12.223   12.275   12.275   13.996   13.996   14.132   14.132
   14.792   14.792   14.936   14.936   15.721   15.721   15.856   15.856   19.138   19.138
   19.489   19.489   20.428   20.428   20.505   20.505   21.017   21.017   21.339   21.339
   21.781   21.781   21.943   21.943
            0.600000  0.500000  0.300000
  -73.012  -73.012  -73.012  -73.012  -39.588  -39.588  -39.588  -39.588  -39.586  -39.586
  -39.586  -39.586  -39.333  -39.333  -39.333  -39.333   -2.778   -2.778   -2.487   -2.487
    0.170    0.170    0.327    0.327    5.624    5.624    6.040    6.040    6.874    6.874
    7.607    7.607    8.166    8.166    8.411    8.411    9.655    9.655    9.950    9.950
   10.142   10.142   10.526   10.526   11.525   11.525   11.668   11.668   11.734   11.734
   11.925   11.925   12.227   12.227   12.312   12.312   13.994   13.994   14.217   14.217
   14.730   14.730   14.971   14.971   15.658   15.658   15.868   15.868   19.041   19.041
   19.533   19.533   20.346   20.346   20.512   20.512   20.988   20.988   21.289   21.289
   21.949   21.949   22.058   22.058
            0.637500  0.500000  0.287500
  -73.012  -73.012  -73.012  -73.012  -39.588  -39.588  -39.588  -39.588  -39.586  -39.586
  -39.586  -39.586  -39.333  -39.333  -39.333  -39.333   -2.852   -2.852   -2.444   -2.444
    0.191    0.191    0.401    0.401    5.537    5.537    6.096    6.096    6.734    6.734
    7.706    7.706    8.157    8.157    8.465    8.465    9.531    9.531    9.927    9.927
   10.043   10.043   10.533   10.533   11.550   11.550   11.689   11.689   11.769   11.769
   11.984   11.984   12.237   12.237   12.352   12.352   13.998   13.998   14.307   14.307
   14.666   14.666   15.003   15.003   15.600   15.600   15.872   15.872   18.980   18.980
   19.542   19.542   20.182   20.182   20.602   20.602   20.979   20.979   21.284   21.284
   22.040   22.040   22.234   22.234
            0.675000  0.500000  0.275000
  -73.012  -73.012  -73.012  -73.012  -39.588  -39.588  -39.588  -39.588  -39.586  -39.586
  -39.586  -39.586  -39.333  -39.333  -39.333  -39.333   -2.927   -2.927   -2.403   -2.403
    0.221    0.221    0.477    0.477    5.460    5.460    6.152    6.152    6.602    6.602
    7.766    7.766    8.167    8.167    8.507    8.507    9.415    9.415    9.886    9.886
    9.967    9.967   10.527   10.527   11.583   11.583   11.715   11.715   11.803   11.803
   12.025   12.025   12.253   12.253   12.390   12.390   14.006   14.006   14.392   14.392
   14.613   14.613   15.028   15.028   15.554   15.554   15.873   15.873   18.959   18.959
   19.526   19.526   20.005   20.005   20.731   20.731   20.926   20.926   21.381   21.381
   22.061   22.061   22.436   22.436
            0.712500  0.500000  0.262500
  -73.012  -73.012  -73.012  -73.012  -39.588  -39.588  -39.588  -39.588  -39.586  -39.586
  -39.586  -39.586  -39.333  -39.333  -39.333  -39.333   -2.999   -2.999   -2.362   -2.362
    0.256    0.256    0.550    0.550    5.395    5.395    6.203    6.203    6.486    6.486
    7.776    7.776    8.204    8.204    8.533    8.533    9.315    9.315    9.816    9.816
    9.931    9.931   10.510   10.510   11.616   11.616   11.750   11.750   11.833   11.833
   12.047   12.047   12.273   12.273   12.420   12.420   14.011   14.011   14.444   14.444
   14.601   14.601   15.045   15.045   15.521   15.521   15.872   15.872   18.973   18.973
   19.495   19.495   19.853   19.853   20.804   20.804   20.919   20.919   21.528   21.528
   22.073   22.073   22.606   22.607
            0.750000  0.500000  0.250000
  -73.012  -73.012  -73.012  -73.012  -39.588  -39.588  -39.588  -39.588  -39.587  -39.587
  -39.586  -39.586  -39.333  -39.333  -39.333  -39.333   -3.068   -3.068   -2.323   -2.323
    0.296    0.296    0.619    0.619    5.341    5.341    6.228    6.228    6.410    6.410
    7.742    7.742    8.259    8.259    8.546    8.546    9.234    9.234    9.736    9.736
    9.914    9.914   10.486   10.486   11.642   11.642   11.792   11.792   11.861   11.861
   12.056   12.056   12.296   12.296   12.439   12.439   14.008   14.008   14.446   14.446
   14.651   14.651   15.055   15.055   15.496   15.496   15.874   15.874   19.009   19.009
   19.447   19.447   19.757   19.757   20.751   20.751   21.035   21.035   21.667   21.667
   22.123   22.123   22.721   22.721
            0.750000  0.493750  0.256250
  -73.012  -73.012  -73.012  -73.012  -39.588  -39.588  -39.588  -39.588  -39.587  -39.587
  -39.586  -39.586  -39.333  -39.333  -39.333  -39.333   -3.077   -3.043   -2.329   -2.328
    0.288    0.292    0.610    0.614    5.338    5.350    6.214    6.227    6.420    6.442
    7.734    7.754    8.231    8.269    8.537    8.549    9.239    9.252    9.734    9.756
    9.906    9.920   10.471   10.505   11.638   11.648   11.781   11.798   11.857   11.858
   12.050   12.058   12.288   12.296   12.436   12.440   13.999   14.022   14.442   14.453
   14.643   14.650   15.049   15.056   15.491   15.503   15.865   15.875   19.001   19.020
   19.433   19.470   19.745   19.784   20.720   20.742   21.022   21.070   21.678   21.689
   22.090   22.094   22.700   22.722
            0.750000  0.487500  0.262500
  -73.012  -73.012  -73.012  -73.012  -39.588  -39.588  -39.588  -39.588  -39.587  -39.587
  -39.586  -39.586  -39.333  -39.333  -39.333  -39.333   -3.085   -3.018   -2.335   -2.332
    0.280    0.288    0.601    0.610    5.335    5.360    6.197    6.226    6.429    6.476
    7.725    7.766    8.202    8.280    8.531    8.553    9.244    9.270    9.729    9.775
    9.898    9.928   10.457   10.525   11.634   11.652   11.770   11.803   11.853   11.856
   12.045   12.060   12.279   12.295   12.432   12.441   13.990   14.037   14.437   14.458
   14.636   14.648   15.043   15.057   15.485   15.509   15.856   15.876   18.994   19.031
   19.418   19.494   19.735   19.813   20.689   20.732   21.010   21.105   21.685   21.710
   22.056   22.067   22.682   22.717
            0.750000  0.481250  0.268750
  -73.012  -73.012  -73.012  -73.012  -39.588  -39.588  -39.588  -39.588  -39.587  -39.586
  -39.586  -39.586  -39.333  -39.333  -39.333  -39.333   -3.093   -2.992   -2.341   -2.337
    0.273    0.285    0.592    0.605    5.332    5.371    6.179    6.225    6.439    6.511
    7.715    7.778    8.171    8.291    8.526    8.557    9.251    9.287    9.723    9.792
    9.892    9.937   10.442   10.543   11.629   11.655   11.760   11.807   11.849   11.855
   12.041   12.062   12.270   12.294   12.428   12.441   13.982   14.052   14.431   14.461
   14.631   14.646   15.038   15.057   15.479   15.516   15.848   15.878   18.987   19.042
   19.402   19.521   19.725   19.844   20.658   20.723   20.998   21.141   21.689   21.727
   22.022   22.043   22.665   22.705
            0.750000  0.475000  0.275000
  -73.012  -73.012  -73.012  -73.012  -39.588  -39.588  -39.588  -39.588  -39.586  -39.586
  -39.586  -39.586  -39.333  -39.333  -39.333  -39.333   -3.100   -2.967   -2.349   -2.341
    0.266    0.281    0.583    0.601    5.330    5.383    6.160    6.223    6.449    6.549
    7.704    7.789    8.141    8.301    8.521    8.560    9.259    9.303    9.716    9.806
    9.889    9.947   10.429   10.562   11.624   11.657   11.751   11.810   11.846   11.855
   12.037   12.063   12.262   12.293   12.425   12.440   13.973   14.067   14.425   14.462
   14.627   14.643   15.031   15.058   15.473   15.523   15.841   15.881   18.980   19.053
   19.386   19.549   19.717   19.876   20.627   20.712   20.988   21.176   21.689   21.742
   21.988   22.024   22.648   22.686
            0.750000  0.468750  0.281250
  -73.012  -73.012  -73.012  -73.012  -39.588  -39.588  -39.588  -39.588  -39.587  -39.586
  -39.586  -39.586  -39.333  -39.333  -39.333  -39.333   -3.107   -2.942   -2.358   -2.344
    0.260    0.279    0.574    0.597    5.328    5.395    6.140    6.222    6.458    6.587
    7.691    7.798    8.112    8.312    8.517    8.563    9.268    9.318    9.708    9.813
    9.890    9.956   10.416   10.580   11.618   11.658   11.744   11.813   11.844   11.855
   12.035   12.063   12.254   12.292   12.421   12.440   13.966   14.082   14.418   14.461
   14.625   14.639   15.025   15.059   15.467   15.529   15.835   15.885   18.974   19.063
   19.368   19.579   19.712   19.910   20.597   20.701   20.978   21.211   21.684   21.751
   21.956   22.010   22.624   22.669
            0.750000  0.462500  0.287500
  -73.012  -73.012  -73.012  -73.012  -39.588  -39.588  -39.588  -39.588  -39.587  -39.586
  -39.586  -39.586  -39.333  -39.333  -39.333  -39.333   -3.113   -2.916   -2.367   -2.348
    0.254    0.276    0.565    0.594    5.326    5.408    6.119    6.221    6.467    6.626
    7.677    7.807    8.085    8.323    8.512    8.566    9.277    9.333    9.700    9.813
    9.898    9.966   10.404   10.597   11.612   11.657   11.738   11.815   11.843   11.855
   12.034   12.062   12.246   12.292   12.417   12.439   13.959   14.098   14.412   14.459
   14.623   14.636   15.019   15.061   15.461   15.536   15.829   15.890   18.968   19.074
   19.350   19.610   19.709   19.945   20.567   20.688   20.970   21.245   21.675   21.754
   21.924   22.003   22.586   22.660
            0.750000  0.456250  0.293750
  -73.012  -73.012  -73.012  -73.012  -39.589  -39.588  -39.588  -39.588  -39.587  -39.586
  -39.586  -39.586  -39.333  -39.333  -39.333  -39.333   -3.119   -2.891   -2.377   -2.351
    0.249    0.274    0.555    0.590    5.325    5.421    6.097    6.220    6.476    6.666
    7.659    7.812    8.063    8.334    8.506    8.569    9.288    9.346    9.692    9.807
    9.911    9.975   10.392   10.613   11.606   11.656   11.734   11.814   11.843   11.855
   12.034   12.060   12.238   12.291   12.414   12.438   13.952   14.114   14.404   14.456
   14.621   14.633   15.013   15.063   15.455   15.542   15.824   15.895   18.963   19.084
   19.331   19.642   19.710   19.981   20.538   20.674   20.964   21.278   21.662   21.749
   21.894   22.003   22.540   22.658
            0.750000  0.450000  0.300000
  -73.012  -73.012  -73.012  -73.012  -39.589  -39.588  -39.588  -39.588  -39.586  -39.586
  -39.586  -39.586  -39.333  -39.333  -39.333  -39.333   -3.124   -2.866   -2.389   -2.354
    0.244    0.272    0.547    0.587    5.323    5.436    6.076    6.219    6.484    6.706
    7.638    7.816    8.047    8.344    8.500    8.571    9.299    9.359    9.684    9.799
    9.925    9.984   10.381   10.629   11.598   11.654   11.731   11.813   11.846   11.854
   12.035   12.058   12.231   12.291   12.410   12.436   13.945   14.130   14.396   14.453
   14.617   14.630   15.007   15.066   15.449   15.548   15.820   15.901   18.958   19.093
   19.311   19.673   19.715   20.017   20.510   20.659   20.959   21.309   21.645   21.735
   21.866   22.011   22.490   22.660
            0.750000  0.443750  0.306250
  -73.012  -73.012  -73.012  -73.012  -39.589  -39.588  -39.588  -39.588  -39.586  -39.586
  -39.586  -39.586  -39.333  -39.333  -39.333  -39.333   -3.130   -2.841   -2.401   -2.357
    0.240    0.270    0.538    0.584    5.322    5.451    6.054    6.218    6.492    6.747
    7.614    7.816    8.036    8.354    8.493    8.574    9.311    9.370    9.676    9.789
    9.938    9.994   10.371   10.644   11.590   11.652   11.729   11.810   11.850   11.853
   12.037   12.054   12.225   12.291   12.407   12.435   13.939   14.147   14.388   14.450
   14.612   14.629   15.002   15.069   15.444   15.553   15.816   15.908   18.953   19.102
   19.290   19.697   19.732   20.054   20.484   20.642   20.955   21.338   21.624   21.716
   21.840   22.025   22.439   22.667
            0.750000  0.437500  0.312500
  -73.012  -73.012  -73.012  -73.012  -39.589  -39.588  -39.588  -39.588  -39.586  -39.586
  -39.586  -39.586  -39.333  -39.333  -39.333  -39.333   -3.134   -2.816   -2.414   -2.360
    0.236    0.269    0.529    0.581    5.321    5.466    6.032    6.218    6.499    6.789
    7.586    7.814    8.032    8.364    8.485    8.576    9.324    9.380    9.668    9.779
    9.950   10.005   10.361   10.658   11.582   11.650   11.727   11.806   11.850   11.856
   12.040   12.050   12.219   12.291   12.403   12.433   13.933   14.163   14.379   14.447
   14.607   14.627   14.997   15.072   15.439   15.558   15.812   15.914   18.949   19.111
   19.269   19.711   19.762   20.090   20.458   20.626   20.951   21.363   21.597   21.695
   21.817   22.043   22.389   22.677
            0.750000  0.431250  0.318750
  -73.012  -73.012  -73.012  -73.012  -39.589  -39.588  -39.588  -39.588  -39.586  -39.586
  -39.586  -39.586  -39.333  -39.333  -39.333  -39.333   -3.138   -2.792   -2.428   -2.362
    0.233    0.269    0.521    0.579    5.321    5.482    6.010    6.217    6.505    6.830
    7.555    7.811    8.032    8.373    8.476    8.578    9.336    9.390    9.660    9.769
    9.958   10.018   10.352   10.671   11.573   11.648   11.726   11.802   11.848   11.862
   12.043   12.046   12.213   12.292   12.400   12.432   13.928   14.179   14.370   14.445
   14.600   14.626   14.992   15.076   15.435   15.563   15.810   15.921   18.945   19.118
   19.248   19.723   19.798   20.125   20.435   20.609   20.949   21.384   21.562   21.677
   21.798   22.062   22.342   22.688
            0.750000  0.425000  0.325000
  -73.012  -73.012  -73.012  -73.012  -39.589  -39.588  -39.588  -39.588  -39.586  -39.586
  -39.586  -39.586  -39.333  -39.333  -39.333  -39.333   -3.142   -2.768   -2.442   -2.365
    0.230    0.268    0.513    0.576    5.320    5.498    5.989    6.217    6.511    6.871
    7.521    7.806    8.037    8.382    8.467    8.580    9.348    9.399    9.652    9.760
    9.963   10.034   10.343   10.683   11.565   11.647   11.725   11.798   11.844   11.869
   12.037   12.050   12.208   12.294   12.396   12.430   13.923   14.196   14.360   14.443
   14.593   14.625   14.987   15.080   15.431   15.566   15.808   15.927   18.941   19.125
   19.228   19.735   19.836   20.157   20.414   20.594   20.946   21.399   21.520   21.665
   21.783   22.081   22.299   22.702
            0.750000  0.418750  0.331250
  -73.012  -73.012  -73.012  -73.012  -39.589  -39.588  -39.588  -39.588  -39.586  -39.586
  -39.586  -39.586  -39.333  -39.333  -39.333  -39.333   -3.146   -2.744   -2.458   -2.367
    0.227    0.268    0.506    0.574    5.320    5.515    5.968    6.216    6.516    6.913
    7.484    7.802    8.045    8.390    8.457    8.582    9.358    9.410    9.643    9.752
    9.965   10.050   10.335   10.693   11.557   11.646   11.724   11.793   11.840   11.876
   12.030   12.056   12.203   12.296   12.393   12.429   13.918   14.212   14.350   14.441
   14.586   14.623   14.984   15.084   15.428   15.570   15.807   15.933   18.938   19.130
   19.209   19.748   19.875   20.184   20.397   20.581   20.944   21.405   21.473   21.658
   21.774   22.096   22.264   22.716
            0.750000  0.412500  0.337500
  -73.012  -73.012  -73.012  -73.012  -39.589  -39.588  -39.588  -39.588  -39.586  -39.586
  -39.586  -39.586  -39.333  -39.333  -39.333  -39.333   -3.148   -2.720   -2.474   -2.368
    0.225    0.269    0.499    0.572    5.320    5.531    5.947    6.216    6.520    6.954
    7.445    7.797    8.054    8.397    8.447    8.584    9.365    9.421    9.634    9.747
    9.966   10.067   10.327   10.702   11.549   11.646   11.724   11.789   11.835   11.883
   12.023   12.063   12.198   12.298   12.389   12.428   13.914   14.228   14.340   14.440
   14.579   14.621   14.980   15.089   15.425   15.572   15.806   15.939   18.935   19.133
   19.192   19.762   19.914   20.204   20.383   20.574   20.941   21.391   21.433   21.659
   21.770   22.100   22.243   22.730
            0.750000  0.406250  0.343750
  -73.012  -73.012  -73.012  -73.012  -39.589  -39.588  -39.588  -39.588  -39.586  -39.586
  -39.586  -39.586  -39.333  -39.333  -39.333  -39.333   -3.151   -2.697   -2.491   -2.370
    0.224    0.269    0.493    0.571    5.320    5.548    5.928    6.216    6.524    6.994
    7.405    7.793    8.065    8.403    8.437    8.587    9.369    9.434    9.624    9.743
    9.964   10.084   10.319   10.710   11.543   11.646   11.724   11.785   11.830   11.890
   12.015   12.070   12.194   12.301   12.385   12.426   13.910   14.243   14.330   14.440
   14.571   14.618   14.978   15.093   15.423   15.574   15.806   15.945   18.932   19.130
   19.182   19.777   19.952   20.216   20.374   20.573   20.937   21.343   21.415   21.665
   21.773   22.089   22.239   22.743
            0.750000  0.400000  0.350000
  -73.012  -73.012  -73.012  -73.012  -39.589  -39.588  -39.588  -39.588  -39.586  -39.586
  -39.586  -39.586  -39.333  -39.333  -39.333  -39.333   -3.153   -2.674   -2.509   -2.371
    0.222    0.270    0.487    0.569    5.320    5.563    5.909    6.216    6.526    7.032
    7.366    7.790    8.076    8.409    8.427    8.589    9.370    9.449    9.612    9.741
    9.962   10.102   10.311   10.717   11.537   11.645   11.724   11.782   11.824   11.897
   12.007   12.077   12.190   12.304   12.381   12.425   13.907   14.257   14.321   14.439
   14.564   14.616   14.975   15.097   15.421   15.576   15.807   15.950   18.930   19.121
   19.179   19.791   19.990   20.217   20.369   20.581   20.932   21.285   21.400   21.675
   21.780   22.066   22.250   22.754
            0.750000  0.393750  0.356250
  -73.012  -73.012  -73.012  -73.012  -39.589  -39.588  -39.588  -39.588  -39.586  -39.586
  -39.586  -39.586  -39.333  -39.333  -39.333  -39.333   -3.155   -2.652   -2.527   -2.372
    0.222    0.271    0.483    0.568    5.321    5.578    5.893    6.217    6.528    7.067
    7.329    7.788    8.087    8.411    8.420    8.591    9.369    9.465    9.600    9.741
    9.958   10.118   10.303   10.722   11.532   11.645   11.724   11.779   11.818   11.903
   12.000   12.084   12.186   12.308   12.377   12.425   13.904   14.269   14.314   14.439
   14.558   14.614   14.974   15.101   15.421   15.577   15.808   15.954   18.928   19.107
   19.181   19.804   20.027   20.209   20.369   20.597   20.925   21.225   21.381   21.689
   21.792   22.038   22.267   22.761
            0.750000  0.387500  0.362500
  -73.012  -73.012  -73.012  -73.012  -39.589  -39.588  -39.588  -39.588  -39.586  -39.586
  -39.586  -39.586  -39.333  -39.333  -39.333  -39.333   -3.156   -2.630   -2.546   -2.372
    0.221    0.272    0.479    0.567    5.321    5.591    5.879    6.217    6.529    7.095
    7.299    7.786    8.097    8.405    8.421    8.593    9.366    9.481    9.588    9.743
    9.955   10.134   10.295   10.726   11.529   11.644   11.725   11.776   11.812   11.908
   11.993   12.091   12.183   12.313   12.373   12.424   13.901   14.274   14.312   14.439
   14.551   14.611   14.973   15.104   15.421   15.577   15.809   15.958   18.926   19.092
   19.186   19.816   20.063   20.194   20.375   20.618   20.917   21.168   21.360   21.705
   21.807   22.011   22.288   22.764
            0.750000  0.381250  0.368750
  -73.012  -73.012  -73.012  -73.012  -39.589  -39.588  -39.588  -39.588  -39.586  -39.586
  -39.586  -39.586  -39.333  -39.333  -39.333  -39.333   -3.156   -2.609   -2.566   -2.373
    0.221    0.274    0.476    0.566    5.322    5.602    5.868    6.217    6.529    7.107
    7.284    7.785    8.106    8.396    8.424    8.595    9.362    9.497    9.576    9.745
    9.951   10.149   10.287   10.728   11.526   11.644   11.726   11.774   11.806   11.912
   11.988   12.098   12.180   12.317   12.369   12.424   13.900   14.270   14.320   14.439
   14.546   14.609   14.972   15.107   15.422   15.577   15.811   15.961   18.924   19.077
   19.193   19.824   20.095   20.175   20.386   20.640   20.907   21.116   21.336   21.719
   21.826   21.987   22.309   22.762
            0.750000  0.375000  0.375000
  -73.012  -73.012  -73.012  -73.012  -39.589  -39.588  -39.588  -39.588  -39.586  -39.586
  -39.586  -39.586  -39.333  -39.333  -39.333  -39.333   -3.157   -2.591   -2.582   -2.373
    0.221    0.275    0.475    0.565    5.323    5.609    5.861    6.218    6.529    7.097
    7.290    7.784    8.113    8.388    8.428    8.598    9.356    9.510    9.566    9.748
    9.948   10.161   10.281   10.730   11.525   11.643   11.728   11.773   11.800   11.914
   11.984   12.104   12.178   12.322   12.365   12.424   13.899   14.261   14.331   14.439
   14.540   14.607   14.972   15.109   15.424   15.576   15.814   15.963   18.922   19.064
   19.200   19.830   20.115   20.163   20.403   20.657   20.897   21.073   21.311   21.729
   21.848   21.969   22.329   22.755
