 &plot nbnd=  68, nks=    81 /
            0.500000  0.500000  0.500000
  -73.426  -73.426  -73.426  -73.426  -39.606  -39.606  -39.606  -39.606  -39.604  -39.604
  -39.604  -39.604  -39.355  -39.355  -39.355  -39.355   -2.361   -2.361   -2.361   -2.361
    0.226    0.226    0.226    0.226    6.369    6.369    6.369    6.369    7.478    7.478
    7.478    7.478    8.327    8.327    8.327    8.327   10.558   10.558   10.558   10.558
   10.875   10.875   10.875   10.875   11.657   11.657   11.657   11.657   11.810   11.810
   11.810   11.810   12.466   12.466   12.466   12.466   14.310   14.310   14.310   14.310
   15.274   15.274   15.274   15.274   16.198   16.198   16.198   16.198
            0.475000  0.475000  0.475000
  -73.426  -73.426  -73.426  -73.426  -39.606  -39.606  -39.606  -39.606  -39.604  -39.604
  -39.604  -39.604  -39.355  -39.355  -39.355  -39.355   -2.381   -2.360   -2.360   -2.360
    0.231    0.231    0.236    0.245    6.319    6.363    6.363    6.370    7.451    7.451
    7.479    7.542    8.325    8.325    8.355    8.355   10.524   10.524   10.548   10.548
   10.812   10.854   10.854   10.861   11.669   11.678   11.678   11.708   11.820   11.820
   11.835   11.835   12.464   12.472   12.472   12.472   14.309   14.323   14.323   14.323
   15.267   15.267   15.279   15.279   16.180   16.185   16.198   16.198
            0.450000  0.450000  0.450000
  -73.426  -73.426  -73.426  -73.426  -39.606  -39.606  -39.606  -39.606  -39.604  -39.604
  -39.604  -39.604  -39.355  -39.355  -39.355  -39.355   -2.439   -2.358   -2.356   -2.356
    0.245    0.245    0.266    0.299    6.195    6.343    6.343    6.372    7.386    7.386
    7.481    7.707    8.319    8.319    8.427    8.427   10.432   10.432   10.513   10.513
   10.659   10.812   10.812   10.822   11.702   11.721   11.721   11.821   11.851   11.851
   11.904   11.904   12.460   12.489   12.489   12.492   14.305   14.358   14.359   14.359
   15.245   15.245   15.294   15.294   16.126   16.147   16.195   16.195
            0.425000  0.425000  0.425000
  -73.426  -73.426  -73.426  -73.426  -39.606  -39.606  -39.606  -39.606  -39.604  -39.604
  -39.604  -39.604  -39.355  -39.355  -39.355  -39.355   -2.528   -2.354   -2.350   -2.350
    0.268    0.268    0.314    0.381    6.043    6.308    6.308    6.377    7.307    7.307
    7.484    7.927    8.311    8.311    8.512    8.512   10.302   10.302   10.450   10.450
   10.468   10.763   10.777   10.777   11.750   11.766   11.766   11.898   11.898   11.948
   12.000   12.000   12.453   12.516   12.516   12.525   14.299   14.415   14.416   14.416
   15.207   15.207   15.318   15.318   16.040   16.086   16.192   16.192
            0.400000  0.400000  0.400000
  -73.426  -73.426  -73.426  -73.426  -39.606  -39.606  -39.606  -39.606  -39.604  -39.604
  -39.604  -39.604  -39.355  -39.355  -39.355  -39.355   -2.640   -2.348   -2.340   -2.340
    0.298    0.298    0.381    0.479    5.893    6.258    6.258    6.387    7.235    7.235
    7.485    8.174    8.299    8.299    8.586    8.586   10.160   10.160   10.263   10.364
   10.364   10.691   10.760   10.760   11.806   11.808   11.808   11.952   11.952   12.060
   12.103   12.103   12.444   12.550   12.550   12.569   14.292   14.489   14.493   14.493
   15.154   15.154   15.352   15.352   15.929   16.009   16.188   16.188
            0.375000  0.375000  0.375000
  -73.426  -73.426  -73.426  -73.426  -39.606  -39.606  -39.606  -39.606  -39.604  -39.604
  -39.604  -39.604  -39.355  -39.355  -39.355  -39.355   -2.767   -2.339   -2.328   -2.328
    0.334    0.334    0.464    0.583    5.758    6.194    6.194    6.403    7.178    7.178
    7.483    8.284    8.284    8.429    8.629    8.629   10.024   10.024   10.060   10.271
   10.271   10.609   10.756   10.756   11.853   11.853   11.864   12.004   12.004   12.144
   12.200   12.200   12.438   12.586   12.586   12.620   14.284   14.574   14.585   14.585
   15.084   15.084   15.394   15.394   15.801   15.927   16.187   16.187
            0.350000  0.350000  0.350000
  -73.426  -73.426  -73.426  -73.426  -39.606  -39.606  -39.606  -39.606  -39.604  -39.604
  -39.604  -39.604  -39.355  -39.355  -39.355  -39.355   -2.903   -2.327   -2.313   -2.313
    0.374    0.374    0.562    0.683    5.649    6.122    6.122    6.429    7.139    7.139
    7.474    8.263    8.263    8.632    8.632    8.683    9.866    9.901    9.901   10.185
   10.185   10.519   10.761   10.761   11.899   11.899   11.923   12.050   12.050   12.189
   12.283   12.283   12.444   12.617   12.617   12.670   14.274   14.660   14.687   14.687
   14.999   14.999   15.444   15.444   15.663   15.858   16.191   16.191
            0.325000  0.325000  0.325000
  -73.426  -73.426  -73.426  -73.426  -39.606  -39.606  -39.606  -39.606  -39.604  -39.604
  -39.604  -39.604  -39.355  -39.355  -39.355  -39.355   -3.043   -2.311   -2.294   -2.294
    0.416    0.416    0.671    0.771    5.571    6.049    6.049    6.467    7.116    7.116
    7.456    8.231    8.231    8.604    8.604    8.923    9.692    9.786    9.786   10.115
   10.115   10.420   10.770   10.770   11.948   11.948   11.979   12.089   12.089   12.189
   12.350   12.350   12.470   12.639   12.639   12.715   14.264   14.733   14.789   14.789
   14.912   14.912   15.503   15.503   15.519   15.825   16.202   16.202
            0.300000  0.300000  0.300000
  -73.426  -73.426  -73.426  -73.426  -39.606  -39.606  -39.606  -39.605  -39.604  -39.604
  -39.604  -39.604  -39.355  -39.355  -39.355  -39.355   -3.182   -2.292   -2.273   -2.273
    0.456    0.456    0.786    0.845    5.527    5.982    5.982    6.521    7.105    7.105
    7.428    8.177    8.177    8.567    8.567    9.127    9.553    9.673    9.673   10.061
   10.061   10.314   10.778   10.778   11.997   11.997   12.033   12.121   12.122   12.157
   12.401   12.402   12.510   12.645   12.645   12.751   14.250   14.777   14.777   14.785
   14.939   14.939   15.374   15.567   15.567   15.842   16.222   16.222
            0.275000  0.275000  0.275000
  -73.426  -73.426  -73.426  -73.426  -39.606  -39.606  -39.606  -39.605  -39.605  -39.605
  -39.604  -39.604  -39.355  -39.355  -39.355  -39.355   -3.316   -2.269   -2.248   -2.248
    0.494    0.494    0.864    0.940    5.516    5.927    5.927    6.593    7.100    7.100
    7.389    8.094    8.094    8.546    8.546    9.227    9.508    9.561    9.561   10.010
   10.010   10.201   10.783   10.783   12.044   12.044   12.083   12.111   12.148   12.148
   12.437   12.437   12.549   12.636   12.636   12.777   14.230   14.681   14.681   14.818
   15.061   15.061   15.237   15.636   15.636   15.908   16.251   16.251
            0.250000  0.250000  0.250000
  -73.426  -73.426  -73.426  -73.426  -39.606  -39.606  -39.606  -39.605  -39.605  -39.605
  -39.604  -39.604  -39.355  -39.355  -39.355  -39.355   -3.445   -2.243   -2.220   -2.220
    0.526    0.526    0.888    1.071    5.536    5.890    5.890    6.687    7.100    7.100
    7.339    7.987    7.987    8.548    8.548    9.176    9.450    9.450    9.584    9.952
    9.952   10.094   10.779   10.779   12.059   12.086   12.086   12.135   12.169   12.169
   12.457   12.457   12.579   12.614   12.614   12.797   14.201   14.590   14.590   14.834
   15.127   15.197   15.197   15.707   15.707   16.004   16.286   16.286
            0.225000  0.225000  0.225000
  -73.426  -73.426  -73.426  -73.426  -39.607  -39.606  -39.606  -39.605  -39.605  -39.605
  -39.604  -39.604  -39.355  -39.355  -39.355  -39.355   -3.565   -2.213   -2.190   -2.190
    0.552    0.552    0.884    1.208    5.582    5.873    5.873    6.803    7.099    7.099
    7.280    7.872    7.872    8.569    8.569    9.090    9.344    9.344    9.617    9.879
    9.879   10.036   10.763   10.763   12.016   12.121   12.121   12.184   12.184   12.184
   12.463   12.463   12.586   12.586   12.597   12.809   14.162   14.515   14.515   14.807
   15.088   15.342   15.342   15.778   15.778   16.107   16.322   16.322
            0.200000  0.200000  0.200000
  -73.426  -73.426  -73.426  -73.426  -39.606  -39.606  -39.606  -39.605  -39.605  -39.605
  -39.604  -39.604  -39.355  -39.355  -39.355  -39.355   -3.675   -2.181   -2.159   -2.159
    0.571    0.571    0.859    1.346    5.648    5.878    5.878    6.941    7.098    7.098
    7.217    7.761    7.761    8.602    8.602    9.006    9.246    9.246    9.531    9.788
    9.788   10.063   10.733   10.733   11.983   12.136   12.136   12.197   12.197   12.233
   12.460   12.460   12.561   12.561   12.600   12.815   14.112   14.459   14.459   14.727
   15.138   15.494   15.494   15.851   15.851   16.199   16.357   16.357
            0.175000  0.175000  0.175000
  -73.426  -73.426  -73.426  -73.426  -39.606  -39.606  -39.606  -39.605  -39.605  -39.604
  -39.604  -39.604  -39.355  -39.355  -39.355  -39.355   -3.775   -2.146   -2.127   -2.127
    0.581    0.581    0.819    1.480    5.729    5.905    5.905    7.080    7.092    7.092
    7.171    7.665    7.665    8.632    8.632    8.920    9.162    9.162    9.384    9.682
    9.682   10.123   10.689   10.689   11.959   12.112   12.112   12.222   12.222   12.283
   12.456   12.456   12.544   12.544   12.591   12.814   14.052   14.423   14.423   14.635
   15.242   15.645   15.645   15.928   15.928   16.268   16.387   16.388
            0.150000  0.150000  0.150000
  -73.426  -73.426  -73.426  -73.426  -39.607  -39.606  -39.606  -39.605  -39.605  -39.604
  -39.604  -39.604  -39.355  -39.355  -39.355  -39.355   -3.863   -2.112   -2.095   -2.095
    0.585    0.585    0.770    1.607    5.821    5.950    5.950    7.072    7.081    7.081
    7.289    7.592    7.592    8.639    8.639    8.813    9.105    9.105    9.239    9.569
    9.569   10.181   10.634   10.634   11.938   12.059   12.059   12.252   12.252   12.332
   12.459   12.459   12.532   12.532   12.573   12.807   13.978   14.404   14.404   14.553
   15.375   15.779   15.779   16.015   16.015   16.308   16.417   16.417
            0.125000  0.125000  0.125000
  -73.426  -73.426  -73.426  -73.426  -39.607  -39.606  -39.606  -39.605  -39.605  -39.604
  -39.604  -39.604  -39.355  -39.355  -39.355  -39.355   -3.938   -2.078   -2.065   -2.065
    0.582    0.582    0.717    1.723    5.917    6.009    6.009    7.022    7.062    7.062
    7.464    7.551    7.551    8.598    8.598    8.664    9.089    9.089    9.137    9.464
    9.464   10.225   10.569   10.569   11.913   11.993   11.993   12.281   12.281   12.378
   12.468   12.468   12.523   12.523   12.552   12.798   13.888   14.398   14.398   14.492
   15.523   15.883   15.883   16.110   16.110   16.324   16.457   16.457
            0.100000  0.100000  0.100000
  -73.426  -73.426  -73.426  -73.426  -39.607  -39.606  -39.606  -39.605  -39.605  -39.604
  -39.604  -39.604  -39.355  -39.355  -39.355  -39.355   -4.000   -2.047   -2.038   -2.038
    0.576    0.576    0.665    1.824    6.014    6.074    6.074    6.982    7.039    7.039
    7.546    7.546    7.634    8.481    8.502    8.502    9.085    9.101    9.101    9.387
    9.387   10.257   10.498   10.498   11.883   11.925   11.925   12.307   12.307   12.420
   12.479   12.479   12.516   12.516   12.532   12.789   13.787   14.399   14.399   14.452
   15.677   15.959   15.959   16.187   16.187   16.321   16.524   16.524
            0.075000  0.075000  0.075000
  -73.426  -73.426  -73.426  -73.426  -39.607  -39.606  -39.606  -39.605  -39.605  -39.604
  -39.604  -39.604  -39.355  -39.355  -39.355  -39.355   -4.049   -2.020   -2.015   -2.015
    0.568    0.568    0.620    1.906    6.102    6.138    6.138    6.961    7.014    7.014
    7.578    7.578    7.785    8.292    8.366    8.366    9.064    9.107    9.107    9.361
    9.361   10.277   10.426   10.426   11.848   11.865   11.865   12.328   12.328   12.455
   12.489   12.489   12.511   12.511   12.518   12.782   13.684   14.404   14.404   14.431
   15.824   16.017   16.017   16.221   16.221   16.305   16.622   16.622
            0.050000  0.050000  0.050000
  -73.426  -73.426  -73.426  -73.426  -39.607  -39.606  -39.606  -39.605  -39.605  -39.604
  -39.604  -39.604  -39.355  -39.355  -39.355  -39.355   -4.084   -2.000   -1.997   -1.997
    0.561    0.561    0.584    1.967    6.174    6.190    6.190    6.959    6.993    6.993
    7.646    7.646    7.902    8.126    8.210    8.210    9.061    9.092    9.092    9.383
    9.383   10.288   10.360   10.360   11.815   11.820   11.820   12.344   12.344   12.480
   12.497   12.497   12.509   12.509   12.511   12.776   13.595   14.410   14.410   14.421
   15.954   16.064   16.064   16.225   16.225   16.277   16.724   16.724
            0.025000  0.025000  0.025000
  -73.426  -73.426  -73.426  -73.426  -39.607  -39.607  -39.607  -39.605  -39.605  -39.604
  -39.604  -39.604  -39.356  -39.355  -39.355  -39.355   -4.106   -1.987   -1.986   -1.986
    0.555    0.555    0.561    2.005    6.221    6.225    6.225    6.969    6.980    6.980
    7.744    7.744    7.963    8.022    8.053    8.053    9.065    9.074    9.074    9.415
    9.415   10.292   10.311   10.311   11.790   11.791   11.791   12.354   12.354   12.496
   12.500   12.500   12.509   12.509   12.509   12.773   13.534   14.415   14.415   14.417
   16.059   16.098   16.098   16.215   16.215   16.238   16.798   16.798
            0.000000  0.000000  0.000000
  -73.426  -73.426  -73.426  -73.426  -39.607  -39.607  -39.607  -39.605  -39.605  -39.604
  -39.604  -39.604  -39.356  -39.355  -39.355  -39.355   -4.113   -1.982   -1.982   -1.982
    0.554    0.554    0.554    2.018    6.237    6.237    6.237    6.975    6.975    6.975
    7.830    7.830    7.947    7.947    7.947    8.020    9.067    9.067    9.067    9.429
    9.429   10.293   10.293   10.293   11.781   11.781   11.781   12.357   12.358   12.501
   12.501   12.501   12.509   12.509   12.509   12.771   13.512   14.416   14.416   14.416
   16.112   16.113   16.113   16.208   16.208   16.208   16.825   16.825
            0.000000  0.025000  0.000000
  -73.426  -73.426  -73.426  -73.426  -39.607  -39.607  -39.607  -39.605  -39.605  -39.604
  -39.604  -39.604  -39.356  -39.355  -39.355  -39.355   -4.110   -1.988   -1.982   -1.982
    0.554    0.555    0.556    2.013    6.226    6.235    6.236    6.964    6.973    6.989
    7.759    7.834    7.954    7.956    8.015    8.022    9.064    9.067    9.075    9.418
    9.430   10.289   10.291   10.312   11.781   11.786   11.787   12.355   12.358   12.500
   12.500   12.501   12.509   12.509   12.510   12.772   13.520   14.415   14.416   14.417
   16.097   16.104   16.105   16.208   16.216   16.218   16.807   16.824
            0.000000  0.050000  0.000000
  -73.426  -73.426  -73.426  -73.426  -39.607  -39.607  -39.606  -39.605  -39.605  -39.604
  -39.604  -39.604  -39.356  -39.355  -39.355  -39.355   -4.103   -2.003   -1.980   -1.980
    0.557    0.558    0.561    2.001    6.198    6.228    6.233    6.932    6.967    7.029
    7.654    7.849    7.976    7.979    8.001    8.138    9.053    9.066    9.099    9.390
    9.433   10.277   10.284   10.363   11.779   11.800   11.803   12.347   12.359   12.494
   12.496   12.500   12.509   12.509   12.513   12.773   13.541   14.410   14.415   14.421
   16.062   16.082   16.085   16.208   16.236   16.238   16.754   16.823
            0.000000  0.075000  0.000000
  -73.426  -73.426  -73.426  -73.426  -39.607  -39.606  -39.606  -39.605  -39.605  -39.604
  -39.604  -39.604  -39.355  -39.355  -39.355  -39.355   -4.092   -2.029   -1.977   -1.977
    0.561    0.563    0.571    1.980    6.157    6.217    6.227    6.887    6.956    7.089
    7.552    7.871    7.980    8.011    8.011    8.260    9.035    9.065    9.140    9.351
    9.437   10.258   10.273   10.438   11.777   11.822   11.828   12.334   12.362   12.483
   12.490   12.497   12.508   12.512   12.520   12.775   13.576   14.403   14.413   14.427
   16.019   16.046   16.061   16.208   16.257   16.261   16.672   16.820
            0.000000  0.100000  0.000000
  -73.426  -73.426  -73.426  -73.426  -39.607  -39.606  -39.606  -39.605  -39.605  -39.604
  -39.604  -39.604  -39.355  -39.355  -39.355  -39.355   -4.075   -2.064   -1.973   -1.972
    0.567    0.571    0.583    1.952    6.109    6.202    6.216    6.835    6.939    7.166
    7.456    7.902    7.953    8.045    8.057    8.384    9.012    9.066    9.197    9.309
    9.444   10.233   10.257   10.527   11.775   11.850   11.863   12.316   12.365   12.467
   12.481   12.491   12.508   12.516   12.530   12.777   13.622   14.392   14.411   14.435
   15.971   15.999   16.036   16.207   16.271   16.288   16.564   16.816
            0.000000  0.125000  0.000000
  -73.426  -73.426  -73.426  -73.426  -39.607  -39.606  -39.606  -39.605  -39.605  -39.604
  -39.604  -39.604  -39.355  -39.355  -39.355  -39.355   -4.054   -2.108   -1.968   -1.967
    0.574    0.581    0.598    1.916    6.057    6.182    6.200    6.783    6.916    7.256
    7.367    7.922    7.938    8.076    8.114    8.507    8.983    9.069    9.269    9.270
    9.452   10.202   10.239   10.623   11.775   11.882   11.904   12.293   12.368   12.446
   12.472   12.483   12.507   12.523   12.544   12.781   13.678   14.380   14.410   14.447
   15.921   15.944   16.010   16.206   16.278   16.315   16.436   16.809
            0.000000  0.150000  0.000000
  -73.426  -73.426  -73.426  -73.426  -39.607  -39.606  -39.606  -39.605  -39.604  -39.604
  -39.604  -39.604  -39.355  -39.355  -39.355  -39.355   -4.028   -2.160   -1.962   -1.960
    0.582    0.593    0.615    1.874    6.005    6.157    6.176    6.738    6.886    7.288
    7.356    7.890    7.977    8.100    8.178    8.626    8.951    9.078    9.234    9.358
    9.463   10.167   10.218   10.718   11.777   11.917   11.951   12.268   12.373   12.419
   12.461   12.474   12.507   12.531   12.562   12.784   13.741   14.365   14.410   14.463
   15.869   15.884   15.984   16.203   16.277   16.295   16.343   16.799
            0.000000  0.175000  0.000000
  -73.426  -73.426  -73.426  -73.426  -39.607  -39.606  -39.606  -39.605  -39.604  -39.604
  -39.604  -39.604  -39.355  -39.355  -39.355  -39.355   -3.998   -2.218   -1.955   -1.953
    0.592    0.608    0.633    1.827    5.956    6.127    6.144    6.703    6.846    7.217
    7.465    7.860    8.017    8.117    8.247    8.739    8.917    9.096    9.204    9.459
    9.475   10.130   10.195   10.806   11.782   11.953   12.003   12.241   12.378   12.387
   12.451   12.463   12.506   12.542   12.584   12.788   13.810   14.349   14.412   14.483
   15.817   15.823   15.958   16.144   16.199   16.268   16.369   16.785
            0.000000  0.200000  0.000000
  -73.426  -73.426  -73.426  -73.426  -39.607  -39.606  -39.606  -39.605  -39.605  -39.604
  -39.604  -39.604  -39.355  -39.355  -39.355  -39.355   -3.964   -2.283   -1.948   -1.945
    0.603    0.624    0.651    1.774    5.911    6.093    6.103    6.680    6.798    7.156
    7.581    7.835    8.055    8.127    8.316    8.840    8.886    9.131    9.181    9.488
    9.569   10.090   10.170   10.879   11.791   11.987   12.056   12.216   12.350   12.383
   12.442   12.451   12.506   12.555   12.609   12.792   13.882   14.332   14.417   14.508
   15.764   15.765   15.934   15.987   16.192   16.250   16.393   16.769
            0.000000  0.225000  0.000000
  -73.426  -73.426  -73.426  -73.426  -39.606  -39.606  -39.606  -39.605  -39.604  -39.604
  -39.604  -39.604  -39.355  -39.355  -39.355  -39.355   -3.925   -2.353   -1.940   -1.937
    0.615    0.644    0.670    1.718    5.871    6.055    6.056    6.669    6.740    7.104
    7.705    7.818    8.089    8.130    8.379    8.862    8.922    9.162    9.191    9.504
    9.686   10.048   10.144   10.932   11.802   12.018   12.110   12.196   12.307   12.388
   12.436   12.437   12.506   12.569   12.637   12.796   13.955   14.316   14.425   14.538
   15.708   15.714   15.830   15.911   16.182   16.223   16.415   16.750
            0.000000  0.250000  0.000000
  -73.426  -73.426  -73.426  -73.426  -39.606  -39.606  -39.606  -39.605  -39.604  -39.604
  -39.604  -39.604  -39.355  -39.355  -39.355  -39.355   -3.881   -2.427   -1.932   -1.928
    0.627    0.666    0.687    1.658    5.838    6.006    6.014    6.668    6.674    7.061
    7.808    7.834    8.115    8.128    8.426    8.854    8.987    9.149    9.275    9.521
    9.804   10.006   10.117   10.958   11.817   12.046   12.164   12.187   12.260   12.394
   12.421   12.433   12.506   12.587   12.666   12.798   14.029   14.299   14.438   14.575
   15.635   15.665   15.697   15.890   16.167   16.187   16.435   16.728
            0.000000  0.275000  0.000000
  -73.426  -73.426  -73.426  -73.426  -39.606  -39.606  -39.606  -39.605  -39.604  -39.604
  -39.604  -39.604  -39.355  -39.355  -39.355  -39.355   -3.834   -2.505   -1.923   -1.920
    0.641    0.691    0.703    1.597    5.812    5.954    5.972    6.602    6.674    7.025
    7.806    7.967    8.122    8.133    8.449    8.872    9.042    9.138    9.377    9.540
    9.919    9.966   10.089   10.952   11.833   12.070   12.189   12.211   12.215   12.400
   12.403   12.433   12.506   12.606   12.697   12.800   14.101   14.284   14.455   14.618
   15.494   15.618   15.645   15.870   16.141   16.146   16.451   16.704
            0.000000  0.300000  0.000000
  -73.426  -73.426  -73.426  -73.426  -39.606  -39.606  -39.606  -39.605  -39.604  -39.604
  -39.604  -39.604  -39.355  -39.355  -39.355  -39.355   -3.782   -2.585   -1.915   -1.912
    0.654    0.718    0.718    1.533    5.793    5.905    5.929    6.525    6.687    6.996
    7.812    8.102    8.114    8.143    8.445    8.918    9.095    9.129    9.487    9.560
    9.917   10.037   10.061   10.912   11.849   12.085   12.163   12.206   12.263   12.384
   12.406   12.438   12.507   12.627   12.726   12.800   14.172   14.272   14.477   14.668
   15.340   15.574   15.619   15.853   16.086   16.119   16.464   16.678
            0.000000  0.325000  0.000000
  -73.426  -73.426  -73.426  -73.426  -39.606  -39.606  -39.606  -39.605  -39.604  -39.604
  -39.604  -39.604  -39.355  -39.355  -39.355  -39.355   -3.727   -2.667   -1.907   -1.904
    0.668    0.730    0.749    1.469    5.783    5.859    5.887    6.446    6.703    6.972
    7.826    8.105    8.144    8.233    8.424    8.986    9.120    9.150    9.581    9.602
    9.873   10.032   10.140   10.842   11.865   12.074   12.138   12.234   12.306   12.363
   12.411   12.447   12.509   12.651   12.753   12.797   14.241   14.263   14.504   14.724
   15.189   15.535   15.606   15.836   16.023   16.083   16.473   16.651
            0.000000  0.350000  0.000000
  -73.426  -73.426  -73.426  -73.426  -39.606  -39.606  -39.606  -39.605  -39.604  -39.604
  -39.604  -39.604  -39.355  -39.355  -39.355  -39.355   -3.668   -2.750   -1.900   -1.896
    0.682    0.740    0.782    1.405    5.781    5.818    5.848    6.365    6.723    6.951
    7.846    8.095    8.140    8.327    8.426    9.070    9.111    9.206    9.603    9.718
    9.829   10.004   10.230   10.746   11.878   12.031   12.144   12.269   12.341   12.342
   12.417   12.460   12.514   12.675   12.777   12.792   14.259   14.308   14.533   14.786
   15.045   15.499   15.604   15.822   15.953   16.040   16.480   16.624
            0.000000  0.375000  0.000000
  -73.426  -73.426  -73.426  -73.426  -39.606  -39.606  -39.606  -39.605  -39.604  -39.604
  -39.604  -39.604  -39.355  -39.355  -39.355  -39.355   -3.605   -2.834   -1.893   -1.890
    0.695    0.747    0.818    1.341    5.783    5.788    5.812    6.286    6.744    6.933
    7.872    8.086    8.130    8.311    8.525    9.100    9.164    9.263    9.626    9.783
    9.832    9.976   10.304   10.629   11.888   11.985   12.155   12.308   12.318   12.372
   12.422   12.473   12.524   12.701   12.783   12.796   14.261   14.372   14.563   14.854
   14.910   15.469   15.612   15.808   15.879   15.989   16.483   16.598
            0.000000  0.400000  0.000000
  -73.426  -73.426  -73.426  -73.426  -39.606  -39.606  -39.606  -39.605  -39.604  -39.604
  -39.604  -39.604  -39.355  -39.355  -39.355  -39.355   -3.539   -2.918   -1.887   -1.884
    0.708    0.752    0.858    1.278    5.754    5.780    5.803    6.209    6.766    6.917
    7.904    8.078    8.119    8.266    8.639    9.085    9.269    9.321    9.650    9.737
    9.944    9.949   10.356   10.496   11.894   11.944   12.168   12.296   12.345   12.393
   12.427   12.482   12.544   12.726   12.769   12.809   14.271   14.432   14.590   14.785
   14.927   15.442   15.628   15.794   15.806   15.931   16.486   16.572
            0.000000  0.425000  0.000000
  -73.426  -73.426  -73.426  -73.426  -39.606  -39.606  -39.606  -39.605  -39.604  -39.604
  -39.604  -39.604  -39.355  -39.355  -39.355  -39.355   -3.470   -3.002   -1.882   -1.880
    0.720    0.754    0.900    1.217    5.733    5.754    5.827    6.136    6.788    6.901
    7.939    8.073    8.106    8.217    8.742    9.066    9.378    9.383    9.672    9.690
    9.926   10.051   10.355   10.382   11.895   11.913   12.180   12.274   12.379   12.408
   12.433   12.486   12.571   12.750   12.751   12.817   14.290   14.487   14.611   14.672
   15.005   15.415   15.649   15.741   15.779   15.869   16.487   16.550
            0.000000  0.450000  0.000000
  -73.426  -73.426  -73.426  -73.426  -39.606  -39.606  -39.606  -39.605  -39.604  -39.604
  -39.604  -39.604  -39.355  -39.355  -39.355  -39.355   -3.397   -3.084   -1.879   -1.877
    0.730    0.754    0.946    1.158    5.718    5.733    5.860    6.068    6.809    6.884
    7.979    8.071    8.094    8.167    8.831    9.040    9.434    9.501    9.642    9.690
    9.910   10.149   10.211   10.383   11.892   11.893   12.192   12.254   12.405   12.418
   12.440   12.485   12.603   12.728   12.772   12.819   14.320   14.535   14.573   14.621
   15.087   15.378   15.672   15.698   15.762   15.808   16.490   16.530
            0.000000  0.475000  0.000000
  -73.426  -73.426  -73.426  -73.426  -39.606  -39.606  -39.606  -39.606  -39.604  -39.604
  -39.604  -39.604  -39.355  -39.355  -39.355  -39.355   -3.322   -3.165   -1.876   -1.875
    0.739    0.751    0.995    1.101    5.711    5.719    5.901    6.005    6.830    6.867
    8.022    8.072    8.084    8.117    8.903    9.005    9.489    9.592    9.610    9.699
    9.915   10.075   10.235   10.356   11.884   11.887   12.205   12.236   12.419   12.422
   12.453   12.479   12.637   12.701   12.791   12.815   14.362   14.488   14.575   14.619
   15.170   15.323   15.688   15.697   15.743   15.752   16.494   16.514
            0.000000  0.500000  0.000000
  -73.426  -73.426  -73.426  -73.426  -39.606  -39.606  -39.605  -39.605  -39.604  -39.604
  -39.604  -39.604  -39.355  -39.355  -39.355  -39.355   -3.245   -3.245   -1.875   -1.875
    0.746    0.746    1.046    1.046    5.712    5.712    5.949    5.949    6.849    6.849
    8.069    8.069    8.077    8.077    8.961    8.961    9.541    9.541    9.680    9.680
    9.966    9.966   10.306   10.306   11.883   11.883   12.220   12.220   12.423   12.423
   12.468   12.468   12.670   12.670   12.805   12.805   14.418   14.418   14.603   14.603
   15.251   15.251   15.709   15.709   15.721   15.721   16.502   16.502
            0.025000  0.500000  0.000000
  -73.426  -73.426  -73.426  -73.426  -39.606  -39.606  -39.606  -39.606  -39.604  -39.604
  -39.604  -39.604  -39.355  -39.355  -39.355  -39.355   -3.243   -3.243   -1.877   -1.877
    0.746    0.746    1.044    1.044    5.718    5.718    5.947    5.947    6.839    6.839
    8.066    8.066    8.090    8.090    8.960    8.960    9.539    9.539    9.670    9.670
    9.986    9.986   10.307   10.307   11.882   11.882   12.220   12.220   12.420   12.420
   12.466   12.466   12.670   12.670   12.805   12.805   14.417   14.417   14.602   14.602
   15.251   15.251   15.712   15.712   15.712   15.712   16.507   16.507
            0.050000  0.500000  0.000000
  -73.426  -73.426  -73.426  -73.426  -39.606  -39.606  -39.606  -39.606  -39.604  -39.604
  -39.604  -39.604  -39.355  -39.355  -39.355  -39.355   -3.237   -3.237   -1.883   -1.883
    0.746    0.746    1.037    1.037    5.737    5.737    5.939    5.939    6.810    6.810
    8.059    8.059    8.128    8.128    8.960    8.960    9.532    9.532    9.647    9.647
   10.037   10.037   10.308   10.308   11.878   11.878   12.223   12.223   12.411   12.411
   12.462   12.462   12.669   12.669   12.803   12.803   14.415   14.415   14.598   14.598
   15.254   15.254   15.687   15.687   15.720   15.720   16.521   16.521
            0.075000  0.500000  0.000000
  -73.426  -73.426  -73.426  -73.426  -39.606  -39.606  -39.606  -39.606  -39.604  -39.604
  -39.604  -39.604  -39.355  -39.355  -39.355  -39.355   -3.227   -3.227   -1.892   -1.892
    0.746    0.746    1.026    1.026    5.767    5.767    5.928    5.928    6.767    6.767
    8.047    8.047    8.186    8.186    8.959    8.959    9.520    9.520    9.619    9.619
   10.109   10.109   10.311   10.311   11.873   11.873   12.227   12.227   12.395   12.395
   12.458   12.458   12.669   12.669   12.801   12.801   14.412   14.412   14.592   14.592
   15.257   15.257   15.648   15.648   15.733   15.733   16.540   16.540
            0.100000  0.500000  0.000000
  -73.426  -73.426  -73.426  -73.426  -39.606  -39.606  -39.606  -39.606  -39.604  -39.604
  -39.604  -39.604  -39.355  -39.355  -39.355  -39.355   -3.213   -3.213   -1.905   -1.905
    0.747    0.747    1.011    1.011    5.807    5.807    5.911    5.911    6.715    6.715
    8.032    8.032    8.261    8.261    8.958    8.958    9.504    9.504    9.593    9.593
   10.194   10.194   10.314   10.314   11.865   11.865   12.233   12.233   12.371   12.371
   12.452   12.452   12.669   12.669   12.797   12.797   14.407   14.407   14.584   14.584
   15.260   15.260   15.600   15.600   15.750   15.750   16.561   16.561
            0.125000  0.500000  0.000000
  -73.426  -73.426  -73.426  -73.426  -39.606  -39.606  -39.606  -39.606  -39.604  -39.604
  -39.604  -39.604  -39.355  -39.355  -39.355  -39.355   -3.195   -3.195   -1.922   -1.922
    0.747    0.747    0.993    0.993    5.853    5.853    5.891    5.891    6.661    6.661
    8.015    8.015    8.346    8.346    8.958    8.958    9.485    9.485    9.570    9.570
   10.287   10.287   10.317   10.317   11.857   11.857   12.242   12.242   12.340   12.340
   12.447   12.447   12.669   12.669   12.792   12.792   14.401   14.401   14.574   14.574
   15.262   15.262   15.546   15.546   15.772   15.772   16.579   16.579
            0.150000  0.500000  0.000000
  -73.426  -73.426  -73.426  -73.426  -39.606  -39.606  -39.606  -39.606  -39.605  -39.605
  -39.604  -39.604  -39.355  -39.355  -39.355  -39.355   -3.174   -3.174   -1.943   -1.943
    0.747    0.747    0.973    0.973    5.868    5.868    5.902    5.902    6.612    6.612
    7.997    7.997    8.437    8.437    8.957    8.957    9.464    9.464    9.551    9.551
   10.319   10.319   10.385   10.385   11.849   11.849   12.253   12.253   12.302   12.302
   12.441   12.441   12.670   12.670   12.787   12.787   14.395   14.395   14.564   14.564
   15.262   15.262   15.490   15.490   15.797   15.797   16.592   16.592
            0.175000  0.500000  0.000000
  -73.426  -73.426  -73.426  -73.426  -39.606  -39.606  -39.606  -39.606  -39.605  -39.605
  -39.604  -39.604  -39.355  -39.355  -39.355  -39.355   -3.149   -3.149   -1.968   -1.968
    0.748    0.748    0.951    0.951    5.842    5.842    5.946    5.946    6.575    6.575
    7.978    7.978    8.532    8.532    8.957    8.957    9.442    9.442    9.536    9.536
   10.321   10.321   10.483   10.483   11.841   11.841   12.259   12.259   12.266   12.266
   12.434   12.434   12.672   12.672   12.781   12.781   14.389   14.389   14.553   14.553
   15.259   15.259   15.432   15.432   15.824   15.824   16.597   16.597
            0.200000  0.500000  0.000000
  -73.426  -73.426  -73.426  -73.426  -39.606  -39.606  -39.606  -39.606  -39.604  -39.604
  -39.604  -39.604  -39.355  -39.355  -39.355  -39.355   -3.120   -3.120   -1.997   -1.997
    0.748    0.748    0.928    0.928    5.815    5.815    5.977    5.977    6.562    6.562
    7.960    7.960    8.626    8.626    8.957    8.957    9.419    9.419    9.525    9.525
   10.322   10.322   10.579   10.579   11.835   11.835   12.214   12.214   12.282   12.282
   12.427   12.427   12.673   12.673   12.774   12.774   14.385   14.385   14.543   14.543
   15.252   15.252   15.376   15.376   15.853   15.853   16.592   16.592
            0.225000  0.500000  0.000000
  -73.426  -73.426  -73.426  -73.426  -39.606  -39.606  -39.606  -39.606  -39.604  -39.604
  -39.604  -39.604  -39.355  -39.355  -39.355  -39.355   -3.088   -3.088   -2.029   -2.029
    0.748    0.748    0.905    0.905    5.786    5.786    5.986    5.986    6.580    6.580
    7.942    7.942    8.717    8.717    8.957    8.957    9.398    9.398    9.516    9.516
   10.323   10.323   10.668   10.668   11.831   11.831   12.169   12.169   12.301   12.301
   12.419   12.419   12.675   12.675   12.766   12.766   14.383   14.383   14.534   14.534
   15.241   15.241   15.320   15.320   15.881   15.881   16.579   16.579
            0.250000  0.500000  0.000000
  -73.426  -73.426  -73.426  -73.426  -39.606  -39.606  -39.606  -39.606  -39.604  -39.604
  -39.604  -39.604  -39.355  -39.355  -39.355  -39.355   -3.052   -3.052   -2.065   -2.065
    0.748    0.748    0.883    0.883    5.757    5.757    5.971    5.971    6.629    6.629
    7.924    7.924    8.801    8.801    8.957    8.957    9.380    9.380    9.509    9.509
   10.324   10.324   10.745   10.745   11.831   11.831   12.127   12.127   12.321   12.321
   12.410   12.410   12.677   12.677   12.758   12.758   14.384   14.384   14.527   14.527
   15.224   15.224   15.267   15.267   15.909   15.909   16.555   16.555
            0.275000  0.500000  0.000000
  -73.426  -73.426  -73.426  -73.426  -39.606  -39.606  -39.606  -39.606  -39.604  -39.604
  -39.604  -39.604  -39.355  -39.355  -39.355  -39.355   -3.013   -3.013   -2.104   -2.104
    0.748    0.748    0.862    0.862    5.729    5.729    5.941    5.941    6.703    6.703
    7.906    7.906    8.874    8.874    8.956    8.956    9.368    9.368    9.505    9.505
   10.326   10.326   10.807   10.807   11.833   11.833   12.091   12.091   12.342   12.342
   12.401   12.401   12.680   12.680   12.750   12.750   14.390   14.390   14.524   14.524
   15.202   15.202   15.214   15.214   15.936   15.936   16.523   16.523
            0.300000  0.500000  0.000000
  -73.426  -73.426  -73.426  -73.426  -39.606  -39.606  -39.606  -39.606  -39.604  -39.604
  -39.604  -39.604  -39.355  -39.355  -39.355  -39.355   -2.972   -2.972   -2.146   -2.146
    0.748    0.748    0.842    0.842    5.703    5.703    5.900    5.900    6.793    6.793
    7.887    7.887    8.932    8.932    8.955    8.955    9.365    9.365    9.503    9.503
   10.330   10.330   10.848   10.848   11.840   11.840   12.066   12.066   12.364   12.364
   12.391   12.391   12.682   12.682   12.741   12.741   14.402   14.402   14.524   14.524
   15.162   15.162   15.174   15.174   15.960   15.960   16.485   16.485
            0.325000  0.500000  0.000000
  -73.426  -73.426  -73.426  -73.426  -39.606  -39.606  -39.606  -39.606  -39.604  -39.604
  -39.604  -39.604  -39.355  -39.355  -39.355  -39.355   -2.927   -2.927   -2.192   -2.192
    0.748    0.748    0.824    0.824    5.679    5.679    5.856    5.856    6.893    6.893
    7.867    7.867    8.954    8.954    8.972    8.972    9.373    9.373    9.502    9.502
   10.338   10.338   10.867   10.867   11.850   11.850   12.051   12.051   12.383   12.383
   12.386   12.386   12.684   12.684   12.733   12.733   14.421   14.421   14.529   14.529
   15.109   15.109   15.139   15.139   15.984   15.984   16.441   16.441
            0.350000  0.500000  0.000000
  -73.426  -73.426  -73.426  -73.426  -39.606  -39.606  -39.606  -39.606  -39.604  -39.604
  -39.604  -39.604  -39.355  -39.355  -39.355  -39.355   -2.880   -2.880   -2.240   -2.240
    0.748    0.748    0.808    0.808    5.658    5.658    5.813    5.813    6.998    6.998
    7.843    7.843    8.953    8.953    8.993    8.993    9.391    9.391    9.502    9.502
   10.350   10.350   10.864   10.864   11.864   11.864   12.046   12.046   12.376   12.376
   12.406   12.406   12.687   12.687   12.725   12.725   14.447   14.447   14.539   14.539
   15.057   15.057   15.098   15.098   16.005   16.005   16.394   16.394
            0.375000  0.500000  0.000000
  -73.426  -73.426  -73.426  -73.426  -39.606  -39.606  -39.606  -39.606  -39.604  -39.604
  -39.604  -39.604  -39.355  -39.355  -39.355  -39.355   -2.831   -2.831   -2.290   -2.290
    0.748    0.748    0.795    0.795    5.642    5.642    5.771    5.771    7.104    7.104
    7.815    7.815    8.951    8.951    9.000    9.000    9.416    9.416    9.504    9.504
   10.369   10.369   10.840   10.840   11.881   11.881   12.046   12.046   12.373   12.373
   12.422   12.422   12.689   12.689   12.717   12.717   14.482   14.482   14.555   14.555
   15.003   15.003   15.051   15.051   16.026   16.026   16.346   16.346
            0.400000  0.500000  0.000000
  -73.426  -73.426  -73.426  -73.426  -39.606  -39.606  -39.606  -39.606  -39.604  -39.604
  -39.604  -39.604  -39.355  -39.355  -39.355  -39.355   -2.780   -2.780   -2.343   -2.343
    0.749    0.749    0.783    0.783    5.629    5.629    5.734    5.734    7.209    7.209
    7.782    7.782    8.950    8.950    8.997    8.997    9.442    9.442    9.505    9.505
   10.396   10.396   10.800   10.800   11.902   11.902   12.046   12.046   12.376   12.376
   12.435   12.435   12.692   12.692   12.711   12.711   14.524   14.524   14.578   14.578
   14.948   14.948   14.998   14.998   16.047   16.047   16.299   16.299
            0.425000  0.500000  0.000000
  -73.426  -73.426  -73.426  -73.426  -39.606  -39.606  -39.606  -39.606  -39.604  -39.604
  -39.604  -39.604  -39.355  -39.355  -39.355  -39.355   -2.727   -2.727   -2.396   -2.396
    0.749    0.749    0.774    0.774    5.622    5.622    5.701    5.701    7.309    7.309
    7.741    7.741    8.950    8.950    8.989    8.989    9.465    9.465    9.507    9.507
   10.430   10.430   10.750   10.750   11.925   11.925   12.043   12.043   12.384   12.384
   12.441   12.441   12.694   12.694   12.707   12.707   14.573   14.573   14.608   14.608
   14.893   14.893   14.941   14.941   16.068   16.068   16.255   16.255
            0.450000  0.500000  0.000000
  -73.426  -73.426  -73.426  -73.426  -39.606  -39.606  -39.606  -39.606  -39.604  -39.604
  -39.604  -39.604  -39.355  -39.355  -39.355  -39.355   -2.673   -2.673   -2.451   -2.451
    0.751    0.751    0.766    0.766    5.621    5.621    5.673    5.673    7.403    7.403
    7.692    7.692    8.952    8.952    8.979    8.979    9.483    9.483    9.508    9.508
   10.472   10.472   10.693   10.693   11.949   11.949   12.033   12.033   12.397   12.397
   12.442   12.442   12.696   12.696   12.703   12.703   14.628   14.628   14.644   14.644
   14.838   14.838   14.879   14.879   16.091   16.091   16.215   16.215
            0.475000  0.500000  0.000000
  -73.426  -73.426  -73.426  -73.426  -39.606  -39.606  -39.606  -39.606  -39.604  -39.604
  -39.604  -39.604  -39.355  -39.355  -39.355  -39.355   -2.618   -2.618   -2.507   -2.507
    0.753    0.753    0.761    0.761    5.625    5.625    5.651    5.651    7.489    7.489
    7.634    7.634    8.956    8.956    8.970    8.970    9.496    9.496    9.507    9.507
   10.521   10.521   10.634   10.634   11.973   11.973   12.017   12.017   12.412   12.412
   12.436   12.436   12.698   12.698   12.701   12.701   14.686   14.686   14.688   14.688
   14.784   14.784   14.816   14.816   16.117   16.117   16.178   16.178
            0.500000  0.500000  0.000000
  -73.426  -73.426  -73.426  -73.426  -39.606  -39.606  -39.606  -39.606  -39.604  -39.604
  -39.604  -39.604  -39.355  -39.355  -39.355  -39.355   -2.562   -2.562   -2.562   -2.562
    0.756    0.756    0.756    0.756    5.635    5.635    5.635    5.635    7.566    7.566
    7.566    7.566    8.962    8.962    8.962    8.962    9.503    9.503    9.503    9.503
   10.576   10.576   10.576   10.576   11.996   11.996   11.996   11.996   12.426   12.426
   12.426   12.426   12.699   12.699   12.699   12.699   14.733   14.733   14.733   14.733
   14.752   14.752   14.752   14.752   16.146   16.146   16.146   16.146
            0.475000  0.475000  0.000000
  -73.426  -73.426  -73.426  -73.426  -39.606  -39.606  -39.606  -39.606  -39.604  -39.604
  -39.604  -39.604  -39.355  -39.355  -39.355  -39.355   -2.676   -2.560   -2.559   -2.453
    0.728    0.735    0.779    0.788    5.570    5.596    5.685    5.710    7.441    7.535
    7.600    7.660    8.903    8.919    8.993    9.031    9.467    9.479    9.523    9.533
   10.450   10.566   10.589   10.701   11.952   11.994   11.999   12.043   12.383   12.408
   12.442   12.465   12.672   12.678   12.718   12.719   14.635   14.665   14.717   14.734
   14.736   14.792   14.837   14.851   16.101   16.128   16.160   16.191
            0.450000  0.450000  0.000000
  -73.426  -73.426  -73.426  -73.426  -39.606  -39.606  -39.606  -39.606  -39.604  -39.604
  -39.604  -39.604  -39.355  -39.355  -39.355  -39.355   -2.793   -2.552   -2.550   -2.352
    0.703    0.717    0.802    0.824    5.516    5.568    5.748    5.794    7.299    7.506
    7.635    7.706    8.823    8.918    8.996    9.109    9.427    9.452    9.538    9.556
   10.327   10.563   10.595   10.822   11.918   11.990   12.004   12.083   12.343   12.387
   12.456   12.493   12.638   12.657   12.732   12.732   14.546   14.595   14.694   14.734
   14.739   14.838   14.948   14.961   16.056   16.106   16.172   16.237
            0.425000  0.425000  0.000000
  -73.426  -73.426  -73.426  -73.426  -39.606  -39.606  -39.606  -39.606  -39.604  -39.604
  -39.604  -39.604  -39.355  -39.355  -39.355  -39.355   -2.911   -2.538   -2.536   -2.259
    0.681    0.703    0.823    0.866    5.477    5.551    5.822    5.882    7.156    7.480
    7.665    7.703    8.728    8.938    8.997    9.171    9.391    9.424    9.549    9.573
   10.208   10.562   10.587   10.937   11.901   11.984   12.011   12.111   12.314   12.365
   12.470   12.503   12.597   12.645   12.738   12.743   14.465   14.539   14.685   14.731
   14.748   14.886   15.062   15.078   16.009   16.083   16.182   16.284
            0.400000  0.400000  0.000000
  -73.426  -73.426  -73.426  -73.426  -39.606  -39.606  -39.606  -39.605  -39.605  -39.604
  -39.604  -39.604  -39.355  -39.355  -39.355  -39.355   -3.029   -2.518   -2.516   -2.176
    0.662    0.695    0.840    0.914    5.452    5.544    5.907    5.971    7.021    7.456
    7.637    7.713    8.627    8.906    9.055    9.182    9.377    9.404    9.559    9.588
   10.098   10.555   10.556   11.043   11.903   11.973   12.020   12.123   12.302   12.340
   12.486   12.493   12.551   12.644   12.738   12.753   14.392   14.495   14.697   14.725
   14.762   14.933   15.178   15.196   15.960   16.059   16.191   16.329
            0.375000  0.375000  0.000000
  -73.426  -73.426  -73.426  -73.426  -39.606  -39.606  -39.605  -39.605  -39.605  -39.605
  -39.604  -39.604  -39.355  -39.355  -39.355  -39.355   -3.145   -2.494   -2.491   -2.106
    0.645    0.691    0.853    0.969    5.441    5.547    6.004    6.054    6.903    7.433
    7.558    7.742    8.527    8.851    9.109    9.134    9.377    9.408    9.578    9.609
   10.000   10.500   10.532   11.136   11.925   11.959   12.032   12.129   12.301   12.311
   12.472   12.488   12.516   12.650   12.732   12.761   14.327   14.459   14.714   14.735
   14.784   14.971   15.294   15.312   15.915   16.038   16.200   16.370
            0.350000  0.350000  0.000000
  -73.426  -73.426  -73.426  -73.426  -39.606  -39.606  -39.605  -39.605  -39.605  -39.604
  -39.604  -39.604  -39.355  -39.355  -39.355  -39.355   -3.258   -2.464   -2.461   -2.049
    0.631    0.690    0.859    1.031    5.447    5.559    6.112    6.123    6.815    7.409
    7.464    7.764    8.435    8.792    9.054    9.112    9.357    9.439    9.607    9.658
    9.913   10.426   10.485   11.209   11.946   11.961   12.044   12.140   12.279   12.304
   12.439   12.452   12.533   12.655   12.722   12.771   14.271   14.429   14.697   14.799
   14.816   14.987   15.407   15.421   15.886   16.021   16.208   16.408
            0.325000  0.325000  0.000000
  -73.426  -73.426  -73.426  -73.426  -39.606  -39.606  -39.605  -39.605  -39.605  -39.604
  -39.604  -39.604  -39.355  -39.355  -39.355  -39.355   -3.366   -2.430   -2.427   -2.004
    0.618    0.691    0.857    1.103    5.467    5.579    6.166    6.228    6.767    7.369
    7.382    7.774    8.354    8.742    8.959    9.073    9.311    9.459    9.636    9.749
    9.834   10.340   10.411   11.256   11.939   12.003   12.056   12.160   12.241   12.306
   12.387   12.438   12.556   12.655   12.708   12.780   14.222   14.404   14.674   14.856
   14.891   14.969   15.516   15.518   15.890   16.009   16.217   16.440
            0.300000  0.300000  0.000000
  -73.426  -73.426  -73.426  -73.426  -39.606  -39.606  -39.605  -39.605  -39.605  -39.605
  -39.604  -39.604  -39.355  -39.355  -39.355  -39.355   -3.470   -2.392   -2.389   -1.971
    0.607    0.693    0.849    1.183    5.502    5.607    6.179    6.351    6.766    7.280
    7.351    7.766    8.288    8.708    8.858    9.014    9.250    9.458    9.647    9.756
    9.863   10.257   10.313   11.268   11.946   12.033   12.080   12.191   12.200   12.302
   12.342   12.433   12.575   12.649   12.691   12.790   14.180   14.385   14.645   14.911
   14.914   15.006   15.601   15.620   15.931   16.004   16.225   16.466
            0.275000  0.275000  0.000000
  -73.426  -73.426  -73.426  -73.426  -39.606  -39.606  -39.606  -39.605  -39.605  -39.605
  -39.604  -39.604  -39.355  -39.355  -39.355  -39.355   -3.567   -2.351   -2.348   -1.950
    0.597    0.692    0.834    1.271    5.550    5.643    6.169    6.476    6.803    7.207
    7.313    7.737    8.234    8.695    8.760    8.945    9.179    9.447    9.614    9.691
    9.970   10.189   10.206   11.244   11.970   12.034   12.122   12.161   12.228   12.274
   12.326   12.436   12.587   12.637   12.671   12.799   14.142   14.370   14.609   14.833
   14.980   15.141   15.671   15.718   15.993   16.014   16.234   16.488
            0.250000  0.250000  0.000000
  -73.426  -73.426  -73.426  -73.426  -39.606  -39.606  -39.606  -39.605  -39.605  -39.604
  -39.604  -39.604  -39.355  -39.355  -39.355  -39.355   -3.658   -2.308   -2.305   -1.938
    0.589    0.688    0.812    1.364    5.610    5.686    6.153    6.593    6.863    7.161
    7.270    7.688    8.186    8.675    8.701    8.874    9.105    9.431    9.515    9.649
    9.990   10.145   10.161   11.188   12.007   12.020   12.110   12.183   12.237   12.268
   12.326   12.444   12.590   12.621   12.648   12.806   14.106   14.360   14.570   14.742
   15.064   15.293   15.727   15.810   16.016   16.084   16.243   16.507
            0.225000  0.225000  0.000000
  -73.426  -73.426  -73.426  -73.426  -39.606  -39.606  -39.606  -39.605  -39.605  -39.604
  -39.604  -39.604  -39.355  -39.355  -39.355  -39.355   -3.742   -2.262   -2.260   -1.933
    0.582    0.680    0.784    1.460    5.680    5.735    6.140    6.686    6.934    7.154
    7.223    7.625    8.132    8.614    8.702    8.823    9.028    9.389    9.413    9.596
    9.879   10.123   10.224   11.107   11.996   12.047   12.067   12.206   12.234   12.307
   12.329   12.454   12.585   12.602   12.622   12.809   14.067   14.355   14.528   14.654
   15.165   15.455   15.772   15.897   16.038   16.163   16.253   16.526
            0.200000  0.200000  0.000000
  -73.426  -73.426  -73.426  -73.426  -39.606  -39.606  -39.606  -39.605  -39.605  -39.604
  -39.604  -39.604  -39.355  -39.355  -39.355  -39.355   -3.818   -2.217   -2.214   -1.934
    0.576    0.668    0.753    1.557    5.757    5.792    6.137    6.742    7.008    7.179
    7.197    7.558    8.065    8.578    8.647    8.839    8.949    9.255    9.395    9.527
    9.746   10.121   10.291   11.010   11.966   12.024   12.076   12.188   12.285   12.330
   12.347   12.464   12.573   12.582   12.597   12.807   14.020   14.354   14.488   14.580
   15.279   15.622   15.810   15.981   16.066   16.232   16.263   16.547
            0.175000  0.175000  0.000000
  -73.426  -73.426  -73.426  -73.426  -39.606  -39.606  -39.606  -39.605  -39.605  -39.604
  -39.604  -39.604  -39.355  -39.355  -39.355  -39.355   -3.886   -2.171   -2.169   -1.939
    0.570    0.653    0.718    1.650    5.840    5.855    6.143    6.769    7.069    7.155
    7.260    7.512    7.987    8.552    8.558    8.865    8.895    9.132    9.378    9.446
    9.619   10.132   10.341   10.902   11.933   11.979   12.069   12.200   12.332   12.334
   12.381   12.474   12.557   12.564   12.572   12.803   13.959   14.359   14.454   14.524
   15.404   15.783   15.845   16.065   16.096   16.276   16.282   16.573
            0.150000  0.150000  0.000000
  -73.426  -73.426  -73.426  -73.426  -39.606  -39.606  -39.606  -39.605  -39.605  -39.604
  -39.604  -39.604  -39.355  -39.355  -39.355  -39.355   -3.945   -2.128   -2.126   -1.947
    0.566    0.635    0.683    1.739    5.923    5.923    6.157    6.786    7.066    7.203
    7.267    7.545    7.908    8.458    8.514    8.763    8.963    9.045    9.360    9.360
    9.512   10.153   10.369   10.789   11.900   11.935   12.031   12.232   12.338   12.376
   12.412   12.482   12.541   12.547   12.552   12.797   13.884   14.367   14.430   14.484
   15.535   15.880   15.918   16.124   16.156   16.295   16.312   16.608
            0.125000  0.125000  0.000000
  -73.426  -73.426  -73.426  -73.426  -39.607  -39.606  -39.606  -39.605  -39.605  -39.604
  -39.604  -39.604  -39.355  -39.355  -39.355  -39.355   -3.996   -2.088   -2.086   -1.956
    0.562    0.616    0.649    1.818    5.996    6.005    6.175    6.808    7.039    7.212
    7.289    7.646    7.839    8.351    8.446    8.637    9.011    9.030    9.277    9.336
    9.441   10.181   10.378   10.674   11.868   11.893   11.979   12.267   12.343   12.413
   12.439   12.489   12.527   12.532   12.536   12.790   13.799   14.378   14.416   14.457
   15.666   15.918   16.009   16.149   16.234   16.322   16.351   16.651
            0.100000  0.100000  0.000000
  -73.426  -73.426  -73.426  -73.426  -39.607  -39.606  -39.606  -39.605  -39.605  -39.604
  -39.604  -39.604  -39.355  -39.355  -39.355  -39.355   -4.038   -2.052   -2.051   -1.964
    0.559    0.596    0.618    1.887    6.068    6.079    6.195    6.841    7.015    7.143
    7.387    7.759    7.787    8.243    8.347    8.495    9.013    9.079    9.203    9.317
    9.413   10.212   10.370   10.562   11.840   11.855   11.921   12.299   12.348   12.445
   12.461   12.495   12.518   12.521   12.524   12.783   13.713   14.389   14.411   14.440
   15.792   15.960   16.060   16.170   16.258   16.314   16.474   16.700
            0.075000  0.075000  0.000000
  -73.426  -73.426  -73.426  -73.426  -39.607  -39.606  -39.606  -39.605  -39.605  -39.604
  -39.604  -39.604  -39.355  -39.355  -39.355  -39.355   -4.070   -2.023   -2.022   -1.972
    0.557    0.579    0.591    1.943    6.134    6.143    6.212    6.882    6.997    7.077
    7.495    7.761    7.859    8.140    8.231    8.345    9.030    9.092    9.144    9.333
    9.409   10.242   10.349   10.460   11.816   11.824   11.866   12.324   12.352   12.470
   12.479   12.499   12.512   12.513   12.516   12.778   13.633   14.400   14.411   14.428
   15.907   16.004   16.088   16.187   16.257   16.293   16.608   16.748
            0.050000  0.050000  0.000000
  -73.426  -73.426  -73.426  -73.426  -39.607  -39.607  -39.606  -39.605  -39.605  -39.604
  -39.604  -39.604  -39.355  -39.355  -39.355  -39.355   -4.094   -2.001   -2.001   -1.977
    0.555    0.565    0.571    1.984    6.188    6.193    6.225    6.926    6.985    7.023
    7.613    7.765    7.933    8.054    8.112    8.194    9.049    9.082    9.101    9.375
    9.417   10.269   10.324   10.374   11.797   11.801   11.821   12.343   12.355   12.488
   12.492   12.502   12.509   12.510   12.511   12.774   13.569   14.409   14.413   14.421
   16.004   16.049   16.103   16.198   16.245   16.261   16.722   16.788
            0.025000  0.025000  0.000000
  -73.426  -73.426  -73.426  -73.426  -39.607  -39.607  -39.607  -39.605  -39.605  -39.604
  -39.604  -39.604  -39.356  -39.355  -39.355  -39.355   -4.108   -1.987   -1.987   -1.981
    0.554    0.557    0.558    2.009    6.224    6.225    6.234    6.962    6.978    6.988
    7.737    7.798    7.958    8.005    8.015    8.048    9.063    9.071    9.076    9.414
    9.425   10.287   10.302   10.315   11.785   11.786   11.791   12.354   12.357   12.498
   12.499   12.501   12.509   12.509   12.509   12.772   13.527   14.414   14.415   14.417
   16.079   16.091   16.110   16.205   16.223   16.227   16.798   16.815
            0.000000  0.000000  0.000000
  -73.426  -73.426  -73.426  -73.426  -39.607  -39.607  -39.607  -39.605  -39.605  -39.604
  -39.604  -39.604  -39.356  -39.355  -39.355  -39.355   -4.113   -1.982   -1.982   -1.982
    0.554    0.554    0.554    2.018    6.237    6.237    6.237    6.975    6.975    6.975
    7.830    7.830    7.947    7.947    7.947    8.020    9.067    9.067    9.067    9.429
    9.429   10.293   10.293   10.293   11.781   11.781   11.781   12.357   12.358   12.501
   12.501   12.501   12.509   12.509   12.509   12.771   13.512   14.416   14.416   14.416
   16.112   16.113   16.113   16.208   16.208   16.208   16.825   16.825
