 &plot nbnd=  13, nks=    81 /
            0.000000  0.000000  0.000000
  -69.021  -34.826  -34.826  -34.826    9.691   16.546   16.546   16.546   18.101   18.101
   42.457   42.457   42.457
            0.000000  0.050000  0.000000
  -69.020  -34.830  -34.828  -34.828    9.743   16.545   16.545   16.561   18.075   18.111
   42.128   42.432   42.432
            0.000000  0.100000  0.000000
  -69.017  -34.840  -34.833  -34.833    9.898   16.542   16.542   16.605   17.998   18.140
   41.360   42.324   42.324
            0.000000  0.150000  0.000000
  -69.012  -34.856  -34.842  -34.842   10.153   16.540   16.540   16.676   17.873   18.188
   40.446   42.046   42.046
            0.000000  0.200000  0.000000
  -69.006  -34.878  -34.853  -34.853   10.501   16.544   16.544   16.774   17.701   18.251
   39.531   41.511   41.511
            0.000000  0.250000  0.000000
  -68.998  -34.904  -34.868  -34.868   10.935   16.557   16.557   16.897   17.487   18.328
   38.673   40.714   40.714
            0.000000  0.300000  0.000000
  -68.989  -34.932  -34.885  -34.885   11.442   16.587   16.587   17.042   17.236   18.420
   37.894   39.734   39.734
            0.000000  0.350000  0.000000
  -68.979  -34.961  -34.904  -34.904   12.003   16.638   16.638   16.955   17.205   18.531
   37.202   38.652   38.652
            0.000000  0.400000  0.000000
  -68.969  -34.991  -34.926  -34.926   12.592   16.652   16.714   16.714   17.383   18.675
   36.598   37.523   37.523
            0.000000  0.450000  0.000000
  -68.958  -35.018  -34.948  -34.948   13.171   16.334   16.822   16.822   17.572   18.880
   36.077   36.383   36.383
            0.000000  0.500000  0.000000
  -68.948  -35.043  -34.971  -34.971   13.690   16.011   16.963   16.963   17.767   19.187
   35.255   35.255   35.634
            0.000000  0.550000  0.000000
  -68.937  -35.064  -34.995  -34.995   14.098   15.690   17.138   17.138   17.964   19.644
   34.154   34.154   35.261
            0.000000  0.600000  0.000000
  -68.927  -35.082  -35.018  -35.018   14.361   15.380   17.346   17.346   18.157   20.286
   33.093   33.093   34.951
            0.000000  0.650000  0.000000
  -68.918  -35.096  -35.040  -35.040   14.478   15.089   17.584   17.584   18.343   21.116
   32.085   32.085   34.697
            0.000000  0.700000  0.000000
  -68.909  -35.107  -35.061  -35.061   14.482   14.822   17.846   17.846   18.514   22.106
   31.144   31.144   34.491
            0.000000  0.750000  0.000000
  -68.902  -35.115  -35.080  -35.080   14.412   14.587   18.123   18.123   18.669   23.217
   30.285   30.285   34.328
            0.000000  0.800000  0.000000
  -68.896  -35.120  -35.096  -35.096   14.307   14.388   18.398   18.398   18.802   24.404
   29.527   29.527   34.202
            0.000000  0.850000  0.000000
  -68.891  -35.123  -35.108  -35.108   14.196   14.229   18.653   18.653   18.909   25.611
   28.894   28.894   34.109
            0.000000  0.900000  0.000000
  -68.888  -35.124  -35.118  -35.118   14.103   14.113   18.864   18.864   18.988   26.747
   28.411   28.411   34.045
            0.000000  0.950000  0.000000
  -68.885  -35.125  -35.124  -35.124   14.041   14.043   19.003   19.003   19.036   27.641
   28.107   28.107   34.007
            0.000000  1.000000  0.000000
  -68.885  -35.126  -35.126  -35.126   14.019   14.019   19.052   19.052   19.052   28.003
   28.003   28.003   33.995
            0.025000  0.975000  0.000000
  -68.885  -35.126  -35.125  -35.124   14.030   14.031   19.018   19.028   19.054   27.914
   27.955   28.055   34.036
            0.050000  0.950000  0.000000
  -68.886  -35.128  -35.122  -35.118   14.064   14.065   18.917   18.954   19.059   27.663
   27.821   28.209   34.147
            0.075000  0.925000  0.000000
  -68.888  -35.132  -35.117  -35.110   14.120   14.120   18.757   18.834   19.068   27.289
   27.626   28.457   34.302
            0.100000  0.900000  0.000000
  -68.890  -35.137  -35.110  -35.098   14.192   14.198   18.549   18.675   19.079   26.833
   27.398   28.790   34.473
            0.125000  0.875000  0.000000
  -68.893  -35.143  -35.103  -35.083   14.278   14.298   18.305   18.485   19.093   26.325
   27.162   29.194   34.640
            0.150000  0.850000  0.000000
  -68.897  -35.150  -35.093  -35.065   14.370   14.421   18.036   18.276   19.109   25.787
   26.935   29.660   34.793
            0.175000  0.825000  0.000000
  -68.901  -35.158  -35.083  -35.045   14.460   14.566   17.754   18.062   19.128   25.231
   26.728   30.179   34.933
            0.200000  0.800000  0.000000
  -68.905  -35.166  -35.071  -35.023   14.536   14.734   17.466   17.861   19.148   24.667
   26.548   30.741   35.060
            0.225000  0.775000  0.000000
  -68.909  -35.175  -35.059  -35.001   14.585   14.924   17.180   17.692   19.169   24.101
   26.394   31.340   35.178
            0.250000  0.750000  0.000000
  -68.914  -35.185  -35.047  -34.977   14.595   15.137   16.903   17.571   19.191   23.537
   26.266   31.971   35.291
            0.275000  0.725000  0.000000
  -68.918  -35.194  -35.034  -34.954   14.558   15.372   16.641   17.510   19.213   22.977
   26.162   32.629   35.402
            0.300000  0.700000  0.000000
  -68.923  -35.203  -35.022  -34.931   14.477   15.628   16.395   17.509   19.235   22.425
   26.079   33.310   35.512
            0.325000  0.675000  0.000000
  -68.927  -35.211  -35.010  -34.910   14.362   15.907   16.172   17.559   19.255   21.883
   26.014   34.011   35.621
            0.350000  0.650000  0.000000
  -68.931  -35.219  -34.999  -34.889   14.228   15.973   16.208   17.642   19.274   21.352
   25.965   34.727   35.730
            0.375000  0.625000  0.000000
  -68.934  -35.226  -34.990  -34.871   14.091   15.801   16.530   17.742   19.291   20.833
   25.927   35.452   35.836
            0.400000  0.600000  0.000000
  -68.937  -35.232  -34.982  -34.856   13.965   15.657   16.872   17.844   19.305   20.328
   25.901   35.934   36.178
            0.425000  0.575000  0.000000
  -68.939  -35.237  -34.975  -34.843   13.858   15.544   17.235   17.937   19.317   19.839
   25.882   36.021   36.889
            0.450000  0.550000  0.000000
  -68.941  -35.240  -34.971  -34.835   13.777   15.463   17.616   18.009   19.326   19.367
   25.870   36.090   37.547
            0.475000  0.525000  0.000000
  -68.942  -35.242  -34.968  -34.829   13.726   15.414   18.009   18.055   18.919   19.331
   25.863   36.134   38.068
            0.500000  0.500000  0.000000
  -68.943  -35.243  -34.967  -34.828   13.709   15.397   18.071   18.313   18.596   19.333
   25.861   36.149   38.282
            0.475000  0.475000  0.000000
  -68.943  -35.240  -34.966  -34.828   13.705   15.403   18.059   18.311   18.512   19.311
   26.003   36.181   38.329
            0.450000  0.450000  0.000000
  -68.944  -35.233  -34.964  -34.827   13.688   15.423   18.002   18.304   18.305   19.249
   26.408   36.275   38.467
            0.425000  0.425000  0.000000
  -68.947  -35.221  -34.959  -34.827   13.652   15.456   17.792   18.141   18.295   19.148
   27.024   36.431   38.694
            0.400000  0.400000  0.000000
  -68.950  -35.204  -34.953  -34.827   13.584   15.500   17.438   18.076   18.282   19.012
   27.794   36.647   39.005
            0.375000  0.375000  0.000000
  -68.954  -35.183  -34.946  -34.827   13.469   15.554   17.078   18.032   18.265   18.848
   28.677   36.921   39.396
            0.350000  0.350000  0.000000
  -68.959  -35.159  -34.938  -34.827   13.291   15.619   16.774   17.991   18.248   18.660
   29.643   37.249   39.859
            0.325000  0.325000  0.000000
  -68.964  -35.131  -34.928  -34.827   13.043   15.693   16.551   17.951   18.229   18.456
   30.669   37.629   40.388
            0.300000  0.300000  0.000000
  -68.970  -35.101  -34.918  -34.827   12.731   15.774   16.416   17.913   18.210   18.242
   31.739   38.054   40.975
            0.275000  0.275000  0.000000
  -68.976  -35.070  -34.908  -34.827   12.374   15.859   16.354   17.881   18.023   18.192
   32.840   38.520   41.615
            0.250000  0.250000  0.000000
  -68.982  -35.037  -34.897  -34.827   11.995   15.949   16.345   17.806   17.858   18.175
   33.961   39.019   41.850
            0.225000  0.225000  0.000000
  -68.988  -35.005  -34.886  -34.827   11.614   16.039   16.367   17.594   17.847   18.160
   35.090   39.541   41.918
            0.200000  0.200000  0.000000
  -68.994  -34.972  -34.875  -34.827   11.246   16.128   16.406   17.394   17.849   18.146
   36.216   40.075   41.991
            0.175000  0.175000  0.000000
  -68.999  -34.942  -34.865  -34.827   10.904   16.214   16.446   17.208   17.867   18.134
   37.325   40.602   42.069
            0.150000  0.150000  0.000000
  -69.005  -34.914  -34.855  -34.827   10.596   16.294   16.482   17.041   17.899   18.125
   38.399   41.101   42.148
            0.125000  0.125000  0.000000
  -69.009  -34.889  -34.847  -34.827   10.327   16.366   16.508   16.894   17.941   18.116
   39.420   41.545   42.226
            0.100000  0.100000  0.000000
  -69.013  -34.867  -34.840  -34.827   10.101   16.428   16.527   16.772   17.987   18.110
   40.360   41.906   42.299
            0.075000  0.075000  0.000000
  -69.017  -34.850  -34.834  -34.827    9.923   16.478   16.537   16.674   18.032   18.106
   41.186   42.170   42.363
            0.050000  0.050000  0.000000
  -69.019  -34.837  -34.830  -34.827    9.795   16.516   16.543   16.603   18.069   18.103
   41.852   42.339   42.413
            0.025000  0.025000  0.000000
  -69.020  -34.829  -34.828  -34.827    9.717   16.538   16.546   16.560   18.092   18.101
   42.298   42.429   42.446
            0.000000  0.000000  0.000000
  -69.021  -34.826  -34.826  -34.826    9.691   16.546   16.546   16.546   18.101   18.101
   42.457   42.457   42.457
            0.025000  0.025000  0.025000
  -69.020  -34.831  -34.827  -34.827    9.730   16.538   16.538   16.571   18.095   18.095
   42.291   42.291   42.492
            0.050000  0.050000  0.050000
  -69.018  -34.844  -34.828  -34.828    9.846   16.513   16.513   16.646   18.079   18.079
   41.814   41.814   42.596
            0.075000  0.075000  0.075000
  -69.014  -34.864  -34.831  -34.831   10.038   16.470   16.470   16.770   18.058   18.058
   41.090   41.090   42.770
            0.100000  0.100000  0.100000
  -69.010  -34.891  -34.834  -34.834   10.302   16.407   16.407   16.942   18.036   18.036
   40.202   40.202   43.013
            0.125000  0.125000  0.125000
  -69.004  -34.924  -34.838  -34.838   10.633   16.324   16.324   17.160   18.020   18.020
   39.224   39.224   43.326
            0.150000  0.150000  0.150000
  -68.998  -34.960  -34.843  -34.843   11.026   16.222   16.222   17.423   18.014   18.014
   38.206   38.206   42.066
            0.175000  0.175000  0.175000
  -68.991  -34.997  -34.850  -34.850   11.472   16.105   16.105   17.729   18.019   18.019
   37.181   37.181   40.615
            0.200000  0.200000  0.200000
  -68.984  -35.034  -34.858  -34.858   11.962   15.979   15.979   18.035   18.035   18.077
   36.168   36.168   39.202
            0.225000  0.225000  0.225000
  -68.976  -35.069  -34.867  -34.867   12.483   15.851   15.851   18.062   18.062   18.468
   35.179   35.179   37.838
            0.250000  0.250000  0.250000
  -68.969  -35.099  -34.877  -34.877   13.020   15.726   15.726   18.095   18.095   18.904
   34.221   34.221   36.535
            0.275000  0.275000  0.275000
  -68.963  -35.124  -34.888  -34.888   13.554   15.611   15.611   18.132   18.132   19.389
   33.300   33.300   35.305
            0.300000  0.300000  0.300000
  -68.957  -35.142  -34.901  -34.901   14.065   15.511   15.511   18.171   18.171   19.932
   32.419   32.419   34.159
            0.325000  0.325000  0.325000
  -68.951  -35.153  -34.916  -34.916   14.528   15.430   15.430   18.208   18.208   20.541
   31.579   31.579   33.107
            0.350000  0.350000  0.350000
  -68.947  -35.155  -34.931  -34.931   14.921   15.369   15.369   18.244   18.244   21.228
   30.781   30.781   32.159
            0.375000  0.375000  0.375000
  -68.943  -35.150  -34.946  -34.946   15.225   15.330   15.330   18.276   18.276   22.001
   30.028   30.028   31.323
            0.400000  0.400000  0.400000
  -68.941  -35.137  -34.963  -34.963   15.314   15.314   15.433   18.303   18.303   22.864
   29.319   29.319   30.603
            0.425000  0.425000  0.425000
  -68.939  -35.117  -34.980  -34.980   15.318   15.318   15.545   18.325   18.325   23.813
   28.656   28.656   30.003
            0.450000  0.450000  0.450000
  -68.938  -35.092  -34.997  -34.997   15.342   15.342   15.570   18.340   18.340   24.838
   28.041   28.041   29.523
            0.475000  0.475000  0.475000
  -68.937  -35.062  -35.014  -35.014   15.381   15.381   15.525   18.349   18.349   25.914
   27.475   27.475   29.175
            0.500000  0.500000  0.500000
  -68.937  -35.030  -35.030  -35.030   15.432   15.432   15.432   18.353   18.353   26.963
   26.963   26.963   29.018
