 &plot nbnd=  84, nks=    81 /
            0.500000  0.500000  0.500000
  -73.355  -73.355  -73.355  -73.355  -39.539  -39.539  -39.539  -39.539  -39.536  -39.536
  -39.536  -39.536  -39.288  -39.288  -39.288  -39.288   -2.373   -2.373   -2.373   -2.373
    0.221    0.221    0.221    0.221    6.371    6.371    6.371    6.371    7.466    7.466
    7.466    7.466    8.338    8.338    8.338    8.338   10.556   10.556   10.556   10.556
   10.871   10.871   10.871   10.871   11.692   11.692   11.692   11.692   11.855   11.855
   11.855   11.855   12.516   12.516   12.516   12.516   14.360   14.360   14.360   14.360
   15.311   15.311   15.311   15.311   16.209   16.209   16.209   16.209   19.964   19.964
   19.964   19.964   20.933   20.933   20.933   20.933   21.440   21.440   21.440   21.440
   21.880   21.880   21.880   21.880
            0.475000  0.475000  0.475000
  -73.355  -73.355  -73.355  -73.355  -39.539  -39.539  -39.539  -39.539  -39.536  -39.536
  -39.536  -39.536  -39.287  -39.287  -39.287  -39.287   -2.393   -2.372   -2.371   -2.371
    0.226    0.226    0.231    0.240    6.319    6.364    6.364    6.371    7.441    7.441
    7.467    7.532    8.336    8.336    8.366    8.366   10.523   10.523   10.546   10.546
   10.810   10.852   10.852   10.858   11.703   11.712   11.712   11.741   11.865   11.865
   11.879   11.879   12.515   12.522   12.522   12.523   14.359   14.372   14.372   14.372
   15.304   15.304   15.316   15.316   16.191   16.196   16.208   16.208   19.887   19.922
   19.922   19.990   20.911   20.956   20.956   21.020   21.393   21.393   21.424   21.424
   21.894   21.894   21.931   21.931
            0.450000  0.450000  0.450000
  -73.355  -73.355  -73.355  -73.355  -39.539  -39.539  -39.539  -39.539  -39.536  -39.536
  -39.536  -39.536  -39.287  -39.287  -39.287  -39.287   -2.450   -2.370   -2.368   -2.368
    0.240    0.240    0.260    0.294    6.194    6.344    6.344    6.373    7.377    7.377
    7.470    7.698    8.330    8.330    8.436    8.436   10.432   10.432   10.513   10.513
   10.660   10.811   10.811   10.820   11.736   11.756   11.756   11.853   11.895   11.895
   11.946   11.946   12.510   12.539   12.539   12.542   14.354   14.406   14.407   14.407
   15.282   15.282   15.331   15.331   16.136   16.157   16.205   16.205   19.723   19.818
   19.818   20.067   20.849   20.999   20.999   21.210   21.276   21.276   21.405   21.405
   21.925   21.925   22.054   22.054
            0.425000  0.425000  0.425000
  -73.355  -73.355  -73.355  -73.355  -39.539  -39.539  -39.539  -39.539  -39.536  -39.536
  -39.536  -39.536  -39.288  -39.287  -39.287  -39.287   -2.539   -2.366   -2.361   -2.361
    0.263    0.263    0.309    0.375    6.041    6.308    6.308    6.378    7.301    7.301
    7.474    7.920    8.321    8.321    8.520    8.520   10.304   10.304   10.452   10.452
   10.470   10.763   10.777   10.777   11.783   11.802   11.802   11.941   11.941   11.979
   12.040   12.040   12.503   12.565   12.565   12.574   14.348   14.461   14.463   14.463
   15.243   15.243   15.354   15.354   16.050   16.095   16.201   16.201   19.553   19.691
   19.691   20.192   20.757   21.005   21.005   21.139   21.139   21.407   21.419   21.419
   21.967   21.967   22.213   22.213
            0.400000  0.400000  0.400000
  -73.355  -73.355  -73.355  -73.355  -39.539  -39.538  -39.538  -39.538  -39.536  -39.536
  -39.536  -39.536  -39.287  -39.287  -39.287  -39.287   -2.651   -2.359   -2.352   -2.352
    0.293    0.293    0.375    0.473    5.890    6.257    6.257    6.387    7.230    7.230
    7.476    8.167    8.308    8.308    8.592    8.592   10.164   10.164   10.267   10.368
   10.368   10.692   10.761   10.761   11.839   11.846   11.846   11.995   11.995   12.092
   12.143   12.143   12.493   12.598   12.598   12.617   14.339   14.534   14.538   14.539
   15.189   15.189   15.387   15.387   15.939   16.018   16.197   16.197   19.414   19.569
   19.569   20.359   20.644   20.914   20.914   21.065   21.065   21.463   21.463   21.562
   22.025   22.025   22.391   22.391
            0.375000  0.375000  0.375000
  -73.355  -73.355  -73.355  -73.355  -39.539  -39.538  -39.538  -39.538  -39.536  -39.536
  -39.536  -39.536  -39.287  -39.287  -39.287  -39.287   -2.778   -2.350   -2.340   -2.340
    0.329    0.329    0.458    0.577    5.754    6.193    6.193    6.402    7.175    7.175
    7.474    8.292    8.292    8.424    8.634    8.634   10.029   10.029   10.064   10.277
   10.277   10.612   10.759   10.759   11.892   11.892   11.898   12.047   12.047   12.178
   12.239   12.239   12.486   12.633   12.633   12.667   14.330   14.616   14.629   14.629
   15.118   15.118   15.428   15.428   15.810   15.936   16.195   16.195   19.320   19.469
   19.469   20.508   20.574   20.779   20.779   21.042   21.042   21.506   21.506   21.657
   22.106   22.106   22.580   22.580
            0.350000  0.350000  0.350000
  -73.355  -73.355  -73.355  -73.355  -39.539  -39.538  -39.538  -39.538  -39.536  -39.536
  -39.536  -39.536  -39.287  -39.287  -39.287  -39.287   -2.914   -2.338   -2.324   -2.324
    0.369    0.369    0.556    0.677    5.645    6.120    6.120    6.427    7.137    7.137
    7.466    8.270    8.270    8.637    8.637    8.679    9.871    9.907    9.907   10.192
   10.192   10.522   10.765   10.765   11.939   11.939   11.957   12.093   12.093   12.224
   12.323   12.323   12.492   12.663   12.663   12.717   14.319   14.699   14.729   14.729
   15.033   15.033   15.478   15.478   15.671   15.868   16.198   16.198   19.272   19.402
   19.402   20.387   20.666   20.666   20.801   21.036   21.036   21.528   21.528   21.697
   22.210   22.210   22.779   22.830
            0.325000  0.325000  0.325000
  -73.355  -73.355  -73.355  -73.355  -39.539  -39.538  -39.538  -39.538  -39.537  -39.537
  -39.536  -39.536  -39.287  -39.287  -39.287  -39.287   -3.053   -2.323   -2.306   -2.306
    0.410    0.410    0.666    0.765    5.567    6.046    6.046    6.465    7.115    7.115
    7.450    8.236    8.236    8.609    8.609    8.919    9.697    9.793    9.793   10.124
   10.124   10.425   10.775   10.775   11.989   11.989   12.014   12.133   12.133   12.226
   12.390   12.391   12.517   12.683   12.683   12.762   14.307   14.769   14.828   14.828
   14.946   14.947   15.527   15.535   15.535   15.835   16.209   16.209   19.266   19.368
   19.368   20.262   20.595   20.595   21.049   21.049   21.055   21.528   21.528   21.695
   22.329   22.329   22.723   22.986
            0.300000  0.300000  0.300000
  -73.355  -73.355  -73.355  -73.355  -39.539  -39.538  -39.538  -39.538  -39.537  -39.537
  -39.536  -39.536  -39.287  -39.287  -39.287  -39.287   -3.192   -2.304   -2.284   -2.284
    0.450    0.450    0.780    0.838    5.522    5.978    5.978    6.517    7.104    7.104
    7.423    8.180    8.180    8.574    8.574    9.124    9.558    9.682    9.682   10.070
   10.070   10.319   10.785   10.785   12.038   12.038   12.069   12.166   12.166   12.194
   12.442   12.442   12.556   12.689   12.689   12.798   14.292   14.811   14.812   14.819
   14.977   14.977   15.382   15.599   15.599   15.854   16.229   16.229   19.290   19.367
   19.367   20.149   20.571   20.571   21.082   21.082   21.318   21.509   21.509   21.667
   22.449   22.449   22.607   23.200
            0.275000  0.275000  0.275000
  -73.355  -73.355  -73.355  -73.355  -39.539  -39.538  -39.538  -39.538  -39.537  -39.537
  -39.536  -39.536  -39.288  -39.287  -39.287  -39.287   -3.326   -2.281   -2.259   -2.259
    0.488    0.488    0.858    0.934    5.511    5.923    5.923    6.589    7.100    7.100
    7.385    8.096    8.096    8.553    8.553    9.226    9.512    9.570    9.570   10.020
   10.020   10.207   10.790   10.790   12.086   12.086   12.119   12.148   12.193   12.193
   12.477   12.477   12.595   12.680   12.680   12.826   14.270   14.716   14.716   14.850
   15.096   15.096   15.245   15.666   15.666   15.922   16.257   16.257   19.328   19.398
   19.398   20.060   20.595   20.595   21.131   21.131   21.476   21.476   21.554   21.642
   22.504   22.553   22.553   23.411
            0.250000  0.250000  0.250000
  -73.355  -73.355  -73.355  -73.355  -39.539  -39.538  -39.538  -39.537  -39.537  -39.537
  -39.536  -39.536  -39.288  -39.287  -39.287  -39.287   -3.454   -2.254   -2.232   -2.232
    0.520    0.520    0.881    1.064    5.531    5.885    5.885    6.682    7.099    7.099
    7.337    7.988    7.988    8.556    8.556    9.179    9.460    9.460    9.584    9.962
    9.962   10.101   10.787   10.787   12.095   12.130   12.130   12.172   12.215   12.215
   12.497   12.497   12.626   12.658   12.658   12.846   14.239   14.627   14.627   14.864
   15.134   15.230   15.230   15.736   15.736   16.019   16.292   16.292   19.360   19.462
   19.462   20.017   20.662   20.662   21.184   21.184   21.440   21.440   21.564   21.811
   22.440   22.629   22.629   23.602
            0.225000  0.225000  0.225000
  -73.355  -73.355  -73.355  -73.355  -39.539  -39.538  -39.538  -39.537  -39.537  -39.537
  -39.536  -39.536  -39.288  -39.287  -39.287  -39.287   -3.574   -2.224   -2.202   -2.202
    0.546    0.546    0.877    1.202    5.576    5.869    5.869    6.797    7.099    7.099
    7.279    7.872    7.872    8.577    8.577    9.094    9.354    9.354    9.614    9.889
    9.889   10.046   10.770   10.770   12.052   12.166   12.166   12.222   12.229   12.230
   12.504   12.504   12.631   12.631   12.643   12.859   14.197   14.553   14.553   14.835
   15.096   15.373   15.373   15.807   15.807   16.123   16.329   16.329   19.369   19.558
   19.558   20.039   20.761   20.761   21.203   21.203   21.434   21.434   21.537   21.955
   22.439   22.667   22.667   23.752
            0.200000  0.200000  0.200000
  -73.355  -73.355  -73.355  -73.355  -39.539  -39.538  -39.538  -39.537  -39.537  -39.537
  -39.536  -39.536  -39.288  -39.287  -39.287  -39.287   -3.685   -2.192   -2.171   -2.171
    0.564    0.564    0.853    1.340    5.642    5.874    5.874    6.933    7.097    7.097
    7.217    7.761    7.761    8.610    8.610    9.010    9.257    9.257    9.527    9.798
    9.798   10.072   10.740   10.740   12.019   12.181   12.181   12.243   12.243   12.273
   12.501   12.501   12.607   12.607   12.647   12.865   14.143   14.500   14.500   14.755
   15.147   15.522   15.522   15.878   15.879   16.215   16.365   16.365   19.365   19.686
   19.686   20.125   20.870   20.870   21.167   21.167   21.484   21.484   21.537   22.011
   22.480   22.672   22.672   23.854
            0.175000  0.175000  0.175000
  -73.355  -73.355  -73.355  -73.355  -39.539  -39.538  -39.538  -39.537  -39.537  -39.537
  -39.536  -39.536  -39.288  -39.287  -39.287  -39.287   -3.784   -2.158   -2.138   -2.138
    0.575    0.575    0.813    1.474    5.724    5.900    5.900    7.072    7.091    7.091
    7.172    7.664    7.664    8.640    8.640    8.925    9.173    9.173    9.381    9.693
    9.693   10.132   10.696   10.696   11.995   12.156   12.156   12.269   12.269   12.324
   12.499   12.499   12.591   12.591   12.639   12.864   14.077   14.466   14.466   14.665
   15.250   15.668   15.668   15.956   15.956   16.284   16.397   16.397   19.371   19.842
   19.842   20.260   20.904   20.904   21.180   21.180   21.554   21.554   21.571   22.018
   22.479   22.661   22.661   23.913
            0.150000  0.150000  0.150000
  -73.355  -73.355  -73.355  -73.355  -39.539  -39.538  -39.538  -39.537  -39.537  -39.537
  -39.536  -39.536  -39.288  -39.287  -39.287  -39.287   -3.872   -2.123   -2.107   -2.107
    0.578    0.578    0.763    1.601    5.815    5.946    5.946    7.070    7.079    7.079
    7.283    7.591    7.591    8.646    8.646    8.817    9.117    9.117    9.238    9.581
    9.581   10.188   10.639   10.639   11.973   12.102   12.102   12.299   12.299   12.374
   12.504   12.504   12.580   12.580   12.621   12.859   13.996   14.449   14.449   14.588
   15.382   15.797   15.797   16.044   16.044   16.326   16.429   16.429   19.403   20.011
   20.011   20.430   20.819   20.819   21.312   21.312   21.621   21.621   21.638   22.004
   22.389   22.650   22.650   23.927
            0.125000  0.125000  0.125000
  -73.355  -73.355  -73.355  -73.355  -39.539  -39.539  -39.539  -39.537  -39.537  -39.537
  -39.536  -39.536  -39.288  -39.287  -39.287  -39.287   -3.947   -2.090   -2.077   -2.077
    0.576    0.576    0.710    1.716    5.912    6.005    6.005    7.021    7.060    7.061
    7.456    7.550    7.550    8.602    8.602    8.666    9.101    9.101    9.140    9.477
    9.477   10.231   10.573   10.573   11.949   12.035   12.035   12.329   12.329   12.422
   12.514   12.514   12.572   12.572   12.600   12.850   13.899   14.444   14.444   14.532
   15.529   15.896   15.896   16.139   16.139   16.344   16.472   16.472   19.462   20.147
   20.147   20.630   20.744   20.744   21.468   21.468   21.686   21.686   21.727   21.964
   22.248   22.640   22.640   23.893
            0.100000  0.100000  0.100000
  -73.355  -73.355  -73.355  -73.355  -39.539  -39.539  -39.539  -39.537  -39.537  -39.536
  -39.536  -39.536  -39.288  -39.287  -39.287  -39.287   -4.010   -2.059   -2.049   -2.049
    0.569    0.569    0.659    1.817    6.009    6.070    6.070    6.981    7.036    7.036
    7.544    7.544    7.625    8.481    8.504    8.504    9.091    9.113    9.113    9.403
    9.403   10.260   10.499   10.499   11.920   11.968   11.968   12.356   12.356   12.465
   12.526   12.526   12.566   12.566   12.582   12.842   13.791   14.446   14.446   14.496
   15.681   15.968   15.968   16.213   16.213   16.342   16.545   16.545   19.542   20.156
   20.157   20.808   20.808   20.854   21.577   21.577   21.743   21.784   21.784   21.928
   22.154   22.618   22.618   23.823
            0.075000  0.075000  0.075000
  -73.355  -73.355  -73.355  -73.355  -39.539  -39.539  -39.539  -39.537  -39.537  -39.536
  -39.536  -39.536  -39.288  -39.287  -39.287  -39.287   -4.058   -2.032   -2.026   -2.026
    0.562    0.562    0.613    1.899    6.098    6.134    6.134    6.959    7.011    7.011
    7.576    7.576    7.776    8.291    8.367    8.367    9.074    9.119    9.119    9.380
    9.380   10.278   10.425   10.425   11.887   11.909   11.909   12.379   12.379   12.501
   12.537   12.537   12.562   12.562   12.569   12.835   13.683   14.453   14.453   14.478
   15.826   16.021   16.021   16.247   16.247   16.327   16.648   16.648   19.632   20.055
   20.055   21.009   21.009   21.095   21.565   21.618   21.618   21.919   21.919   22.004
   22.145   22.565   22.565   23.747
            0.050000  0.050000  0.050000
  -73.355  -73.355  -73.355  -73.355  -39.539  -39.539  -39.539  -39.537  -39.537  -39.536
  -39.536  -39.536  -39.288  -39.287  -39.287  -39.287   -4.094   -2.012   -2.009   -2.009
    0.554    0.554    0.577    1.960    6.171    6.187    6.187    6.956    6.989    6.989
    7.643    7.643    7.893    8.124    8.211    8.211    9.073    9.105    9.105    9.403
    9.403   10.285   10.356   10.356   11.856   11.864   11.864   12.395   12.395   12.528
   12.544   12.544   12.560   12.560   12.563   12.829   13.589   14.459   14.459   14.469
   15.955   16.062   16.062   16.253   16.253   16.301   16.751   16.751   19.721   19.936
   19.936   21.261   21.261   21.332   21.368   21.631   21.631   22.021   22.023   22.023
   22.230   22.476   22.476   23.696
            0.025000  0.025000  0.025000
  -73.355  -73.355  -73.355  -73.355  -39.539  -39.539  -39.539  -39.537  -39.537  -39.536
  -39.536  -39.536  -39.288  -39.287  -39.287  -39.287   -4.115   -1.999   -1.998   -1.998
    0.549    0.549    0.555    1.997    6.218    6.222    6.222    6.964    6.975    6.975
    7.741    7.741    7.960    8.014    8.054    8.054    9.079    9.088    9.088    9.437
    9.437   10.287   10.306   10.306   11.834   11.835   11.835   12.405   12.405   12.543
   12.548   12.548   12.561   12.561   12.561   12.826   13.526   14.464   14.464   14.466
   16.055   16.090   16.090   16.248   16.248   16.267   16.827   16.827   19.790   19.848
   19.848   21.222   21.508   21.508   21.530   21.637   21.637   21.985   22.023   22.023
   22.336   22.401   22.401   23.675
            0.000000  0.000000  0.000000
  -73.355  -73.355  -73.355  -73.355  -39.539  -39.539  -39.539  -39.537  -39.537  -39.537
  -39.537  -39.537  -39.288  -39.288  -39.288  -39.288   -4.122   -1.994   -1.994   -1.994
    0.547    0.547    0.547    2.010    6.234    6.234    6.234    6.970    6.970    6.970
    7.825    7.825    7.949    7.949    7.949    8.006    9.082    9.082    9.082    9.451
    9.451   10.287   10.287   10.287   11.826   11.826   11.826   12.409   12.409   12.548
   12.548   12.548   12.562   12.562   12.562   12.825   13.503   14.466   14.466   14.466
   16.101   16.101   16.101   16.245   16.245   16.245   16.854   16.854   19.817   19.817
   19.817   21.167   21.619   21.619   21.619   21.671   21.671   21.955   21.955   21.955
   22.384   22.384   22.384   23.671
            0.025000  0.000000  0.000000
  -73.355  -73.355  -73.355  -73.355  -39.539  -39.539  -39.539  -39.537  -39.537  -39.536
  -39.536  -39.536  -39.288  -39.287  -39.287  -39.287   -4.119   -1.999   -1.994   -1.994
    0.548    0.548    0.549    2.006    6.224    6.232    6.233    6.959    6.968    6.985
    7.756    7.830    7.957    7.958    8.001    8.023    9.078    9.081    9.090    9.440
    9.452   10.283   10.285   10.306   11.825   11.830   11.831   12.406   12.409   12.547
   12.547   12.548   12.561   12.561   12.562   12.825   13.511   14.464   14.465   14.467
   16.089   16.093   16.096   16.245   16.250   16.251   16.836   16.854   19.817   19.821
   19.825   21.186   21.561   21.616   21.617   21.618   21.636   21.962   21.991   21.995
   22.363   22.385   22.397   23.659
            0.050000  0.000000  0.000000
  -73.355  -73.355  -73.355  -73.355  -39.539  -39.539  -39.539  -39.537  -39.537  -39.536
  -39.536  -39.536  -39.288  -39.287  -39.287  -39.287   -4.112   -2.015   -1.992   -1.992
    0.550    0.551    0.555    1.993    6.195    6.226    6.230    6.928    6.962    7.025
    7.652    7.845    7.978    7.981    7.988    8.139    9.067    9.080    9.113    9.411
    9.455   10.272   10.279   10.358   11.823   11.844   11.847   12.398   12.410   12.543
   12.543   12.547   12.561   12.561   12.564   12.827   13.533   14.460   14.464   14.470
   16.060   16.071   16.082   16.245   16.264   16.266   16.783   16.852   19.816   19.833
   19.848   21.241   21.436   21.493   21.540   21.613   21.617   21.980   22.051   22.054
   22.321   22.388   22.434   23.617
            0.075000  0.000000  0.000000
  -73.355  -73.355  -73.355  -73.355  -39.539  -39.539  -39.539  -39.537  -39.537  -39.536
  -39.536  -39.536  -39.288  -39.288  -39.287  -39.287   -4.101   -2.041   -1.989   -1.988
    0.554    0.557    0.564    1.973    6.154    6.215    6.224    6.883    6.951    7.086
    7.550    7.868    7.967    8.013    8.013    8.261    9.048    9.079    9.153    9.371
    9.460   10.254   10.269   10.433   11.820   11.865   11.872   12.384   12.413   12.532
   12.536   12.545   12.560   12.563   12.570   12.828   13.569   14.452   14.463   14.475
   16.021   16.036   16.064   16.244   16.280   16.284   16.700   16.849   19.813   19.852
   19.883   21.288   21.331   21.336   21.405   21.606   21.616   22.005   22.034   22.112
   22.324   22.396   22.490   23.553
            0.100000  0.000000  0.000000
  -73.355  -73.355  -73.355  -73.355  -39.539  -39.539  -39.539  -39.537  -39.537  -39.536
  -39.536  -39.536  -39.288  -39.287  -39.287  -39.287   -4.084   -2.076   -1.985   -1.984
    0.560    0.564    0.577    1.944    6.105    6.199    6.213    6.832    6.935    7.164
    7.454    7.898    7.940    8.048    8.059    8.385    9.024    9.079    9.209    9.327
    9.466   10.229   10.255   10.524   11.818   11.893   11.906   12.366   12.416   12.515
   12.528   12.539   12.560   12.567   12.580   12.831   13.617   14.441   14.461   14.483
   15.976   15.990   16.042   16.243   16.291   16.307   16.591   16.844   19.805   19.880
   19.926   21.131   21.154   21.250   21.451   21.600   21.617   21.940   22.033   22.159
   22.381   22.414   22.558   23.467
            0.125000  0.000000  0.000000
  -73.355  -73.355  -73.355  -73.355  -39.539  -39.539  -39.539  -39.537  -39.537  -39.536
  -39.536  -39.536  -39.288  -39.287  -39.287  -39.287   -4.063   -2.119   -1.980   -1.979
    0.567    0.574    0.592    1.909    6.053    6.179    6.197    6.781    6.911    7.254
    7.365    7.910    7.934    8.079    8.116    8.508    8.994    9.082    9.281    9.286
    9.475   10.200   10.239   10.620   11.816   11.925   11.946   12.343   12.419   12.494
   12.518   12.532   12.559   12.573   12.594   12.834   13.675   14.428   14.459   14.494
   15.928   15.937   16.019   16.241   16.296   16.332   16.464   16.836   19.790   19.914
   19.975   20.953   20.971   21.089   21.561   21.621   21.631   21.826   22.057   22.199
   22.446   22.448   22.628   23.364
            0.150000  0.000000  0.000000
  -73.355  -73.355  -73.355  -73.355  -39.539  -39.539  -39.539  -39.537  -39.537  -39.536
  -39.536  -39.536  -39.288  -39.287  -39.287  -39.287   -4.038   -2.171   -1.974   -1.972
    0.576    0.586    0.608    1.867    6.001    6.154    6.173    6.736    6.880    7.285
    7.355    7.879    7.974    8.104    8.180    8.629    8.960    9.090    9.250    9.368
    9.485   10.167   10.220   10.716   11.817   11.960   11.993   12.317   12.424   12.466
   12.507   12.523   12.559   12.581   12.611   12.837   13.741   14.413   14.459   14.509
   15.878   15.879   15.996   16.238   16.294   16.321   16.357   16.825   19.765   19.955
   20.027   20.742   20.809   20.925   21.565   21.628   21.721   21.791   22.072   22.236
   22.497   22.510   22.697   23.247
            0.175000  0.000000  0.000000
  -73.355  -73.355  -73.355  -73.355  -39.539  -39.539  -39.539  -39.537  -39.537  -39.537
  -39.536  -39.536  -39.288  -39.287  -39.287  -39.287   -4.007   -2.230   -1.967   -1.965
    0.585    0.601    0.626    1.819    5.951    6.124    6.140    6.702    6.841    7.215
    7.464    7.850    8.015    8.121    8.249    8.743    8.925    9.107    9.220    9.468
    9.497   10.131   10.199   10.804   11.822   11.996   12.044   12.289   12.429   12.434
   12.496   12.512   12.558   12.591   12.632   12.841   13.813   14.397   14.460   14.527
   15.820   15.827   15.972   16.170   16.233   16.284   16.382   16.812   19.727   20.002
   20.081   20.529   20.645   20.761   21.556   21.638   21.639   21.982   22.076   22.271
   22.563   22.567   22.760   23.122
            0.200000  0.000000  0.000000
  -73.355  -73.355  -73.355  -73.355  -39.539  -39.539  -39.539  -39.537  -39.537  -39.537
  -39.536  -39.536  -39.288  -39.287  -39.287  -39.287   -3.973   -2.294   -1.960   -1.957
    0.596    0.618    0.645    1.767    5.906    6.090    6.099    6.680    6.792    7.154
    7.582    7.826    8.053    8.131    8.318    8.846    8.892    9.140    9.195    9.510
    9.577   10.092   10.177   10.878   11.829   12.030   12.097   12.263   12.395   12.434
   12.486   12.499   12.558   12.604   12.656   12.844   13.888   14.379   14.464   14.550
   15.764   15.776   15.949   16.012   16.226   16.265   16.406   16.795   19.676   20.055
   20.137   20.318   20.480   20.597   21.546   21.588   21.651   22.071   22.183   22.307
   22.609   22.654   22.817   22.995
            0.225000  0.000000  0.000000
  -73.355  -73.355  -73.355  -73.355  -39.539  -39.539  -39.539  -39.537  -39.537  -39.537
  -39.536  -39.536  -39.288  -39.287  -39.287  -39.287   -3.934   -2.364   -1.952   -1.949
    0.608    0.637    0.663    1.711    5.866    6.052    6.052    6.669    6.734    7.102
    7.706    7.809    8.087    8.134    8.382    8.866    8.932    9.176    9.196    9.526
    9.692   10.053   10.152   10.931   11.840   12.062   12.151   12.242   12.352   12.439
   12.479   12.484   12.558   12.618   12.683   12.848   13.964   14.362   14.472   14.579
   15.713   15.727   15.852   15.927   16.214   16.237   16.427   16.775   19.614   20.113
   20.115   20.194   20.315   20.437   21.538   21.570   21.665   22.059   22.343   22.376
   22.647   22.756   22.865   22.880
            0.250000  0.000000  0.000000
  -73.355  -73.355  -73.355  -73.355  -39.539  -39.538  -39.538  -39.537  -39.537  -39.537
  -39.536  -39.536  -39.288  -39.287  -39.287  -39.287   -3.891   -2.438   -1.944   -1.940
    0.621    0.660    0.680    1.651    5.832    6.002    6.011    6.668    6.668    7.058
    7.799    7.835    8.114    8.132    8.430    8.856    8.999    9.161    9.278    9.543
    9.810   10.012   10.127   10.957   11.854   12.091   12.205   12.231   12.304   12.445
   12.468   12.475   12.557   12.635   12.713   12.850   14.041   14.345   14.484   14.613
   15.662   15.679   15.699   15.906   16.198   16.200   16.447   16.753   19.544   19.923
   20.153   20.175   20.254   20.280   21.532   21.583   21.678   22.041   22.380   22.496
   22.681   22.838   22.867   22.906
            0.275000  0.000000  0.000000
  -73.355  -73.355  -73.355  -73.355  -39.539  -39.539  -39.538  -39.537  -39.537  -39.537
  -39.536  -39.536  -39.288  -39.287  -39.287  -39.287   -3.843   -2.516   -1.935   -1.932
    0.634    0.684    0.697    1.590    5.806    5.950    5.969    6.596    6.674    7.023
    7.798    7.969    8.126    8.133    8.454    8.872    9.056    9.150    9.379    9.561
    9.925    9.971   10.101   10.952   11.869   12.115   12.233   12.254   12.257   12.450
   12.451   12.475   12.558   12.654   12.743   12.851   14.117   14.329   14.501   14.654
   15.525   15.634   15.644   15.887   16.154   16.176   16.463   16.728   19.471   19.746
   19.996   20.128   20.241   20.316   21.529   21.623   21.689   22.016   22.416   22.453
   22.710   22.939   22.956   22.980
            0.300000  0.000000  0.000000
  -73.355  -73.355  -73.355  -73.355  -39.539  -39.538  -39.538  -39.537  -39.537  -39.537
  -39.536  -39.536  -39.288  -39.287  -39.287  -39.287   -3.792   -2.596   -1.927   -1.923
    0.648    0.711    0.712    1.526    5.787    5.901    5.926    6.519    6.687    6.993
    7.805    8.104    8.118    8.143    8.450    8.917    9.109    9.140    9.489    9.581
    9.926   10.040   10.074   10.913   11.885   12.130   12.205   12.247   12.305   12.431
   12.457   12.479   12.558   12.675   12.772   12.851   14.192   14.315   14.523   14.702
   15.369   15.592   15.622   15.870   16.098   16.147   16.476   16.702   19.398   19.586
   19.847   19.983   20.311   20.379   21.528   21.686   21.696   21.985   22.337   22.452
   22.736   22.963   23.062   23.138
            0.325000  0.000000  0.000000
  -73.355  -73.355  -73.355  -73.355  -39.539  -39.538  -39.538  -39.537  -39.537  -39.537
  -39.536  -39.536  -39.288  -39.288  -39.287  -39.287   -3.736   -2.678   -1.919   -1.916
    0.662    0.723    0.742    1.462    5.777    5.855    5.884    6.439    6.703    6.969
    7.820    8.108    8.145    8.235    8.429    8.986    9.131    9.164    9.602    9.603
    9.883   10.047   10.142   10.844   11.901   12.117   12.181   12.274   12.347   12.409
   12.462   12.488   12.560   12.699   12.799   12.847   14.263   14.306   14.548   14.756
   15.218   15.554   15.612   15.853   16.035   16.111   16.486   16.674   19.330   19.447
   19.710   19.846   20.383   20.445   21.531   21.698   21.765   21.944   22.207   22.486
   22.759   22.976   23.065   23.316
            0.350000  0.000000  0.000000
  -73.355  -73.355  -73.355  -73.355  -39.538  -39.538  -39.538  -39.537  -39.537  -39.537
  -39.536  -39.536  -39.288  -39.287  -39.287  -39.287   -3.677   -2.761   -1.912   -1.908
    0.675    0.733    0.776    1.398    5.775    5.814    5.845    6.359    6.722    6.948
    7.841    8.098    8.141    8.328    8.431    9.070    9.121    9.220    9.625    9.719
    9.840   10.019   10.232   10.749   11.914   12.073   12.188   12.308   12.384   12.387
   12.468   12.500   12.565   12.723   12.823   12.841   14.300   14.333   14.577   14.816
   15.074   15.520   15.612   15.838   15.964   16.066   16.493   16.647   19.269   19.331
   19.584   19.718   20.457   20.511   21.537   21.694   21.858   21.894   22.077   22.519
   22.779   22.979   23.052   23.451
            0.375000  0.000000  0.000000
  -73.355  -73.355  -73.355  -73.355  -39.538  -39.538  -39.538  -39.538  -39.537  -39.537
  -39.536  -39.536  -39.288  -39.287  -39.287  -39.287   -3.614   -2.845   -1.905   -1.902
    0.689    0.741    0.812    1.334    5.779    5.781    5.809    6.280    6.743    6.931
    7.867    8.089    8.132    8.313    8.529    9.109    9.165    9.278    9.647    9.795
    9.833    9.992   10.305   10.632   11.924   12.025   12.201   12.345   12.365   12.413
   12.473   12.514   12.574   12.748   12.832   12.842   14.301   14.398   14.605   14.883
   14.939   15.492   15.621   15.824   15.889   16.013   16.498   16.620   19.219   19.238
   19.473   19.601   20.532   20.578   21.545   21.683   21.835   21.952   21.960   22.547
   22.797   22.971   23.058   23.558
            0.400000  0.000000  0.000000
  -73.355  -73.355  -73.355  -73.355  -39.538  -39.538  -39.538  -39.538  -39.537  -39.537
  -39.537  -39.537  -39.288  -39.287  -39.287  -39.287   -3.548   -2.928   -1.899   -1.897
    0.701    0.745    0.852    1.272    5.751    5.777    5.797    6.203    6.765    6.914
    7.899    8.081    8.120    8.267    8.643    9.094    9.270    9.336    9.670    9.750
    9.945    9.966   10.356   10.500   11.929   11.984   12.213   12.342   12.382   12.435
   12.478   12.524   12.592   12.774   12.817   12.856   14.310   14.460   14.631   14.815
   14.956   15.469   15.638   15.809   15.814   15.953   16.501   16.594   19.169   19.182
   19.375   19.495   20.605   20.644   21.556   21.664   21.775   21.837   22.068   22.568
   22.812   22.951   23.085   23.594
            0.425000  0.000000  0.000000
  -73.355  -73.355  -73.355  -73.355  -39.538  -39.538  -39.538  -39.538  -39.537  -39.537
  -39.537  -39.537  -39.288  -39.288  -39.287  -39.287   -3.479   -3.012   -1.894   -1.892
    0.713    0.748    0.894    1.211    5.729    5.751    5.821    6.129    6.787    6.898
    7.936    8.076    8.108    8.217    8.747    9.074    9.385    9.393    9.692    9.704
    9.943   10.052   10.359   10.383   11.930   11.952   12.226   12.320   12.416   12.451
   12.483   12.528   12.619   12.798   12.799   12.863   14.328   14.517   14.650   14.703
   15.034   15.445   15.660   15.747   15.794   15.890   16.503   16.571   19.123   19.159
   19.294   19.403   20.674   20.705   21.569   21.634   21.722   21.736   22.178   22.578
   22.824   22.922   23.133   23.575
            0.450000  0.000000  0.000000
  -73.355  -73.355  -73.355  -73.355  -39.538  -39.538  -39.538  -39.538  -39.537  -39.537
  -39.537  -39.537  -39.288  -39.288  -39.287  -39.287   -3.407   -3.094   -1.891   -1.889
    0.723    0.747    0.940    1.151    5.715    5.730    5.853    6.061    6.808    6.882
    7.976    8.073    8.096    8.166    8.835    9.047    9.449    9.505    9.656    9.709
    9.927   10.150   10.216   10.383   11.928   11.931   12.239   12.300   12.442   12.461
   12.490   12.527   12.650   12.775   12.819   12.865   14.357   14.567   14.605   14.659
   15.116   15.411   15.684   15.704   15.776   15.826   16.507   16.550   19.100   19.147
   19.233   19.325   20.734   20.755   21.580   21.595   21.657   21.685   22.285   22.568
   22.834   22.892   23.198   23.519
            0.475000  0.000000  0.000000
  -73.355  -73.355  -73.355  -73.355  -39.538  -39.538  -39.538  -39.538  -39.537  -39.537
  -39.537  -39.537  -39.288  -39.288  -39.287  -39.287   -3.332   -3.175   -1.888   -1.888
    0.732    0.744    0.988    1.094    5.708    5.716    5.894    5.999    6.829    6.866
    8.020    8.074    8.086    8.116    8.908    9.012    9.503    9.607    9.617    9.716
    9.930   10.081   10.236   10.357   11.922   11.923   12.252   12.282   12.459   12.466
   12.500   12.521   12.684   12.748   12.838   12.862   14.398   14.521   14.608   14.655
   15.200   15.355   15.696   15.710   15.757   15.767   16.512   16.534   19.097   19.133
   19.206   19.264   20.778   20.789   21.563   21.571   21.626   21.658   22.384   22.533
   22.842   22.867   23.275   23.443
            0.500000  0.000000  0.000000
  -73.355  -73.355  -73.355  -73.355  -39.538  -39.538  -39.538  -39.538  -39.537  -39.537
  -39.537  -39.537  -39.287  -39.287  -39.287  -39.287   -3.255   -3.255   -1.887   -1.887
    0.739    0.739    1.040    1.040    5.708    5.708    5.943    5.943    6.848    6.848
    8.067    8.067    8.079    8.079    8.967    8.967    9.556    9.556    9.693    9.693
    9.976    9.976   10.306   10.306   11.920   11.920   12.266   12.266   12.466   12.466
   12.512   12.512   12.717   12.717   12.852   12.852   14.452   14.452   14.638   14.638
   15.282   15.282   15.721   15.721   15.734   15.734   16.521   16.521   19.111   19.111
   19.222   19.222   20.797   20.797   21.554   21.554   21.637   21.637   22.470   22.470
   22.852   22.852   23.358   23.358
            0.500000  0.025000  0.000000
  -73.355  -73.355  -73.355  -73.355  -39.538  -39.538  -39.538  -39.538  -39.537  -39.537
  -39.537  -39.537  -39.288  -39.288  -39.287  -39.287   -3.253   -3.253   -1.889   -1.889
    0.737    0.737    1.041    1.041    5.691    5.691    5.962    5.962    6.851    6.851
    7.983    7.983    8.160    8.160    8.969    8.969    9.545    9.545    9.694    9.694
    9.987    9.987   10.307   10.307   11.923   11.923   12.265   12.265   12.463   12.463
   12.511   12.511   12.717   12.717   12.851   12.851   14.446   14.446   14.648   14.648
   15.280   15.280   15.716   15.716   15.739   15.739   16.509   16.509   19.117   19.117
   19.226   19.226   20.798   20.798   21.527   21.527   21.636   21.636   22.494   22.494
   22.841   22.841   23.332   23.332
            0.500000  0.050000  0.000000
  -73.355  -73.355  -73.355  -73.355  -39.538  -39.538  -39.538  -39.538  -39.537  -39.537
  -39.536  -39.536  -39.288  -39.288  -39.287  -39.287   -3.247   -3.247   -1.895   -1.895
    0.730    0.730    1.042    1.042    5.650    5.650    6.009    6.009    6.862    6.862
    7.893    7.893    8.243    8.243    8.975    8.975    9.519    9.519    9.697    9.697
   10.015   10.015   10.312   10.312   11.931   11.931   12.263   12.263   12.457   12.457
   12.508   12.508   12.718   12.718   12.846   12.846   14.430   14.430   14.675   14.675
   15.276   15.276   15.707   15.707   15.750   15.750   16.475   16.475   19.133   19.133
   19.243   19.243   20.798   20.798   21.451   21.451   21.637   21.637   22.551   22.551
   22.814   22.814   23.267   23.267
            0.500000  0.075000  0.000000
  -73.355  -73.355  -73.355  -73.355  -39.538  -39.538  -39.538  -39.538  -39.537  -39.537
  -39.536  -39.536  -39.288  -39.288  -39.287  -39.287   -3.237   -3.237   -1.904   -1.904
    0.719    0.719    1.043    1.043    5.602    5.602    6.066    6.066    6.879    6.879
    7.804    7.804    8.324    8.324    8.983    8.983    9.484    9.484    9.699    9.699
   10.054   10.054   10.321   10.321   11.944   11.944   12.259   12.259   12.446   12.446
   12.504   12.504   12.720   12.720   12.840   12.840   14.412   14.412   14.710   14.710
   15.268   15.268   15.694   15.694   15.767   15.767   16.421   16.421   19.153   19.153
   19.274   19.274   20.796   20.796   21.347   21.347   21.643   21.643   22.601   22.601
   22.783   22.783   23.192   23.192
            0.500000  0.100000  0.000000
  -73.355  -73.355  -73.355  -73.355  -39.538  -39.538  -39.538  -39.538  -39.537  -39.537
  -39.536  -39.536  -39.288  -39.288  -39.287  -39.287   -3.223   -3.223   -1.917   -1.917
    0.706    0.706    1.044    1.044    5.553    5.553    6.124    6.124    6.903    6.903
    7.717    7.717    8.401    8.401    8.990    8.990    9.449    9.449    9.699    9.699
   10.094   10.094   10.340   10.340   11.962   11.962   12.254   12.254   12.432   12.432
   12.499   12.499   12.722   12.722   12.830   12.830   14.395   14.395   14.749   14.749
   15.258   15.258   15.675   15.675   15.788   15.788   16.353   16.353   19.173   19.173
   19.322   19.322   20.786   20.786   21.238   21.238   21.648   21.648   22.588   22.588
   22.774   22.774   23.135   23.135
            0.500000  0.125000  0.000000
  -73.355  -73.355  -73.355  -73.355  -39.538  -39.538  -39.538  -39.538  -39.537  -39.537
  -39.536  -39.536  -39.288  -39.288  -39.287  -39.287   -3.206   -3.206   -1.933   -1.933
    0.691    0.691    1.043    1.043    5.508    5.508    6.178    6.178    6.935    6.935
    7.637    7.637    8.476    8.476    8.994    8.994    9.417    9.417    9.697    9.697
   10.124   10.124   10.375   10.375   11.984   11.984   12.247   12.247   12.416   12.416
   12.491   12.491   12.726   12.726   12.818   12.818   14.381   14.381   14.788   14.788
   15.246   15.246   15.652   15.652   15.815   15.815   16.276   16.276   19.192   19.192
   19.383   19.383   20.759   20.759   21.141   21.141   21.650   21.650   22.519   22.519
   22.756   22.756   23.121   23.121
            0.500000  0.150000  0.000000
  -73.355  -73.355  -73.355  -73.355  -39.538  -39.538  -39.538  -39.538  -39.537  -39.537
  -39.536  -39.536  -39.288  -39.288  -39.287  -39.287   -3.184   -3.184   -1.954   -1.954
    0.676    0.676    1.040    1.040    5.467    5.467    6.222    6.222    6.973    6.973
    7.567    7.567    8.548    8.548    8.990    8.990    9.394    9.394    9.695    9.695
   10.142   10.142   10.426   10.426   12.009   12.009   12.239   12.239   12.398   12.398
   12.480   12.480   12.730   12.730   12.805   12.805   14.372   14.372   14.822   14.822
   15.232   15.232   15.621   15.621   15.845   15.845   16.196   16.196   19.212   19.212
   19.453   19.453   20.705   20.705   21.073   21.073   21.642   21.642   22.428   22.428
   22.705   22.705   23.143   23.143
            0.500000  0.175000  0.000000
  -73.355  -73.355  -73.355  -73.355  -39.538  -39.538  -39.538  -39.538  -39.537  -39.537
  -39.536  -39.536  -39.288  -39.288  -39.287  -39.287   -3.159   -3.159   -1.978   -1.978
    0.662    0.662    1.035    1.035    5.433    5.433    6.254    6.254    7.016    7.016
    7.511    7.511    8.617    8.617    8.977    8.977    9.381    9.381    9.691    9.691
   10.149   10.149   10.489   10.489   12.036   12.036   12.228   12.228   12.383   12.383
   12.467   12.467   12.735   12.735   12.790   12.790   14.367   14.367   14.850   14.850
   15.217   15.217   15.582   15.582   15.879   15.879   16.123   16.123   19.234   19.234
   19.529   19.529   20.624   20.624   21.036   21.036   21.620   21.620   22.330   22.330
   22.638   22.638   23.171   23.171
            0.500000  0.200000  0.000000
  -73.355  -73.355  -73.355  -73.355  -39.538  -39.538  -39.537  -39.537  -39.537  -39.537
  -39.536  -39.536  -39.288  -39.288  -39.287  -39.287   -3.130   -3.130   -2.006   -2.006
    0.649    0.649    1.027    1.027    5.405    5.405    6.269    6.269    7.061    7.061
    7.475    7.475    8.681    8.681    8.958    8.958    9.377    9.377    9.687    9.687
   10.151   10.151   10.558   10.558   12.062   12.062   12.212   12.212   12.375   12.375
   12.451   12.451   12.739   12.739   12.775   12.775   14.368   14.368   14.867   14.867
   15.200   15.200   15.532   15.532   15.916   15.916   16.062   16.062   19.260   19.260
   19.608   19.608   20.529   20.529   21.016   21.016   21.579   21.579   22.237   22.237
   22.568   22.568   23.187   23.187
            0.500000  0.225000  0.000000
  -73.355  -73.355  -73.355  -73.355  -39.538  -39.538  -39.537  -39.537  -39.537  -39.537
  -39.536  -39.536  -39.288  -39.288  -39.287  -39.287   -3.098   -3.098   -2.038   -2.038
    0.639    0.639    1.015    1.015    5.384    5.384    6.267    6.267    7.105    7.105
    7.461    7.461    8.736    8.736    8.939    8.939    9.380    9.380    9.682    9.682
   10.151   10.151   10.627   10.627   12.084   12.084   12.192   12.192   12.375   12.375
   12.434   12.434   12.738   12.738   12.765   12.765   14.374   14.374   14.874   14.874
   15.183   15.183   15.470   15.470   15.954   15.954   16.019   16.019   19.288   19.288
   19.688   19.688   20.430   20.430   21.001   21.001   21.520   21.520   22.155   22.155
   22.495   22.495   23.188   23.188
            0.500000  0.250000  0.000000
  -73.355  -73.355  -73.355  -73.355  -39.538  -39.538  -39.537  -39.537  -39.537  -39.537
  -39.536  -39.536  -39.288  -39.288  -39.287  -39.287   -3.063   -3.063   -2.074   -2.074
    0.631    0.631    1.001    1.001    5.370    5.370    6.246    6.246    7.146    7.146
    7.472    7.472    8.770    8.770    8.935    8.935    9.386    9.386    9.676    9.676
   10.153   10.153   10.691   10.691   12.097   12.097   12.175   12.175   12.383   12.383
   12.417   12.417   12.726   12.726   12.766   12.766   14.385   14.385   14.870   14.870
   15.165   15.165   15.398   15.398   15.988   15.988   15.999   15.999   19.320   19.320
   19.768   19.768   20.337   20.337   20.983   20.983   21.442   21.442   22.091   22.091
   22.414   22.414   23.179   23.179
            0.500000  0.275000  0.000000
  -73.355  -73.355  -73.355  -73.355  -39.538  -39.538  -39.537  -39.537  -39.537  -39.537
  -39.536  -39.536  -39.288  -39.288  -39.287  -39.287   -3.024   -3.024   -2.113   -2.113
    0.627    0.627    0.983    0.983    5.364    5.364    6.208    6.208    7.183    7.183
    7.503    7.503    8.774    8.774    8.959    8.959    9.392    9.392    9.670    9.670
   10.159   10.159   10.747   10.747   12.088   12.088   12.172   12.172   12.380   12.380
   12.422   12.422   12.707   12.707   12.771   12.771   14.401   14.401   14.857   14.857
   15.144   15.144   15.319   15.319   15.985   15.985   16.033   16.033   19.355   19.355
   19.847   19.847   20.253   20.253   20.957   20.957   21.353   21.353   22.048   22.048
   22.317   22.317   23.167   23.167
            0.500000  0.300000  0.000000
  -73.355  -73.355  -73.355  -73.355  -39.538  -39.538  -39.538  -39.538  -39.537  -39.537
  -39.536  -39.536  -39.288  -39.288  -39.287  -39.287   -2.983   -2.983   -2.155   -2.155
    0.627    0.627    0.963    0.963    5.365    5.365    6.157    6.157    7.219    7.219
    7.544    7.544    8.761    8.761    9.000    9.000    9.396    9.396    9.662    9.662
   10.173   10.173   10.791   10.791   12.063   12.063   12.181   12.181   12.362   12.362
   12.450   12.450   12.686   12.686   12.778   12.778   14.422   14.422   14.838   14.838
   15.119   15.119   15.238   15.238   15.990   15.990   16.069   16.069   19.392   19.392
   19.920   19.920   20.186   20.186   20.922   20.922   21.256   21.256   22.026   22.026
   22.206   22.206   23.151   23.151
            0.500000  0.325000  0.000000
  -73.355  -73.355  -73.355  -73.355  -39.538  -39.538  -39.538  -39.538  -39.537  -39.537
  -39.536  -39.536  -39.288  -39.288  -39.287  -39.287   -2.938   -2.938   -2.201   -2.201
    0.630    0.630    0.940    0.940    5.374    5.374    6.097    6.097    7.257    7.257
    7.588    7.588    8.747    8.747    9.043    9.043    9.398    9.398    9.652    9.652
   10.195   10.195   10.820   10.820   12.035   12.035   12.188   12.188   12.347   12.347
   12.486   12.486   12.664   12.664   12.784   12.784   14.449   14.449   14.816   14.816
   15.091   15.091   15.159   15.159   16.005   16.005   16.101   16.101   19.432   19.432
   19.970   19.970   20.155   20.155   20.881   20.881   21.158   21.158   21.997   21.997
   22.108   22.108   23.128   23.128
            0.500000  0.350000  0.000000
  -73.355  -73.355  -73.355  -73.355  -39.538  -39.538  -39.538  -39.538  -39.537  -39.537
  -39.536  -39.536  -39.288  -39.288  -39.287  -39.287   -2.891   -2.891   -2.249   -2.249
    0.637    0.637    0.915    0.915    5.390    5.390    6.031    6.031    7.298    7.298
    7.625    7.625    8.742    8.742    9.079    9.079    9.398    9.398    9.641    9.641
   10.228   10.228   10.833   10.833   12.010   12.010   12.186   12.186   12.340   12.340
   12.525   12.525   12.641   12.641   12.788   12.788   14.482   14.482   14.793   14.793
   15.057   15.057   15.083   15.083   16.026   16.026   16.129   16.129   19.474   19.474
   19.966   19.966   20.191   20.191   20.836   20.836   21.062   21.062   21.883   21.883
   22.102   22.102   23.090   23.090
            0.500000  0.375000  0.000000
  -73.355  -73.355  -73.355  -73.355  -39.538  -39.538  -39.538  -39.538  -39.537  -39.537
  -39.536  -39.536  -39.288  -39.288  -39.287  -39.287   -2.842   -2.842   -2.300   -2.300
    0.648    0.648    0.889    0.889    5.414    5.414    5.962    5.962    7.342    7.342
    7.650    7.650    8.749    8.749    9.101    9.101    9.403    9.403    9.627    9.627
   10.271   10.271   10.827   10.827   11.993   11.993   12.171   12.171   12.346   12.346
   12.564   12.564   12.618   12.618   12.790   12.790   14.519   14.519   14.774   14.774
   15.013   15.013   15.018   15.018   16.050   16.050   16.151   16.151   19.517   19.517
   19.930   19.930   20.272   20.272   20.791   20.791   20.974   20.974   21.730   21.730
   22.145   22.145   23.035   23.035
            0.500000  0.400000  0.000000
  -73.355  -73.355  -73.355  -73.355  -39.538  -39.538  -39.538  -39.538  -39.537  -39.537
  -39.536  -39.536  -39.288  -39.288  -39.287  -39.287   -2.791   -2.791   -2.352   -2.352
    0.663    0.663    0.861    0.861    5.444    5.444    5.891    5.891    7.388    7.388
    7.660    7.660    8.771    8.771    9.103    9.103    9.414    9.414    9.610    9.610
   10.324   10.324   10.805   10.805   11.984   11.984   12.148   12.148   12.362   12.362
   12.576   12.576   12.620   12.620   12.789   12.789   14.562   14.562   14.760   14.760
   14.949   14.949   14.975   14.975   16.075   16.075   16.166   16.166   19.561   19.561
   19.888   19.888   20.372   20.372   20.753   20.753   20.895   20.895   21.567   21.567
   22.208   22.208   22.962   22.962
            0.500000  0.425000  0.000000
  -73.355  -73.355  -73.355  -73.355  -39.538  -39.538  -39.538  -39.538  -39.537  -39.537
  -39.536  -39.536  -39.287  -39.287  -39.287  -39.287   -2.738   -2.738   -2.406   -2.406
    0.681    0.681    0.833    0.833    5.481    5.481    5.822    5.822    7.435    7.435
    7.655    7.655    8.806    8.806    9.086    9.086    9.434    9.434    9.591    9.591
   10.384   10.384   10.767   10.767   11.984   11.984   12.119   12.119   12.384   12.384
   12.554   12.554   12.653   12.653   12.784   12.784   14.609   14.609   14.753   14.753
   14.894   14.894   14.928   14.928   16.100   16.100   16.174   16.174   19.604   19.604
   19.848   19.848   20.480   20.480   20.723   20.723   20.831   20.831   21.403   21.403
   22.286   22.286   22.874   22.874
            0.500000  0.450000  0.000000
  -73.355  -73.355  -73.355  -73.355  -39.538  -39.538  -39.538  -39.538  -39.537  -39.537
  -39.536  -39.536  -39.287  -39.287  -39.287  -39.287   -2.684   -2.684   -2.462   -2.462
    0.701    0.701    0.805    0.805    5.525    5.525    5.754    5.754    7.482    7.482
    7.637    7.637    8.852    8.852    9.052    9.052    9.460    9.460    9.569    9.569
   10.449   10.449   10.716   10.716   11.994   11.994   12.089   12.089   12.410   12.410
   12.526   12.526   12.687   12.687   12.775   12.775   14.659   14.659   14.754   14.754
   14.846   14.846   14.879   14.879   16.123   16.123   16.176   16.176   19.646   19.646
   19.808   19.808   20.586   20.586   20.706   20.706   20.792   20.792   21.240   21.240
   22.374   22.374   22.777   22.777
            0.500000  0.475000  0.000000
  -73.355  -73.355  -73.355  -73.355  -39.538  -39.538  -39.538  -39.538  -39.537  -39.537
  -39.536  -39.536  -39.287  -39.287  -39.287  -39.287   -2.629   -2.629   -2.517   -2.517
    0.725    0.725    0.777    0.777    5.575    5.575    5.690    5.690    7.527    7.527
    7.607    7.607    8.903    8.903    9.008    9.008    9.488    9.488    9.544    9.544
   10.518   10.518   10.655   10.655   12.010   12.010   12.059   12.059   12.438   12.438
   12.497   12.497   12.717   12.717   12.761   12.761   14.711   14.711   14.765   14.765
   14.805   14.805   14.829   14.829   16.143   16.143   16.170   16.170   19.688   19.688
   19.769   19.769   20.652   20.652   20.694   20.694   20.824   20.824   21.084   21.084
   22.470   22.470   22.675   22.675
            0.500000  0.500000  0.000000
  -73.355  -73.355  -73.355  -73.355  -39.538  -39.538  -39.538  -39.538  -39.536  -39.536
  -39.536  -39.536  -39.287  -39.287  -39.287  -39.287   -2.573   -2.573   -2.573   -2.573
    0.750    0.750    0.750    0.750    5.630    5.630    5.630    5.630    7.570    7.570
    7.570    7.570    8.957    8.957    8.957    8.957    9.517    9.517    9.517    9.517
   10.588   10.588   10.588   10.588   12.033   12.033   12.033   12.033   12.467   12.467
   12.468   12.468   12.741   12.741   12.741   12.741   14.761   14.761   14.761   14.761
   14.789   14.789   14.789   14.789   16.159   16.159   16.159   16.159   19.729   19.729
   19.729   19.729   20.676   20.676   20.676   20.676   20.939   20.939   20.939   20.939
   22.572   22.572   22.572   22.572
            0.475000  0.475000  0.000000
  -73.355  -73.355  -73.355  -73.355  -39.538  -39.538  -39.538  -39.538  -39.537  -39.537
  -39.536  -39.536  -39.287  -39.287  -39.287  -39.287   -2.687   -2.571   -2.570   -2.465
    0.722    0.729    0.773    0.782    5.564    5.591    5.680    5.705    7.443    7.538
    7.604    7.665    8.898    8.913    8.988    9.028    9.480    9.493    9.537    9.547
   10.462   10.578   10.600   10.713   11.988   12.030   12.036   12.079   12.425   12.449
   12.483   12.506   12.714   12.720   12.760   12.762   14.666   14.704   14.753   14.762
   14.763   14.828   14.866   14.887   16.116   16.141   16.174   16.204   19.643   19.723
   19.744   19.819   20.587   20.660   20.686   20.690   20.714   20.922   20.999   21.254
   22.397   22.558   22.598   22.766
            0.450000  0.450000  0.000000
  -73.355  -73.355  -73.355  -73.355  -39.538  -39.538  -39.538  -39.538  -39.537  -39.537
  -39.536  -39.536  -39.288  -39.287  -39.287  -39.287   -2.804   -2.562   -2.561   -2.363
    0.697    0.711    0.796    0.818    5.511    5.563    5.742    5.789    7.301    7.509
    7.639    7.711    8.818    8.911    8.992    9.107    9.439    9.465    9.552    9.571
   10.338   10.573   10.605   10.834   11.954   12.025   12.041   12.120   12.386   12.429
   12.498   12.534   12.679   12.701   12.775   12.775   14.578   14.634   14.730   14.762
   14.767   14.873   14.975   14.996   16.071   16.119   16.186   16.249   19.574   19.726
   19.767   19.885   20.370   20.562   20.671   20.716   20.761   20.921   21.104   21.568
   22.251   22.558   22.638   22.975
            0.425000  0.425000  0.000000
  -73.355  -73.355  -73.355  -73.355  -39.538  -39.538  -39.538  -39.538  -39.537  -39.537
  -39.536  -39.536  -39.288  -39.287  -39.287  -39.287   -2.922   -2.548   -2.547   -2.270
    0.675    0.697    0.817    0.860    5.471    5.546    5.816    5.877    7.157    7.482
    7.669    7.708    8.725    8.935    8.991    9.170    9.402    9.437    9.562    9.588
   10.220   10.571   10.595   10.949   11.937   12.018   12.049   12.148   12.358   12.407
   12.513   12.543   12.637   12.690   12.781   12.787   14.497   14.579   14.722   14.761
   14.776   14.921   15.089   15.111   16.024   16.095   16.196   16.295   19.529   19.738
   19.793   19.872   20.226   20.487   20.629   20.801   20.824   20.925   21.232   21.855
   22.136   22.576   22.690   23.192
            0.400000  0.400000  0.000000
  -73.355  -73.355  -73.355  -73.355  -39.538  -39.538  -39.538  -39.538  -39.537  -39.537
  -39.536  -39.536  -39.288  -39.287  -39.287  -39.287   -3.039   -2.529   -2.527   -2.188
    0.656    0.689    0.834    0.907    5.446    5.539    5.901    5.966    7.021    7.458
    7.639    7.718    8.625    8.905    9.049    9.184    9.385    9.416    9.572    9.603
   10.109   10.562   10.563   11.054   11.940   12.007   12.059   12.161   12.347   12.381
   12.530   12.533   12.590   12.691   12.781   12.798   14.425   14.534   14.734   14.756
   14.791   14.967   15.204   15.229   15.975   16.072   16.205   16.339   19.511   19.737
   19.756   19.847   20.207   20.415   20.579   20.891   20.896   20.977   21.371   22.057
   22.086   22.618   22.751   23.416
            0.375000  0.375000  0.000000
  -73.355  -73.355  -73.355  -73.355  -39.538  -39.538  -39.538  -39.538  -39.537  -39.537
  -39.536  -39.536  -39.288  -39.287  -39.287  -39.287   -3.155   -2.504   -2.502   -2.118
    0.639    0.685    0.846    0.962    5.436    5.542    5.998    6.049    6.903    7.434
    7.559    7.747    8.526    8.852    9.106    9.138    9.384    9.420    9.591    9.623
   10.010   10.507   10.537   11.146   11.961   11.994   12.071   12.167   12.347   12.353
   12.513   12.533   12.554   12.697   12.776   12.808   14.362   14.498   14.746   14.771
   14.813   15.004   15.319   15.344   15.928   16.052   16.213   16.380   19.520   19.611
   19.776   19.889   20.232   20.349   20.530   20.911   20.972   21.144   21.508   22.013
   22.240   22.694   22.817   23.639
            0.350000  0.350000  0.000000
  -73.355  -73.355  -73.355  -73.355  -39.538  -39.538  -39.538  -39.538  -39.537  -39.537
  -39.536  -39.536  -39.288  -39.287  -39.287  -39.287   -3.268   -2.475   -2.472   -2.060
    0.624    0.684    0.852    1.025    5.441    5.554    6.106    6.118    6.814    7.410
    7.464    7.769    8.434    8.795    9.059    9.113    9.364    9.451    9.620    9.669
    9.923   10.432   10.488   11.218   11.981   11.997   12.083   12.178   12.320   12.350
   12.481   12.494   12.576   12.702   12.766   12.818   14.306   14.469   14.731   14.830
   14.848   15.018   15.431   15.452   15.899   16.036   16.221   16.417   19.516   19.558
   19.794   19.941   20.231   20.328   20.495   20.929   21.047   21.339   21.637   22.010
   22.324   22.792   22.874   23.834
            0.325000  0.325000  0.000000
  -73.355  -73.355  -73.355  -73.355  -39.538  -39.538  -39.538  -39.537  -39.537  -39.537
  -39.536  -39.536  -39.288  -39.287  -39.287  -39.287   -3.376   -2.441   -2.438   -2.016
    0.612    0.685    0.851    1.097    5.461    5.575    6.161    6.222    6.766    7.368
    7.383    7.778    8.354    8.746    8.964    9.077    9.319    9.473    9.648    9.757
    9.842   10.347   10.414   11.263   11.977   12.040   12.095   12.200   12.283   12.352
   12.429   12.482   12.599   12.702   12.753   12.829   14.257   14.444   14.710   14.881
   14.929   14.998   15.539   15.547   15.903   16.025   16.228   16.449   19.462   19.622
   19.801   19.999   20.183   20.376   20.486   20.958   21.113   21.513   21.753   22.066
   22.369   22.888   22.905   23.870
            0.300000  0.300000  0.000000
  -73.355  -73.355  -73.355  -73.355  -39.539  -39.538  -39.538  -39.537  -39.537  -39.537
  -39.536  -39.536  -39.288  -39.287  -39.287  -39.287   -3.479   -2.403   -2.400   -1.983
    0.601    0.686    0.842    1.177    5.496    5.603    6.174    6.345    6.765    7.279
    7.351    7.769    8.288    8.714    8.863    9.018    9.258    9.474    9.658    9.762
    9.870   10.265   10.316   11.273   11.986   12.071   12.118   12.231   12.242   12.345
   12.388   12.478   12.619   12.696   12.736   12.840   14.215   14.425   14.682   14.934
   14.941   15.042   15.627   15.642   15.946   16.021   16.236   16.476   19.446   19.710
   19.792   20.057   20.154   20.447   20.514   20.999   21.164   21.627   21.849   22.203
   22.397   22.899   22.961   23.821
            0.275000  0.275000  0.000000
  -73.355  -73.355  -73.355  -73.355  -39.539  -39.538  -39.538  -39.537  -39.537  -39.537
  -39.536  -39.536  -39.288  -39.287  -39.287  -39.287   -3.577   -2.362   -2.359   -1.962
    0.591    0.686    0.827    1.264    5.544    5.639    6.165    6.469    6.802    7.206
    7.313    7.740    8.234    8.702    8.764    8.950    9.189    9.463    9.621    9.698
    9.976   10.198   10.210   11.247   12.012   12.072   12.162   12.202   12.269   12.316
   12.375   12.482   12.632   12.684   12.716   12.849   14.176   14.411   14.649   14.859
   15.002   15.176   15.694   15.738   16.015   16.028   16.245   16.499   19.463   19.769
   19.819   20.083   20.190   20.530   20.580   21.050   21.199   21.687   21.912   22.394
   22.424   22.873   22.993   23.729
            0.250000  0.250000  0.000000
  -73.355  -73.355  -73.355  -73.355  -39.539  -39.538  -39.538  -39.537  -39.537  -39.537
  -39.536  -39.536  -39.288  -39.287  -39.287  -39.287   -3.667   -2.319   -2.316   -1.950
    0.583    0.682    0.805    1.357    5.604    5.681    6.148    6.586    6.862    7.158
    7.269    7.690    8.186    8.680    8.708    8.879    9.114    9.448    9.519    9.657
    9.995   10.155   10.167   11.190   12.050   12.057   12.154   12.221   12.279   12.310
   12.375   12.490   12.635   12.667   12.693   12.856   14.138   14.402   14.611   14.767
   15.084   15.326   15.746   15.828   16.043   16.098   16.254   16.519   19.506   19.741
   19.943   20.101   20.276   20.620   20.679   21.112   21.215   21.727   21.927   22.458
   22.544   22.898   22.972   23.601
            0.225000  0.225000  0.000000
  -73.355  -73.355  -73.355  -73.355  -39.539  -39.538  -39.538  -39.537  -39.537  -39.537
  -39.536  -39.536  -39.288  -39.287  -39.287  -39.287   -3.751   -2.274   -2.271   -1.945
    0.575    0.674    0.778    1.453    5.674    5.731    6.136    6.681    6.933    7.150
    7.223    7.626    8.132    8.618    8.707    8.831    9.037    9.391    9.430    9.605
    9.885   10.133   10.231   11.109   12.032   12.091   12.112   12.249   12.274   12.350
   12.378   12.501   12.630   12.649   12.668   12.859   14.095   14.398   14.572   14.681
   15.182   15.486   15.788   15.914   16.068   16.178   16.265   16.539   19.571   19.714
   20.075   20.137   20.382   20.720   20.797   21.186   21.218   21.767   21.892   22.486
   22.564   22.901   23.042   23.499
            0.200000  0.200000  0.000000
  -73.355  -73.355  -73.355  -73.355  -39.539  -39.538  -39.538  -39.537  -39.537  -39.537
  -39.536  -39.536  -39.288  -39.287  -39.287  -39.287   -3.827   -2.228   -2.225   -1.946
    0.569    0.662    0.746    1.550    5.752    5.787    6.133    6.738    7.006    7.179
    7.192    7.559    8.064    8.582    8.649    8.850    8.958    9.256    9.412    9.536
    9.754   10.130   10.298   11.011   12.001   12.068   12.119   12.233   12.327   12.377
   12.393   12.512   12.619   12.630   12.643   12.859   14.043   14.399   14.533   14.611
   15.293   15.650   15.823   15.996   16.098   16.246   16.277   16.562   19.654   19.694
   20.191   20.207   20.503   20.835   20.903   21.230   21.271   21.815   21.828   22.459
   22.526   22.817   23.183   23.430
            0.175000  0.175000  0.000000
  -73.355  -73.355  -73.355  -73.355  -39.539  -39.538  -39.538  -39.537  -39.537  -39.537
  -39.536  -39.536  -39.288  -39.287  -39.287  -39.287   -3.895   -2.183   -2.181   -1.951
    0.564    0.647    0.712    1.643    5.834    5.850    6.140    6.765    7.067    7.154
    7.254    7.512    7.986    8.557    8.560    8.873    8.907    9.134    9.394    9.455
    9.629   10.140   10.346   10.903   11.969   12.023   12.112   12.246   12.376   12.383
   12.427   12.522   12.603   12.612   12.620   12.855   13.976   14.404   14.499   14.560
   15.415   15.806   15.856   16.080   16.130   16.291   16.297   16.591   19.684   19.741
   20.267   20.317   20.636   20.945   20.971   21.307   21.366   21.761   21.871   22.336
   22.488   22.752   23.175   23.399
            0.150000  0.150000  0.000000
  -73.355  -73.355  -73.355  -73.355  -39.539  -39.539  -39.538  -39.537  -39.537  -39.536
  -39.536  -39.536  -39.288  -39.287  -39.287  -39.287   -3.954   -2.139   -2.138   -1.959
    0.559    0.628    0.677    1.731    5.918    5.919    6.154    6.783    7.066    7.201
    7.263    7.541    7.906    8.458    8.518    8.769    8.975    9.050    9.370    9.375
    9.525   10.159   10.374   10.789   11.936   11.978   12.073   12.280   12.388   12.420
   12.458   12.531   12.588   12.595   12.600   12.849   13.894   14.414   14.476   14.525
   15.543   15.890   15.932   16.159   16.176   16.311   16.328   16.629   19.686   19.811
   20.366   20.382   20.780   20.954   21.127   21.453   21.467   21.709   21.929   22.147
   22.464   22.681   23.052   23.406
            0.125000  0.125000  0.000000
  -73.355  -73.355  -73.355  -73.355  -39.539  -39.539  -39.539  -39.537  -39.537  -39.536
  -39.536  -39.536  -39.288  -39.287  -39.287  -39.287   -4.005   -2.099   -2.098   -1.967
    0.556    0.609    0.642    1.811    5.991    6.000    6.172    6.805    7.039    7.209
    7.287    7.639    7.837    8.351    8.448    8.640    9.019    9.042    9.287    9.350
    9.459   10.184   10.381   10.673   11.906   11.936   12.021   12.316   12.393   12.459
   12.486   12.538   12.576   12.581   12.585   12.842   13.804   14.425   14.463   14.501
   15.672   15.927   16.012   16.185   16.259   16.339   16.371   16.675   19.698   19.847
   20.316   20.553   20.934   21.016   21.295   21.572   21.604   21.674   21.951   21.984
   22.458   22.588   22.890   23.444
            0.100000  0.100000  0.000000
  -73.355  -73.355  -73.355  -73.355  -39.539  -39.539  -39.539  -39.537  -39.537  -39.536
  -39.536  -39.536  -39.288  -39.287  -39.287  -39.287   -4.047   -2.064   -2.063   -1.976
    0.552    0.590    0.611    1.880    6.064    6.075    6.192    6.837    7.014    7.140
    7.385    7.751    7.785    8.242    8.349    8.497    9.023    9.091    9.215    9.332
    9.433   10.212   10.371   10.561   11.879   11.898   11.963   12.348   12.398   12.492
   12.509   12.544   12.568   12.570   12.575   12.837   13.712   14.437   14.459   14.486
   15.796   15.967   16.056   16.207   16.282   16.332   16.498   16.725   19.721   19.854
   20.195   20.774   21.096   21.136   21.445   21.619   21.648   21.689   21.897   22.032
   22.463   22.481   22.716   23.499
            0.075000  0.075000  0.000000
  -73.355  -73.355  -73.355  -73.355  -39.539  -39.539  -39.539  -39.537  -39.537  -39.536
  -39.536  -39.536  -39.288  -39.287  -39.287  -39.287   -4.079   -2.034   -2.034   -1.983
    0.550    0.572    0.584    1.935    6.131    6.140    6.209    6.879    6.995    7.073
    7.493    7.758    7.851    8.138    8.232    8.346    9.042    9.104    9.157    9.351
    9.431   10.240   10.348   10.457   11.857   11.867   11.908   12.374   12.403   12.517
   12.527   12.548   12.563   12.563   12.567   12.832   13.629   14.449   14.460   14.476
   15.908   16.009   16.080   16.223   16.282   16.313   16.635   16.775   19.751   19.844
   20.055   21.027   21.265   21.280   21.459   21.549   21.634   21.825   22.002   22.068
   22.381   22.463   22.548   23.560
            0.050000  0.050000  0.000000
  -73.355  -73.355  -73.355  -73.355  -39.539  -39.539  -39.539  -39.537  -39.537  -39.536
  -39.536  -39.536  -39.288  -39.287  -39.287  -39.287   -4.103   -2.012   -2.012   -1.989
    0.548    0.559    0.564    1.977    6.186    6.190    6.223    6.922    6.982    7.019
    7.610    7.762    7.926    8.050    8.113    8.195    9.062    9.096    9.115    9.395
    9.438   10.265   10.320   10.370   11.840   11.844   11.864   12.393   12.406   12.536
   12.539   12.549   12.561   12.561   12.563   12.828   13.562   14.458   14.463   14.470
   16.003   16.050   16.093   16.235   16.272   16.286   16.750   16.817   19.782   19.831
   19.931   21.288   21.307   21.428   21.434   21.607   21.625   21.940   22.051   22.082
   22.336   22.402   22.452   23.616
            0.025000  0.025000  0.000000
  -73.355  -73.355  -73.355  -73.355  -39.539  -39.539  -39.539  -39.537  -39.537  -39.536
  -39.536  -39.536  -39.288  -39.288  -39.288  -39.287   -4.117   -1.999   -1.999   -1.993
    0.547    0.550    0.551    2.002    6.222    6.223    6.231    6.957    6.973    6.983
    7.735    7.794    7.959    8.003    8.006    8.048    9.077    9.086    9.090    9.435
    9.447   10.281   10.296   10.309   11.829   11.830   11.836   12.405   12.408   12.546
   12.546   12.549   12.561   12.561   12.561   12.826   13.518   14.464   14.465   14.467
   16.072   16.085   16.099   16.242   16.255   16.258   16.827   16.844   19.807   19.821
   19.847   21.204   21.521   21.557   21.589   21.620   21.639   21.972   21.999   22.026
   22.364   22.369   22.407   23.656
            0.000000  0.000000  0.000000
  -73.355  -73.355  -73.355  -73.355  -39.539  -39.539  -39.539  -39.537  -39.537  -39.537
  -39.537  -39.537  -39.288  -39.288  -39.288  -39.288   -4.122   -1.994   -1.994   -1.994
    0.547    0.547    0.547    2.010    6.234    6.234    6.234    6.970    6.970    6.970
    7.825    7.825    7.949    7.949    7.949    8.006    9.082    9.082    9.082    9.451
    9.451   10.287   10.287   10.287   11.826   11.826   11.826   12.409   12.409   12.548
   12.548   12.548   12.562   12.562   12.562   12.825   13.503   14.466   14.466   14.466
   16.101   16.101   16.101   16.245   16.245   16.245   16.854   16.854   19.817   19.817
   19.817   21.167   21.619   21.619   21.619   21.671   21.671   21.955   21.955   21.955
   22.384   22.384   22.384   23.671
