 &plot nbnd=  84, nks=   101 /
            0.500000  0.250000  0.750000
  -73.408  -73.408  -73.408  -73.408  -39.715  -39.715  -39.714  -39.714  -39.713  -39.713
  -39.713  -39.713  -39.465  -39.465  -39.465  -39.465   -2.955   -2.955   -2.207   -2.207
    0.421    0.421    0.745    0.745    5.474    5.474    6.363    6.363    6.550    6.550
    7.882    7.882    8.406    8.406    8.694    8.694    9.380    9.380    9.882    9.882
   10.058   10.058   10.630   10.630   11.756   11.756   11.908   11.908   11.967   11.967
   12.163   12.163   12.398   12.398   12.542   12.542   14.159   14.159   14.596   14.596
   14.799   14.799   15.207   15.207   15.661   15.661   16.043   16.043   19.158   19.158
   19.587   19.587   19.903   19.903   20.890   20.890   21.179   21.179   21.819   21.819
   22.276   22.276   22.880   22.880
            0.475000  0.262500  0.712500
  -73.408  -73.408  -73.408  -73.408  -39.715  -39.715  -39.714  -39.714  -39.713  -39.713
  -39.713  -39.713  -39.465  -39.465  -39.465  -39.465   -2.950   -2.820   -2.252   -2.243
    0.373    0.390    0.667    0.691    5.498    5.560    6.300    6.359    6.612    6.663
    7.874    7.955    8.271    8.420    8.666    8.701    9.437    9.485    9.919    9.960
   10.087   10.092   10.588   10.717   11.717   11.745   11.841   11.892   11.934   11.952
   12.139   12.171   12.357   12.393   12.514   12.531   14.121   14.209   14.581   14.606
   14.740   14.757   15.184   15.211   15.659   15.698   16.025   16.061   19.095   19.148
   19.550   19.737   19.925   20.090   20.881   20.960   21.003   21.153   21.661   21.705
   22.210   22.238   22.735   22.790
            0.450000  0.275000  0.675000
  -73.408  -73.408  -73.408  -73.408  -39.715  -39.715  -39.715  -39.714  -39.713  -39.713
  -39.713  -39.712  -39.465  -39.465  -39.465  -39.465   -2.934   -2.689   -2.310   -2.273
    0.333    0.365    0.584    0.642    5.522    5.669    6.197    6.343    6.696    6.846
    7.779    7.979    8.214    8.440    8.624    8.673    9.523    9.601    9.932    9.975
   10.111   10.217   10.542   10.777   11.670   11.723   11.818   11.864   11.893   11.951
   12.109   12.164   12.315   12.397   12.475   12.509   14.087   14.251   14.536   14.564
   14.720   14.782   15.162   15.215   15.656   15.725   16.016   16.078   19.069   19.147
   19.481   19.908   20.013   20.366   20.718   20.846   21.079   21.139   21.444   21.684
   22.150   22.211   22.561   22.670
            0.425000  0.287500  0.637500
  -73.408  -73.408  -73.408  -73.408  -39.715  -39.715  -39.715  -39.714  -39.713  -39.713
  -39.713  -39.712  -39.465  -39.465  -39.465  -39.465   -2.907   -2.568   -2.381   -2.298
    0.303    0.346    0.507    0.600    5.551    5.792    6.098    6.328    6.767    7.057
    7.596    7.986    8.227    8.461    8.575    8.609    9.622    9.727    9.895   10.018
   10.141   10.336   10.498   10.804   11.624   11.713   11.809   11.833   11.861   11.962
   12.067   12.141   12.278   12.406   12.432   12.482   14.064   14.288   14.458   14.500
   14.754   14.825   15.145   15.209   15.657   15.752   16.014   16.086   19.076   19.181
   19.406   20.078   20.126   20.531   20.636   20.754   21.067   21.193   21.282   21.743
   22.062   22.081   22.413   22.628
            0.400000  0.300000  0.600000
  -73.408  -73.408  -73.408  -73.408  -39.715  -39.715  -39.715  -39.715  -39.713  -39.713
  -39.712  -39.712  -39.465  -39.465  -39.465  -39.465   -2.869   -2.468   -2.460   -2.315
    0.282    0.327    0.457    0.563    5.585    5.881    6.050    6.316    6.821    7.223
    7.439    7.994    8.223    8.454    8.541    8.554    9.711    9.848    9.861   10.053
   10.186   10.370   10.504   10.800   11.603   11.701   11.788   11.811   11.857   11.974
   12.018   12.103   12.258   12.391   12.418   12.460   14.058   14.320   14.366   14.449
   14.803   14.859   15.139   15.188   15.676   15.777   16.016   16.080   19.098   19.269
   19.335   20.149   20.221   20.417   20.583   20.901   21.050   21.180   21.374   21.786
   21.938   21.950   22.303   22.609
            0.375000  0.312500  0.562500
  -73.408  -73.408  -73.408  -73.408  -39.715  -39.715  -39.715  -39.715  -39.713  -39.713
  -39.712  -39.712  -39.465  -39.465  -39.465  -39.465   -2.821   -2.556   -2.384   -2.324
    0.272    0.303    0.448    0.533    5.624    5.838    6.142    6.309    6.852    7.100
    7.575    7.997    8.190    8.361    8.548    8.562    9.760    9.812    9.983   10.088
   10.217   10.313   10.564   10.771   11.610   11.680   11.773   11.803   11.862   11.936
   12.019   12.066   12.263   12.358   12.428   12.448   14.073   14.269   14.357   14.419
   14.840   14.878   15.142   15.163   15.710   15.790   16.020   16.062   19.123   19.265
   19.407   20.049   20.181   20.417   20.649   20.890   21.021   21.301   21.526   21.774
   21.834   21.859   22.297   22.537
            0.350000  0.325000  0.525000
  -73.408  -73.408  -73.408  -73.408  -39.715  -39.715  -39.715  -39.715  -39.713  -39.713
  -39.712  -39.712  -39.465  -39.465  -39.465  -39.465   -2.764   -2.655   -2.336   -2.326
    0.273    0.286    0.473    0.510    5.667    5.754    6.258    6.306    6.858    6.927
    7.782    7.960    8.178    8.259    8.574    8.581    9.757    9.775   10.097   10.133
   10.192   10.238   10.627   10.721   11.635   11.664   11.777   11.798   11.861   11.886
   12.044   12.052   12.289   12.330   12.436   12.445   14.109   14.188   14.393   14.411
   14.855   14.875   15.148   15.154   15.745   15.781   16.026   16.042   19.144   19.196
   19.577   19.838   20.209   20.350   20.799   20.919   21.021   21.183   21.653   21.677
   21.856   21.867   22.398   22.462
            0.325000  0.337500  0.487500
  -73.408  -73.408  -73.408  -73.408  -39.715  -39.715  -39.715  -39.715  -39.713  -39.713
  -39.712  -39.712  -39.465  -39.465  -39.465  -39.465   -2.755   -2.699   -2.322   -2.320
    0.284    0.290    0.498    0.517    5.668    5.711    6.288    6.308    6.836    6.860
    7.856    7.940    8.197    8.242    8.590    8.595    9.723    9.735   10.114   10.145
   10.154   10.209   10.646   10.697   11.650   11.665   11.790   11.802   11.860   11.874
   12.065   12.069   12.308   12.329   12.445   12.450   14.124   14.164   14.426   14.432
   14.841   14.853   15.156   15.163   15.745   15.763   16.031   16.039   19.134   19.157
   19.636   19.762   20.246   20.329   20.882   20.924   21.002   21.058   21.566   21.597
   21.986   21.993   22.442   22.454
            0.300000  0.350000  0.450000
  -73.408  -73.408  -73.408  -73.408  -39.715  -39.715  -39.715  -39.715  -39.713  -39.713
  -39.713  -39.712  -39.465  -39.465  -39.465  -39.465   -2.856   -2.628   -2.344   -2.306
    0.295    0.325    0.503    0.572    5.589    5.755    6.188    6.322    6.789    6.944
    7.712    7.992    8.202    8.377    8.585    8.610    9.652    9.717    9.989   10.058
   10.150   10.290   10.556   10.766   11.635   11.696   11.798   11.826   11.857   11.922
   12.073   12.113   12.290   12.377   12.441   12.472   14.082   14.236   14.455   14.477
   14.784   14.836   15.153   15.192   15.690   15.758   16.022   16.066   19.088   19.167
   19.480   19.952   20.154   20.513   20.688   20.809   21.056   21.140   21.384   21.653
   22.070   22.102   22.423   22.537
            0.275000  0.362500  0.412500
  -73.408  -73.408  -73.408  -73.408  -39.715  -39.715  -39.715  -39.714  -39.713  -39.713
  -39.712  -39.712  -39.465  -39.465  -39.465  -39.465   -2.952   -2.551   -2.396   -2.285
    0.317    0.365    0.535    0.631    5.517    5.782    6.057    6.337    6.732    7.095
    7.559    7.971    8.242    8.501    8.582    8.639    9.575    9.702    9.833    9.977
   10.123   10.334   10.468   10.826   11.629   11.728   11.823   11.846   11.873   11.988
   12.073   12.170   12.278   12.424   12.435   12.497   14.059   14.320   14.479   14.537
   14.721   14.803   15.140   15.225   15.632   15.742   16.006   16.101   19.068   19.180
   19.383   20.075   20.133   20.461   20.630   20.764   21.083   21.158   21.308   21.800
   22.068   22.083   22.451   22.713
            0.250000  0.375000  0.375000
  -73.408  -73.408  -73.408  -73.408  -39.715  -39.715  -39.715  -39.714  -39.713  -39.713
  -39.713  -39.712  -39.465  -39.465  -39.465  -39.465   -3.043   -2.476   -2.467   -2.257
    0.345    0.400    0.600    0.692    5.456    5.742    5.996    6.353    6.669    7.239
    7.433    7.926    8.259    8.535    8.576    8.747    9.500    9.653    9.711    9.891
   10.091   10.305   10.427   10.872   11.642   11.757   11.841   11.881   11.907   12.026
   12.093   12.213   12.282   12.425   12.467   12.524   14.053   14.407   14.482   14.592
   14.690   14.758   15.121   15.258   15.584   15.735   15.982   16.132   19.072   19.205
   19.348   19.984   20.251   20.307   20.533   20.809   21.040   21.219   21.457   21.879
   22.004   22.123   22.493   22.909
            0.225000  0.387500  0.337500
  -73.408  -73.408  -73.408  -73.408  -39.715  -39.715  -39.715  -39.714  -39.713  -39.713
  -39.713  -39.712  -39.465  -39.465  -39.465  -39.465   -3.126   -2.564   -2.390   -2.223
    0.379    0.430    0.686    0.750    5.407    5.636    6.025    6.367    6.607    7.204
    7.487    7.873    8.224    8.553    8.576    8.861    9.429    9.511    9.706    9.804
   10.053   10.233   10.420   10.897   11.675   11.785   11.852   11.919   11.955   12.014
   12.150   12.212   12.321   12.418   12.498   12.548   14.053   14.430   14.504   14.588
   14.713   14.770   15.096   15.288   15.556   15.743   15.954   16.149   19.092   19.248
   19.365   19.875   20.071   20.413   20.501   20.659   21.095   21.435   21.610   21.846
   21.935   22.318   22.523   23.049
            0.200000  0.400000  0.300000
  -73.408  -73.408  -73.408  -73.408  -39.715  -39.715  -39.714  -39.714  -39.713  -39.713
  -39.713  -39.712  -39.465  -39.465  -39.465  -39.465   -3.199   -2.666   -2.310   -2.186
    0.416    0.463    0.769    0.809    5.374    5.530    6.086    6.367    6.555    7.079
    7.587    7.843    8.167    8.525    8.622    8.941    9.330    9.423    9.684    9.760
    9.991   10.180   10.407   10.894   11.723   11.804   11.870   11.945   11.997   12.010
   12.184   12.206   12.358   12.425   12.513   12.564   14.045   14.403   14.478   14.642
   14.694   14.894   15.071   15.317   15.551   15.754   15.938   16.149   19.113   19.310
   19.416   19.771   19.890   20.356   20.565   20.637   21.142   21.627   21.741   21.803
   21.979   22.470   22.647   23.058
            0.175000  0.412500  0.262500
  -73.408  -73.408  -73.408  -73.408  -39.715  -39.715  -39.714  -39.714  -39.713  -39.713
  -39.713  -39.713  -39.465  -39.465  -39.465  -39.465   -3.261   -2.771   -2.232   -2.145
    0.455    0.502    0.823    0.881    5.357    5.447    6.150    6.345    6.524    6.963
    7.583    7.850    8.165    8.491    8.650    8.988    9.228    9.374    9.629    9.783
    9.904   10.159   10.380   10.855   11.766   11.823   11.894   11.947   12.004   12.064
   12.165   12.220   12.387   12.451   12.515   12.570   14.027   14.366   14.454   14.652
   14.746   15.010   15.081   15.345   15.559   15.748   15.952   16.134   19.120   19.369
   19.469   19.638   19.802   20.235   20.659   20.732   21.174   21.643   21.808   21.906
   22.152   22.540   22.883   22.974
            0.150000  0.425000  0.225000
  -73.408  -73.408  -73.408  -73.408  -39.715  -39.715  -39.714  -39.714  -39.713  -39.713
  -39.713  -39.713  -39.465  -39.465  -39.465  -39.465   -3.311   -2.875   -2.160   -2.102
    0.496    0.543    0.857    0.948    5.358    5.396    6.185    6.309    6.514    6.870
    7.535    7.807    8.274    8.452    8.635    9.007    9.169    9.323    9.587    9.796
    9.834   10.158   10.336   10.777   11.766   11.863   11.901   11.964   12.023   12.116
   12.150   12.214   12.416   12.482   12.514   12.568   14.009   14.317   14.470   14.624
   14.818   15.025   15.216   15.374   15.565   15.728   15.995   16.114   19.106   19.385
   19.434   19.532   19.842   20.186   20.774   20.830   21.214   21.572   21.899   22.047
   22.347   22.606   22.843   23.177
            0.125000  0.437500  0.187500
  -73.408  -73.408  -73.408  -73.408  -39.715  -39.715  -39.714  -39.714  -39.714  -39.713
  -39.713  -39.713  -39.465  -39.465  -39.465  -39.465   -3.348   -2.974   -2.095   -2.060
    0.539    0.584    0.881    0.999    5.373    5.377    6.155    6.273    6.533    6.808
    7.504    7.743    8.396    8.438    8.574    8.996    9.171    9.268    9.560    9.709
    9.871   10.164   10.274   10.661   11.750   11.839   11.938   12.000   12.044   12.149
   12.166   12.209   12.433   12.500   12.531   12.563   14.004   14.276   14.492   14.587
   14.868   15.043   15.359   15.407   15.563   15.706   16.046   16.114   19.076   19.263
   19.399   19.459   19.963   20.237   20.882   20.938   21.263   21.511   22.007   22.186
   22.492   22.673   22.799   23.178
            0.100000  0.450000  0.150000
  -73.408  -73.408  -73.408  -73.408  -39.715  -39.715  -39.714  -39.714  -39.713  -39.713
  -39.713  -39.713  -39.465  -39.465  -39.465  -39.465   -3.372   -3.066   -2.039   -2.021
    0.582    0.621    0.900    1.028    5.387    5.405    6.082    6.202    6.583    6.771
    7.514    7.702    8.343    8.472    8.591    8.964    9.207    9.232    9.539    9.630
    9.906   10.160   10.211   10.519   11.730   11.795   11.960   12.016   12.093   12.165
   12.209   12.216   12.434   12.512   12.556   12.564   14.018   14.247   14.500   14.546
   14.902   15.072   15.445   15.463   15.564   15.678   16.093   16.159   19.039   19.133
   19.331   19.361   20.125   20.350   20.975   21.068   21.310   21.474   22.141   22.309
   22.574   22.735   22.796   23.086
            0.075000  0.462500  0.112500
  -73.408  -73.408  -73.408  -73.408  -39.715  -39.715  -39.714  -39.714  -39.713  -39.713
  -39.713  -39.713  -39.465  -39.465  -39.465  -39.465   -3.381   -3.148   -1.994   -1.987
    0.623    0.652    0.917    1.038    5.425    5.447    5.995    6.100    6.639    6.750
    7.572    7.702    8.269    8.354    8.713    8.927    9.209    9.281    9.518    9.572
    9.913   10.127   10.173   10.374   11.711   11.751   11.971   12.015   12.152   12.188
   12.231   12.245   12.434   12.512   12.567   12.587   14.050   14.230   14.478   14.510
   14.931   15.093   15.487   15.507   15.582   15.642   16.163   16.225   18.995   19.041
   19.209   19.273   20.301   20.470   21.082   21.197   21.355   21.463   22.291   22.417
   22.604   22.645   22.881   23.055
            0.050000  0.475000  0.075000
  -73.408  -73.408  -73.408  -73.408  -39.715  -39.715  -39.714  -39.714  -39.713  -39.713
  -39.713  -39.713  -39.465  -39.465  -39.465  -39.465   -3.377   -3.220   -1.962   -1.960
    0.656    0.674    0.937    1.032    5.483    5.498    5.907    5.987    6.682    6.738
    7.671    7.747    8.175    8.223    8.779    8.890    9.254    9.344    9.499    9.543
    9.875   10.055   10.154   10.279   11.696   11.715   11.980   12.012   12.197   12.209
   12.250   12.271   12.440   12.501   12.585   12.605   14.097   14.221   14.440   14.471
   14.965   15.093   15.523   15.532   15.594   15.605   16.248   16.286   18.947   18.989
   19.104   19.173   20.465   20.561   21.210   21.301   21.404   21.471   22.378   22.499
   22.522   22.595   22.984   23.120
            0.025000  0.487500  0.037500
  -73.408  -73.408  -73.408  -73.408  -39.715  -39.715  -39.714  -39.714  -39.713  -39.713
  -39.713  -39.713  -39.465  -39.465  -39.465  -39.465   -3.358   -3.279   -1.943   -1.943
    0.679    0.686    0.961    1.013    5.546    5.550    5.836    5.883    6.709    6.730
    7.800    7.831    8.062    8.085    8.805    8.855    9.332    9.386    9.504    9.533
    9.827    9.926   10.174   10.237   11.686   11.691   11.989   12.006   12.221   12.223
   12.269   12.283   12.453   12.486   12.600   12.613   14.150   14.214   14.410   14.428
   15.004   15.075   15.546   15.559   15.579   15.587   16.317   16.329   18.922   18.948
   19.047   19.084   20.585   20.614   21.333   21.366   21.452   21.480   22.310   22.380
   22.626   22.651   23.102   23.183
            0.000000  0.500000  0.000000
  -73.408  -73.408  -73.407  -73.407  -39.714  -39.714  -39.714  -39.714  -39.713  -39.713
  -39.713  -39.713  -39.465  -39.465  -39.465  -39.465   -3.325   -3.325   -1.937   -1.937
    0.688    0.688    0.988    0.988    5.578    5.578    5.819    5.819    6.723    6.723
    7.942    7.942    7.942    7.942    8.826    8.826    9.383    9.383    9.528    9.528
    9.831    9.831   10.205   10.205   11.683   11.683   11.998   11.998   12.228   12.228
   12.282   12.282   12.470   12.470   12.611   12.611   14.193   14.193   14.403   14.403
   15.043   15.043   15.567   15.567   15.572   15.572   16.344   16.344   18.924   18.924
   19.039   19.039   20.631   20.631   21.391   21.391   21.476   21.476   22.294   22.294
   22.681   22.681   23.185   23.185
            0.000000  0.475000  0.000000
  -73.408  -73.408  -73.408  -73.408  -39.715  -39.714  -39.714  -39.714  -39.713  -39.713
  -39.713  -39.713  -39.465  -39.465  -39.465  -39.465   -3.403   -3.245   -1.938   -1.937
    0.681    0.694    0.936    1.043    5.578    5.586    5.770    5.876    6.702    6.742
    7.897    7.938    7.950    7.989    8.770    8.868    9.329    9.435    9.477    9.533
    9.760    9.953   10.133   10.257   11.683   11.686   11.981   12.016   12.226   12.227
   12.264   12.294   12.435   12.502   12.595   12.621   14.135   14.265   14.377   14.414
   14.966   15.111   15.550   15.554   15.592   15.601   16.338   16.354   18.907   18.947
   19.023   19.083   20.608   20.625   21.403   21.404   21.465   21.496   22.207   22.360
   22.671   22.697   23.100   23.272
            0.000000  0.450000  0.000000
  -73.408  -73.408  -73.408  -73.408  -39.715  -39.714  -39.714  -39.714  -39.713  -39.713
  -39.713  -39.713  -39.465  -39.465  -39.465  -39.465   -3.479   -3.163   -1.940   -1.939
    0.672    0.697    0.887    1.101    5.585    5.600    5.728    5.939    6.681    6.760
    7.855    7.937    7.960    8.037    8.700    8.901    9.274    9.378    9.486    9.518
    9.746   10.044   10.096   10.283   11.691   11.692   11.967   12.037   12.221   12.223
   12.241   12.299   12.399   12.530   12.575   12.626   14.091   14.339   14.353   14.411
   14.887   15.168   15.527   15.570   15.609   15.650   16.336   16.368   18.908   18.960
   19.052   19.147   20.562   20.593   21.415   21.439   21.492   21.521   22.106   22.398
   22.662   22.721   23.022   23.351
            0.000000  0.425000  0.000000
  -73.408  -73.408  -73.408  -73.408  -39.715  -39.715  -39.714  -39.714  -39.713  -39.713
  -39.713  -39.713  -39.465  -39.465  -39.465  -39.465   -3.552   -3.080   -1.944   -1.942
    0.661    0.697    0.840    1.161    5.600    5.621    5.695    6.008    6.658    6.777
    7.817    7.939    7.973    8.086    8.613    8.924    9.218    9.263    9.497    9.536
    9.759    9.944   10.244   10.282   11.693   11.712   11.953   12.059   12.199   12.214
   12.227   12.299   12.365   12.551   12.554   12.625   14.060   14.292   14.395   14.455
   14.808   15.213   15.505   15.613   15.625   15.706   16.337   16.387   18.929   18.971
   19.115   19.227   20.501   20.544   21.406   21.479   21.558   21.568   21.998   22.411
   22.651   22.751   22.958   23.411
            0.000000  0.400000  0.000000
  -73.408  -73.408  -73.408  -73.408  -39.715  -39.715  -39.714  -39.714  -39.713  -39.713
  -39.713  -39.713  -39.465  -39.465  -39.465  -39.465   -3.622   -2.995   -1.949   -1.946
    0.649    0.695    0.797    1.223    5.622    5.648    5.671    6.082    6.635    6.793
    7.782    7.944    7.986    8.134    8.510    8.942    9.151    9.160    9.473    9.584
    9.783    9.836   10.253   10.389   11.691   11.745   11.940   12.083   12.163   12.198
   12.220   12.295   12.336   12.525   12.572   12.617   14.040   14.237   14.369   14.570
   14.732   15.251   15.486   15.638   15.674   15.763   16.338   16.408   18.973   18.994
   19.198   19.322   20.431   20.483   21.393   21.508   21.612   21.668   21.887   22.403
   22.638   22.779   22.910   23.432
            0.000000  0.375000  0.000000
  -73.408  -73.408  -73.408  -73.408  -39.715  -39.715  -39.714  -39.714  -39.713  -39.713
  -39.713  -39.713  -39.465  -39.465  -39.465  -39.465   -3.688   -2.910   -1.955   -1.952
    0.636    0.690    0.757    1.287    5.651    5.655    5.680    6.160    6.612    6.810
    7.753    7.951    7.998    8.179    8.396    8.954    9.047    9.102    9.448    9.633
    9.722    9.812   10.198   10.524   11.684   11.787   11.927   12.107   12.122   12.173
   12.215   12.287   12.315   12.498   12.586   12.604   14.029   14.178   14.338   14.659
   14.698   15.287   15.473   15.651   15.744   15.818   16.338   16.433   19.032   19.041
   19.297   19.429   20.358   20.418   21.383   21.525   21.672   21.779   21.784   22.384
   22.623   22.799   22.885   23.397
            0.000000  0.350000  0.000000
  -73.408  -73.408  -73.408  -73.408  -39.715  -39.715  -39.715  -39.714  -39.713  -39.713
  -39.713  -39.713  -39.465  -39.465  -39.465  -39.465   -3.752   -2.825   -1.962   -1.958
    0.622    0.683    0.720    1.352    5.648    5.687    5.716    6.240    6.590    6.828
    7.728    7.960    8.009    8.200    8.290    8.953    8.963    9.045    9.424    9.605
    9.680    9.842   10.122   10.644   11.673   11.835   11.914   12.080   12.131   12.141
   12.210   12.272   12.304   12.470   12.584   12.595   14.026   14.117   14.304   14.590
   14.836   15.326   15.469   15.664   15.816   15.866   16.337   16.459   19.082   19.133
   19.410   19.549   20.283   20.350   21.374   21.534   21.676   21.729   21.910   22.358
   22.604   22.808   22.884   23.290
            0.000000  0.325000  0.000000
  -73.408  -73.408  -73.408  -73.408  -39.715  -39.715  -39.715  -39.714  -39.713  -39.713
  -39.713  -39.713  -39.465  -39.465  -39.465  -39.465   -3.811   -2.741   -1.969   -1.966
    0.608    0.672    0.687    1.417    5.650    5.728    5.756    6.321    6.569    6.849
    7.709    7.970    8.015    8.111    8.283    8.869    8.970    8.989    9.401    9.488
    9.727    9.874   10.028   10.744   11.659   11.876   11.910   12.040   12.103   12.153
   12.204   12.256   12.300   12.444   12.559   12.600   14.030   14.054   14.272   14.526
   14.981   15.368   15.475   15.678   15.884   15.907   16.334   16.486   19.144   19.250
   19.537   19.680   20.210   20.283   21.368   21.536   21.582   21.778   22.041   22.327
   22.584   22.806   22.903   23.152
            0.000000  0.300000  0.000000
  -73.408  -73.408  -73.408  -73.408  -39.715  -39.715  -39.715  -39.714  -39.713  -39.713
  -39.713  -39.713  -39.465  -39.465  -39.465  -39.465   -3.867   -2.658   -1.977   -1.974
    0.593    0.656    0.660    1.483    5.660    5.775    5.798    6.402    6.552    6.873
    7.698    7.978    7.980    8.015    8.304    8.799    8.935    8.976    9.371    9.379
    9.772    9.906    9.923   10.818   11.642   11.871   11.952   12.007   12.059   12.173
   12.198   12.243   12.298   12.419   12.531   12.601   13.990   14.039   14.243   14.466
   15.133   15.413   15.493   15.694   15.940   15.947   16.326   16.512   19.214   19.390
   19.676   19.819   20.138   20.217   21.366   21.502   21.532   21.818   22.172   22.294
   22.560   22.793   22.908   22.975
            0.000000  0.275000  0.000000
  -73.408  -73.408  -73.408  -73.408  -39.715  -39.715  -39.715  -39.714  -39.713  -39.713
  -39.713  -39.713  -39.465  -39.465  -39.465  -39.465   -3.919   -2.577   -1.986   -1.982
    0.579    0.628    0.645    1.547    5.679    5.825    5.841    6.479    6.539    6.903
    7.694    7.843    7.988    8.007    8.310    8.749    8.883    8.983    9.258    9.358
    9.782    9.843    9.939   10.860   11.624   11.851   11.986   12.004   12.011   12.192
   12.192   12.233   12.298   12.396   12.499   12.601   13.925   14.051   14.220   14.412
   15.287   15.461   15.527   15.712   15.965   16.001   16.315   16.537   19.289   19.551
   19.825   19.966   20.069   20.152   21.366   21.439   21.522   21.848   22.260   22.289
   22.534   22.770   22.793   22.823
            0.000000  0.250000  0.000000
  -73.408  -73.408  -73.408  -73.408  -39.715  -39.715  -39.715  -39.714  -39.713  -39.713
  -39.713  -39.713  -39.465  -39.465  -39.465  -39.465   -3.967   -2.498   -1.994   -1.991
    0.566    0.603    0.628    1.610    5.705    5.877    5.884    6.532    6.551    6.938
    7.698    7.709    7.991    7.994    8.291    8.726    8.831    8.991    9.152    9.339
    9.675    9.875    9.972   10.867   11.606   11.827   11.959   11.980   12.055   12.186
   12.209   12.228   12.298   12.376   12.466   12.598   13.858   14.065   14.201   14.364
   15.434   15.512   15.581   15.732   15.984   16.046   16.300   16.561   19.365   19.730
   19.983   20.004   20.090   20.120   21.370   21.398   21.510   21.873   22.224   22.331
   22.505   22.677   22.707   22.739
            0.000000  0.225000  0.000000
  -73.408  -73.408  -73.408  -73.408  -39.715  -39.715  -39.715  -39.714  -39.713  -39.713
  -39.713  -39.713  -39.465  -39.465  -39.465  -39.465   -4.011   -2.423   -2.003   -2.000
    0.552    0.581    0.610    1.671    5.739    5.925    5.929    6.533    6.617    6.981
    7.580    7.711    7.965    7.997    8.247    8.727    8.773    9.003    9.059    9.321
    9.553    9.920   10.004   10.841   11.590   11.799   11.904   11.988   12.101   12.179
   12.224   12.227   12.298   12.358   12.434   12.595   13.791   14.081   14.188   14.322
   15.552   15.564   15.676   15.755   15.997   16.082   16.282   16.583   19.437   19.924
   19.942   20.030   20.147   20.279   21.376   21.385   21.495   21.892   22.189   22.207
   22.472   22.592   22.699   22.723
            0.000000  0.200000  0.000000
  -73.408  -73.408  -73.408  -73.408  -39.715  -39.715  -39.715  -39.714  -39.713  -39.713
  -39.713  -39.713  -39.465  -39.465  -39.465  -39.465   -4.050   -2.352   -2.011   -2.008
    0.540    0.561    0.591    1.729    5.779    5.963    5.976    6.545    6.674    7.033
    7.456    7.732    7.933    7.995    8.187    8.700    8.745    8.990    9.018    9.306
    9.433    9.966   10.036   10.786   11.576   11.767   11.848   12.006   12.142   12.173
   12.230   12.236   12.299   12.343   12.403   12.590   13.724   14.098   14.180   14.287
   15.618   15.635   15.779   15.815   16.005   16.109   16.260   16.601   19.502   19.885
   19.971   20.130   20.312   20.441   21.384   21.403   21.480   21.906   22.012   22.153
   22.433   22.487   22.651   22.841
            0.000000  0.175000  0.000000
  -73.408  -73.408  -73.408  -73.408  -39.715  -39.715  -39.715  -39.714  -39.713  -39.713
  -39.713  -39.713  -39.465  -39.465  -39.465  -39.465   -4.085   -2.286   -2.018   -2.016
    0.529    0.544    0.572    1.782    5.824    5.998    6.017    6.568    6.723    7.093
    7.340    7.760    7.896    7.986    8.120    8.607    8.772    8.946    9.039    9.292
    9.318   10.010   10.067   10.711   11.565   11.733   11.792   12.031   12.168   12.178
   12.235   12.247   12.300   12.330   12.375   12.586   13.658   14.114   14.175   14.258
   15.672   15.706   15.806   15.966   16.010   16.127   16.235   16.617   19.555   19.833
   19.915   20.345   20.478   20.606   21.394   21.456   21.468   21.809   21.913   22.118
   22.387   22.396   22.595   22.971
            0.000000  0.150000  0.000000
  -73.408  -73.408  -73.408  -73.408  -39.715  -39.715  -39.715  -39.714  -39.713  -39.713
  -39.713  -39.713  -39.465  -39.465  -39.465  -39.465   -4.115   -2.226   -2.025   -2.024
    0.519    0.529    0.553    1.831    5.874    6.027    6.049    6.604    6.762    7.164
    7.231    7.793    7.856    7.970    8.052    8.499    8.801    8.922    9.066    9.213
    9.280   10.052   10.096   10.621   11.558   11.697   11.738   12.058   12.163   12.208
   12.242   12.256   12.300   12.320   12.351   12.582   13.595   14.130   14.173   14.235
   15.727   15.776   15.834   16.013   16.116   16.135   16.208   16.629   19.594   19.786
   19.860   20.563   20.642   20.772   21.404   21.458   21.540   21.616   21.911   22.082
   22.321   22.334   22.532   23.099
            0.000000  0.125000  0.000000
  -73.408  -73.408  -73.408  -73.408  -39.715  -39.715  -39.715  -39.714  -39.713  -39.713
  -39.713  -39.713  -39.465  -39.465  -39.465  -39.465   -4.141   -2.174   -2.031   -2.030
    0.510    0.517    0.536    1.874    5.926    6.052    6.072    6.651    6.792    7.131
    7.244    7.817    7.827    7.947    7.988    8.382    8.830    8.911    9.098    9.120
    9.269   10.092   10.123   10.524   11.554   11.661   11.688   12.083   12.158   12.233
   12.249   12.263   12.301   12.313   12.332   12.577   13.536   14.144   14.173   14.217
   15.782   15.843   15.863   16.014   16.135   16.179   16.258   16.638   19.621   19.745
   19.808   20.779   20.805   20.937   21.401   21.452   21.454   21.649   21.898   22.045
   22.266   22.272   22.463   23.218
            0.000000  0.100000  0.000000
  -73.408  -73.408  -73.408  -73.408  -39.715  -39.715  -39.715  -39.713  -39.713  -39.713
  -39.713  -39.713  -39.465  -39.465  -39.465  -39.465   -4.162   -2.129   -2.037   -2.036
    0.503    0.507    0.520    1.911    5.978    6.072    6.088    6.705    6.815    7.041
    7.332    7.782    7.861    7.917    7.931    8.260    8.855    8.906    9.043    9.135
    9.261   10.127   10.148   10.428   11.552   11.627   11.643   12.105   12.154   12.252
   12.257   12.268   12.302   12.308   12.317   12.574   13.485   14.156   14.175   14.203
   15.835   15.894   15.904   16.014   16.127   16.149   16.386   16.644   19.636   19.711
   19.759   20.965   20.986   21.099   21.277   21.435   21.449   21.768   21.874   22.004
   22.202   22.231   22.391   23.324
            0.000000  0.075000  0.000000
  -73.408  -73.408  -73.408  -73.408  -39.715  -39.715  -39.715  -39.713  -39.713  -39.713
  -39.713  -39.713  -39.465  -39.465  -39.465  -39.465   -4.179   -2.094   -2.041   -2.040
    0.497    0.499    0.507    1.940    6.027    6.087    6.097    6.759    6.832    6.964
    7.429    7.752    7.884    7.885    7.890    8.137    8.877    8.904    8.982    9.174
    9.254   10.156   10.168   10.339   11.552   11.597   11.606   12.123   12.151   12.263
   12.265   12.271   12.302   12.305   12.307   12.571   13.442   14.166   14.176   14.192
   15.886   15.925   15.956   16.014   16.111   16.118   16.495   16.648   19.644   19.684
   19.715   21.122   21.154   21.177   21.254   21.443   21.450   21.846   21.869   21.956
   22.140   22.212   22.320   23.412
            0.000000  0.050000  0.000000
  -73.408  -73.408  -73.408  -73.408  -39.715  -39.715  -39.715  -39.714  -39.713  -39.713
  -39.713  -39.713  -39.465  -39.465  -39.465  -39.465   -4.190   -2.067   -2.044   -2.043
    0.493    0.494    0.498    1.961    6.068    6.098    6.103    6.806    6.842    6.904
    7.532    7.729    7.850    7.852    7.913    8.015    8.892    8.905    8.939    9.210
    9.249   10.178   10.184   10.265   11.553   11.574   11.578   12.136   12.149   12.268
   12.271   12.272   12.303   12.303   12.304   12.569   13.409   14.174   14.178   14.185
   15.935   15.956   15.996   16.014   16.086   16.087   16.579   16.650   19.648   19.665
   19.680   21.062   21.271   21.342   21.393   21.450   21.453   21.818   21.892   21.897
   22.133   22.204   22.258   23.478
            0.000000  0.025000  0.000000
  -73.408  -73.408  -73.408  -73.408  -39.715  -39.715  -39.715  -39.714  -39.714  -39.713
  -39.713  -39.713  -39.465  -39.465  -39.465  -39.465   -4.198   -2.052   -2.046   -2.045
    0.490    0.491    0.492    1.974    6.096    6.104    6.105    6.839    6.848    6.864
    7.637    7.715    7.828    7.829    7.898    7.927    8.902    8.905    8.914    9.236
    9.247   10.192   10.194   10.215   11.554   11.559   11.560   12.144   12.147   12.271
   12.272   12.272   12.303   12.303   12.304   12.568   13.389   14.178   14.179   14.181
   15.980   15.988   16.013   16.021   16.055   16.058   16.632   16.650   19.649   19.653
   19.657   21.006   21.398   21.455   21.455   21.472   21.494   21.799   21.830   21.833
   22.177   22.200   22.215   23.524
            0.000000  0.000000  0.000000
  -73.408  -73.408  -73.408  -73.408  -39.715  -39.715  -39.715  -39.714  -39.714  -39.713
  -39.713  -39.713  -39.465  -39.465  -39.465  -39.465   -4.200   -2.046   -2.046   -2.046
    0.490    0.490    0.490    1.978    6.106    6.106    6.106    6.850    6.850    6.850
    7.710    7.710    7.821    7.821    7.821    7.932    8.905    8.905    8.905    9.245
    9.246   10.197   10.197   10.197   11.554   11.554   11.554   12.147   12.147   12.273
   12.273   12.273   12.304   12.304   12.304   12.567   13.382   14.180   14.180   14.180
   16.013   16.013   16.013   16.029   16.029   16.029   16.650   16.650   19.649   19.649
   19.649   20.987   21.457   21.457   21.457   21.532   21.532   21.792   21.792   21.792
   22.199   22.199   22.199   23.534
            0.000000  0.025000  0.025000
  -73.408  -73.408  -73.408  -73.408  -39.715  -39.715  -39.715  -39.714  -39.714  -39.713
  -39.713  -39.713  -39.465  -39.465  -39.465  -39.465   -4.195   -2.051   -2.051   -2.045
    0.490    0.493    0.494    1.970    6.094    6.095    6.104    6.836    6.853    6.863
    7.615    7.677    7.834    7.880    7.923    7.925    8.901    8.910    8.914    9.232
    9.242   10.189   10.204   10.217   11.559   11.560   11.565   12.143   12.146   12.271
   12.271   12.273   12.303   12.303   12.303   12.568   13.396   14.178   14.179   14.181
   15.962   15.970   16.011   16.026   16.062   16.070   16.623   16.641   19.639   19.652
   19.679   21.024   21.363   21.394   21.443   21.458   21.490   21.808   21.838   21.866
   22.178   22.188   22.225   23.518
            0.000000  0.050000  0.050000
  -73.408  -73.408  -73.408  -73.408  -39.715  -39.715  -39.715  -39.713  -39.713  -39.713
  -39.713  -39.713  -39.465  -39.465  -39.465  -39.465   -4.181   -2.065   -2.065   -2.041
    0.491    0.502    0.507    1.944    6.058    6.063    6.095    6.800    6.859    6.899
    7.489    7.643    7.825    7.946    7.988    8.070    8.890    8.924    8.941    9.196
    9.235   10.166   10.222   10.273   11.573   11.576   11.597   12.132   12.144   12.263
   12.268   12.275   12.302   12.303   12.304   12.571   13.435   14.172   14.177   14.187
   15.882   15.919   16.004   16.016   16.086   16.113   16.547   16.615   19.613   19.663
   19.765   21.128   21.129   21.263   21.282   21.453   21.461   21.769   21.891   21.920
   22.150   22.232   22.274   23.476
            0.000000  0.075000  0.075000
  -73.408  -73.408  -73.408  -73.408  -39.715  -39.715  -39.715  -39.713  -39.713  -39.713
  -39.713  -39.713  -39.465  -39.465  -39.465  -39.465   -4.157   -2.087   -2.087   -2.035
    0.493    0.516    0.528    1.902    6.004    6.014    6.082    6.755    6.870    6.953
    7.371    7.639    7.755    8.024    8.107    8.221    8.874    8.936    8.986    9.160
    9.229   10.133   10.242   10.356   11.594   11.602   11.645   12.114   12.142   12.249
   12.260   12.277   12.303   12.304   12.308   12.575   13.494   14.164   14.175   14.196
   15.781   15.869   15.992   15.994   16.096   16.148   16.433   16.577   19.580   19.675
   19.891   20.863   21.108   21.114   21.283   21.390   21.468   21.649   21.836   21.904
   22.202   22.290   22.385   23.419
            0.000000  0.100000  0.100000
  -73.408  -73.408  -73.408  -73.408  -39.715  -39.715  -39.715  -39.713  -39.713  -39.713
  -39.713  -39.713  -39.465  -39.465  -39.465  -39.465   -4.124   -2.117   -2.116   -2.027
    0.495    0.534    0.555    1.844    5.937    5.950    6.066    6.712    6.887    7.019
    7.262    7.653    7.665    8.125    8.221    8.368    8.861    8.922    9.049    9.152
    9.235   10.095   10.257   10.457   11.623   11.635   11.704   12.089   12.138   12.227
   12.246   12.277   12.309   12.309   12.316   12.581   13.566   14.153   14.175   14.212
   15.663   15.822   15.954   15.976   16.093   16.172   16.304   16.533   19.549   19.683
   20.033   20.608   20.937   20.968   21.277   21.445   21.479   21.517   21.725   21.866
   22.292   22.308   22.558   23.357
            0.000000  0.125000  0.125000
  -73.408  -73.408  -73.408  -73.408  -39.715  -39.715  -39.715  -39.714  -39.713  -39.713
  -39.713  -39.713  -39.465  -39.465  -39.465  -39.465   -4.082   -2.153   -2.152   -2.019
    0.499    0.553    0.587    1.774    5.864    5.875    6.047    6.678    6.911    7.089
    7.164    7.537    7.717    8.231    8.316    8.507    8.866    8.871    9.127    9.175
    9.272   10.056   10.261   10.567   11.657   11.675   11.764   12.058   12.134   12.199
   12.227   12.275   12.320   12.320   12.329   12.588   13.643   14.141   14.180   14.237
   15.532   15.778   15.881   15.956   16.064   16.180   16.196   16.490   19.526   19.675
   20.156   20.385   20.771   20.847   21.118   21.405   21.427   21.504   21.780   21.814
   22.289   22.419   22.734   23.301
            0.000000  0.150000  0.150000
  -73.408  -73.408  -73.408  -73.407  -39.715  -39.715  -39.715  -39.713  -39.713  -39.713
  -39.713  -39.713  -39.465  -39.465  -39.465  -39.465   -4.031   -2.194   -2.192   -2.010
    0.503    0.573    0.622    1.692    5.791    5.793    6.030    6.655    6.938    7.077
    7.146    7.430    7.786    8.336    8.380    8.627    8.805    8.911    9.194    9.215
    9.358   10.021   10.248   10.682   11.693   11.718   11.818   12.024   12.130   12.164
   12.204   12.271   12.334   12.336   12.347   12.595   13.715   14.131   14.193   14.273
   15.394   15.737   15.761   15.932   15.994   16.147   16.170   16.454   19.512   19.636
   20.205   20.214   20.614   20.786   20.947   21.271   21.302   21.538   21.755   21.977
   22.297   22.515   22.896   23.261
            0.000000  0.175000  0.175000
  -73.408  -73.408  -73.408  -73.407  -39.715  -39.715  -39.715  -39.713  -39.713  -39.713
  -39.713  -39.713  -39.465  -39.465  -39.465  -39.465   -3.971   -2.238   -2.236   -2.002
    0.507    0.592    0.659    1.602    5.709    5.722    6.016    6.638    6.941    7.028
    7.143    7.389    7.864    8.415    8.434    8.723    8.738    9.006    9.210    9.305
    9.476    9.995   10.216   10.796   11.731   11.764   11.856   11.992   12.124   12.126
   12.176   12.264   12.352   12.356   12.370   12.603   13.776   14.123   14.217   14.325
   15.256   15.604   15.698   15.906   15.910   16.128   16.138   16.426   19.510   19.564
   20.097   20.153   20.467   20.778   20.790   21.122   21.202   21.590   21.693   22.168
   22.322   22.588   23.017   23.251
            0.000000  0.200000  0.200000
  -73.408  -73.408  -73.408  -73.407  -39.715  -39.715  -39.715  -39.713  -39.713  -39.713
  -39.713  -39.713  -39.465  -39.465  -39.465  -39.465   -3.903   -2.284   -2.282   -1.997
    0.513    0.607    0.694    1.506    5.626    5.658    6.011    6.613    6.880    7.053
    7.077    7.431    7.940    8.439    8.520    8.685    8.805    9.134    9.227    9.388
    9.612    9.979   10.166   10.906   11.768   11.809   11.863   11.979   12.080   12.123
   12.144   12.256   12.373   12.375   12.397   12.608   13.822   14.119   14.251   14.392
   15.123   15.431   15.659   15.824   15.880   16.086   16.117   16.405   19.476   19.519
   20.017   20.039   20.331   20.657   20.732   21.046   21.107   21.636   21.658   22.294
   22.359   22.655   23.022   23.280
            0.000000  0.225000  0.225000
  -73.408  -73.408  -73.408  -73.408  -39.715  -39.715  -39.715  -39.714  -39.713  -39.713
  -39.713  -39.713  -39.465  -39.465  -39.465  -39.465   -3.826   -2.331   -2.328   -1.996
    0.519    0.619    0.726    1.408    5.548    5.601    6.015    6.560    6.806    7.029
    7.097    7.497    8.006    8.475    8.565    8.680    8.883    9.246    9.267    9.459
    9.752    9.980   10.099   11.005   11.801   11.835   11.853   11.996   12.033   12.109
   12.120   12.247   12.390   12.394   12.425   12.610   13.858   14.119   14.294   14.473
   15.001   15.255   15.615   15.735   15.856   16.017   16.107   16.389   19.395   19.539
   19.905   19.957   20.207   20.546   20.619   21.021   21.037   21.587   21.724   22.323
   22.392   22.740   22.882   23.346
            0.000000  0.250000  0.250000
  -73.408  -73.408  -73.408  -73.407  -39.715  -39.715  -39.714  -39.714  -39.713  -39.713
  -39.713  -39.713  -39.465  -39.465  -39.465  -39.465   -3.742   -2.377   -2.374   -2.000
    0.527    0.627    0.754    1.310    5.478    5.551    6.027    6.467    6.735    7.030
    7.144    7.559    8.059    8.539    8.557    8.739    8.960    9.265    9.389    9.512
    9.868   10.003   10.037   11.087   11.795   11.826   11.899   11.983   12.029   12.072
   12.118   12.239   12.398   12.416   12.452   12.607   13.889   14.125   14.340   14.560
   14.894   15.086   15.562   15.641   15.838   15.940   16.098   16.373   19.330   19.565
   19.769   19.917   20.097   20.451   20.499   20.946   21.034   21.547   21.760   22.297
   22.366   22.741   22.811   23.447
            0.000000  0.275000  0.275000
  -73.408  -73.408  -73.408  -73.408  -39.715  -39.715  -39.714  -39.714  -39.713  -39.713
  -39.713  -39.713  -39.465  -39.465  -39.465  -39.465   -3.650   -2.421   -2.418   -2.012
    0.536    0.631    0.777    1.215    5.417    5.508    6.044    6.350    6.674    7.074
    7.187    7.605    8.106    8.552    8.625    8.813    9.036    9.282    9.477    9.559
    9.845   10.053   10.089   11.143   11.758   11.841   11.928   11.950   12.034   12.071
   12.118   12.233   12.396   12.434   12.476   12.600   13.920   14.136   14.386   14.647
   14.802   14.929   15.497   15.544   15.817   15.874   16.090   16.356   19.287   19.593
   19.644   19.899   20.006   20.363   20.399   20.883   21.016   21.508   21.746   22.217
   22.264   22.714   22.833   23.575
            0.000000  0.300000  0.300000
  -73.408  -73.408  -73.408  -73.407  -39.715  -39.715  -39.714  -39.714  -39.713  -39.713
  -39.713  -39.713  -39.465  -39.465  -39.465  -39.465   -3.552   -2.462   -2.459   -2.034
    0.545    0.631    0.793    1.126    5.368    5.473    6.054    6.225    6.636    7.145
    7.224    7.632    8.160    8.569    8.725    8.884    9.108    9.296    9.502    9.624
    9.736   10.127   10.201   11.165   11.737   11.840   11.886   11.993   11.999   12.102
   12.134   12.232   12.384   12.448   12.497   12.592   13.955   14.151   14.427   14.722
   14.726   14.789   15.419   15.441   15.773   15.854   16.081   16.334   19.269   19.530
   19.616   19.875   19.963   20.283   20.334   20.830   20.981   21.446   21.681   22.029
   22.239   22.736   22.801   23.663
            0.000000  0.325000  0.325000
  -73.408  -73.408  -73.408  -73.407  -39.715  -39.715  -39.714  -39.714  -39.713  -39.713
  -39.713  -39.713  -39.465  -39.465  -39.465  -39.465   -3.448   -2.501   -2.498   -2.067
    0.557    0.630    0.801    1.045    5.333    5.444    6.040    6.101    6.637    7.232
    7.254    7.637    8.228    8.609    8.826    8.946    9.173    9.300    9.487    9.616
    9.697   10.216   10.300   11.147   11.735   11.811   11.862   11.970   12.037   12.105
   12.183   12.240   12.367   12.455   12.515   12.583   13.996   14.172   14.461   14.658
   14.679   14.768   15.328   15.333   15.739   15.860   16.071   16.307   19.283   19.440
   19.623   19.815   19.995   20.212   20.308   20.789   20.928   21.330   21.584   21.895
   22.212   22.728   22.740   23.710
            0.000000  0.350000  0.350000
  -73.408  -73.408  -73.408  -73.407  -39.715  -39.715  -39.714  -39.714  -39.713  -39.713
  -39.713  -39.713  -39.465  -39.465  -39.465  -39.465   -3.338   -2.535   -2.532   -2.113
    0.570    0.628    0.802    0.973    5.312    5.424    5.983    5.996    6.685    7.279
    7.326    7.626    8.312    8.665    8.921    8.992    9.222    9.287    9.456    9.514
    9.772   10.304   10.373   11.093   11.748   11.769   11.850   11.951   12.077   12.103
   12.238   12.256   12.347   12.456   12.530   12.574   14.045   14.197   14.488   14.571
   14.625   14.779   15.220   15.226   15.738   15.874   16.062   16.274   19.335   19.374
   19.614   19.753   20.049   20.160   20.320   20.759   20.862   21.155   21.467   21.840
   22.168   22.631   22.708   23.677
            0.000000  0.375000  0.375000
  -73.408  -73.408  -73.408  -73.408  -39.715  -39.715  -39.714  -39.714  -39.713  -39.713
  -39.713  -39.713  -39.465  -39.465  -39.465  -39.465   -3.224   -2.565   -2.562   -2.171
    0.585    0.629    0.796    0.910    5.307    5.412    5.874    5.925    6.774    7.301
    7.418    7.601    8.408    8.729    9.003    9.003    9.245    9.258    9.423    9.454
    9.857   10.380   10.417   11.012   11.732   11.768   11.838   11.942   12.101   12.112
   12.280   12.282   12.339   12.451   12.542   12.567   14.103   14.226   14.505   14.508
   14.591   14.758   15.103   15.113   15.768   15.892   16.053   16.235   19.334   19.429
   19.595   19.700   20.065   20.167   20.357   20.741   20.788   20.962   21.337   21.844
   22.085   22.532   22.650   23.481
            0.000000  0.400000  0.400000
  -73.408  -73.408  -73.408  -73.408  -39.715  -39.715  -39.714  -39.714  -39.713  -39.713
  -39.713  -39.713  -39.465  -39.465  -39.465  -39.465   -3.107   -2.590   -2.588   -2.243
    0.602    0.633    0.784    0.855    5.317    5.409    5.776    5.841    6.891    7.323
    7.496    7.571    8.513    8.790    8.960    9.058    9.240    9.250    9.402    9.428
    9.955   10.434   10.434   10.915   11.710   11.785   11.827   11.938   12.102   12.143
   12.288   12.305   12.368   12.445   12.548   12.561   14.169   14.262   14.467   14.521
   14.567   14.716   14.983   14.993   15.812   15.915   16.043   16.191   19.322   19.553
   19.573   19.659   20.041   20.232   20.407   20.713   20.716   20.801   21.199   21.888
   21.931   22.455   22.585   23.258
            0.000000  0.425000  0.425000
  -73.408  -73.408  -73.408  -73.408  -39.715  -39.715  -39.714  -39.714  -39.713  -39.713
  -39.713  -39.713  -39.465  -39.465  -39.465  -39.465   -2.988   -2.610   -2.608   -2.326
    0.621    0.642    0.766    0.807    5.342    5.416    5.690    5.751    7.025    7.345
    7.527    7.557    8.618    8.831    8.902    9.057    9.244    9.269    9.392    9.413
   10.065   10.434   10.461   10.805   11.708   11.797   11.819   11.926   12.117   12.171
   12.277   12.316   12.412   12.448   12.549   12.554   14.244   14.307   14.456   14.528
   14.551   14.667   14.863   14.870   15.860   15.938   16.033   16.144   19.340   19.553
   19.601   19.691   20.058   20.305   20.457   20.619   20.641   20.759   21.061   21.699
   21.967   22.412   22.523   23.033
            0.000000  0.450000  0.450000
  -73.408  -73.408  -73.408  -73.408  -39.715  -39.715  -39.714  -39.714  -39.713  -39.713
  -39.713  -39.713  -39.465  -39.465  -39.465  -39.465   -2.869   -2.624   -2.623   -2.421
    0.643    0.656    0.744    0.765    5.382    5.434    5.615    5.662    7.167    7.370
    7.495    7.562    8.717    8.822    8.895    9.001    9.275    9.297    9.381    9.397
   10.185   10.429   10.465   10.688   11.727   11.804   11.813   11.898   12.148   12.195
   12.265   12.305   12.452   12.464   12.544   12.545   14.328   14.364   14.465   14.530
   14.542   14.618   14.745   14.749   15.907   15.961   16.023   16.095   19.384   19.540
   19.575   19.702   20.200   20.380   20.498   20.536   20.580   20.756   20.933   21.409
   22.082   22.394   22.472   22.814
            0.000000  0.475000  0.475000
  -73.408  -73.408  -73.408  -73.408  -39.715  -39.715  -39.714  -39.714  -39.713  -39.713
  -39.713  -39.713  -39.465  -39.465  -39.465  -39.465   -2.750   -2.632   -2.632   -2.524
    0.668    0.674    0.720    0.729    5.435    5.462    5.552    5.578    7.305    7.397
    7.461    7.518    8.801    8.823    8.892    8.927    9.313    9.324    9.367    9.375
   10.311   10.429   10.453   10.565   11.762   11.807   11.810   11.856   12.191   12.217
   12.252   12.276   12.486   12.489   12.532   12.532   14.419   14.435   14.489   14.527
   14.539   14.573   14.632   14.635   15.952   15.982   16.012   16.046   19.453   19.536
   19.554   19.632   20.411   20.478   20.512   20.516   20.534   20.758   20.832   21.092
   22.230   22.393   22.433   22.603
            0.000000  0.500000  0.500000
  -73.408  -73.408  -73.408  -73.408  -39.715  -39.715  -39.715  -39.715  -39.713  -39.713
  -39.713  -39.713  -39.465  -39.465  -39.465  -39.465   -2.635   -2.635   -2.635   -2.635
    0.697    0.697    0.697    0.697    5.501    5.501    5.501    5.501    7.428    7.428
    7.428    7.428    8.862    8.862    8.862    8.862    9.347    9.347    9.347    9.347
   10.438   10.438   10.438   10.438   11.808   11.808   11.808   11.808   12.236   12.236
   12.236   12.236   12.512   12.512   12.512   12.513   14.509   14.509   14.509   14.509
   14.546   14.546   14.546   14.546   15.998   15.998   15.998   15.998   19.540   19.540
   19.540   19.540   20.496   20.496   20.496   20.496   20.775   20.775   20.775   20.775
   22.406   22.406   22.406   22.406
            0.037500  0.500000  0.487500
  -73.408  -73.408  -73.408  -73.408  -39.715  -39.715  -39.714  -39.714  -39.713  -39.713
  -39.713  -39.713  -39.465  -39.465  -39.465  -39.465   -2.660   -2.660   -2.604   -2.604
    0.676    0.676    0.702    0.702    5.482    5.482    5.540    5.540    7.406    7.406
    7.447    7.447    8.829    8.829    8.877    8.877    9.346    9.346    9.372    9.372
   10.402   10.402   10.473   10.473   11.796   11.796   11.821   11.821   12.214   12.214
   12.244   12.244   12.498   12.498   12.520   12.520   14.461   14.461   14.494   14.494
   14.573   14.573   14.599   14.599   15.986   15.986   16.003   16.003   19.517   19.517
   19.556   19.556   20.433   20.433   20.476   20.476   20.765   20.765   20.892   20.892
   22.355   22.355   22.458   22.458
            0.075000  0.500000  0.475000
  -73.408  -73.408  -73.408  -73.408  -39.715  -39.715  -39.714  -39.714  -39.713  -39.713
  -39.713  -39.713  -39.465  -39.465  -39.465  -39.465   -2.680   -2.680   -2.569   -2.569
    0.640    0.640    0.694    0.694    5.483    5.483    5.598    5.598    7.378    7.378
    7.468    7.468    8.784    8.784    8.870    8.870    9.367    9.367    9.420    9.420
   10.366   10.366   10.505   10.505   11.785   11.785   11.834   11.834   12.180   12.180
   12.240   12.240   12.475   12.475   12.521   12.521   14.411   14.411   14.470   14.470
   14.620   14.620   14.676   14.676   15.965   15.965   16.003   16.003   19.488   19.488
   19.560   19.560   20.320   20.320   20.448   20.448   20.820   20.820   21.058   21.058
   22.304   22.304   22.506   22.506
            0.112500  0.500000  0.462500
  -73.408  -73.408  -73.408  -73.408  -39.715  -39.715  -39.715  -39.715  -39.713  -39.713
  -39.713  -39.713  -39.465  -39.465  -39.465  -39.465   -2.694   -2.694   -2.531   -2.531
    0.592    0.592    0.672    0.672    5.503    5.503    5.672    5.672    7.341    7.341
    7.495    7.495    8.731    8.731    8.838    8.838    9.410    9.410    9.492    9.492
   10.331   10.331   10.537   10.537   11.774   11.774   11.844   11.844   12.136   12.136
   12.222   12.222   12.447   12.447   12.516   12.516   14.366   14.366   14.449   14.449
   14.673   14.673   14.761   14.761   15.935   15.935   16.001   16.001   19.453   19.453
   19.555   19.555   20.214   20.214   20.449   20.449   20.890   20.890   21.236   21.236
   22.242   22.242   22.535   22.535
            0.150000  0.500000  0.450000
  -73.408  -73.408  -73.408  -73.408  -39.715  -39.715  -39.714  -39.714  -39.713  -39.713
  -39.713  -39.713  -39.465  -39.465  -39.465  -39.465   -2.701   -2.701   -2.493   -2.493
    0.534    0.534    0.640    0.640    5.538    5.538    5.761    5.761    7.292    7.292
    7.531    7.531    8.668    8.668    8.788    8.788    9.469    9.469    9.586    9.586
   10.301   10.301   10.570   10.570   11.760   11.760   11.850   11.850   12.085   12.085
   12.192   12.192   12.417   12.417   12.507   12.507   14.325   14.325   14.431   14.431
   14.729   14.729   14.848   14.848   15.900   15.900   15.998   15.998   19.409   19.409
   19.551   19.551   20.138   20.138   20.483   20.483   20.970   20.970   21.409   21.409
   22.161   22.161   22.533   22.533
            0.187500  0.500000  0.437500
  -73.408  -73.408  -73.408  -73.408  -39.715  -39.715  -39.715  -39.715  -39.713  -39.713
  -39.713  -39.713  -39.465  -39.465  -39.465  -39.465   -2.701   -2.701   -2.455   -2.455
    0.470    0.470    0.599    0.599    5.584    5.584    5.860    5.860    7.234    7.234
    7.576    7.576    8.592    8.592    8.728    8.728    9.543    9.543    9.698    9.698
   10.276   10.276   10.602   10.602   11.740   11.740   11.849   11.849   12.032   12.032
   12.151   12.151   12.386   12.386   12.492   12.492   14.285   14.285   14.413   14.413
   14.784   14.784   14.931   14.931   15.865   15.865   15.996   15.996   19.358   19.358
   19.558   19.558   20.103   20.103   20.536   20.536   21.065   21.065   21.563   21.563
   22.054   22.054   22.494   22.494
            0.225000  0.500000  0.425000
  -73.408  -73.408  -73.408  -73.408  -39.715  -39.715  -39.715  -39.715  -39.713  -39.713
  -39.713  -39.713  -39.465  -39.465  -39.465  -39.465   -2.695   -2.695   -2.420   -2.420
    0.404    0.404    0.553    0.553    5.637    5.637    5.967    5.967    7.168    7.168
    7.629    7.629    8.502    8.502    8.669    8.669    9.627    9.627    9.824    9.824
   10.259   10.259   10.633   10.633   11.712   11.712   11.838   11.838   11.981   11.981
   12.103   12.103   12.357   12.357   12.474   12.474   14.244   14.244   14.394   14.394
   14.833   14.833   15.004   15.004   15.837   15.837   15.998   15.998   19.308   19.308
   19.581   19.581   20.114   20.114   20.601   20.601   21.176   21.176   21.669   21.669
   21.933   21.933   22.429   22.429
            0.262500  0.500000  0.412500
  -73.408  -73.408  -73.408  -73.408  -39.715  -39.715  -39.715  -39.715  -39.713  -39.713
  -39.712  -39.712  -39.465  -39.465  -39.465  -39.465   -2.682   -2.682   -2.392   -2.392
    0.343    0.343    0.505    0.505    5.694    5.694    6.076    6.076    7.100    7.100
    7.687    7.687    8.401    8.401    8.614    8.614    9.718    9.718    9.960    9.960
   10.249   10.249   10.659   10.659   11.678   11.678   11.816   11.816   11.934   11.934
   12.054   12.054   12.331   12.331   12.451   12.451   14.203   14.203   14.370   14.370
   14.872   14.872   15.061   15.061   15.821   15.821   16.006   16.006   19.266   19.266
   19.618   19.618   20.167   20.167   20.675   20.675   21.281   21.281   21.668   21.668
   21.846   21.846   22.363   22.363
            0.300000  0.500000  0.400000
  -73.408  -73.408  -73.408  -73.408  -39.715  -39.715  -39.715  -39.715  -39.713  -39.713
  -39.712  -39.712  -39.465  -39.465  -39.465  -39.465   -2.663   -2.663   -2.372   -2.372
    0.290    0.290    0.457    0.457    5.750    5.750    6.176    6.176    7.041    7.041
    7.743    7.743    8.299    8.299    8.564    8.564    9.812    9.812   10.097   10.097
   10.248   10.248   10.678   10.678   11.643   11.643   11.785   11.785   11.887   11.887
   12.009   12.009   12.310   12.310   12.426   12.426   14.164   14.164   14.342   14.342
   14.902   14.902   15.100   15.100   15.820   15.820   16.020   16.020   19.242   19.242
   19.665   19.665   20.257   20.257   20.764   20.764   21.292   21.292   21.625   21.625
   21.781   21.781   22.322   22.322
            0.337500  0.500000  0.387500
  -73.408  -73.408  -73.408  -73.408  -39.715  -39.715  -39.715  -39.715  -39.713  -39.713
  -39.712  -39.712  -39.465  -39.465  -39.465  -39.465   -2.639   -2.639   -2.363   -2.363
    0.250    0.250    0.411    0.411    5.806    5.806    6.249    6.249    7.008    7.008
    7.778    7.778    8.215    8.215    8.518    8.518    9.902    9.902   10.218   10.218
   10.260   10.260   10.688   10.688   11.614   11.614   11.748   11.748   11.839   11.839
   11.969   11.969   12.295   12.295   12.399   12.399   14.132   14.132   14.310   14.310
   14.924   14.924   15.119   15.119   15.833   15.833   16.035   16.035   19.239   19.239
   19.710   19.710   20.376   20.376   20.869   20.869   21.165   21.165   21.563   21.563
   21.782   21.782   22.281   22.281
            0.375000  0.500000  0.375000
  -73.408  -73.408  -73.408  -73.408  -39.715  -39.715  -39.715  -39.715  -39.713  -39.713
  -39.712  -39.712  -39.465  -39.465  -39.465  -39.465   -2.610   -2.610   -2.368   -2.368
    0.227    0.227    0.370    0.370    5.859    5.859    6.273    6.273    7.025    7.025
    7.764    7.764    8.181    8.181    8.476    8.476    9.983    9.983   10.255   10.255
   10.335   10.335   10.690   10.690   11.592   11.592   11.721   11.721   11.792   11.792
   11.933   11.933   12.288   12.288   12.375   12.375   14.110   14.110   14.275   14.275
   14.943   14.943   15.120   15.120   15.860   15.860   16.046   16.046   19.262   19.262
   19.737   19.737   20.512   20.512   20.928   20.928   21.058   21.058   21.425   21.425
   21.861   21.861   22.200   22.200
            0.412500  0.500000  0.362500
  -73.408  -73.408  -73.408  -73.408  -39.715  -39.715  -39.715  -39.715  -39.713  -39.713
  -39.712  -39.712  -39.465  -39.465  -39.465  -39.465   -2.576   -2.576   -2.387   -2.387
    0.223    0.223    0.335    0.335    5.911    5.911    6.239    6.239    7.098    7.098
    7.687    7.687    8.208    8.208    8.440    8.440   10.045   10.045   10.252   10.252
   10.411   10.411   10.682   10.682   11.581   11.581   11.722   11.722   11.749   11.749
   11.899   11.899   12.289   12.289   12.354   12.354   14.105   14.105   14.239   14.239
   14.964   14.964   15.106   15.106   15.894   15.894   16.045   16.045   19.311   19.311
   19.725   19.725   20.635   20.635   20.818   20.818   21.127   21.127   21.345   21.345
   21.899   21.899   22.088   22.088
            0.450000  0.500000  0.350000
  -73.408  -73.408  -73.408  -73.408  -39.715  -39.715  -39.715  -39.715  -39.713  -39.713
  -39.712  -39.712  -39.465  -39.465  -39.465  -39.465   -2.539   -2.539   -2.421   -2.421
    0.238    0.238    0.308    0.308    5.962    5.962    6.163    6.163    7.213    7.213
    7.573    7.573    8.269    8.269    8.407    8.407   10.085   10.085   10.215   10.215
   10.476   10.476   10.653   10.653   11.597   11.597   11.705   11.705   11.756   11.756
   11.866   11.866   12.299   12.299   12.338   12.338   14.119   14.119   14.205   14.205
   14.987   14.987   15.078   15.078   15.932   15.932   16.028   16.028   19.383   19.383
   19.660   19.660   20.672   20.672   20.746   20.746   21.183   21.183   21.396   21.396
   21.860   21.860   21.992   21.992
            0.487500  0.500000  0.337500
  -73.408  -73.408  -73.408  -73.408  -39.715  -39.715  -39.715  -39.715  -39.713  -39.713
  -39.713  -39.713  -39.465  -39.465  -39.465  -39.465   -2.499   -2.499   -2.467   -2.467
    0.271    0.271    0.290    0.290    6.014    6.014    6.066    6.066    7.349    7.349
    7.442    7.442    8.344    8.344    8.378    8.378   10.107   10.107   10.142   10.142
   10.540   10.540   10.589   10.589   11.642   11.642   11.671   11.671   11.810   11.810
   11.839   11.839   12.317   12.317   12.327   12.327   14.153   14.153   14.177   14.177
   15.015   15.015   15.040   15.040   15.967   15.967   15.993   15.993   19.472   19.472
   19.547   19.547   20.659   20.659   20.683   20.683   21.311   21.311   21.396   21.396
   21.858   21.858   21.911   21.911
            0.525000  0.500000  0.325000
  -73.408  -73.408  -73.408  -73.408  -39.715  -39.715  -39.715  -39.715  -39.713  -39.713
  -39.713  -39.713  -39.465  -39.465  -39.465  -39.465   -2.525   -2.525   -2.458   -2.458
    0.282    0.282    0.320    0.320    5.961    5.961    6.067    6.067    7.302    7.302
    7.490    7.490    8.353    8.353    8.421    8.421   10.040   10.040   10.113   10.113
   10.496   10.496   10.598   10.598   11.646   11.646   11.701   11.701   11.823   11.823
   11.882   11.882   12.323   12.323   12.343   12.343   14.157   14.157   14.208   14.208
   14.993   14.993   15.047   15.047   15.942   15.942   15.997   15.997   19.413   19.413
   19.564   19.564   20.616   20.616   20.662   20.662   21.274   21.274   21.456   21.456
   21.859   21.859   21.969   21.969
            0.562500  0.500000  0.312500
  -73.408  -73.408  -73.408  -73.408  -39.715  -39.715  -39.715  -39.715  -39.713  -39.713
  -39.712  -39.712  -39.465  -39.465  -39.465  -39.465   -2.592   -2.592   -2.415   -2.415
    0.283    0.283    0.382    0.382    5.857    5.857    6.121    6.121    7.159    7.159
    7.628    7.628    8.331    8.331    8.494    8.494    9.922    9.922   10.108   10.108
   10.390   10.390   10.642   10.642   11.637   11.637   11.751   11.751   11.822   11.822
   11.961   11.961   12.323   12.323   12.375   12.375   14.146   14.146   14.281   14.281
   14.939   14.939   15.082   15.082   15.881   15.881   16.019   16.019   19.288   19.288
   19.640   19.640   20.579   20.579   20.646   20.646   21.158   21.158   21.493   21.493
   21.935   21.935   22.098   22.098
            0.600000  0.500000  0.300000
  -73.408  -73.408  -73.408  -73.408  -39.715  -39.715  -39.715  -39.715  -39.713  -39.713
  -39.712  -39.712  -39.465  -39.465  -39.465  -39.465   -2.663   -2.663   -2.372   -2.372
    0.295    0.295    0.452    0.452    5.759    5.759    6.176    6.176    7.016    7.016
    7.752    7.752    8.313    8.313    8.560    8.560    9.797    9.797   10.093   10.093
   10.284   10.284   10.668   10.668   11.645   11.645   11.781   11.781   11.845   11.845
   12.035   12.035   12.329   12.329   12.413   12.413   14.144   14.144   14.366   14.366
   14.878   14.878   15.118   15.118   15.817   15.817   16.032   16.032   19.189   19.189
   19.682   19.682   20.496   20.496   20.652   20.652   21.126   21.126   21.443   21.443
   22.107   22.107   22.213   22.213
            0.637500  0.500000  0.287500
  -73.408  -73.408  -73.408  -73.408  -39.715  -39.715  -39.715  -39.715  -39.713  -39.713
  -39.713  -39.713  -39.465  -39.465  -39.465  -39.465   -2.738   -2.738   -2.329   -2.329
    0.316    0.316    0.527    0.527    5.671    5.671    6.232    6.232    6.875    6.875
    7.850    7.850    8.304    8.304    8.615    8.615    9.674    9.674   10.070   10.070
   10.186   10.186   10.676   10.676   11.668   11.668   11.801   11.801   11.880   11.880
   12.093   12.093   12.340   12.340   12.454   12.454   14.149   14.149   14.457   14.457
   14.815   14.815   15.151   15.151   15.760   15.760   16.038   16.038   19.128   19.128
   19.689   19.689   20.327   20.327   20.743   20.743   21.119   21.119   21.437   21.437
   22.197   22.197   22.391   22.391
            0.675000  0.500000  0.275000
  -73.408  -73.408  -73.408  -73.408  -39.715  -39.715  -39.715  -39.715  -39.713  -39.713
  -39.713  -39.713  -39.465  -39.465  -39.465  -39.465   -2.813   -2.813   -2.287   -2.287
    0.345    0.345    0.603    0.603    5.594    5.594    6.288    6.288    6.742    6.742
    7.909    7.909    8.314    8.314    8.656    8.656    9.559    9.559   10.030   10.030
   10.111   10.111   10.670   10.670   11.700   11.700   11.828   11.828   11.913   11.913
   12.132   12.132   12.356   12.356   12.492   12.492   14.156   14.156   14.542   14.542
   14.762   14.762   15.177   15.177   15.715   15.715   16.039   16.039   19.107   19.107
   19.672   19.672   20.148   20.148   20.871   20.871   21.069   21.069   21.532   21.532
   22.216   22.216   22.596   22.596
            0.712500  0.500000  0.262500
  -73.408  -73.408  -73.408  -73.408  -39.715  -39.715  -39.714  -39.714  -39.713  -39.713
  -39.713  -39.713  -39.465  -39.465  -39.465  -39.465   -2.885   -2.885   -2.246   -2.246
    0.381    0.381    0.676    0.676    5.528    5.528    6.338    6.338    6.626    6.626
    7.918    7.918    8.351    8.351    8.682    8.682    9.460    9.460    9.961    9.961
   10.074   10.074   10.654   10.654   11.731   11.731   11.864   11.864   11.942   11.942
   12.154   12.154   12.375   12.375   12.523   12.523   14.161   14.161   14.594   14.594
   14.749   14.749   15.195   15.195   15.684   15.684   16.040   16.040   19.121   19.121
   19.639   19.639   19.996   19.996   20.940   20.940   21.067   21.067   21.679   21.679
   22.227   22.227   22.767   22.767
            0.750000  0.500000  0.250000
  -73.408  -73.408  -73.408  -73.408  -39.715  -39.715  -39.714  -39.714  -39.713  -39.713
  -39.713  -39.713  -39.465  -39.465  -39.465  -39.465   -2.955   -2.955   -2.207   -2.207
    0.421    0.421    0.745    0.745    5.474    5.474    6.363    6.363    6.550    6.550
    7.882    7.882    8.406    8.406    8.694    8.694    9.380    9.380    9.882    9.882
   10.058   10.058   10.630   10.630   11.756   11.756   11.908   11.908   11.967   11.967
   12.163   12.163   12.399   12.399   12.542   12.542   14.159   14.159   14.595   14.595
   14.799   14.799   15.207   15.207   15.661   15.661   16.043   16.043   19.158   19.158
   19.587   19.587   19.903   19.903   20.890   20.890   21.179   21.179   21.819   21.819
   22.276   22.276   22.880   22.880
            0.750000  0.493750  0.256250
  -73.408  -73.408  -73.408  -73.408  -39.715  -39.715  -39.714  -39.714  -39.713  -39.713
  -39.713  -39.713  -39.465  -39.465  -39.465  -39.465   -2.963   -2.929   -2.212   -2.212
    0.412    0.417    0.736    0.741    5.470    5.483    6.349    6.362    6.559    6.581
    7.875    7.895    8.379    8.417    8.686    8.698    9.384    9.398    9.880    9.902
   10.050   10.064   10.616   10.650   11.752   11.761   11.896   11.913   11.963   11.965
   12.158   12.166   12.390   12.398   12.538   12.542   14.150   14.173   14.591   14.603
   14.790   14.797   15.200   15.207   15.655   15.667   16.033   16.043   19.151   19.169
   19.574   19.609   19.891   19.930   20.858   20.881   21.165   21.214   21.829   21.841
   22.243   22.247   22.859   22.882
            0.750000  0.487500  0.262500
  -73.408  -73.408  -73.408  -73.408  -39.715  -39.715  -39.714  -39.714  -39.713  -39.713
  -39.713  -39.713  -39.465  -39.465  -39.465  -39.465   -2.971   -2.904   -2.218   -2.216
    0.405    0.413    0.727    0.736    5.468    5.493    6.333    6.361    6.569    6.615
    7.866    7.907    8.349    8.427    8.680    8.701    9.390    9.416    9.875    9.921
   10.042   10.072   10.601   10.669   11.747   11.765   11.885   11.918   11.960   11.963
   12.153   12.168   12.382   12.397   12.534   12.542   14.141   14.187   14.586   14.608
   14.784   14.796   15.194   15.208   15.649   15.674   16.024   16.044   19.143   19.180
   19.559   19.634   19.879   19.958   20.826   20.872   21.153   21.251   21.836   21.861
   22.210   22.221   22.841   22.878
            0.750000  0.481250  0.268750
  -73.408  -73.408  -73.408  -73.408  -39.715  -39.715  -39.714  -39.714  -39.713  -39.713
  -39.713  -39.713  -39.465  -39.465  -39.465  -39.465   -2.979   -2.878   -2.225   -2.220
    0.397    0.409    0.718    0.732    5.465    5.504    6.314    6.360    6.578    6.651
    7.856    7.919    8.318    8.438    8.675    8.705    9.396    9.433    9.869    9.937
   10.036   10.081   10.587   10.687   11.743   11.769   11.875   11.922   11.956   11.962
   12.149   12.169   12.373   12.396   12.531   12.542   14.133   14.202   14.580   14.611
   14.779   14.794   15.188   15.209   15.642   15.680   16.016   16.047   19.136   19.191
   19.545   19.660   19.870   19.989   20.794   20.863   21.141   21.287   21.840   21.878
   22.176   22.197   22.823   22.866
            0.750000  0.475000  0.275000
  -73.408  -73.408  -73.408  -73.408  -39.715  -39.715  -39.714  -39.714  -39.713  -39.713
  -39.713  -39.713  -39.465  -39.465  -39.465  -39.465   -2.986   -2.853   -2.233   -2.224
    0.390    0.406    0.709    0.728    5.463    5.515    6.295    6.358    6.588    6.689
    7.845    7.930    8.287    8.449    8.670    8.708    9.404    9.449    9.862    9.950
   10.033   10.090   10.574   10.705   11.738   11.771   11.866   11.925   11.954   11.962
   12.146   12.170   12.365   12.396   12.527   12.542   14.126   14.217   14.574   14.612
   14.776   14.791   15.181   15.209   15.636   15.686   16.009   16.050   19.130   19.201
   19.529   19.688   19.862   20.021   20.763   20.853   21.130   21.324   21.839   21.891
   22.143   22.179   22.806   22.848
            0.750000  0.468750  0.281250
  -73.408  -73.408  -73.408  -73.408  -39.715  -39.715  -39.714  -39.714  -39.713  -39.713
  -39.713  -39.713  -39.465  -39.465  -39.465  -39.465   -2.993   -2.828   -2.242   -2.228
    0.384    0.403    0.700    0.724    5.461    5.528    6.275    6.357    6.598    6.727
    7.833    7.940    8.258    8.460    8.665    8.712    9.412    9.464    9.854    9.956
   10.036   10.100   10.561   10.723   11.733   11.772   11.858   11.927   11.952   11.962
   12.144   12.170   12.357   12.395   12.524   12.541   14.118   14.233   14.567   14.612
   14.774   14.788   15.174   15.210   15.630   15.692   16.003   16.054   19.124   19.212
   19.512   19.717   19.857   20.055   20.732   20.842   21.120   21.360   21.834   21.899
   22.111   22.165   22.782   22.830
            0.750000  0.462500  0.287500
  -73.408  -73.408  -73.408  -73.408  -39.715  -39.715  -39.714  -39.714  -39.713  -39.713
  -39.713  -39.713  -39.465  -39.465  -39.465  -39.465   -3.000   -2.802   -2.251   -2.232
    0.378    0.401    0.691    0.720    5.459    5.541    6.254    6.356    6.607    6.767
    7.818    7.948    8.232    8.471    8.660    8.715    9.422    9.479    9.846    9.956
   10.044   10.109   10.549   10.740   11.727   11.771   11.852   11.927   11.952   11.962
   12.143   12.169   12.349   12.394   12.520   12.540   14.111   14.248   14.560   14.610
   14.772   14.785   15.168   15.212   15.623   15.698   15.997   16.059   19.118   19.222
   19.494   19.748   19.854   20.090   20.702   20.829   21.112   21.395   21.825   21.901
   22.079   22.159   22.745   22.819
            0.750000  0.456250  0.293750
  -73.408  -73.408  -73.408  -73.408  -39.715  -39.715  -39.715  -39.714  -39.713  -39.713
  -39.713  -39.713  -39.465  -39.465  -39.465  -39.465   -3.006   -2.777   -2.261   -2.235
    0.373    0.398    0.682    0.717    5.457    5.554    6.233    6.355    6.616    6.807
    7.801    7.954    8.209    8.481    8.655    8.718    9.432    9.492    9.837    9.950
   10.057   10.118   10.537   10.757   11.721   11.770   11.847   11.925   11.954   11.962
   12.143   12.168   12.342   12.394   12.516   12.539   14.105   14.264   14.552   14.608
   14.770   14.782   15.161   15.214   15.617   15.704   15.992   16.064   19.113   19.232
   19.476   19.780   19.855   20.127   20.672   20.816   21.105   21.429   21.812   21.894
   22.049   22.161   22.700   22.816
            0.750000  0.450000  0.300000
  -73.408  -73.408  -73.408  -73.408  -39.715  -39.715  -39.715  -39.714  -39.713  -39.713
  -39.713  -39.713  -39.465  -39.465  -39.465  -39.465   -3.011   -2.752   -2.273   -2.238
    0.368    0.397    0.673    0.713    5.456    5.569    6.211    6.354    6.624    6.847
    7.780    7.957    8.193    8.492    8.648    8.720    9.444    9.504    9.829    9.941
   10.071   10.127   10.527   10.772   11.713   11.768   11.844   11.922   11.957   11.961
   12.144   12.165   12.335   12.394   12.513   12.538   14.098   14.280   14.544   14.605
   14.766   14.780   15.155   15.216   15.611   15.709   15.987   16.070   19.108   19.240
   19.456   19.810   19.861   20.164   20.644   20.801   21.100   21.462   21.796   21.880
   22.020   22.169   22.650   22.818
            0.750000  0.443750  0.306250
  -73.408  -73.408  -73.408  -73.408  -39.715  -39.715  -39.715  -39.714  -39.713  -39.713
  -39.713  -39.713  -39.465  -39.465  -39.465  -39.465   -3.016   -2.727   -2.285   -2.241
    0.364    0.395    0.664    0.711    5.455    5.584    6.189    6.354    6.632    6.888
    7.756    7.958    8.182    8.502    8.641    8.723    9.456    9.515    9.821    9.931
   10.084   10.137   10.517   10.787   11.706   11.766   11.841   11.919   11.960   11.962
   12.147   12.161   12.329   12.394   12.509   12.536   14.093   14.296   14.535   14.602
   14.761   14.779   15.149   15.219   15.606   15.714   15.983   16.077   19.103   19.249
   19.436   19.836   19.877   20.201   20.616   20.785   21.096   21.492   21.775   21.860
   21.992   22.184   22.599   22.824
            0.750000  0.437500  0.312500
  -73.408  -73.408  -73.408  -73.408  -39.715  -39.715  -39.715  -39.714  -39.713  -39.713
  -39.713  -39.712  -39.465  -39.465  -39.465  -39.465   -3.021   -2.702   -2.298   -2.244
    0.360    0.394    0.655    0.708    5.454    5.599    6.167    6.353    6.639    6.930
    7.728    7.956    8.177    8.512    8.633    8.725    9.468    9.526    9.813    9.921
   10.095   10.148   10.507   10.801   11.698   11.764   11.839   11.915   11.958   11.968
   12.150   12.157   12.322   12.395   12.506   12.534   14.087   14.313   14.526   14.600
   14.756   14.779   15.144   15.223   15.601   15.719   15.980   16.083   19.099   19.256
   19.416   19.853   19.904   20.238   20.590   20.768   21.093   21.518   21.749   21.840
   21.968   22.201   22.549   22.833
            0.750000  0.431250  0.318750
  -73.408  -73.408  -73.408  -73.408  -39.715  -39.715  -39.715  -39.714  -39.713  -39.713
  -39.713  -39.712  -39.465  -39.465  -39.465  -39.465   -3.025   -2.678   -2.312   -2.246
    0.357    0.393    0.647    0.705    5.453    5.615    6.146    6.352    6.645    6.971
    7.697    7.953    8.177    8.521    8.625    8.727    9.480    9.535    9.806    9.911
   10.103   10.162   10.498   10.814   11.689   11.763   11.838   11.910   11.955   11.974
   12.151   12.155   12.317   12.395   12.502   12.533   14.082   14.329   14.517   14.597
   14.749   14.778   15.139   15.226   15.596   15.723   15.978   16.090   19.095   19.263
   19.396   19.867   19.938   20.273   20.566   20.751   21.090   21.540   21.716   21.822
   21.946   22.221   22.502   22.844
            0.750000  0.425000  0.325000
  -73.408  -73.408  -73.408  -73.408  -39.715  -39.715  -39.715  -39.714  -39.713  -39.713
  -39.713  -39.712  -39.465  -39.465  -39.465  -39.465   -3.029   -2.653   -2.326   -2.249
    0.354    0.393    0.639    0.703    5.453    5.631    6.124    6.352    6.651    7.013
    7.663    7.948    8.182    8.529    8.615    8.730    9.492    9.544    9.797    9.902
   10.108   10.177   10.490   10.825   11.681   11.762   11.837   11.906   11.951   11.981
   12.145   12.160   12.312   12.397   12.499   12.531   14.077   14.345   14.507   14.595
   14.742   14.776   15.134   15.230   15.592   15.726   15.976   16.096   19.091   19.268
   19.377   19.881   19.975   20.306   20.545   20.736   21.088   21.555   21.674   21.810
   21.930   22.239   22.460   22.857
            0.750000  0.418750  0.331250
  -73.408  -73.408  -73.408  -73.408  -39.715  -39.715  -39.715  -39.714  -39.713  -39.713
  -39.713  -39.712  -39.465  -39.465  -39.465  -39.465   -3.032   -2.629   -2.342   -2.251
    0.352    0.393    0.631    0.701    5.453    5.648    6.103    6.352    6.656    7.055
    7.626    7.944    8.190    8.537    8.605    8.732    9.502    9.554    9.789    9.895
   10.110   10.194   10.482   10.836   11.673   11.761   11.836   11.902   11.947   11.988
   12.138   12.166   12.307   12.399   12.495   12.529   14.072   14.360   14.498   14.594
   14.735   14.775   15.131   15.234   15.588   15.729   15.974   16.102   19.088   19.272
   19.359   19.896   20.013   20.334   20.527   20.723   21.085   21.561   21.627   21.805
   21.920   22.252   22.427   22.871
            0.750000  0.412500  0.337500
  -73.408  -73.408  -73.408  -73.408  -39.715  -39.715  -39.715  -39.714  -39.713  -39.713
  -39.713  -39.712  -39.465  -39.465  -39.465  -39.465   -3.035   -2.606   -2.358   -2.252
    0.350    0.393    0.625    0.699    5.453    5.665    6.082    6.352    6.660    7.096
    7.588    7.939    8.199    8.545    8.595    8.734    9.509    9.565    9.779    9.889
   10.110   10.211   10.474   10.845   11.666   11.760   11.836   11.898   11.942   11.995
   12.131   12.173   12.302   12.401   12.492   12.528   14.068   14.376   14.488   14.593
   14.728   14.772   15.128   15.239   15.585   15.732   15.974   16.108   19.085   19.272
   19.344   19.912   20.051   20.354   20.512   20.716   21.082   21.548   21.585   21.806
   21.916   22.255   22.407   22.885
            0.750000  0.406250  0.343750
  -73.408  -73.408  -73.408  -73.408  -39.715  -39.715  -39.715  -39.714  -39.713  -39.713
  -39.713  -39.712  -39.465  -39.465  -39.465  -39.465   -3.038   -2.582   -2.375   -2.254
    0.348    0.394    0.618    0.697    5.453    5.681    6.063    6.352    6.664    7.136
    7.548    7.936    8.210    8.551    8.585    8.736    9.513    9.578    9.769    9.886
   10.108   10.228   10.466   10.853   11.660   11.760   11.836   11.894   11.937   12.002
   12.123   12.180   12.298   12.404   12.488   12.527   14.065   14.390   14.478   14.592
   14.721   14.770   15.125   15.243   15.583   15.734   15.974   16.114   19.083   19.268
   19.335   19.928   20.089   20.366   20.503   20.716   21.078   21.499   21.565   21.813
   21.919   22.244   22.404   22.897
            0.750000  0.400000  0.350000
  -73.408  -73.408  -73.408  -73.408  -39.715  -39.715  -39.715  -39.714  -39.713  -39.713
  -39.713  -39.712  -39.465  -39.465  -39.465  -39.465   -3.040   -2.559   -2.393   -2.255
    0.347    0.395    0.613    0.696    5.453    5.697    6.044    6.352    6.666    7.175
    7.509    7.932    8.221    8.556    8.575    8.738    9.514    9.593    9.758    9.884
   10.106   10.246   10.458   10.859   11.654   11.760   11.836   11.890   11.931   12.008
   12.116   12.187   12.294   12.407   12.484   12.526   14.061   14.404   14.470   14.592
   14.714   14.768   15.123   15.247   15.581   15.735   15.974   16.119   19.080   19.259
   19.331   19.943   20.126   20.367   20.498   20.725   21.073   21.440   21.549   21.825
   21.928   22.221   22.415   22.908
            0.750000  0.393750  0.356250
  -73.408  -73.408  -73.408  -73.408  -39.715  -39.715  -39.715  -39.714  -39.713  -39.713
  -39.713  -39.712  -39.465  -39.465  -39.465  -39.465   -3.041   -2.537   -2.412   -2.256
    0.346    0.396    0.608    0.694    5.454    5.712    6.028    6.352    6.668    7.210
    7.472    7.930    8.232    8.559    8.568    8.741    9.513    9.609    9.745    9.884
   10.102   10.262   10.450   10.864   11.649   11.759   11.837   11.887   11.925   12.014
   12.109   12.194   12.290   12.411   12.480   12.525   14.058   14.414   14.464   14.592
   14.707   14.765   15.122   15.250   15.581   15.736   15.975   16.123   19.078   19.246
   19.332   19.958   20.162   20.359   20.498   20.743   21.067   21.378   21.529   21.839
   21.942   22.193   22.432   22.915
            0.750000  0.387500  0.362500
  -73.408  -73.408  -73.408  -73.408  -39.715  -39.715  -39.715  -39.714  -39.713  -39.713
  -39.713  -39.712  -39.465  -39.465  -39.465  -39.465   -3.042   -2.515   -2.431   -2.256
    0.345    0.397    0.605    0.693    5.454    5.725    6.014    6.352    6.669    7.237
    7.442    7.928    8.243    8.552    8.569    8.743    9.510    9.625    9.733    9.886
   10.099   10.278   10.442   10.868   11.646   11.759   11.838   11.884   11.919   12.020
   12.102   12.201   12.287   12.416   12.476   12.524   14.056   14.418   14.464   14.592
   14.701   14.763   15.121   15.253   15.581   15.736   15.977   16.127   19.076   19.232
   19.336   19.970   20.195   20.344   20.504   20.766   21.059   21.319   21.507   21.854
   21.960   22.166   22.452   22.918
            0.750000  0.381250  0.368750
  -73.408  -73.408  -73.408  -73.408  -39.715  -39.715  -39.715  -39.714  -39.713  -39.713
  -39.713  -39.712  -39.465  -39.465  -39.465  -39.465   -3.043   -2.494   -2.450   -2.257
    0.345    0.398    0.602    0.692    5.455    5.735    6.003    6.353    6.669    7.249
    7.427    7.927    8.252    8.543    8.572    8.745    9.505    9.640    9.721    9.888
   10.095   10.293   10.434   10.871   11.643   11.758   11.840   11.882   11.913   12.024
   12.097   12.207   12.284   12.420   12.471   12.524   14.054   14.415   14.471   14.592
   14.695   14.760   15.121   15.256   15.582   15.735   15.979   16.130   19.074   19.218
   19.341   19.979   20.227   20.325   20.515   20.790   21.049   21.264   21.482   21.868
   21.980   22.142   22.473   22.916
            0.750000  0.375000  0.375000
  -73.408  -73.408  -73.408  -73.408  -39.715  -39.715  -39.715  -39.714  -39.713  -39.713
  -39.713  -39.712  -39.465  -39.465  -39.465  -39.465   -3.043   -2.476   -2.467   -2.257
    0.345    0.400    0.600    0.692    5.456    5.742    5.996    6.353    6.669    7.239
    7.433    7.926    8.259    8.535    8.576    8.747    9.500    9.653    9.711    9.891
   10.091   10.305   10.427   10.872   11.642   11.757   11.841   11.881   11.907   12.026
   12.093   12.213   12.282   12.425   12.467   12.524   14.053   14.407   14.482   14.592
   14.690   14.758   15.121   15.258   15.584   15.735   15.982   16.132   19.072   19.205
   19.348   19.984   20.251   20.307   20.533   20.809   21.040   21.219   21.457   21.879
   22.004   22.123   22.493   22.909
