 &plot nbnd=  48, nks=   101 /
            0.500000  0.250000  0.750000
   -3.683   -3.681   -3.014   -3.012    0.030    0.031    0.732    0.733    1.908    1.910
    2.926    2.926    3.183    3.183    3.378    3.380    6.138    6.139    6.540    6.540
    6.769    6.769    7.207    7.208    7.899    7.900    8.262    8.263    8.875    8.876
    9.429    9.429   10.199   10.199   10.695   10.696   11.238   11.238   11.630   11.630
   11.847   11.848   13.085   13.086   13.257   13.258   14.436   14.436
            0.475000  0.262500  0.712500
   -3.683   -3.570   -3.064   -3.056   -0.038   -0.030    0.498    0.624    2.094    2.112
    3.062    3.072    3.089    3.334    3.379    3.502    6.108    6.186    6.360    6.475
    6.733    6.858    6.999    7.142    7.673    7.817    8.530    8.541    8.545    8.688
    9.530    9.603   10.429   10.440   10.503   10.668   11.092   11.514   11.563   11.611
   11.630   11.973   12.823   12.888   13.285   13.369   13.963   14.435
            0.450000  0.275000  0.675000
   -3.674   -3.461   -3.125   -3.092   -0.094   -0.061    0.288    0.522    2.256    2.330
    2.985    3.188    3.215    3.388    3.413    3.663    6.104    6.122    6.148    6.362
    6.773    6.938    7.038    7.065    7.468    7.753    8.181    8.225    8.842    9.108
    9.521    9.731   10.201   10.645   10.720   10.818   10.926   11.404   11.536   11.562
   11.755   12.386   12.534   12.673   13.356   13.443   13.568   14.385
            0.425000  0.287500  0.637500
   -3.654   -3.361   -3.195   -3.121   -0.136   -0.061    0.110    0.428    2.396    2.559
    2.885    3.298    3.330    3.392    3.460    3.789    5.997    6.015    6.131    6.261
    6.825    6.971    7.002    7.200    7.281    7.716    7.850    7.943    9.145    9.459
    9.484    9.822   10.073   10.648   10.781   10.837   10.955   11.298   11.598   11.792
   11.976   12.291   12.475   12.733   13.001   13.394   13.771   14.135
            0.400000  0.300000  0.600000
   -3.624   -3.274   -3.272   -3.141   -0.166   -0.031   -0.031    0.345    2.510    2.794
    2.794    3.387    3.388    3.392    3.490    3.827    5.919    5.993    6.186    6.186
    6.862    6.864    7.096    7.128    7.242    7.631    7.709    7.709    9.442    9.442
    9.586    9.883   10.139   10.686   10.687   10.744   11.002   11.356   11.659   12.114
   12.114   12.178   12.428   12.428   13.224   13.224   13.855   13.977
            0.375000  0.312500  0.562500
   -3.585   -3.356   -3.205   -3.152   -0.183   -0.128    0.028    0.274    2.592    2.713
    3.030    3.376    3.394    3.453    3.500    3.756    5.933    6.092    6.135    6.269
    6.746    6.875    6.972    7.019    7.224    7.540    7.666    7.729    9.404    9.540
    9.707    9.919   10.220   10.525   10.773   10.952   10.991   11.332   11.745   11.771
   11.991   12.320   12.501   12.689   12.969   13.281   13.591   14.029
            0.350000  0.325000  0.525000
   -3.536   -3.442   -3.163   -3.154   -0.185   -0.177    0.114    0.216    2.623    2.644
    3.257    3.356    3.361    3.475    3.495    3.602    6.014    6.096    6.291    6.367
    6.636    6.727    6.866    6.883    7.329    7.441    7.763    7.774    9.378    9.448
    9.895    9.936   10.258   10.389   10.911   10.988   11.234   11.316   11.352   11.760
   11.877   12.273   12.623   12.697   13.144   13.234   13.424   13.905
            0.325000  0.337500  0.487500
   -3.528   -3.479   -3.150   -3.147   -0.175   -0.173    0.172    0.224    2.582    2.587
    3.314    3.331    3.332    3.433    3.500    3.548    6.058    6.092    6.381    6.414
    6.603    6.640    6.873    6.873    7.386    7.442    7.837    7.841    9.329    9.372
    9.916    9.928   10.280   10.355   10.923   10.939   11.229   11.257   11.419   11.643
   11.918   12.117   12.729   12.755   13.116   13.145   13.616   13.858
            0.300000  0.350000  0.450000
   -3.611   -3.414   -3.164   -3.131   -0.151   -0.117    0.143    0.357    2.467    2.544
    3.057    3.302    3.322    3.437    3.464    3.693    6.023    6.123    6.149    6.334
    6.724    6.930    6.937    6.966    7.339    7.597    7.880    7.925    9.187    9.393
    9.695    9.872   10.173   10.524   10.840   10.909   11.003   11.287   11.540   11.693
   11.852   12.453   12.499   12.605   13.233   13.290   13.511   14.174
            0.275000  0.362500  0.412500
   -3.691   -3.343   -3.205   -3.106   -0.114   -0.013    0.129    0.508    2.302    2.515
    2.780    3.270    3.310    3.352    3.443    3.826    5.950    6.016    6.125    6.230
    6.894    7.019    7.043    7.280    7.345    7.830    7.903    8.026    9.037    9.317
    9.443    9.752    9.977   10.689   10.743   10.878   10.967   11.286   11.522   11.892
   12.012   12.258   12.427   12.714   13.048   13.454   13.915   14.154
            0.250000  0.375000  0.375000
   -3.765   -3.267   -3.265   -3.073   -0.063    0.131    0.131    0.676    2.112    2.501
    2.502    3.238    3.239    3.269    3.406    3.898    5.817    6.062    6.130    6.131
    7.082    7.083    7.181    7.225    7.680    7.979    8.138    8.138    8.892    8.892
    9.471    9.587    9.656   10.596   10.966   10.967   11.096   11.136   11.376   12.151
   12.151   12.271   12.386   12.386   13.424   13.424   14.182   14.182
            0.225000  0.387500  0.337500
   -3.831   -3.341   -3.185   -3.033   -0.001    0.149    0.308    0.857    1.915    2.231
    2.505    3.099    3.183    3.208    3.362    3.903    5.764    6.042    6.159    6.166
    7.123    7.130    7.279    7.396    7.766    8.240    8.306    8.471    8.490    8.787
    9.103    9.404    9.665   10.646   10.840   11.064   11.101   11.246   11.300   12.016
   12.053   12.418   12.454   12.727   13.201   13.690   14.280   14.370
            0.200000  0.400000  0.300000
   -3.889   -3.424   -3.103   -2.987    0.074    0.183    0.510    1.049    1.719    1.974
    2.524    2.938    3.048    3.179    3.315    3.851    5.790    5.966    6.216    6.298
    7.073    7.172    7.453    7.608    7.750    8.040    8.444    8.538    8.629    8.711
    8.995    9.249    9.774   10.519   10.765   10.985   11.138   11.139   11.515   11.955
   11.963   12.656   12.729   12.777   13.263   13.780   14.218   14.425
            0.175000  0.412500  0.262500
   -3.938   -3.511   -3.020   -2.936    0.160    0.232    0.728    1.246    1.533    1.734
    2.563    2.762    2.873    3.153    3.269    3.761    5.886    5.903    6.300    6.384
    7.116    7.218    7.418    7.721    7.832    7.898    8.161    8.430    8.582    8.870
    9.355    9.409    9.886   10.204   10.670   10.872   11.111   11.153   11.739   11.924
   12.083   12.481   12.952   13.055   13.674   13.816   14.143   14.153
            0.150000  0.425000  0.225000
   -3.976   -3.597   -2.940   -2.883    0.256    0.297    0.953    1.360    1.443    1.515
    2.577    2.620    2.674    3.131    3.227    3.650    5.853    6.036    6.365    6.408
    7.105    7.273    7.297    7.692    7.714    8.056    8.064    8.319    8.733    8.735
    9.629    9.806    9.985   10.042   10.347   10.838   11.091   11.288   11.904   11.961
   12.236   12.243   13.262   13.395   13.881   13.904   14.070   14.093
            0.125000  0.437500  0.187500
   -4.004   -3.679   -2.866   -2.830    0.360    0.376    1.177    1.206    1.321    1.631
    2.390    2.464    2.696    3.114    3.192    3.534    5.814    6.225    6.270    6.533
    6.769    7.302    7.341    7.577    7.669    8.218    8.274    8.294    8.568    8.883
    9.443    9.767   10.052   10.403   10.470   10.774   10.969   11.563   11.691   12.173
   12.277   12.383   13.467   13.636   13.682   14.068   14.085   14.174
            0.100000  0.450000  0.150000
   -4.021   -3.755   -2.799   -2.780    0.467    0.470    1.073    1.155    1.390    1.798
    2.207    2.257    2.791    3.103    3.167    3.422    5.778    6.136    6.440    6.473
    6.669    6.940    7.426    7.658    7.906    8.133    8.407    8.500    8.516    9.020
    9.152    9.416   10.059   10.747   10.798   10.896   10.925   11.416   11.881   12.369
   12.449   12.514   13.479   13.513   13.650   13.838   13.965   14.468
            0.075000  0.462500  0.112500
   -4.026   -3.824   -2.744   -2.735    0.565    0.578    0.966    1.019    1.584    1.929
    2.036    2.064    2.897    3.098    3.155    3.323    5.730    5.978    6.252    6.644
    6.664    6.806    7.530    7.664    8.065    8.259    8.261    8.723    8.724    8.867
    9.050    9.130    9.996   10.563   10.770   11.195   11.403   11.415   12.225   12.538
   12.628   12.659   13.297   13.468   13.552   13.686   13.688   14.307
            0.050000  0.475000  0.075000
   -4.020   -3.884   -2.703   -2.700    0.663    0.678    0.888    0.917    1.751    1.889
    1.900    2.007    3.002    3.102    3.156    3.243    5.659    5.812    6.139    6.424
    6.869    6.930    7.656    7.702    8.018    8.136    8.603    8.617    8.705    8.907
    8.936    9.198    9.883   10.268   10.822   11.054   11.905   11.907   12.581   12.673
   12.719   12.877   13.160   13.350   13.391   13.437   13.606   14.033
            0.025000  0.487500  0.037500
   -4.003   -3.934   -2.679   -2.676    0.747    0.754    0.837    0.847    1.784    1.786
    1.885    2.022    3.089    3.115    3.158    3.182    5.595    5.671    6.124    6.272
    7.013    7.023    7.797    7.799    7.991    8.032    8.381    8.409    8.952    9.056
    9.112    9.210    9.762    9.958   10.877   10.974   12.378   12.382   12.760   12.778
   12.916   13.066   13.095   13.134   13.148   13.242   13.578   13.797
            0.000000  0.500000  0.000000
   -3.975   -3.973   -2.670   -2.668    0.800    0.800    0.802    0.802    1.743    1.744
    1.978    1.979    3.140    3.140    3.142    3.142    5.592    5.593    6.173    6.174
    7.061    7.061    7.932    7.932    7.932    7.932    8.269    8.269    9.161    9.161
    9.161    9.161    9.742    9.742   10.923   10.924   12.794   12.794   12.796   12.796
   12.813   12.815   13.122   13.122   13.123   13.123   13.619   13.619
            0.000000  0.475000  0.000000
   -4.041   -3.904   -2.671   -2.668    0.722    0.722    0.883    0.884    1.746    1.747
    1.838    2.120    3.076    3.076    3.208    3.208    5.518    5.669    6.027    6.324
    7.021    7.021    7.705    7.705    8.162    8.162    8.314    8.314    9.005    9.005
    9.319    9.319    9.545    9.944   10.836   11.016   12.753   12.753   12.812   12.814
   12.837   12.837   12.976   12.976   13.275   13.276   13.398   13.844
            0.000000  0.450000  0.000000
   -4.105   -3.832   -2.672   -2.669    0.647    0.647    0.969    0.969    1.699    1.756
    1.757    2.262    3.014    3.014    3.278    3.278    5.447    5.749    5.885    6.478
    6.915    6.915    7.483    7.483    8.395    8.395    8.433    8.434    8.850    8.850
    9.352    9.477    9.477   10.149   10.753   11.113   12.712   12.712   12.811   12.813
   12.838   12.838   12.879   12.879   13.182   13.435   13.435   14.073
            0.000000  0.425000  0.000000
   -4.167   -3.758   -2.673   -2.671    0.575    0.575    1.058    1.058    1.561    1.772
    1.773    2.405    2.955    2.955    3.350    3.350    5.378    5.750    5.830    6.632
    6.769    6.769    7.264    7.264    8.602    8.603    8.632    8.632    8.697    8.697
    9.167    9.636    9.636   10.356   10.674   11.214   12.671   12.671   12.707   12.707
   12.809   12.811   12.920   12.920   12.971   13.601   13.601   13.850
            0.000000  0.400000  0.000000
   -4.226   -3.682   -2.675   -2.673    0.507    0.507    1.149    1.149    1.424    1.794
    1.794    2.548    2.899    2.899    3.424    3.424    5.313    5.621    5.914    6.602
    6.602    6.784    7.050    7.050    8.545    8.545    8.801    8.801    8.871    8.871
    8.994    9.796    9.796   10.563   10.599   11.320   12.585   12.585   12.631   12.631
   12.765   12.807   12.808   12.960   12.960   13.720   13.770   13.770
            0.000000  0.375000  0.000000
   -4.281   -3.605   -2.678   -2.675    0.443    0.443    1.244    1.244    1.289    1.821
    1.822    2.691    2.846    2.846    3.500    3.500    5.251    5.499    5.999    6.427
    6.427    6.840    6.840    6.928    8.396    8.396    8.835    9.018    9.018    9.114
    9.114    9.956    9.956   10.529   10.772   11.430   12.470   12.470   12.565   12.592
   12.592   12.803   12.805   12.999   12.999   13.591   13.942   13.942
            0.000000  0.350000  0.000000
   -4.333   -3.526   -2.680   -2.678    0.383    0.383    1.157    1.340    1.340    1.854
    1.855    2.796    2.796    2.835    3.577    3.577    5.193    5.384    6.084    6.248
    6.248    6.635    6.635    7.056    8.249    8.249    8.701    9.247    9.248    9.359
    9.359   10.117   10.117   10.464   10.980   11.545   12.363   12.363   12.372   12.555
   12.555   12.799   12.801   13.037   13.037   13.461   14.109   14.109
            0.000000  0.325000  0.000000
   -4.383   -3.447   -2.684   -2.681    0.327    0.327    1.027    1.439    1.439    1.893
    1.894    2.749    2.749    2.978    3.655    3.655    5.138    5.276    6.070    6.070
    6.171    6.435    6.435    7.157    8.105    8.105    8.602    9.485    9.486    9.606
    9.606   10.279   10.279   10.403   11.188   11.664   12.185   12.263   12.263   12.520
   12.520   12.795   12.797   13.072   13.072   13.330   14.260   14.261
            0.000000  0.300000  0.000000
   -4.428   -3.367   -2.687   -2.685    0.275    0.275    0.900    1.540    1.540    1.936
    1.937    2.705    2.705    3.121    3.734    3.734    5.087    5.177    5.896    5.896
    6.241    6.241    6.257    7.214    7.965    7.965    8.554    9.730    9.730    9.856
    9.856   10.347   10.442   10.442   11.394   11.787   12.005   12.172   12.172   12.486
   12.486   12.791   12.792   13.106   13.106   13.197   14.369   14.369
            0.000000  0.275000  0.000000
   -4.470   -3.288   -2.691   -2.689    0.226    0.226    0.777    1.641    1.641    1.984
    1.985    2.665    2.665    3.263    3.813    3.813    5.040    5.085    5.725    5.725
    6.053    6.053    6.343    7.217    7.829    7.829    8.569    9.979    9.979   10.109
   10.109   10.295   10.605   10.605   11.598   11.834   11.915   12.088   12.088   12.455
   12.455   12.786   12.787   13.061   13.137   13.137   14.394   14.394
            0.000000  0.250000  0.000000
   -4.509   -3.209   -2.695   -2.692    0.182    0.182    0.658    1.743    1.743    2.035
    2.036    2.628    2.628    3.404    3.891    3.891    4.997    5.001    5.561    5.562
    5.873    5.873    6.427    7.167    7.699    7.699    8.643   10.231   10.231   10.247
   10.363   10.363   10.769   10.769   11.671   11.799   12.012   12.012   12.048   12.426
   12.426   12.781   12.783   12.921   13.166   13.166   14.319   14.320
            0.000000  0.225000  0.000000
   -4.544   -3.133   -2.698   -2.696    0.142    0.142    0.545    1.844    1.844    2.088
    2.089    2.595    2.595    3.543    3.968    3.968    4.925    4.957    5.405    5.405
    5.700    5.700    6.508    7.078    7.574    7.574    8.764   10.204   10.485   10.486
   10.619   10.619   10.934   10.934   11.519   11.944   11.944   11.996   12.184   12.399
   12.399   12.776   12.777   12.778   13.192   13.192   14.182   14.182
            0.000000  0.200000  0.000000
   -4.576   -3.059   -2.702   -2.700    0.106    0.106    0.439    1.944    1.944    2.144
    2.145    2.565    2.565    3.680    4.042    4.042    4.857    4.922    5.257    5.257
    5.536    5.536    6.586    6.965    7.457    7.457    8.916   10.166   10.740   10.741
   10.877   10.877   11.100   11.100   11.377   11.883   11.883   12.187   12.325   12.374
   12.374   12.629   12.771   12.773   13.215   13.215   14.016   14.016
            0.000000  0.175000  0.000000
   -4.604   -2.989   -2.705   -2.703    0.075    0.075    0.339    2.041    2.041    2.200
    2.201    2.538    2.538    3.813    4.113    4.113    4.797    4.891    5.119    5.120
    5.382    5.382    6.660    6.840    7.347    7.347    9.085   10.132   10.994   10.995
   11.136   11.136   11.247   11.266   11.266   11.829   11.829   12.353   12.353   12.371
   12.470   12.478   12.767   12.769   13.235   13.235   13.839   13.839
            0.000000  0.150000  0.000000
   -4.628   -2.924   -2.709   -2.706    0.047    0.047    0.249    2.134    2.134    2.254
    2.256    2.515    2.515    3.940    4.180    4.180    4.744    4.863    4.994    4.994
    5.241    5.241    6.713    6.728    7.247    7.247    9.263   10.103   11.130   11.245
   11.246   11.395   11.395   11.433   11.433   11.783   11.783   12.323   12.334   12.334
   12.546   12.619   12.763   12.765   13.252   13.252   13.656   13.656
            0.000000  0.125000  0.000000
   -4.649   -2.866   -2.711   -2.709    0.024    0.024    0.169    2.220    2.220    2.306
    2.308    2.496    2.496    4.059    4.240    4.240    4.700    4.840    4.881    4.882
    5.113    5.113    6.590    6.788    7.159    7.159    9.441   10.078   11.029   11.489
   11.489   11.600   11.600   11.655   11.655   11.744   11.744   12.169   12.317   12.317
   12.708   12.759   12.761   12.772   13.265   13.265   13.473   13.474
            0.000000  0.100000  0.000000
   -4.666   -2.815   -2.714   -2.712    0.005    0.005    0.100    2.296    2.296    2.354
    2.355    2.479    2.479    4.167    4.292    4.292    4.664    4.785    4.785    4.821
    5.003    5.003    6.476    6.840    7.083    7.083    9.614   10.058   10.943   11.712
   11.712   11.721   11.721   11.767   11.767   11.914   11.914   12.019   12.304   12.304
   12.756   12.758   12.854   12.928   13.273   13.273   13.293   13.293
            0.000000  0.075000  0.000000
   -4.679   -2.773   -2.716   -2.713   -0.010   -0.010    0.045    2.361    2.361    2.394
    2.395    2.467    2.467    4.260    4.335    4.335    4.636    4.706    4.707    4.807
    4.912    4.912    6.377    6.882    7.021    7.021    9.771   10.042   10.874   11.687
   11.687   11.881   11.930   11.930   11.933   11.933   12.170   12.170   12.294   12.294
   12.754   12.755   12.979   13.087   13.117   13.117   13.275   13.275
            0.000000  0.050000  0.000000
   -4.688   -2.743   -2.717   -2.715   -0.021   -0.021    0.004    2.410    2.410    2.424
    2.426    2.458    2.458    4.332    4.368    4.368    4.616    4.648    4.649    4.796
    4.844    4.844    6.300    6.914    6.976    6.976    9.901   10.031   10.824   11.670
   11.670   11.764   12.086   12.086   12.111   12.111   12.286   12.286   12.417   12.417
   12.752   12.754   12.952   12.952   13.075   13.245   13.262   13.262
            0.000000  0.025000  0.000000
   -4.694   -2.724   -2.718   -2.715   -0.027   -0.027   -0.021    2.440    2.440    2.444
    2.445    2.453    2.453    4.378    4.387    4.387    4.604    4.612    4.613    4.790
    4.802    4.802    6.251    6.933    6.948    6.948    9.990   10.024   10.794   11.659
   11.659   11.684   12.219   12.219   12.235   12.235   12.282   12.282   12.638   12.638
   12.751   12.753   12.814   12.814   13.137   13.213   13.214   13.393
            0.000000  0.000000  0.000000
   -4.696   -2.718   -2.718   -2.715   -0.029   -0.029   -0.029    2.450    2.450    2.450
    2.452    2.452    2.452    4.394    4.394    4.394    4.600    4.601    4.601    4.788
    4.788    4.788    6.234    6.939    6.939    6.939   10.022   10.022   10.784   11.656
   11.656   11.656   12.280   12.280   12.280   12.280   12.280   12.280   12.751   12.751
   12.751   12.752   12.752   12.752   13.158   13.158   13.158   13.475
            0.000000  0.025000  0.025000
   -4.692   -2.724   -2.723   -2.716   -0.025   -0.019   -0.019    2.414    2.442    2.443
    2.446    2.446    2.454    4.350    4.381    4.394    4.616    4.617    4.622    4.804
    4.804    4.819    6.267    6.941    6.943    6.958    9.976   10.009   10.804   11.661
   11.663   11.715   12.169   12.169   12.220   12.221   12.223   12.250   12.622   12.656
   12.701   12.702   12.815   12.815   13.194   13.195   13.286   13.449
            0.000000  0.050000  0.050000
   -4.681   -2.742   -2.740   -2.715   -0.012    0.012    0.012    2.312    2.416    2.417
    2.433    2.433    2.464    4.229    4.341    4.392    4.662    4.664    4.664    4.853
    4.853    4.926    6.350    6.947    6.955    7.020    9.856    9.972   10.864   11.676
   11.685   11.875   11.887   11.888   12.073   12.091   12.091   12.165   12.392   12.449
   12.627   12.627   12.955   12.955   13.169   13.169   13.478   13.515
            0.000000  0.075000  0.075000
   -4.662   -2.771   -2.769   -2.713    0.009    0.062    0.062    2.164    2.376    2.378
    2.413    2.413    2.481    4.055    4.275    4.389    4.699    4.741    4.741    4.931
    4.931    5.114    6.449    6.958    6.975    7.132    9.692    9.917   10.959   11.527
   11.528   11.701   11.723   11.870   11.939   11.939   12.036   12.107   12.143   12.206
   12.550   12.550   13.070   13.070   13.125   13.125   13.555   13.556
            0.000000  0.100000  0.100000
   -4.636   -2.809   -2.806   -2.710    0.039    0.127    0.127    1.990    2.325    2.326
    2.390    2.390    2.503    3.849    4.187    4.383    4.735    4.845    4.845    5.036
    5.036    5.359    6.537    6.976    7.002    7.297    9.510    9.849   11.082   11.137
   11.138   11.641   11.735   11.779   11.779   11.782   11.874   11.891   11.953   12.384
   12.460   12.461   12.949   12.949   13.307   13.307   13.636   13.636
            0.000000  0.125000  0.125000
   -4.602   -2.853   -2.851   -2.708    0.077    0.205    0.205    1.803    2.265    2.266
    2.369    2.370    2.533    3.626    4.077    4.376    4.776    4.972    4.973    5.164
    5.164    5.644    6.608    7.000    7.038    7.499    9.325    9.779   10.736   10.738
   11.222   11.401   11.616   11.616   11.639   11.690   11.697   11.779   11.868   12.353
   12.354   12.693   12.823   12.823   13.497   13.497   13.711   13.712
            0.000000  0.150000  0.150000
   -4.561   -2.903   -2.901   -2.707    0.123    0.291    0.291    1.616    2.200    2.202
    2.355    2.355    2.568    3.395    3.950    4.365    4.823    5.121    5.121    5.313
    5.313    5.955    6.666    7.033    7.082    7.717    9.145    9.722   10.333   10.335
   11.158   11.367   11.389   11.443   11.451   11.451   11.493   11.831   11.992   12.223
   12.224   12.702   12.702   13.025   13.690   13.690   13.782   13.782
            0.000000  0.175000  0.175000
   -4.514   -2.955   -2.953   -2.708    0.178    0.381    0.381    1.433    2.133    2.134
    2.352    2.352    2.610    3.162    3.807    4.350    4.877    5.287    5.288    5.479
    5.479    6.287    6.717    7.075    7.133    7.920    8.975    9.699    9.933    9.935
   10.916   11.143   11.193   11.283   11.283   11.290   11.502   11.892   12.067   12.068
   12.163   12.590   12.590   13.376   13.846   13.846   13.880   13.880
            0.000000  0.200000  0.200000
   -4.459   -3.009   -3.007   -2.713    0.241    0.469    0.469    1.260    2.065    2.066
    2.364    2.365    2.658    2.930    3.653    4.331    4.939    5.470    5.470    5.660
    5.660    6.634    6.762    7.126    7.193    8.082    8.820    9.539    9.540    9.737
   10.678   10.901   10.947   11.086   11.111   11.112   11.623   11.885   11.885   11.962
   12.382   12.491   12.491   13.743   13.902   13.903   14.055   14.056
            0.000000  0.225000  0.225000
   -4.397   -3.063   -3.061   -2.723    0.313    0.552    0.552    1.102    1.999    2.000
    2.397    2.397    2.703    2.712    3.489    4.306    5.007    5.666    5.667    5.854
    5.854    6.803    6.992    7.187    7.260    8.179    8.683    9.152    9.153    9.859
   10.446   10.664   10.707   10.885   10.935   10.935   11.677   11.678   11.733   12.040
   12.404   12.404   12.643   13.951   13.951   14.124   14.182   14.183
            0.000000  0.250000  0.250000
   -4.329   -3.116   -3.114   -2.739    0.392    0.624    0.625    0.961    1.935    1.936
    2.452    2.453    2.481    2.771    3.319    4.275    5.084    5.875    5.876    6.060
    6.060    6.836    7.258    7.335    7.357    8.212    8.564    8.775    8.777   10.066
   10.221   10.431   10.473   10.691   10.753   10.753   11.447   11.448   11.838   12.127
   12.327   12.327   12.936   13.990   13.990   14.197   14.197   14.490
            0.000000  0.275000  0.275000
   -4.255   -3.165   -3.163   -2.763    0.480    0.684    0.685    0.841    1.875    1.876
    2.266    2.533    2.534    2.836    3.144    4.236    5.167    6.094    6.095    6.276
    6.276    6.858    7.338    7.418    7.723    8.202    8.411    8.412    8.466   10.005
   10.205   10.246   10.342   10.509   10.564   10.564   11.198   11.198   11.942   12.222
   12.259   12.259   13.257   14.015   14.015   14.085   14.085   14.312
            0.000000  0.300000  0.300000
   -4.175   -3.212   -3.210   -2.797    0.575    0.731    0.732    0.742    1.820    1.821
    2.060    2.637    2.639    2.906    2.966    4.190    5.258    6.321    6.322    6.500
    6.501    6.864    7.427    7.509    8.063    8.064    8.084    8.174    8.390    9.797
    9.984   10.025   10.349   10.366   10.367   10.667   10.932   10.933   12.050   12.200
   12.200   12.324   13.598   13.919   13.919   14.003   14.003   14.185
            0.000000  0.325000  0.325000
   -4.089   -3.254   -3.252   -2.840    0.668    0.678    0.765    0.766    1.770    1.771
    1.862    2.764    2.765    2.787    2.980    4.136    5.355    6.550    6.550    6.733
    6.733    6.849    7.526    7.608    7.738    7.740    8.151    8.336    8.422    9.599
    9.769    9.811   10.160   10.160   10.226   10.654   10.654   11.025   12.147   12.148
   12.163   12.433   13.747   13.748   13.921   13.922   13.958   14.145
            0.000000  0.350000  0.350000
   -3.999   -3.292   -3.290   -2.894    0.618    0.788    0.789    0.789    1.675    1.725
    1.726    2.609    2.906    2.908    3.059    4.075    5.459    6.760    6.760    6.809
    6.972    6.972    7.460    7.461    7.633    7.715    8.146    8.304    8.707    9.412
    9.561    9.605    9.944    9.944   10.172   10.365   10.366   11.405   12.102   12.103
   12.281   12.548   13.589   13.589   13.815   13.815   14.146   14.147
            0.000000  0.375000  0.375000
   -3.905   -3.324   -3.323   -2.958    0.593    0.802    0.803    0.907    1.499    1.688
    1.689    2.432    3.058    3.060    3.142    4.007    5.568    6.743    6.849    6.849
    7.217    7.217    7.334    7.334    7.749    7.830    8.166    8.295    8.888    9.237
    9.359    9.405    9.718    9.719   10.069   10.070   10.237   11.800   12.064   12.065
   12.405   12.663   13.450   13.451   13.719   13.719   14.022   14.155
            0.000000  0.400000  0.400000
   -3.807   -3.352   -3.350   -3.032    0.593    0.811    0.812    1.032    1.335    1.656
    1.657    2.258    3.212    3.214    3.228    3.932    5.684    6.655    6.706    6.707
    7.466    7.466    7.476    7.476    7.874    7.952    8.212    8.307    8.938    9.073
    9.164    9.213    9.485    9.485    9.769    9.769   10.448   12.033   12.034   12.202
   12.536   12.766   13.336   13.336   13.640   13.641   13.832   14.202
            0.000000  0.425000  0.425000
   -3.706   -3.373   -3.371   -3.115    0.617    0.815    0.816    1.164    1.184    1.631
    1.632    2.086    3.316    3.356    3.358    3.852    5.804    6.506    6.507    6.550
    7.719    7.719    7.720    7.720    8.008    8.083    8.280    8.340    8.893    8.922
    8.976    9.029    9.244    9.244    9.467    9.467   10.768   12.009   12.009   12.602
   12.674   12.817   13.246   13.246   13.579   13.580   13.648   13.834
            0.000000  0.450000  0.450000
   -3.604   -3.388   -3.386   -3.205    0.664    0.817    0.819    1.046    1.303    1.614
    1.615    1.919    3.406    3.477    3.479    3.767    5.928    6.336    6.337    6.433
    7.974    7.975    7.991    7.991    8.150    8.221    8.367    8.394    8.785    8.796
    8.801    8.852    8.997    8.997    9.164    9.165   11.148   11.992   11.992   12.699
   12.819   12.976   13.182   13.182   13.469   13.537   13.537   13.686
            0.000000  0.475000  0.475000
   -3.502   -3.398   -3.396   -3.300    0.732    0.818    0.819    0.924    1.449    1.603
    1.604    1.757    3.498    3.559    3.560    3.679    6.054    6.222    6.223    6.310
    8.230    8.230    8.274    8.275    8.299    8.367    8.466    8.467    8.623    8.663
    8.682    8.691    8.746    8.746    8.864    8.864   11.559   11.982   11.982   12.381
   12.971   13.143   13.144   13.277   13.297   13.511   13.511   13.700
            0.000000  0.500000  0.500000
   -3.401   -3.401   -3.401   -3.397    0.818    0.819    0.820    0.820    1.599    1.599
    1.599    1.602    3.588    3.588    3.590    3.590    6.182    6.182    6.183    6.183
    8.456    8.457    8.457    8.458    8.520    8.521    8.521    8.521    8.555    8.556
    8.556    8.557    8.576    8.577    8.577    8.578   11.978   11.978   11.978   11.978
   13.130   13.130   13.130   13.131   13.502   13.503   13.503   13.503
            0.037500  0.500000  0.487500
   -3.424   -3.422   -3.374   -3.372    0.751    0.752    0.800    0.801    1.613    1.614
    1.689    1.691    3.565    3.566    3.611    3.611    6.156    6.156    6.220    6.220
    8.184    8.186    8.253    8.253    8.333    8.333    8.398    8.399    8.667    8.668
    8.733    8.733    8.809    8.809    8.873    8.874   11.874   11.874   12.077   12.077
   12.872   12.872   12.944   12.944   13.652   13.652   13.775   13.776
            0.075000  0.500000  0.475000
   -3.443   -3.441   -3.345   -3.343    0.622    0.623    0.721    0.722    1.708    1.709
    1.856    1.857    3.542    3.542    3.631    3.631    6.142    6.142    6.266    6.266
    7.867    7.868    7.997    7.997    8.151    8.151    8.276    8.277    8.805    8.806
    8.940    8.940    9.089    9.089    9.219    9.221   11.775   11.775   12.119   12.120
   12.571   12.572   12.649   12.649   13.712   13.713   14.090   14.090
            0.112500  0.500000  0.462500
   -3.458   -3.456   -3.314   -3.312    0.469    0.469    0.617    0.617    1.846    1.847
    2.064    2.065    3.519    3.519    3.648    3.649    6.141    6.142    6.316    6.316
    7.565    7.567    7.749    7.749    7.978    7.978    8.158    8.159    8.949    8.950
    9.152    9.153    9.373    9.373    9.567    9.569   11.688   11.688   11.950   11.951
   12.364   12.364   12.501   12.501   13.586   13.586   14.223   14.223
            0.150000  0.500000  0.450000
   -3.468   -3.466   -3.284   -3.281    0.313    0.314    0.505    0.505    2.006    2.007
    2.292    2.293    3.497    3.497    3.662    3.662    6.153    6.153    6.363    6.363
    7.290    7.291    7.513    7.513    7.818    7.818    8.044    8.046    9.095    9.096
    9.365    9.365    9.654    9.654    9.905    9.907   11.622   11.623   11.661   11.661
   12.108   12.108   12.587   12.587   13.412   13.412   14.259   14.259
            0.187500  0.500000  0.437500
   -3.472   -3.470   -3.255   -3.253    0.167    0.168    0.394    0.395    2.177    2.178
    2.528    2.529    3.478    3.478    3.671    3.671    6.176    6.176    6.388    6.388
    7.059    7.060    7.291    7.291    7.672    7.672    7.934    7.936    9.239    9.241
    9.569    9.569    9.920    9.920   10.217   10.218   11.397   11.398   11.597   11.597
   11.891   11.892   12.691   12.691   13.237   13.237   14.253   14.253
            0.225000  0.500000  0.425000
   -3.471   -3.469   -3.230   -3.228    0.037    0.038    0.289    0.290    2.352    2.354
    2.765    2.766    3.462    3.462    3.673    3.673    6.207    6.207    6.358    6.358
    6.904    6.905    7.087    7.087    7.541    7.541    7.827    7.828    9.375    9.376
    9.748    9.749   10.143   10.143   10.477   10.478   11.224   11.224   11.634   11.634
   11.734   11.735   12.732   12.732   13.128   13.128   14.202   14.202
            0.262500  0.500000  0.412500
   -3.464   -3.462   -3.210   -3.208   -0.073   -0.073    0.192    0.193    2.527    2.528
    2.994    2.995    3.452    3.452    3.666    3.666    6.242    6.242    6.255    6.255
    6.844    6.845    6.906    6.907    7.428    7.428    7.722    7.723    9.488    9.489
    9.878    9.878   10.279   10.280   10.680   10.681   11.206   11.207   11.564   11.564
   11.839   11.840   12.627   12.627   13.168   13.169   14.049   14.050
            0.300000  0.500000  0.400000
   -3.452   -3.450   -3.198   -3.196   -0.161   -0.160    0.105    0.106    2.693    2.694
    3.205    3.206    3.451    3.452    3.647    3.647    6.120    6.120    6.267    6.267
    6.764    6.764    6.839    6.839    7.335    7.335    7.617    7.618    9.558    9.559
    9.934    9.934   10.345   10.346   10.867   10.867   11.353   11.353   11.463   11.464
   12.109   12.110   12.452   12.452   13.281   13.281   13.719   13.720
            0.337500  0.500000  0.387500
   -3.435   -3.433   -3.196   -3.194   -0.222   -0.221    0.028    0.029    2.843    2.844
    3.385    3.385    3.463    3.464    3.614    3.615    6.002    6.003    6.258    6.259
    6.685    6.686    6.846    6.846    7.263    7.263    7.512    7.513    9.579    9.580
    9.924    9.924   10.424   10.424   11.077   11.077   11.384   11.384   11.576   11.576
   12.285   12.285   12.437   12.439   13.309   13.310   13.384   13.384
            0.375000  0.500000  0.375000
   -3.413   -3.411   -3.204   -3.202   -0.255   -0.255   -0.037   -0.036    2.967    2.968
    3.493    3.493    3.497    3.497    3.588    3.590    5.928    5.929    6.204    6.205
    6.685    6.685    6.851    6.852    7.206    7.206    7.407    7.408    9.578    9.579
    9.879    9.880   10.546   10.547   11.272   11.272   11.360   11.360   11.738   11.738
   12.227   12.228   12.683   12.684   13.001   13.002   13.382   13.383
            0.412500  0.500000  0.362500
   -3.386   -3.384   -3.223   -3.221   -0.261   -0.260   -0.090   -0.090    3.057    3.058
    3.451    3.451    3.542    3.542    3.646    3.647    5.910    5.910    6.132    6.133
    6.736    6.737    6.860    6.860    7.156    7.156    7.304    7.305    9.591    9.592
    9.827    9.828   10.696   10.697   11.235   11.235   11.579   11.579   11.696   11.696
   12.404   12.405   12.405   12.406   13.188   13.188   13.238   13.239
            0.450000  0.500000  0.350000
   -3.356   -3.354   -3.253   -3.251   -0.238   -0.237   -0.131   -0.130    3.115    3.117
    3.345    3.346    3.601    3.601    3.683    3.684    5.943    5.943    6.073    6.073
    6.811    6.811    6.880    6.881    7.114    7.114    7.209    7.210    9.637    9.637
    9.784    9.785   10.844   10.845   11.156   11.156   11.584   11.585   11.741   11.741
   12.150   12.151   12.627   12.628   12.959   12.959   13.446   13.446
            0.487500  0.500000  0.337500
   -3.321   -3.319   -3.293   -3.291   -0.187   -0.187   -0.159   -0.158    3.151    3.153
    3.210    3.211    3.652    3.652    3.676    3.676    6.011    6.011    6.041    6.042
    6.881    6.882    6.898    6.899    7.110    7.111    7.139    7.139    9.716    9.717
    9.755    9.756   10.939   10.940   11.017   11.017   11.531   11.532   11.599   11.600
   12.282   12.282   12.465   12.465   13.125   13.125   13.302   13.302
            0.525000  0.500000  0.325000
   -3.341   -3.339   -3.283   -3.280   -0.173   -0.172   -0.112   -0.111    3.053    3.054
    3.175    3.176    3.629    3.630    3.680    3.681    6.043    6.044    6.095    6.095
    6.874    6.874    6.899    6.900    7.141    7.141    7.200    7.201    9.734    9.735
    9.815    9.815   10.782   10.783   10.936   10.937   11.451   11.452   11.591   11.591
   12.171   12.171   12.539   12.539   13.084   13.084   13.440   13.440
            0.562500  0.500000  0.312500
   -3.395   -3.393   -3.242   -3.239   -0.174   -0.173   -0.014   -0.013    2.879    2.880
    3.191    3.192    3.552    3.552    3.679    3.679    6.074    6.075    6.181    6.181
    6.821    6.821    6.865    6.866    7.222    7.223    7.378    7.379    9.692    9.693
    9.901    9.902   10.517   10.518   10.890   10.890   11.383   11.383   11.637   11.638
   11.989   11.990   12.645   12.645   13.028   13.028   13.696   13.696
            0.600000  0.500000  0.300000
   -3.452   -3.450   -3.198   -3.196   -0.161   -0.160    0.105    0.106    2.693    2.694
    3.205    3.206    3.451    3.452    3.647    3.647    6.120    6.120    6.267    6.267
    6.764    6.764    6.839    6.839    7.335    7.335    7.617    7.618    9.558    9.559
    9.934    9.934   10.345   10.346   10.867   10.867   11.353   11.353   11.463   11.464
   12.109   12.110   12.452   12.452   13.281   13.281   13.719   13.720
            0.637500  0.500000  0.287500
   -3.512   -3.510   -3.153   -3.151   -0.133   -0.133    0.242    0.243    2.499    2.501
    3.215    3.216    3.333    3.333    3.589    3.590    6.157    6.158    6.354    6.354
    6.716    6.716    6.857    6.857    7.461    7.462    7.897    7.899    9.296    9.297
    9.887    9.887   10.327   10.328   10.825   10.825   11.330   11.331   11.338   11.338
   12.208   12.209   12.336   12.337   13.593   13.593   13.602   13.603
            0.675000  0.500000  0.275000
   -3.571   -3.569   -3.107   -3.105   -0.092   -0.092    0.394    0.394    2.302    2.304
    3.203    3.203    3.221    3.221    3.515    3.516    6.169    6.170    6.441    6.441
    6.685    6.686    6.932    6.932    7.597    7.597    8.207    8.209    8.965    8.966
    9.772    9.772   10.411   10.411   10.653   10.653   11.326   11.326   11.410   11.411
   11.971   11.972   12.590   12.591   13.459   13.460   13.907   13.907
            0.712500  0.500000  0.262500
   -3.628   -3.626   -3.060   -3.058   -0.038   -0.037    0.558    0.559    2.105    2.106
    3.066    3.066    3.216    3.216    3.437    3.439    6.158    6.159    6.512    6.512
    6.694    6.694    7.056    7.056    7.742    7.743    8.537    8.538    8.613    8.614
    9.615    9.615   10.421   10.421   10.546   10.546   11.300   11.300   11.613   11.614
   11.766   11.766   12.853   12.854   13.324   13.325   14.199   14.199
            0.750000  0.500000  0.250000
   -3.683   -3.681   -3.014   -3.012    0.030    0.031    0.732    0.733    1.908    1.910
    2.926    2.926    3.183    3.183    3.378    3.380    6.138    6.139    6.540    6.540
    6.769    6.769    7.207    7.208    7.899    7.900    8.262    8.263    8.875    8.876
    9.429    9.429   10.199   10.199   10.695   10.696   11.238   11.238   11.630   11.630
   11.847   11.848   13.085   13.086   13.257   13.258   14.436   14.436
            0.750000  0.493750  0.256250
   -3.690   -3.660   -3.020   -3.018    0.022    0.022    0.693    0.727    1.932    1.934
    2.944    2.944    3.155    3.221    3.371    3.399    6.125    6.157    6.522    6.535
    6.760    6.773    7.165    7.212    7.861    7.899    8.288    8.324    8.832    8.834
    9.447    9.452   10.227   10.232   10.646   10.709   11.195   11.300   11.593   11.693
   11.818   11.819   13.052   13.060   13.259   13.269   14.352   14.466
            0.750000  0.487500  0.262500
   -3.697   -3.639   -3.026   -3.023    0.013    0.015    0.655    0.722    1.954    1.959
    2.961    2.964    3.125    3.255    3.365    3.423    6.114    6.173    6.480    6.523
    6.759    6.804    7.124    7.215    7.823    7.898    8.315    8.386    8.788    8.791
    9.453    9.474   10.258   10.278   10.595   10.721   11.151   11.361   11.561   11.762
   11.787   11.791   13.000   13.025   13.272   13.303   14.263   14.492
            0.750000  0.481250  0.268750
   -3.705   -3.617   -3.034   -3.029    0.005    0.009    0.618    0.718    1.974    1.985
    2.978    2.984    3.093    3.283    3.361    3.451    6.103    6.187    6.427    6.505
    6.765    6.848    7.086    7.218    7.786    7.899    8.342    8.450    8.743    8.749
    9.447    9.492   10.292   10.334   10.543   10.732   11.106   11.418   11.533   11.755
   11.765   11.836   12.942   12.985   13.291   13.347   14.169   14.515
            0.750000  0.475000  0.275000
   -3.711   -3.596   -3.042   -3.034   -0.003    0.005    0.582    0.713    1.993    2.012
    2.996    3.006    3.060    3.307    3.356    3.482    6.093    6.198    6.371    6.483
    6.776    6.897    7.053    7.220    7.750    7.900    8.370    8.513    8.697    8.707
    9.433    9.509   10.330   10.399   10.491   10.743   11.060   11.474   11.508   11.722
   11.741   11.916   12.882   12.942   13.314   13.397   14.072   14.534
            0.750000  0.468750  0.281250
   -3.718   -3.574   -3.051   -3.038   -0.010    0.002    0.546    0.709    2.010    2.039
    3.013    3.025    3.028    3.325    3.352    3.517    6.085    6.205    6.314    6.458
    6.790    6.950    7.024    7.222    7.714    7.903    8.398    8.577    8.649    8.666
    9.413    9.523   10.371   10.438   10.469   10.754   11.014   11.487   11.526   11.689
   11.718   11.999   12.821   12.898   13.339   13.451   13.971   14.551
            0.750000  0.462500  0.287500
   -3.724   -3.553   -3.061   -3.043   -0.017    0.000    0.511    0.705    2.025    2.066
    2.991    3.030    3.050    3.340    3.348    3.553    6.078    6.209    6.258    6.433
    6.807    7.001    7.004    7.222    7.679    7.907    8.427    8.601    8.625    8.642
    9.387    9.535   10.385   10.414   10.543   10.765   10.968   11.469   11.576   11.655
   11.699   12.086   12.762   12.853   13.366   13.506   13.868   14.564
            0.750000  0.456250  0.293750
   -3.729   -3.531   -3.071   -3.047   -0.023    0.000    0.477    0.701    2.039    2.094
    2.956    3.047    3.073    3.344    3.352    3.591    6.073    6.204    6.208    6.407
    6.825    6.985    7.060    7.220    7.644    7.912    8.457    8.552    8.585    8.707
    9.358    9.545   10.332   10.459   10.616   10.777   10.923   11.453   11.622   11.625
   11.684   12.176   12.704   12.807   13.393   13.564   13.764   14.575
            0.750000  0.450000  0.300000
   -3.735   -3.510   -3.082   -3.051   -0.029    0.002    0.444    0.697    2.051    2.123
    2.921    3.064    3.097    3.339    3.362    3.628    6.068    6.152    6.204    6.380
    6.844    6.975    7.115    7.218    7.609    7.919    8.487    8.503    8.545    8.772
    9.327    9.553   10.278   10.507   10.689   10.789   10.880   11.440   11.588   11.672
   11.674   12.268   12.648   12.762   13.421   13.623   13.659   14.585
            0.750000  0.443750  0.306250
   -3.739   -3.488   -3.094   -3.054   -0.035    0.004    0.412    0.694    2.062    2.152
    2.885    3.080    3.119    3.334    3.371    3.665    6.066    6.103    6.195    6.355
    6.864    6.971    7.172    7.214    7.575    7.928    8.453    8.506    8.518    8.837
    9.293    9.560   10.224   10.556   10.758   10.802   10.838   11.428   11.553   11.671
   11.718   12.361   12.595   12.716   13.449   13.553   13.682   14.563
            0.750000  0.437500  0.312500
   -3.744   -3.467   -3.107   -3.057   -0.040    0.009    0.381    0.691    2.071    2.182
    2.850    3.096    3.142    3.328    3.378    3.701    6.056    6.064    6.183    6.329
    6.884    6.973    7.208    7.228    7.541    7.939    8.402    8.468    8.550    8.902
    9.258    9.566   10.169   10.606   10.799   10.815   10.821   11.418   11.519   11.677
   11.763   12.455   12.544   12.671   13.448   13.476   13.743   14.513
            0.750000  0.431250  0.318750
   -3.748   -3.446   -3.120   -3.060   -0.044    0.015    0.351    0.688    2.080    2.212
    2.815    3.112    3.163    3.322    3.384    3.735    6.013    6.064    6.168    6.305
    6.905    6.982    7.202    7.284    7.507    7.951    8.351    8.431    8.582    8.968
    9.223    9.571   10.114   10.657   10.762   10.829   10.876   11.409   11.483   11.692
   11.807   12.496   12.548   12.626   13.344   13.501   13.804   14.465
            0.750000  0.425000  0.325000
   -3.751   -3.425   -3.134   -3.063   -0.048    0.022    0.322    0.686    2.087    2.243
    2.779    3.128    3.183    3.315    3.389    3.766    5.974    6.066    6.152    6.281
    6.925    6.994    7.193    7.340    7.473    7.965    8.300    8.395    8.615    9.033
    9.186    9.575   10.058   10.709   10.729   10.844   10.921   11.402   11.448   11.720
   11.850   12.452   12.581   12.638   13.244   13.525   13.865   14.419
            0.750000  0.418750  0.331250
   -3.754   -3.404   -3.148   -3.065   -0.052    0.031    0.294    0.683    2.093    2.274
    2.744    3.143    3.202    3.308    3.393    3.795    5.938    6.069    6.135    6.258
    6.946    7.012    7.184    7.395    7.439    7.981    8.249    8.359    8.648    9.098
    9.150    9.578   10.001   10.698   10.761   10.859   10.955   11.395   11.411   11.759
   11.893   12.412   12.537   12.719   13.153   13.546   13.925   14.376
            0.750000  0.412500  0.337500
   -3.757   -3.384   -3.164   -3.067   -0.055    0.041    0.268    0.681    2.099    2.305
    2.709    3.158    3.219    3.300    3.397    3.821    5.907    6.073    6.118    6.236
    6.967    7.032    7.173    7.405    7.449    7.999    8.199    8.324    8.681    9.113
    9.162    9.581    9.944   10.672   10.813   10.874   10.978   11.373   11.390   11.811
   11.936   12.376   12.494   12.777   13.085   13.562   13.985   14.335
            0.750000  0.406250  0.343750
   -3.760   -3.363   -3.179   -3.069   -0.058    0.052    0.242    0.680    2.103    2.337
    2.674    3.173    3.234    3.291    3.400    3.844    5.880    6.079    6.103    6.215
    6.987    7.056    7.160    7.371    7.502    8.018    8.149    8.291    8.715    9.076
    9.226    9.583    9.887   10.649   10.865   10.890   10.991   11.334   11.386   11.873
   11.978   12.345   12.452   12.778   13.075   13.571   14.043   14.296
            0.750000  0.400000  0.350000
   -3.761   -3.343   -3.196   -3.070   -0.060    0.065    0.217    0.678    2.106    2.369
    2.639    3.187    3.246    3.282    3.402    3.863    5.858    6.087    6.089    6.196
    7.007    7.081    7.147    7.338    7.553    8.039    8.101    8.258    8.750    9.039
    9.288    9.584    9.829   10.630   10.906   10.916   10.996   11.294   11.382   11.943
   12.020   12.319   12.412   12.720   13.123   13.571   14.097   14.262
            0.750000  0.393750  0.356250
   -3.763   -3.323   -3.213   -3.071   -0.061    0.080    0.194    0.677    2.109    2.402
    2.604    3.201    3.256    3.272    3.404    3.878    5.840    6.077    6.096    6.178
    7.027    7.109    7.132    7.304    7.600    8.056    8.062    8.226    8.785    9.002
    9.348    9.585    9.773   10.615   10.922   10.967   10.994   11.252   11.380   12.017
   12.060   12.298   12.375   12.636   13.197   13.558   14.147   14.231
            0.750000  0.387500  0.362500
   -3.764   -3.304   -3.230   -3.072   -0.063    0.096    0.172    0.676    2.111    2.435
    2.570    3.214    3.261    3.263    3.405    3.889    5.827    6.069    6.106    6.161
    7.046    7.116    7.137    7.272    7.640    8.017    8.086    8.196    8.820    8.965
    9.405    9.586    9.720   10.604   10.938   10.988   11.016   11.209   11.378   12.088
   12.098   12.283   12.348   12.547   13.276   13.529   14.206   14.211
            0.750000  0.381250  0.368750
   -3.765   -3.285   -3.248   -3.073   -0.063    0.113    0.151    0.676    2.112    2.468
    2.536    3.226    3.250    3.268    3.406    3.896    5.820    6.064    6.117    6.145
    7.065    7.100    7.165    7.243    7.669    7.989    8.111    8.166    8.856    8.928
    9.451    9.586    9.675   10.598   10.953   10.979   11.064   11.166   11.377   12.131
   12.140   12.274   12.345   12.460   13.354   13.484   14.188   14.189
            0.750000  0.375000  0.375000
   -3.765   -3.267   -3.265   -3.073   -0.063    0.131    0.131    0.676    2.112    2.501
    2.502    3.238    3.239    3.269    3.406    3.898    5.817    6.062    6.130    6.131
    7.082    7.083    7.181    7.225    7.680    7.979    8.138    8.138    8.892    8.892
    9.471    9.587    9.656   10.596   10.966   10.967   11.096   11.136   11.376   12.151
   12.151   12.271   12.386   12.386   13.424   13.424   14.182   14.182
