 &plot nbnd=  84, nks=    81 /
            0.500000  0.500000  0.500000
  -73.361  -73.361  -73.361  -73.361  -39.544  -39.544  -39.544  -39.544  -39.541  -39.541
  -39.541  -39.541  -39.294  -39.294  -39.294  -39.294   -2.366   -2.366   -2.366   -2.366
    0.228    0.228    0.228    0.228    6.375    6.375    6.375    6.375    7.469    7.469
    7.469    7.469    8.337    8.337    8.337    8.337   10.562   10.562   10.562   10.562
   10.878   10.878   10.878   10.878   11.696   11.696   11.696   11.696   11.856   11.856
   11.856   11.856   12.519   12.519   12.519   12.519   14.341   14.341   14.341   14.341
   15.299   15.299   15.299   15.299   16.213   16.213   16.213   16.213   19.968   19.968
   19.968   19.968   20.936   20.936   20.936   20.936   21.445   21.445   21.445   21.445
   21.883   21.883   21.883   21.883
            0.475000  0.475000  0.475000
  -73.361  -73.361  -73.361  -73.361  -39.544  -39.544  -39.544  -39.543  -39.541  -39.541
  -39.541  -39.541  -39.294  -39.294  -39.294  -39.294   -2.385   -2.365   -2.364   -2.364
    0.232    0.232    0.238    0.247    6.323    6.368    6.368    6.375    7.443    7.443
    7.470    7.534    8.335    8.335    8.365    8.365   10.529   10.529   10.552   10.552
   10.816   10.858   10.858   10.864   11.708   11.716   11.716   11.745   11.867   11.867
   11.881   11.881   12.518   12.525   12.525   12.526   14.340   14.353   14.353   14.353
   15.292   15.292   15.304   15.304   16.195   16.200   16.212   16.212   19.891   19.926
   19.926   19.994   20.914   20.959   20.959   21.023   21.398   21.398   21.429   21.429
   21.897   21.897   21.933   21.933
            0.450000  0.450000  0.450000
  -73.361  -73.361  -73.361  -73.361  -39.544  -39.544  -39.544  -39.544  -39.541  -39.541
  -39.541  -39.541  -39.294  -39.294  -39.294  -39.294   -2.443   -2.362   -2.360   -2.360
    0.247    0.247    0.267    0.301    6.198    6.348    6.348    6.377    7.379    7.379
    7.473    7.700    8.330    8.330    8.436    8.436   10.438   10.438   10.519   10.519
   10.666   10.817   10.817   10.826   11.740   11.760   11.760   11.858   11.897   11.897
   11.948   11.948   12.513   12.542   12.542   12.545   14.335   14.387   14.388   14.388
   15.269   15.269   15.318   15.318   16.140   16.161   16.209   16.209   19.726   19.822
   19.822   20.071   20.852   21.002   21.002   21.213   21.281   21.281   21.409   21.409
   21.929   21.929   22.057   22.057
            0.425000  0.425000  0.425000
  -73.361  -73.361  -73.361  -73.361  -39.544  -39.544  -39.544  -39.544  -39.541  -39.541
  -39.541  -39.541  -39.294  -39.294  -39.294  -39.294   -2.532   -2.358   -2.354   -2.354
    0.269    0.269    0.316    0.382    6.045    6.312    6.312    6.382    7.303    7.303
    7.476    7.922    8.321    8.321    8.520    8.520   10.309   10.309   10.457   10.457
   10.475   10.768   10.783   10.783   11.788   11.806   11.806   11.944   11.944   11.985
   12.043   12.043   12.505   12.568   12.568   12.577   14.328   14.443   14.446   14.446
   15.230   15.230   15.342   15.342   16.054   16.100   16.205   16.205   19.556   19.694
   19.694   20.195   20.759   21.009   21.009   21.144   21.144   21.410   21.423   21.423
   21.971   21.971   22.217   22.217
            0.400000  0.400000  0.400000
  -73.361  -73.361  -73.361  -73.361  -39.544  -39.543  -39.543  -39.543  -39.541  -39.541
  -39.541  -39.541  -39.294  -39.294  -39.294  -39.294   -2.644   -2.352   -2.345   -2.345
    0.300    0.300    0.382    0.480    5.893    6.261    6.261    6.391    7.232    7.232
    7.478    8.170    8.308    8.308    8.592    8.592   10.169   10.169   10.271   10.372
   10.372   10.697   10.766   10.766   11.845   11.850   11.850   11.998   11.998   12.098
   12.146   12.146   12.495   12.601   12.601   12.620   14.320   14.516   14.522   14.522
   15.175   15.175   15.374   15.374   15.943   16.023   16.201   16.201   19.417   19.572
   19.572   20.362   20.646   20.918   20.918   21.069   21.069   21.467   21.467   21.565
   22.029   22.029   22.394   22.394
            0.375000  0.375000  0.375000
  -73.361  -73.361  -73.361  -73.361  -39.544  -39.543  -39.543  -39.543  -39.541  -39.541
  -39.541  -39.541  -39.294  -39.294  -39.294  -39.294   -2.771   -2.343   -2.333   -2.333
    0.336    0.336    0.466    0.584    5.758    6.196    6.196    6.406    7.177    7.177
    7.476    8.293    8.293    8.427    8.634    8.634   10.033   10.033   10.068   10.280
   10.280   10.615   10.764   10.764   11.895   11.895   11.904   12.051   12.051   12.184
   12.243   12.243   12.488   12.636   12.636   12.670   14.311   14.600   14.613   14.613
   15.104   15.104   15.416   15.416   15.814   15.941   16.199   16.199   19.322   19.472
   19.472   20.510   20.577   20.783   20.783   21.045   21.045   21.509   21.509   21.660
   22.110   22.110   22.583   22.583
            0.350000  0.350000  0.350000
  -73.361  -73.361  -73.361  -73.361  -39.544  -39.543  -39.543  -39.543  -39.541  -39.541
  -39.541  -39.541  -39.294  -39.294  -39.294  -39.294   -2.907   -2.331   -2.317   -2.317
    0.376    0.376    0.563    0.684    5.648    6.123    6.123    6.431    7.139    7.139
    7.469    8.271    8.271    8.637    8.637    8.681    9.875    9.910    9.910   10.195
   10.195   10.525   10.769   10.769   11.943   11.943   11.963   12.097   12.097   12.230
   12.327   12.327   12.493   12.666   12.666   12.720   14.300   14.684   14.714   14.714
   15.019   15.019   15.466   15.466   15.675   15.872   16.201   16.201   19.274   19.404
   19.404   20.389   20.671   20.671   20.803   21.040   21.040   21.532   21.532   21.700
   22.214   22.214   22.782   22.782
            0.325000  0.325000  0.325000
  -73.361  -73.361  -73.361  -73.361  -39.544  -39.543  -39.543  -39.543  -39.542  -39.542
  -39.541  -39.541  -39.294  -39.294  -39.294  -39.294   -3.046   -2.316   -2.299   -2.299
    0.417    0.417    0.673    0.772    5.570    6.049    6.049    6.469    7.117    7.117
    7.453    8.237    8.237    8.610    8.610    8.921    9.701    9.796    9.796   10.126
   10.126   10.428   10.779   10.779   11.993   11.993   12.020   12.137   12.137   12.231
   12.395   12.395   12.519   12.686   12.686   12.765   14.288   14.757   14.815   14.815
   14.931   14.931   15.523   15.523   15.531   15.839   16.211   16.211   19.267   19.370
   19.370   20.265   20.599   20.599   21.053   21.053   21.057   21.532   21.532   21.699
   22.333   22.333   22.727   22.989
            0.300000  0.300000  0.300000
  -73.361  -73.361  -73.361  -73.361  -39.544  -39.543  -39.543  -39.543  -39.542  -39.542
  -39.541  -39.541  -39.294  -39.294  -39.294  -39.294   -3.185   -2.296   -2.277   -2.277
    0.458    0.458    0.788    0.846    5.525    5.981    5.981    6.521    7.107    7.107
    7.426    8.182    8.182    8.574    8.574    9.126    9.561    9.684    9.684   10.071
   10.071   10.321   10.788   10.788   12.042   12.042   12.074   12.171   12.171   12.198
   12.447   12.447   12.559   12.693   12.693   12.802   14.273   14.797   14.797   14.810
   14.964   14.964   15.386   15.588   15.588   15.855   16.230   16.230   19.291   19.370
   19.370   20.151   20.575   20.575   21.085   21.085   21.320   21.513   21.513   21.670
   22.452   22.452   22.610   23.203
            0.275000  0.275000  0.275000
  -73.361  -73.361  -73.361  -73.361  -39.544  -39.543  -39.543  -39.542  -39.542  -39.542
  -39.541  -39.541  -39.294  -39.294  -39.294  -39.294   -3.320   -2.274   -2.252   -2.252
    0.495    0.495    0.865    0.942    5.514    5.926    5.926    6.593    7.103    7.103
    7.388    8.098    8.098    8.554    8.554    9.229    9.514    9.572    9.572   10.021
   10.021   10.209   10.793   10.793   12.090   12.090   12.124   12.151   12.199   12.199
   12.482   12.482   12.599   12.683   12.683   12.829   14.252   14.701   14.701   14.844
   15.085   15.085   15.248   15.657   15.657   15.920   16.258   16.258   19.329   19.401
   19.401   20.062   20.599   20.599   21.135   21.135   21.480   21.480   21.556   21.646
   22.507   22.557   22.557   23.414
            0.250000  0.250000  0.250000
  -73.361  -73.361  -73.361  -73.361  -39.544  -39.543  -39.543  -39.542  -39.542  -39.542
  -39.541  -39.541  -39.294  -39.294  -39.294  -39.294   -3.448   -2.247   -2.224   -2.224
    0.528    0.528    0.889    1.072    5.534    5.888    5.888    6.686    7.102    7.102
    7.339    7.991    7.991    8.556    8.556    9.181    9.461    9.461    9.587    9.963
    9.963   10.103   10.789   10.789   12.095   12.134   12.134   12.178   12.220   12.220
   12.501   12.501   12.630   12.662   12.662   12.850   14.222   14.611   14.611   14.861
   15.137   15.220   15.220   15.727   15.727   16.016   16.292   16.292   19.361   19.464
   19.464   20.019   20.665   20.665   21.188   21.188   21.444   21.444   21.568   21.813
   22.443   22.632   22.632   23.605
            0.225000  0.225000  0.225000
  -73.361  -73.361  -73.361  -73.361  -39.544  -39.543  -39.543  -39.542  -39.542  -39.542
  -39.541  -39.541  -39.294  -39.294  -39.294  -39.294   -3.568   -2.217   -2.195   -2.195
    0.553    0.553    0.885    1.210    5.579    5.871    5.871    6.801    7.102    7.102
    7.282    7.875    7.875    8.578    8.578    9.096    9.355    9.355    9.618    9.890
    9.890   10.046   10.773   10.773   12.052   12.169   12.169   12.227   12.234   12.234
   12.507   12.507   12.635   12.635   12.648   12.863   14.183   14.538   14.538   14.833
   15.097   15.365   15.365   15.799   15.799   16.119   16.328   16.328   19.370   19.560
   19.560   20.041   20.764   20.764   21.207   21.207   21.437   21.437   21.541   21.957
   22.441   22.670   22.670   23.755
            0.200000  0.200000  0.200000
  -73.361  -73.361  -73.361  -73.361  -39.544  -39.543  -39.543  -39.542  -39.542  -39.542
  -39.541  -39.541  -39.294  -39.294  -39.294  -39.294   -3.678   -2.185   -2.163   -2.163
    0.572    0.572    0.860    1.348    5.646    5.876    5.876    6.937    7.100    7.100
    7.220    7.764    7.764    8.611    8.611    9.013    9.257    9.257    9.532    9.799
    9.799   10.072   10.742   10.742   12.018   12.184   12.184   12.247   12.247   12.277
   12.503   12.503   12.612   12.612   12.652   12.869   14.132   14.484   14.484   14.753
   15.148   15.515   15.515   15.871   15.871   16.211   16.363   16.363   19.366   19.689
   19.689   20.128   20.873   20.873   21.171   21.171   21.487   21.487   21.541   22.013
   22.482   22.676   22.676   23.857
            0.175000  0.175000  0.175000
  -73.361  -73.361  -73.361  -73.361  -39.544  -39.543  -39.543  -39.542  -39.542  -39.542
  -39.541  -39.541  -39.294  -39.294  -39.294  -39.294   -3.778   -2.151   -2.131   -2.131
    0.582    0.582    0.820    1.482    5.727    5.903    5.903    7.075    7.095    7.095
    7.175    7.667    7.667    8.641    8.641    8.927    9.173    9.173    9.385    9.693
    9.693   10.132   10.698   10.698   11.994   12.159   12.159   12.273   12.273   12.327
   12.501   12.501   12.595   12.595   12.643   12.868   14.069   14.451   14.451   14.661
   15.251   15.664   15.664   15.948   15.948   16.279   16.394   16.394   19.372   19.845
   19.845   20.262   20.906   20.906   21.185   21.185   21.557   21.557   21.575   22.020
   22.481   22.665   22.665   23.916
            0.150000  0.150000  0.150000
  -73.361  -73.361  -73.361  -73.361  -39.544  -39.543  -39.543  -39.542  -39.542  -39.542
  -39.541  -39.541  -39.294  -39.294  -39.294  -39.294   -3.866   -2.116   -2.099   -2.099
    0.585    0.585    0.771    1.609    5.818    5.948    5.948    7.073    7.083    7.083
    7.287    7.595    7.595    8.648    8.648    8.819    9.117    9.117    9.242    9.580
    9.580   10.188   10.642   10.642   11.972   12.104   12.104   12.303   12.303   12.376
   12.505   12.505   12.583   12.583   12.626   12.863   13.991   14.434   14.434   14.581
   15.383   15.795   15.795   16.037   16.037   16.321   16.425   16.425   19.404   20.014
   20.014   20.432   20.821   20.821   21.316   21.316   21.623   21.623   21.642   22.007
   22.391   22.654   22.654   23.931
            0.125000  0.125000  0.125000
  -73.362  -73.361  -73.361  -73.361  -39.544  -39.543  -39.543  -39.542  -39.542  -39.542
  -39.541  -39.541  -39.294  -39.294  -39.294  -39.294   -3.941   -2.082   -2.069   -2.069
    0.583    0.583    0.718    1.725    5.915    6.007    6.007    7.024    7.064    7.064
    7.460    7.554    7.554    8.606    8.606    8.669    9.100    9.100    9.143    9.476
    9.476   10.232   10.576   10.576   11.948   12.036   12.036   12.334   12.334   12.423
   12.515   12.515   12.575   12.575   12.605   12.854   13.897   14.430   14.430   14.523
   15.530   15.896   15.896   16.132   16.132   16.339   16.467   16.467   19.463   20.150
   20.150   20.632   20.747   20.747   21.472   21.472   21.688   21.688   21.731   21.967
   22.250   22.644   22.644   23.897
            0.100000  0.100000  0.100000
  -73.362  -73.361  -73.361  -73.361  -39.544  -39.544  -39.544  -39.542  -39.542  -39.541
  -39.541  -39.541  -39.294  -39.294  -39.294  -39.294   -4.003   -2.051   -2.042   -2.042
    0.577    0.577    0.666    1.825    6.011    6.073    6.073    6.985    7.040    7.040
    7.548    7.548    7.629    8.485    8.508    8.508    9.093    9.113    9.113    9.401
    9.401   10.263   10.503   10.503   11.919   11.967   11.967   12.361   12.361   12.465
   12.526   12.526   12.569   12.569   12.586   12.846   13.791   14.433   14.433   14.486
   15.683   15.969   15.969   16.208   16.208   16.338   16.537   16.537   19.543   20.160
   20.160   20.811   20.811   20.857   21.580   21.580   21.744   21.787   21.787   21.932
   22.157   22.622   22.622   23.827
            0.075000  0.075000  0.075000
  -73.362  -73.361  -73.361  -73.361  -39.544  -39.544  -39.544  -39.542  -39.542  -39.541
  -39.541  -39.541  -39.294  -39.294  -39.294  -39.294   -4.052   -2.025   -2.019   -2.019
    0.569    0.569    0.620    1.908    6.100    6.136    6.136    6.963    7.015    7.015
    7.580    7.580    7.779    8.295    8.372    8.372    9.075    9.119    9.119    9.377
    9.377   10.281   10.429   10.429   11.886   11.908   11.908   12.383   12.383   12.499
   12.536   12.536   12.565   12.565   12.573   12.839   13.684   14.440   14.440   14.466
   15.829   16.024   16.024   16.242   16.242   16.323   16.639   16.639   19.634   20.058
   20.058   21.012   21.012   21.098   21.566   21.621   21.621   21.922   21.922   22.008
   22.148   22.569   22.569   23.751
            0.050000  0.050000  0.050000
  -73.362  -73.361  -73.361  -73.361  -39.544  -39.544  -39.544  -39.542  -39.542  -39.541
  -39.541  -39.541  -39.295  -39.294  -39.294  -39.294   -4.087   -2.004   -2.001   -2.001
    0.561    0.561    0.585    1.969    6.173    6.189    6.189    6.960    6.994    6.994
    7.648    7.648    7.897    8.128    8.215    8.215    9.073    9.104    9.104    9.399
    9.399   10.290   10.362   10.362   11.854   11.862   11.862   12.400   12.400   12.525
   12.541   12.541   12.565   12.565   12.568   12.833   13.591   14.447   14.447   14.457
   15.958   16.066   16.066   16.248   16.248   16.297   16.742   16.742   19.723   19.938
   19.938   21.264   21.264   21.335   21.368   21.634   21.634   22.025   22.026   22.026
   22.233   22.479   22.479   23.699
            0.025000  0.025000  0.025000
  -73.362  -73.361  -73.361  -73.361  -39.544  -39.544  -39.544  -39.542  -39.542  -39.541
  -39.541  -39.541  -39.295  -39.294  -39.294  -39.294   -4.109   -1.991   -1.990   -1.990
    0.556    0.556    0.562    2.007    6.219    6.224    6.224    6.969    6.980    6.980
    7.746    7.746    7.964    8.017    8.058    8.058    9.078    9.087    9.087    9.432
    9.432   10.293   10.312   10.312   11.832   11.833   11.833   12.410   12.410   12.540
   12.544   12.544   12.567   12.567   12.567   12.830   13.527   14.452   14.452   14.454
   16.060   16.096   16.096   16.242   16.242   16.262   16.817   16.817   19.792   19.851
   19.851   21.221   21.511   21.511   21.533   21.640   21.640   21.988   22.026   22.026
   22.340   22.405   22.405   23.679
            0.000000  0.000000  0.000000
  -73.362  -73.361  -73.361  -73.361  -39.544  -39.544  -39.544  -39.542  -39.542  -39.542
  -39.542  -39.542  -39.295  -39.294  -39.294  -39.294   -4.116   -1.987   -1.987   -1.987
    0.554    0.554    0.554    2.019    6.236    6.236    6.236    6.975    6.975    6.975
    7.830    7.830    7.954    7.954    7.954    8.009    9.081    9.081    9.081    9.447
    9.447   10.294   10.294   10.294   11.823   11.823   11.823   12.413   12.413   12.544
   12.544   12.544   12.567   12.567   12.567   12.829   13.505   14.454   14.454   14.454
   16.107   16.107   16.107   16.237   16.237   16.237   16.844   16.844   19.819   19.819
   19.819   21.167   21.622   21.622   21.622   21.675   21.675   21.958   21.958   21.958
   22.387   22.387   22.387   23.675
            0.025000  0.000000  0.000000
  -73.362  -73.361  -73.361  -73.361  -39.544  -39.544  -39.544  -39.542  -39.542  -39.541
  -39.541  -39.541  -39.295  -39.294  -39.294  -39.294   -4.113   -1.992   -1.986   -1.986
    0.555    0.555    0.556    2.015    6.225    6.233    6.235    6.964    6.973    6.989
    7.761    7.835    7.961    7.962    8.005    8.027    9.077    9.080    9.089    9.436
    9.448   10.290   10.291   10.312   11.823   11.828   11.829   12.411   12.414   12.543
   12.544   12.544   12.567   12.567   12.567   12.829   13.512   14.452   14.453   14.455
   16.095   16.099   16.101   16.237   16.243   16.245   16.826   16.844   19.819   19.823
   19.827   21.186   21.564   21.620   21.620   21.621   21.640   21.965   21.994   21.998
   22.366   22.388   22.400   23.662
            0.050000  0.000000  0.000000
  -73.362  -73.361  -73.361  -73.361  -39.544  -39.544  -39.544  -39.542  -39.542  -39.541
  -39.541  -39.541  -39.295  -39.294  -39.294  -39.294   -4.106   -2.007   -1.984   -1.984
    0.557    0.558    0.562    2.002    6.197    6.227    6.231    6.933    6.967    7.029
    7.657    7.849    7.982    7.985    7.991    8.143    9.066    9.079    9.112    9.407
    9.451   10.278   10.285   10.364   11.821   11.842   11.845   12.402   12.415   12.539
   12.540   12.544   12.566   12.567   12.568   12.830   13.535   14.447   14.452   14.458
   16.064   16.077   16.086   16.237   16.259   16.260   16.774   16.843   19.819   19.835
   19.850   21.241   21.439   21.497   21.544   21.616   21.620   21.983   22.054   22.057
   22.324   22.391   22.438   23.621
            0.075000  0.000000  0.000000
  -73.362  -73.361  -73.361  -73.361  -39.544  -39.544  -39.544  -39.542  -39.542  -39.541
  -39.541  -39.541  -39.295  -39.294  -39.294  -39.294   -4.094   -2.033   -1.981   -1.981
    0.561    0.564    0.571    1.982    6.156    6.216    6.225    6.888    6.956    7.090
    7.554    7.872    7.970    8.017    8.017    8.265    9.048    9.078    9.152    9.367
    9.455   10.259   10.274   10.439   11.818   11.863   11.870   12.389   12.417   12.531
   12.533   12.542   12.566   12.567   12.573   12.832   13.571   14.439   14.450   14.463
   16.024   16.042   16.066   16.237   16.276   16.280   16.690   16.840   19.816   19.855
   19.885   21.291   21.331   21.340   21.408   21.609   21.619   22.008   22.037   22.115
   22.328   22.400   22.494   23.556
            0.100000  0.000000  0.000000
  -73.362  -73.361  -73.361  -73.361  -39.544  -39.544  -39.544  -39.542  -39.542  -39.541
  -39.541  -39.541  -39.295  -39.294  -39.294  -39.294   -4.078   -2.068   -1.977   -1.976
    0.567    0.572    0.584    1.953    6.107    6.201    6.215    6.837    6.939    7.168
    7.458    7.903    7.943    8.052    8.063    8.389    9.023    9.079    9.208    9.324
    9.462   10.235   10.260   10.529   11.815   11.891   11.904   12.370   12.420   12.515
   12.525   12.538   12.565   12.570   12.582   12.835   13.619   14.429   14.448   14.471
   15.978   15.996   16.043   16.235   16.288   16.304   16.582   16.835   19.808   19.882
   19.928   21.134   21.157   21.253   21.452   21.603   21.620   21.943   22.036   22.162
   22.385   22.417   22.562   23.470
            0.125000  0.000000  0.000000
  -73.362  -73.361  -73.361  -73.361  -39.544  -39.544  -39.544  -39.542  -39.542  -39.541
  -39.541  -39.541  -39.295  -39.294  -39.294  -39.294   -4.057   -2.112   -1.972   -1.971
    0.574    0.581    0.599    1.918    6.055    6.181    6.199    6.785    6.916    7.258
    7.369    7.913    7.939    8.083    8.120    8.512    8.994    9.081    9.281    9.283
    9.470   10.205   10.243   10.625   11.814   11.924   11.946   12.347   12.424   12.494
   12.515   12.531   12.564   12.575   12.596   12.838   13.677   14.416   14.446   14.483
   15.929   15.943   16.019   16.234   16.293   16.330   16.454   16.827   19.793   19.917
   19.977   20.956   20.974   21.092   21.563   21.623   21.633   21.829   22.060   22.203
   22.450   22.451   22.633   23.367
            0.150000  0.000000  0.000000
  -73.362  -73.361  -73.361  -73.361  -39.544  -39.544  -39.544  -39.542  -39.542  -39.541
  -39.541  -39.541  -39.294  -39.294  -39.294  -39.294   -4.031   -2.163   -1.966   -1.964
    0.583    0.594    0.616    1.876    6.003    6.156    6.175    6.741    6.885    7.290
    7.359    7.882    7.978    8.107    8.184    8.633    8.961    9.089    9.247    9.369
    9.480   10.171   10.223   10.721   11.815   11.959   11.993   12.321   12.429   12.467
   12.505   12.523   12.564   12.583   12.613   12.841   13.742   14.401   14.446   14.497
   15.879   15.885   15.995   16.230   16.291   16.311   16.356   16.816   19.767   19.958
   20.028   20.746   20.812   20.928   21.568   21.631   21.723   21.792   22.075   22.240
   22.501   22.513   22.701   23.250
            0.175000  0.000000  0.000000
  -73.362  -73.361  -73.361  -73.361  -39.544  -39.544  -39.544  -39.542  -39.542  -39.541
  -39.541  -39.541  -39.294  -39.294  -39.294  -39.294   -4.001   -2.222   -1.959   -1.957
    0.593    0.608    0.634    1.828    5.953    6.126    6.142    6.706    6.845    7.219
    7.468    7.853    8.019    8.125    8.253    8.747    8.926    9.107    9.217    9.469
    9.492   10.134   10.201   10.809   11.820   11.994   12.044   12.293   12.433   12.435
   12.495   12.512   12.563   12.593   12.635   12.845   13.813   14.384   14.447   14.516
   15.826   15.828   15.971   16.159   16.225   16.281   16.381   16.803   19.729   20.005
   20.082   20.532   20.648   20.763   21.559   21.641   21.641   21.984   22.079   22.276
   22.566   22.571   22.765   23.125
            0.200000  0.000000  0.000000
  -73.362  -73.361  -73.361  -73.361  -39.544  -39.544  -39.544  -39.542  -39.542  -39.542
  -39.541  -39.541  -39.294  -39.294  -39.294  -39.294   -3.967   -2.287   -1.952   -1.949
    0.604    0.625    0.652    1.776    5.908    6.092    6.101    6.683    6.796    7.158
    7.585    7.829    8.057    8.134    8.322    8.849    8.893    9.141    9.193    9.506
    9.578   10.095   10.178   10.883   11.827   12.029   12.098   12.267   12.397   12.439
   12.486   12.500   12.562   12.605   12.659   12.848   13.888   14.367   14.451   14.539
   15.770   15.777   15.947   16.002   16.217   16.262   16.405   16.786   19.679   20.058
   20.138   20.321   20.483   20.600   21.549   21.590   21.653   22.074   22.185   22.312
   22.612   22.659   22.821   22.997
            0.225000  0.000000  0.000000
  -73.362  -73.361  -73.361  -73.361  -39.544  -39.544  -39.544  -39.542  -39.542  -39.542
  -39.541  -39.541  -39.294  -39.294  -39.294  -39.294   -3.928   -2.357   -1.944   -1.941
    0.615    0.645    0.670    1.719    5.868    6.054    6.054    6.672    6.738    7.106
    7.709    7.812    8.091    8.137    8.386    8.868    8.934    9.174    9.198    9.521
    9.694   10.055   10.153   10.937   11.838   12.061   12.152   12.246   12.354   12.444
   12.480   12.486   12.562   12.620   12.687   12.852   13.964   14.349   14.459   14.568
   15.718   15.727   15.842   15.925   16.206   16.235   16.426   16.766   19.616   20.115
   20.118   20.195   20.318   20.439   21.541   21.572   21.667   22.062   22.348   22.378
   22.651   22.760   22.870   22.883
            0.250000  0.000000  0.000000
  -73.361  -73.361  -73.361  -73.361  -39.544  -39.543  -39.543  -39.542  -39.542  -39.542
  -39.541  -39.541  -39.294  -39.294  -39.294  -39.294   -3.884   -2.431   -1.936   -1.933
    0.628    0.667    0.688    1.660    5.835    6.004    6.013    6.671    6.672    7.062
    7.803    7.838    8.118    8.135    8.434    8.859    9.000    9.159    9.281    9.538
    9.812   10.014   10.127   10.963   11.852   12.090   12.206   12.235   12.306   12.450
   12.470   12.476   12.562   12.637   12.717   12.854   14.041   14.331   14.471   14.603
   15.657   15.679   15.698   15.904   16.190   16.197   16.446   16.744   19.547   19.926
   20.155   20.178   20.255   20.282   21.535   21.586   21.680   22.043   22.384   22.498
   22.684   22.841   22.872   22.911
            0.275000  0.000000  0.000000
  -73.361  -73.361  -73.361  -73.361  -39.544  -39.543  -39.543  -39.542  -39.542  -39.542
  -39.541  -39.541  -39.294  -39.294  -39.294  -39.294   -3.837   -2.508   -1.928   -1.924
    0.641    0.692    0.704    1.598    5.808    5.953    5.971    6.600    6.677    7.027
    7.802    7.971    8.130    8.136    8.457    8.876    9.056    9.148    9.382    9.557
    9.927    9.974   10.100   10.958   11.868   12.115   12.236   12.254   12.258   12.452
   12.456   12.477   12.562   12.656   12.747   12.855   14.116   14.315   14.487   14.644
   15.512   15.633   15.650   15.884   16.151   16.168   16.462   16.720   19.473   19.749
   19.998   20.131   20.244   20.316   21.532   21.626   21.692   22.019   22.421   22.455
   22.713   22.943   22.959   22.985
            0.300000  0.000000  0.000000
  -73.361  -73.361  -73.361  -73.361  -39.544  -39.543  -39.543  -39.542  -39.542  -39.542
  -39.541  -39.541  -39.294  -39.294  -39.294  -39.294   -3.785   -2.589   -1.919   -1.916
    0.655    0.718    0.719    1.535    5.790    5.904    5.929    6.523    6.690    6.997
    7.809    8.107    8.121    8.146    8.452    8.922    9.109    9.138    9.492    9.577
    9.926   10.043   10.073   10.920   11.884   12.133   12.203   12.251   12.307   12.433
   12.462   12.482   12.562   12.677   12.777   12.855   14.190   14.302   14.509   14.692
   15.356   15.590   15.627   15.866   16.096   16.139   16.475   16.693   19.400   19.590
   19.850   19.986   20.313   20.380   21.531   21.688   21.699   21.987   22.339   22.457
   22.739   22.967   23.068   23.140
            0.325000  0.000000  0.000000
  -73.361  -73.361  -73.361  -73.361  -39.544  -39.543  -39.543  -39.542  -39.542  -39.542
  -39.541  -39.541  -39.294  -39.294  -39.294  -39.294   -3.730   -2.671   -1.912   -1.908
    0.669    0.731    0.750    1.471    5.779    5.858    5.887    6.443    6.706    6.973
    7.824    8.111    8.148    8.238    8.431    8.991    9.129    9.163    9.598    9.607
    9.883   10.045   10.146   10.851   11.899   12.124   12.175   12.277   12.350   12.412
   12.468   12.492   12.564   12.701   12.805   12.852   14.261   14.292   14.535   14.746
   15.205   15.551   15.616   15.850   16.032   16.102   16.484   16.666   19.332   19.451
   19.712   19.848   20.385   20.446   21.534   21.701   21.768   21.947   22.209   22.491
   22.762   22.980   23.070   23.317
            0.350000  0.000000  0.000000
  -73.361  -73.361  -73.361  -73.361  -39.543  -39.543  -39.543  -39.542  -39.542  -39.542
  -39.541  -39.541  -39.294  -39.294  -39.294  -39.294   -3.671   -2.754   -1.904   -1.901
    0.683    0.741    0.783    1.406    5.777    5.817    5.848    6.362    6.725    6.952
    7.845    8.101    8.144    8.331    8.433    9.075    9.120    9.220    9.621    9.723
    9.839   10.017   10.236   10.755   11.913   12.078   12.184   12.312   12.387   12.389
   12.473   12.506   12.568   12.726   12.829   12.845   14.286   14.330   14.565   14.807
   15.060   15.516   15.616   15.835   15.961   16.057   16.491   16.639   19.271   19.334
   19.587   19.720   20.459   20.513   21.539   21.697   21.861   21.896   22.079   22.524
   22.783   22.983   23.057   23.460
            0.375000  0.000000  0.000000
  -73.361  -73.361  -73.361  -73.361  -39.543  -39.543  -39.543  -39.543  -39.542  -39.542
  -39.542  -39.541  -39.294  -39.294  -39.294  -39.294   -3.608   -2.838   -1.897   -1.894
    0.696    0.748    0.819    1.343    5.782    5.784    5.812    6.283    6.746    6.934
    7.871    8.092    8.135    8.316    8.530    9.108    9.170    9.277    9.643    9.795
    9.838    9.989   10.309   10.638   11.923   12.030   12.197   12.350   12.366   12.418
   12.479   12.520   12.576   12.751   12.836   12.848   14.287   14.396   14.594   14.874
   14.925   15.486   15.625   15.821   15.887   16.004   16.495   16.612   19.222   19.241
   19.475   19.603   20.534   20.580   21.548   21.686   21.838   21.955   21.963   22.552
   22.800   22.974   23.062   23.560
            0.400000  0.000000  0.000000
  -73.361  -73.361  -73.361  -73.361  -39.543  -39.543  -39.543  -39.543  -39.542  -39.542
  -39.542  -39.541  -39.294  -39.294  -39.294  -39.294   -3.542   -2.922   -1.892   -1.889
    0.709    0.753    0.859    1.280    5.754    5.780    5.800    6.206    6.768    6.918
    7.903    8.085    8.123    8.271    8.644    9.093    9.276    9.335    9.666    9.749
    9.950    9.963   10.360   10.506   11.929   11.988   12.210   12.343   12.387   12.441
   12.484   12.531   12.594   12.777   12.821   12.861   14.295   14.457   14.621   14.800
   14.946   15.460   15.641   15.807   15.813   15.945   16.497   16.586   19.172   19.185
   19.378   19.497   20.608   20.645   21.559   21.668   21.777   21.839   22.071   22.573
   22.815   22.954   23.089   23.597
            0.425000  0.000000  0.000000
  -73.361  -73.361  -73.361  -73.361  -39.543  -39.543  -39.543  -39.543  -39.542  -39.542
  -39.542  -39.541  -39.294  -39.294  -39.294  -39.294   -3.473   -3.005   -1.887   -1.885
    0.720    0.755    0.902    1.219    5.732    5.754    5.824    6.133    6.790    6.902
    7.940    8.079    8.111    8.221    8.747    9.073    9.390    9.392    9.688    9.703
    9.940   10.056   10.365   10.387   11.931   11.955   12.223   12.321   12.421   12.457
   12.489   12.535   12.620   12.801   12.802   12.869   14.313   14.514   14.642   14.688
   15.023   15.434   15.662   15.747   15.792   15.883   16.499   16.563   19.126   19.161
   19.297   19.405   20.677   20.706   21.571   21.637   21.724   21.738   22.181   22.583
   22.828   22.925   23.137   23.579
            0.450000  0.000000  0.000000
  -73.361  -73.361  -73.361  -73.361  -39.543  -39.543  -39.543  -39.543  -39.542  -39.542
  -39.542  -39.541  -39.294  -39.294  -39.294  -39.294   -3.400   -3.088   -1.883   -1.882
    0.731    0.755    0.947    1.159    5.718    5.733    5.856    6.064    6.811    6.886
    7.980    8.077    8.099    8.170    8.836    9.047    9.448    9.510    9.655    9.707
    9.924   10.154   10.221   10.387   11.929   11.934   12.236   12.300   12.448   12.468
   12.496   12.534   12.652   12.779   12.824   12.871   14.341   14.564   14.589   14.652
   15.104   15.397   15.686   15.705   15.775   15.820   16.502   16.543   19.103   19.149
   19.236   19.328   20.737   20.757   21.582   21.598   21.660   21.687   22.288   22.573
   22.837   22.895   23.202   23.522
            0.475000  0.000000  0.000000
  -73.361  -73.361  -73.361  -73.361  -39.543  -39.543  -39.543  -39.543  -39.542  -39.542
  -39.542  -39.542  -39.294  -39.294  -39.294  -39.294   -3.326   -3.169   -1.881   -1.880
    0.740    0.752    0.996    1.102    5.711    5.719    5.897    6.002    6.832    6.869
    8.024    8.078    8.089    8.119    8.908    9.012    9.502    9.605    9.621    9.714
    9.928   10.084   10.240   10.361   11.924   11.925   12.250   12.282   12.465   12.473
   12.506   12.528   12.686   12.751   12.842   12.867   14.382   14.506   14.604   14.650
   15.187   15.341   15.696   15.711   15.756   15.763   16.507   16.527   19.100   19.136
   19.209   19.266   20.780   20.791   21.565   21.572   21.630   21.661   22.388   22.538
   22.845   22.870   23.279   23.446
            0.500000  0.000000  0.000000
  -73.361  -73.361  -73.361  -73.361  -39.543  -39.543  -39.543  -39.543  -39.542  -39.542
  -39.541  -39.541  -39.294  -39.294  -39.294  -39.294   -3.248   -3.248   -1.880   -1.880
    0.747    0.747    1.048    1.048    5.711    5.711    5.946    5.946    6.851    6.851
    8.071    8.071    8.082    8.082    8.966    8.966    9.555    9.555    9.694    9.694
    9.978    9.978   10.311   10.311   11.922   11.922   12.265   12.265   12.472   12.472
   12.518   12.518   12.719   12.719   12.857   12.857   14.437   14.437   14.633   14.633
   15.269   15.269   15.718   15.718   15.735   15.735   16.515   16.515   19.114   19.114
   19.224   19.224   20.800   20.800   21.556   21.556   21.640   21.640   22.474   22.474
   22.855   22.855   23.362   23.362
            0.500000  0.025000  0.000000
  -73.361  -73.361  -73.361  -73.361  -39.543  -39.543  -39.543  -39.543  -39.542  -39.542
  -39.542  -39.542  -39.294  -39.294  -39.294  -39.294   -3.246   -3.246   -1.881   -1.881
    0.745    0.745    1.048    1.048    5.694    5.694    5.965    5.965    6.854    6.854
    7.987    7.987    8.163    8.163    8.969    8.969    9.544    9.544    9.695    9.695
    9.988    9.988   10.312   10.312   11.925   11.925   12.264   12.264   12.470   12.470
   12.517   12.517   12.720   12.720   12.856   12.856   14.430   14.430   14.643   14.643
   15.267   15.267   15.714   15.714   15.739   15.739   16.503   16.503   19.120   19.120
   19.229   19.229   20.800   20.800   21.529   21.529   21.639   21.639   22.498   22.498
   22.844   22.844   23.335   23.335
            0.500000  0.050000  0.000000
  -73.361  -73.361  -73.361  -73.361  -39.543  -39.543  -39.543  -39.543  -39.542  -39.542
  -39.541  -39.541  -39.294  -39.294  -39.294  -39.294   -3.240   -3.240   -1.887   -1.887
    0.738    0.738    1.050    1.050    5.653    5.653    6.012    6.012    6.865    6.865
    7.897    7.897    8.247    8.247    8.975    8.975    9.518    9.518    9.698    9.698
   10.017   10.017   10.316   10.316   11.933   11.933   12.262   12.262   12.464   12.464
   12.515   12.515   12.721   12.721   12.852   12.852   14.416   14.416   14.668   14.668
   15.263   15.263   15.705   15.705   15.751   15.751   16.469   16.469   19.136   19.136
   19.245   19.245   20.800   20.800   21.453   21.453   21.640   21.640   22.555   22.555
   22.817   22.817   23.271   23.271
            0.500000  0.075000  0.000000
  -73.361  -73.361  -73.361  -73.361  -39.543  -39.543  -39.543  -39.543  -39.542  -39.542
  -39.541  -39.541  -39.294  -39.294  -39.294  -39.294   -3.230   -3.230   -1.896   -1.896
    0.727    0.727    1.051    1.051    5.604    5.604    6.069    6.069    6.882    6.882
    7.808    7.808    8.327    8.327    8.983    8.983    9.484    9.484    9.699    9.699
   10.056   10.056   10.325   10.325   11.947   11.947   12.258   12.258   12.453   12.453
   12.511   12.511   12.722   12.722   12.845   12.845   14.398   14.398   14.703   14.703
   15.256   15.256   15.691   15.691   15.767   15.767   16.415   16.415   19.156   19.156
   19.276   19.276   20.798   20.798   21.350   21.350   21.646   21.646   22.604   22.604
   22.787   22.787   23.196   23.196
            0.500000  0.100000  0.000000
  -73.361  -73.361  -73.361  -73.361  -39.543  -39.543  -39.543  -39.543  -39.542  -39.542
  -39.541  -39.541  -39.294  -39.294  -39.294  -39.294   -3.217   -3.217   -1.909   -1.909
    0.714    0.714    1.052    1.052    5.556    5.556    6.127    6.127    6.907    6.907
    7.722    7.722    8.404    8.404    8.991    8.991    9.448    9.448    9.698    9.698
   10.096   10.096   10.345   10.345   11.965   11.965   12.253   12.253   12.438   12.438
   12.505   12.505   12.725   12.725   12.835   12.835   14.382   14.382   14.741   14.741
   15.246   15.246   15.673   15.673   15.788   15.788   16.347   16.347   19.176   19.176
   19.324   19.324   20.788   20.788   21.240   21.240   21.651   21.651   22.591   22.591
   22.778   22.778   23.139   23.139
            0.500000  0.125000  0.000000
  -73.361  -73.361  -73.361  -73.361  -39.543  -39.543  -39.543  -39.543  -39.542  -39.542
  -39.541  -39.541  -39.294  -39.294  -39.294  -39.294   -3.199   -3.199   -1.926   -1.926
    0.699    0.699    1.051    1.051    5.511    5.511    6.180    6.180    6.938    6.938
    7.641    7.641    8.478    8.478    8.994    8.994    9.417    9.417    9.696    9.696
   10.127   10.127   10.379   10.379   11.987   11.987   12.247   12.247   12.421   12.421
   12.497   12.497   12.728   12.728   12.823   12.823   14.369   14.369   14.778   14.778
   15.235   15.235   15.649   15.649   15.814   15.814   16.270   16.270   19.195   19.195
   19.385   19.385   20.762   20.762   21.144   21.144   21.653   21.653   22.522   22.522
   22.759   22.759   23.126   23.126
            0.500000  0.150000  0.000000
  -73.361  -73.361  -73.361  -73.361  -39.543  -39.543  -39.543  -39.543  -39.542  -39.542
  -39.541  -39.541  -39.294  -39.294  -39.294  -39.294   -3.177   -3.177   -1.946   -1.946
    0.684    0.684    1.048    1.048    5.470    5.470    6.225    6.225    6.976    6.976
    7.571    7.571    8.550    8.550    8.991    8.991    9.393    9.393    9.693    9.693
   10.145   10.145   10.430   10.430   12.012   12.012   12.239   12.239   12.403   12.403
   12.486   12.486   12.732   12.732   12.810   12.810   14.360   14.360   14.812   14.812
   15.221   15.221   15.618   15.618   15.845   15.845   16.191   16.191   19.215   19.215
   19.456   19.456   20.708   20.708   21.076   21.076   21.645   21.645   22.431   22.431
   22.707   22.707   23.148   23.148
            0.500000  0.175000  0.000000
  -73.361  -73.361  -73.361  -73.361  -39.543  -39.543  -39.542  -39.542  -39.542  -39.542
  -39.541  -39.541  -39.294  -39.294  -39.294  -39.294   -3.152   -3.152   -1.970   -1.970
    0.669    0.669    1.043    1.043    5.436    5.436    6.257    6.257    7.019    7.019
    7.515    7.515    8.619    8.619    8.978    8.978    9.380    9.380    9.690    9.690
   10.153   10.153   10.494   10.494   12.039   12.039   12.229   12.229   12.388   12.388
   12.473   12.473   12.737   12.737   12.795   12.795   14.356   14.356   14.838   14.838
   15.206   15.206   15.579   15.579   15.879   15.879   16.118   16.118   19.237   19.237
   19.532   19.532   20.627   20.627   21.038   21.038   21.623   21.623   22.334   22.334
   22.640   22.640   23.176   23.176
            0.500000  0.200000  0.000000
  -73.361  -73.361  -73.361  -73.361  -39.543  -39.543  -39.542  -39.542  -39.542  -39.542
  -39.541  -39.541  -39.294  -39.294  -39.294  -39.294   -3.124   -3.124   -1.999   -1.999
    0.657    0.657    1.035    1.035    5.408    5.408    6.272    6.272    7.064    7.064
    7.479    7.479    8.683    8.683    8.959    8.959    9.376    9.376    9.685    9.685
   10.154   10.154   10.563   10.563   12.065   12.065   12.214   12.214   12.378   12.378
   12.457   12.457   12.742   12.742   12.780   12.780   14.356   14.356   14.856   14.856
   15.190   15.190   15.528   15.528   15.915   15.915   16.058   16.058   19.262   19.262
   19.611   19.611   20.531   20.531   21.018   21.018   21.583   21.583   22.240   22.240
   22.570   22.570   23.192   23.192
            0.500000  0.225000  0.000000
  -73.361  -73.361  -73.361  -73.361  -39.543  -39.543  -39.542  -39.542  -39.542  -39.542
  -39.541  -39.541  -39.294  -39.294  -39.294  -39.294   -3.092   -3.092   -2.031   -2.031
    0.646    0.646    1.023    1.023    5.387    5.387    6.269    6.269    7.109    7.109
    7.465    7.465    8.738    8.738    8.941    8.941    9.379    9.379    9.680    9.680
   10.154   10.154   10.632   10.632   12.088   12.088   12.196   12.196   12.377   12.377
   12.439   12.439   12.742   12.742   12.769   12.769   14.362   14.362   14.862   14.862
   15.173   15.173   15.465   15.465   15.953   15.953   16.016   16.016   19.291   19.291
   19.691   19.691   20.433   20.433   21.003   21.003   21.523   21.523   22.158   22.158
   22.498   22.498   23.193   23.193
            0.500000  0.250000  0.000000
  -73.361  -73.361  -73.361  -73.361  -39.543  -39.543  -39.542  -39.542  -39.542  -39.542
  -39.541  -39.541  -39.294  -39.294  -39.294  -39.294   -3.056   -3.056   -2.066   -2.066
    0.639    0.639    1.009    1.009    5.373    5.373    6.248    6.248    7.149    7.149
    7.476    7.476    8.772    8.772    8.937    8.937    9.386    9.386    9.674    9.674
   10.156   10.156   10.696   10.696   12.101   12.101   12.180   12.180   12.386   12.386
   12.422   12.422   12.730   12.730   12.769   12.769   14.373   14.373   14.858   14.858
   15.154   15.154   15.392   15.392   15.982   15.982   16.001   16.001   19.323   19.323
   19.771   19.771   20.339   20.339   20.985   20.985   21.446   21.446   22.094   22.094
   22.416   22.416   23.184   23.184
            0.500000  0.275000  0.000000
  -73.361  -73.361  -73.361  -73.361  -39.543  -39.543  -39.542  -39.542  -39.542  -39.542
  -39.541  -39.541  -39.294  -39.294  -39.294  -39.294   -3.017   -3.017   -2.106   -2.106
    0.635    0.635    0.991    0.991    5.367    5.367    6.211    6.211    7.186    7.186
    7.506    7.506    8.776    8.776    8.960    8.960    9.392    9.392    9.668    9.668
   10.163   10.163   10.751   10.751   12.091   12.091   12.178   12.178   12.385   12.385
   12.424   12.424   12.712   12.712   12.774   12.774   14.389   14.389   14.845   14.845
   15.133   15.133   15.313   15.313   15.981   15.981   16.033   16.033   19.358   19.358
   19.850   19.850   20.256   20.256   20.959   20.959   21.356   21.356   22.052   22.052
   22.320   22.320   23.172   23.172
            0.500000  0.300000  0.000000
  -73.361  -73.361  -73.361  -73.361  -39.543  -39.543  -39.543  -39.543  -39.542  -39.542
  -39.541  -39.541  -39.294  -39.294  -39.294  -39.294   -2.976   -2.976   -2.148   -2.148
    0.634    0.634    0.971    0.971    5.368    5.368    6.160    6.160    7.223    7.223
    7.547    7.547    8.764    8.764    9.002    9.002    9.396    9.396    9.660    9.660
   10.176   10.176   10.795   10.795   12.066   12.066   12.187   12.187   12.368   12.368
   12.451   12.451   12.691   12.691   12.781   12.781   14.410   14.410   14.826   14.826
   15.108   15.108   15.231   15.231   15.987   15.987   16.069   16.069   19.395   19.395
   19.923   19.923   20.189   20.189   20.924   20.924   21.260   21.260   22.030   22.030
   22.209   22.209   23.156   23.156
            0.500000  0.325000  0.000000
  -73.361  -73.361  -73.361  -73.361  -39.543  -39.543  -39.543  -39.543  -39.542  -39.542
  -39.541  -39.541  -39.294  -39.294  -39.294  -39.294   -2.931   -2.931   -2.194   -2.194
    0.637    0.637    0.948    0.948    5.377    5.377    6.100    6.100    7.260    7.260
    7.590    7.590    8.750    8.750    9.045    9.045    9.398    9.398    9.650    9.650
   10.199   10.199   10.825   10.825   12.038   12.038   12.194   12.194   12.352   12.352
   12.488   12.488   12.669   12.669   12.787   12.787   14.437   14.437   14.804   14.804
   15.079   15.079   15.151   15.151   16.002   16.002   16.101   16.101   19.436   19.436
   19.972   19.972   20.158   20.158   20.883   20.883   21.161   21.161   22.000   22.000
   22.111   22.111   23.132   23.132
            0.500000  0.350000  0.000000
  -73.361  -73.361  -73.361  -73.361  -39.543  -39.543  -39.543  -39.543  -39.542  -39.542
  -39.541  -39.541  -39.294  -39.294  -39.294  -39.294   -2.885   -2.885   -2.242   -2.242
    0.645    0.645    0.923    0.923    5.393    5.393    6.034    6.034    7.301    7.301
    7.627    7.627    8.745    8.745    9.080    9.080    9.399    9.399    9.639    9.639
   10.232   10.232   10.837   10.837   12.014   12.014   12.191   12.191   12.345   12.345
   12.528   12.528   12.645   12.645   12.791   12.791   14.469   14.469   14.782   14.782
   15.045   15.045   15.075   15.075   16.023   16.023   16.128   16.128   19.477   19.477
   19.968   19.968   20.194   20.194   20.838   20.838   21.066   21.066   21.886   21.886
   22.105   22.105   23.095   23.095
            0.500000  0.375000  0.000000
  -73.361  -73.361  -73.361  -73.361  -39.543  -39.543  -39.543  -39.543  -39.542  -39.542
  -39.541  -39.541  -39.294  -39.294  -39.294  -39.294   -2.835   -2.835   -2.293   -2.293
    0.656    0.656    0.897    0.897    5.417    5.417    5.965    5.965    7.344    7.344
    7.652    7.652    8.753    8.753    9.102    9.102    9.403    9.403    9.625    9.625
   10.274   10.274   10.832   10.832   11.996   11.996   12.176   12.176   12.351   12.351
   12.567   12.567   12.622   12.622   12.793   12.793   14.507   14.507   14.763   14.763
   15.004   15.004   15.006   15.006   16.047   16.047   16.150   16.150   19.520   19.520
   19.932   19.932   20.275   20.275   20.794   20.794   20.977   20.977   21.733   21.733
   22.149   22.149   23.039   23.039
            0.500000  0.400000  0.000000
  -73.361  -73.361  -73.361  -73.361  -39.543  -39.543  -39.543  -39.543  -39.542  -39.542
  -39.541  -39.541  -39.294  -39.294  -39.294  -39.294   -2.784   -2.784   -2.345   -2.345
    0.670    0.670    0.869    0.869    5.447    5.447    5.894    5.894    7.390    7.390
    7.663    7.663    8.775    8.775    9.105    9.105    9.414    9.414    9.609    9.609
   10.327   10.327   10.810   10.810   11.987   11.987   12.153   12.153   12.367   12.367
   12.583   12.583   12.622   12.622   12.793   12.793   14.549   14.549   14.749   14.749
   14.941   14.941   14.962   14.962   16.072   16.072   16.165   16.165   19.564   19.564
   19.891   19.891   20.375   20.375   20.755   20.755   20.898   20.898   21.571   21.571
   22.212   22.212   22.966   22.966
            0.500000  0.425000  0.000000
  -73.361  -73.361  -73.361  -73.361  -39.543  -39.543  -39.543  -39.543  -39.542  -39.542
  -39.541  -39.541  -39.294  -39.294  -39.294  -39.294   -2.731   -2.731   -2.399   -2.399
    0.688    0.688    0.841    0.841    5.484    5.484    5.825    5.825    7.437    7.437
    7.657    7.657    8.810    8.810    9.088    9.088    9.434    9.434    9.589    9.589
   10.387   10.387   10.771   10.771   11.988   11.988   12.124   12.124   12.390   12.390
   12.560   12.560   12.656   12.656   12.788   12.788   14.596   14.596   14.742   14.742
   14.885   14.885   14.915   14.915   16.097   16.097   16.173   16.173   19.607   19.607
   19.850   19.850   20.483   20.483   20.725   20.725   20.834   20.834   21.406   21.406
   22.290   22.290   22.879   22.879
            0.500000  0.450000  0.000000
  -73.361  -73.361  -73.361  -73.361  -39.543  -39.543  -39.543  -39.543  -39.542  -39.542
  -39.541  -39.541  -39.294  -39.294  -39.294  -39.294   -2.677   -2.677   -2.454   -2.454
    0.709    0.709    0.812    0.812    5.528    5.528    5.757    5.757    7.484    7.484
    7.639    7.639    8.855    8.855    9.055    9.055    9.459    9.459    9.567    9.567
   10.453   10.453   10.720   10.720   11.997   11.997   12.093   12.093   12.416   12.416
   12.532   12.532   12.690   12.690   12.779   12.779   14.646   14.646   14.744   14.744
   14.837   14.837   14.865   14.865   16.121   16.121   16.174   16.174   19.649   19.649
   19.810   19.810   20.590   20.590   20.708   20.708   20.795   20.795   21.243   21.243
   22.378   22.378   22.781   22.781
            0.500000  0.475000  0.000000
  -73.361  -73.361  -73.361  -73.361  -39.543  -39.543  -39.543  -39.543  -39.542  -39.542
  -39.541  -39.541  -39.294  -39.294  -39.294  -39.294   -2.622   -2.622   -2.510   -2.510
    0.732    0.732    0.784    0.784    5.578    5.578    5.693    5.693    7.530    7.530
    7.610    7.610    8.907    8.907    9.011    9.011    9.487    9.487    9.543    9.543
   10.522   10.522   10.659   10.659   12.014   12.014   12.064   12.064   12.444   12.444
   12.503   12.503   12.720   12.720   12.765   12.765   14.699   14.699   14.754   14.754
   14.795   14.795   14.815   14.815   16.141   16.141   16.168   16.168   19.691   19.691
   19.771   19.771   20.656   20.656   20.697   20.697   20.826   20.826   21.087   21.087
   22.474   22.474   22.679   22.679
            0.500000  0.500000  0.000000
  -73.361  -73.361  -73.361  -73.361  -39.543  -39.543  -39.543  -39.543  -39.541  -39.541
  -39.541  -39.541  -39.294  -39.294  -39.294  -39.294   -2.566   -2.566   -2.566   -2.566
    0.758    0.758    0.758    0.758    5.633    5.633    5.633    5.633    7.572    7.572
    7.572    7.572    8.960    8.960    8.960    8.960    9.516    9.516    9.516    9.516
   10.592   10.592   10.592   10.592   12.037   12.037   12.037   12.037   12.473   12.473
   12.473   12.473   12.745   12.745   12.745   12.745   14.750   14.750   14.750   14.750
   14.776   14.776   14.776   14.776   16.157   16.157   16.157   16.157   19.732   19.732
   19.732   19.732   20.679   20.679   20.679   20.679   20.942   20.942   20.942   20.942
   22.576   22.576   22.576   22.576
            0.475000  0.475000  0.000000
  -73.361  -73.361  -73.361  -73.361  -39.543  -39.543  -39.543  -39.543  -39.542  -39.542
  -39.541  -39.541  -39.294  -39.294  -39.294  -39.294   -2.680   -2.564   -2.563   -2.457
    0.729    0.736    0.781    0.789    5.567    5.594    5.683    5.708    7.446    7.541
    7.606    7.667    8.902    8.916    8.991    9.031    9.479    9.492    9.536    9.546
   10.466   10.582   10.604   10.717   11.992   12.033   12.040   12.084   12.431   12.455
   12.489   12.512   12.718   12.724   12.764   12.765   14.655   14.691   14.737   14.753
   14.757   14.815   14.855   14.874   16.113   16.139   16.172   16.202   19.646   19.726
   19.746   19.821   20.590   20.663   20.689   20.693   20.717   20.925   21.002   21.257
   22.402   22.562   22.602   22.770
            0.450000  0.450000  0.000000
  -73.361  -73.361  -73.361  -73.361  -39.543  -39.543  -39.543  -39.543  -39.542  -39.542
  -39.541  -39.541  -39.294  -39.294  -39.294  -39.294   -2.797   -2.555   -2.554   -2.356
    0.705    0.718    0.803    0.826    5.514    5.566    5.745    5.792    7.304    7.512
    7.641    7.713    8.822    8.915    8.995    9.109    9.439    9.464    9.551    9.569
   10.341   10.578   10.609   10.839   11.958   12.029   12.045   12.125   12.391   12.435
   12.503   12.540   12.683   12.704   12.778   12.779   14.566   14.621   14.715   14.754
   14.760   14.860   14.965   14.984   16.069   16.117   16.184   16.247   19.577   19.729
   19.769   19.887   20.372   20.565   20.675   20.719   20.764   20.924   21.106   21.571
   22.255   22.562   22.642   22.979
            0.425000  0.425000  0.000000
  -73.361  -73.361  -73.361  -73.361  -39.543  -39.543  -39.543  -39.543  -39.542  -39.542
  -39.541  -39.541  -39.294  -39.294  -39.294  -39.294   -2.915   -2.541   -2.540   -2.263
    0.683    0.705    0.824    0.867    5.474    5.549    5.819    5.880    7.160    7.485
    7.672    7.710    8.728    8.937    8.994    9.172    9.402    9.436    9.561    9.587
   10.222   10.575   10.599   10.954   11.941   12.021   12.053   12.153   12.364   12.412
   12.518   12.549   12.641   12.693   12.785   12.791   14.485   14.566   14.707   14.752
   14.769   14.908   15.079   15.100   16.022   16.093   16.193   16.293   19.532   19.740
   19.797   19.874   20.229   20.489   20.633   20.804   20.827   20.929   21.235   21.858
   22.140   22.579   22.694   23.197
            0.400000  0.400000  0.000000
  -73.361  -73.361  -73.361  -73.361  -39.543  -39.543  -39.543  -39.543  -39.542  -39.542
  -39.541  -39.541  -39.294  -39.294  -39.294  -39.294   -3.033   -2.522   -2.520   -2.181
    0.663    0.696    0.842    0.915    5.449    5.542    5.905    5.969    7.024    7.460
    7.642    7.720    8.628    8.907    9.052    9.186    9.386    9.416    9.572    9.601
   10.111   10.567   10.567   11.060   11.943   12.010   12.063   12.165   12.353   12.386
   12.534   12.539   12.593   12.694   12.785   12.802   14.413   14.521   14.720   14.748
   14.785   14.954   15.195   15.218   15.973   16.070   16.202   16.337   19.513   19.740
   19.758   19.850   20.210   20.417   20.582   20.895   20.899   20.980   21.373   22.061
   22.089   22.622   22.756   23.421
            0.375000  0.375000  0.000000
  -73.361  -73.361  -73.361  -73.361  -39.543  -39.543  -39.543  -39.543  -39.542  -39.542
  -39.541  -39.541  -39.294  -39.294  -39.294  -39.294   -3.148   -2.497   -2.495   -2.110
    0.647    0.692    0.854    0.970    5.439    5.545    6.001    6.052    6.906    7.437
    7.562    7.748    8.529    8.853    9.108    9.140    9.385    9.419    9.590    9.622
   10.012   10.510   10.542   11.153   11.965   11.996   12.075   12.172   12.352   12.356
   12.518   12.535   12.561   12.700   12.780   12.812   14.350   14.485   14.738   14.758
   14.807   14.991   15.310   15.333   15.928   16.049   16.210   16.378   19.523   19.613
   19.778   19.892   20.234   20.351   20.533   20.915   20.976   21.147   21.511   22.017
   22.243   22.696   22.821   23.644
            0.350000  0.350000  0.000000
  -73.361  -73.361  -73.361  -73.361  -39.543  -39.543  -39.543  -39.543  -39.542  -39.542
  -39.541  -39.541  -39.294  -39.294  -39.294  -39.294   -3.261   -2.468   -2.465   -2.053
    0.632    0.692    0.860    1.033    5.444    5.557    6.109    6.120    6.818    7.413
    7.468    7.771    8.437    8.796    9.061    9.114    9.365    9.450    9.619    9.669
    9.924   10.435   10.493   11.225   11.983   12.001   12.087   12.183   12.323   12.355
   12.483   12.499   12.582   12.705   12.770   12.822   14.294   14.455   14.723   14.822
   14.840   15.006   15.423   15.442   15.899   16.032   16.218   16.415   19.518   19.561
   19.796   19.944   20.233   20.330   20.498   20.933   21.050   21.342   21.640   22.014
   22.328   22.794   22.878   23.839
            0.325000  0.325000  0.000000
  -73.361  -73.361  -73.361  -73.361  -39.543  -39.543  -39.543  -39.542  -39.542  -39.542
  -39.541  -39.541  -39.294  -39.294  -39.294  -39.294   -3.370   -2.434   -2.431   -2.008
    0.619    0.693    0.859    1.105    5.464    5.578    6.164    6.225    6.770    7.372
    7.385    7.780    8.357    8.747    8.966    9.078    9.321    9.471    9.647    9.757
    9.843   10.349   10.419   11.270   11.978   12.044   12.099   12.205   12.284   12.357
   12.431   12.486   12.605   12.705   12.757   12.833   14.246   14.430   14.701   14.879
   14.915   14.986   15.531   15.538   15.903   16.020   16.225   16.447   19.464   19.625
   19.802   20.003   20.186   20.378   20.489   20.962   21.116   21.516   21.756   22.070
   22.373   22.890   22.909   23.873
            0.300000  0.300000  0.000000
  -73.361  -73.361  -73.361  -73.361  -39.543  -39.543  -39.543  -39.542  -39.542  -39.542
  -39.541  -39.541  -39.294  -39.294  -39.294  -39.294   -3.473   -2.396   -2.393   -1.976
    0.608    0.694    0.850    1.185    5.499    5.606    6.176    6.348    6.769    7.283
    7.354    7.772    8.291    8.714    8.865    9.020    9.260    9.471    9.658    9.764
    9.871   10.267   10.321   11.280   11.987   12.075   12.122   12.236   12.243   12.349
   12.391   12.482   12.625   12.699   12.740   12.843   14.204   14.410   14.672   14.931
   14.933   15.030   15.621   15.634   15.943   16.016   16.233   16.474   19.449   19.713
   19.793   20.060   20.156   20.449   20.517   21.003   21.168   21.630   21.851   22.207
   22.401   22.903   22.963   23.825
            0.275000  0.275000  0.000000
  -73.361  -73.361  -73.361  -73.361  -39.544  -39.543  -39.543  -39.542  -39.542  -39.542
  -39.541  -39.541  -39.294  -39.294  -39.294  -39.294   -3.570   -2.355   -2.352   -1.954
    0.598    0.693    0.835    1.272    5.547    5.642    6.167    6.472    6.806    7.209
    7.316    7.742    8.238    8.702    8.767    8.951    9.190    9.461    9.623    9.699
    9.977   10.199   10.214   11.253   12.013   12.075   12.166   12.202   12.274   12.317
   12.379   12.485   12.637   12.686   12.720   12.853   14.166   14.396   14.638   14.851
   15.001   15.165   15.689   15.731   16.009   16.025   16.242   16.496   19.466   19.770
   19.822   20.086   20.193   20.532   20.583   21.054   21.202   21.691   21.914   22.398
   22.428   22.877   22.995   23.731
            0.250000  0.250000  0.000000
  -73.361  -73.361  -73.361  -73.361  -39.544  -39.543  -39.543  -39.542  -39.542  -39.542
  -39.541  -39.541  -39.294  -39.294  -39.294  -39.294   -3.661   -2.312   -2.309   -1.942
    0.590    0.689    0.813    1.365    5.607    5.684    6.150    6.590    6.866    7.162
    7.272    7.693    8.189    8.683    8.709    8.880    9.116    9.445    9.522    9.657
    9.997   10.154   10.170   11.196   12.051   12.059   12.155   12.223   12.281   12.315
   12.380   12.494   12.641   12.669   12.698   12.860   14.129   14.387   14.599   14.761
   15.084   15.316   15.743   15.823   16.035   16.095   16.251   16.516   19.509   19.742
   19.946   20.103   20.279   20.623   20.682   21.116   21.218   21.730   21.929   22.462
   22.548   22.902   22.974   23.603
            0.225000  0.225000  0.000000
  -73.361  -73.361  -73.361  -73.361  -39.544  -39.543  -39.543  -39.542  -39.542  -39.542
  -39.541  -39.541  -39.294  -39.294  -39.294  -39.294   -3.745   -2.266   -2.264   -1.937
    0.583    0.681    0.785    1.462    5.677    5.734    6.138    6.684    6.937    7.154
    7.226    7.629    8.135    8.622    8.708    8.831    9.039    9.395    9.427    9.605
    9.887   10.133   10.233   11.114   12.033   12.092   12.112   12.250   12.276   12.354
   12.383   12.504   12.635   12.650   12.673   12.863   14.088   14.383   14.558   14.676
   15.182   15.478   15.786   15.909   16.060   16.175   16.262   16.535   19.574   19.715
   20.078   20.138   20.385   20.723   20.800   21.190   21.221   21.770   21.894   22.489
   22.568   22.904   23.046   23.501
            0.200000  0.200000  0.000000
  -73.361  -73.361  -73.361  -73.361  -39.544  -39.543  -39.543  -39.542  -39.542  -39.542
  -39.541  -39.541  -39.294  -39.294  -39.294  -39.294   -3.821   -2.221   -2.218   -1.939
    0.576    0.669    0.753    1.558    5.754    5.790    6.135    6.742    7.011    7.182
    7.195    7.562    8.067    8.586    8.652    8.849    8.960    9.260    9.409    9.537
    9.755   10.130   10.299   11.016   12.002   12.068   12.119   12.235   12.328   12.382
   12.396   12.515   12.623   12.631   12.648   12.863   14.038   14.384   14.518   14.605
   15.294   15.644   15.822   15.991   16.090   16.243   16.273   16.557   19.657   19.695
   20.192   20.210   20.506   20.838   20.906   21.232   21.275   21.818   21.830   22.462
   22.531   22.820   23.188   23.432
            0.175000  0.175000  0.000000
  -73.361  -73.361  -73.361  -73.361  -39.544  -39.543  -39.543  -39.542  -39.542  -39.542
  -39.541  -39.541  -39.294  -39.294  -39.294  -39.294   -3.889   -2.175   -2.173   -1.944
    0.571    0.654    0.719    1.652    5.837    5.853    6.141    6.769    7.072    7.157
    7.258    7.515    7.989    8.560    8.562    8.875    8.906    9.137    9.392    9.456
    9.629   10.141   10.348   10.908   11.969   12.023   12.111   12.250   12.376   12.388
   12.429   12.525   12.607   12.613   12.624   12.859   13.973   14.390   14.485   14.552
   15.416   15.802   15.855   16.075   16.122   16.287   16.294   16.585   19.685   19.744
   20.268   20.320   20.639   20.948   20.973   21.310   21.370   21.763   21.873   22.338
   22.493   22.756   23.180   23.401
            0.150000  0.150000  0.000000
  -73.362  -73.361  -73.361  -73.361  -39.544  -39.544  -39.543  -39.542  -39.542  -39.541
  -39.541  -39.541  -39.294  -39.294  -39.294  -39.294   -3.948   -2.132   -2.130   -1.951
    0.567    0.636    0.684    1.740    5.921    5.922    6.155    6.787    7.070    7.205
    7.267    7.545    7.910    8.461    8.521    8.772    8.974    9.052    9.370    9.373
    9.524   10.160   10.376   10.793   11.936   11.978   12.073   12.284   12.393   12.420
   12.460   12.533   12.592   12.596   12.604   12.853   13.893   14.400   14.462   14.515
   15.545   15.890   15.932   16.151   16.169   16.307   16.325   16.622   19.687   19.814
   20.369   20.384   20.783   20.957   21.130   21.455   21.471   21.711   21.931   22.148
   22.469   22.685   23.056   23.409
            0.125000  0.125000  0.000000
  -73.362  -73.361  -73.361  -73.361  -39.544  -39.544  -39.544  -39.542  -39.542  -39.541
  -39.541  -39.541  -39.294  -39.294  -39.294  -39.294   -3.999   -2.092   -2.090   -1.960
    0.563    0.616    0.650    1.820    5.994    6.002    6.174    6.809    7.042    7.213
    7.291    7.643    7.841    8.354    8.452    8.644    9.020    9.041    9.287    9.349
    9.456   10.186   10.384   10.678   11.905   11.935   12.020   12.320   12.398   12.459
   12.486   12.540   12.579   12.582   12.589   12.846   13.804   14.412   14.450   14.491
   15.674   15.927   16.015   16.177   16.253   16.336   16.363   16.667   19.700   19.850
   20.319   20.555   20.937   21.019   21.297   21.576   21.606   21.676   21.953   21.987
   22.462   22.592   22.894   23.447
            0.100000  0.100000  0.000000
  -73.362  -73.361  -73.361  -73.361  -39.544  -39.544  -39.544  -39.542  -39.542  -39.541
  -39.541  -39.541  -39.294  -39.294  -39.294  -39.294   -4.041   -2.056   -2.055   -1.968
    0.560    0.597    0.618    1.889    6.066    6.077    6.193    6.842    7.018    7.144
    7.390    7.754    7.789    8.245    8.353    8.501    9.023    9.090    9.214    9.331
    9.429   10.216   10.374   10.566   11.878   11.897   11.962   12.353   12.403   12.491
   12.508   12.544   12.571   12.572   12.578   12.840   13.713   14.425   14.446   14.475
   15.798   15.968   16.061   16.199   16.277   16.329   16.489   16.717   19.723   19.856
   20.198   20.777   21.100   21.139   21.448   21.620   21.650   21.692   21.900   22.034
   22.467   22.485   22.720   23.502
            0.075000  0.075000  0.000000
  -73.362  -73.361  -73.361  -73.361  -39.544  -39.544  -39.544  -39.542  -39.542  -39.541
  -39.541  -39.541  -39.294  -39.294  -39.294  -39.294   -4.073   -2.027   -2.026   -1.976
    0.557    0.580    0.592    1.945    6.133    6.142    6.211    6.883    6.999    7.078
    7.498    7.763    7.854    8.142    8.237    8.351    9.042    9.104    9.156    9.348
    9.426   10.245   10.352   10.462   11.855   11.866   11.907   12.379   12.407   12.516
   12.525   12.546   12.567   12.567   12.571   12.836   13.630   14.436   14.447   14.464
   15.911   16.010   16.086   16.216   16.278   16.309   16.625   16.766   19.753   19.847
   20.058   21.030   21.268   21.283   21.460   21.552   21.636   21.828   22.005   22.071
   22.385   22.467   22.552   23.563
            0.050000  0.050000  0.000000
  -73.362  -73.361  -73.361  -73.361  -39.544  -39.544  -39.544  -39.542  -39.542  -39.541
  -39.541  -39.541  -39.295  -39.294  -39.294  -39.294   -4.097   -2.005   -2.005   -1.982
    0.555    0.566    0.571    1.986    6.187    6.192    6.224    6.927    6.986    7.024
    7.615    7.767    7.930    8.054    8.117    8.199    9.062    9.095    9.114    9.391
    9.434   10.270   10.325   10.375   11.838   11.842   11.862   12.398   12.411   12.533
   12.536   12.546   12.566   12.566   12.567   12.832   13.563   14.446   14.450   14.458
   16.007   16.053   16.099   16.228   16.267   16.281   16.741   16.807   19.784   19.834
   19.934   21.291   21.307   21.431   21.437   21.610   21.628   21.943   22.054   22.085
   22.340   22.406   22.456   23.619
            0.025000  0.025000  0.000000
  -73.362  -73.361  -73.361  -73.361  -39.544  -39.544  -39.544  -39.542  -39.542  -39.541
  -39.541  -39.541  -39.295  -39.294  -39.294  -39.294   -4.111   -1.991   -1.991   -1.985
    0.554    0.557    0.558    2.011    6.223    6.224    6.233    6.962    6.978    6.988
    7.739    7.799    7.963    8.006    8.010    8.053    9.076    9.085    9.089    9.431
    9.443   10.287   10.302   10.315   11.827   11.828   11.833   12.409   12.413   12.542
   12.542   12.545   12.567   12.567   12.567   12.830   13.520   14.452   14.453   14.455
   16.078   16.090   16.105   16.235   16.249   16.252   16.817   16.835   19.810   19.823
   19.849   21.204   21.524   21.560   21.593   21.623   21.642   21.975   22.002   22.029
   22.367   22.373   22.411   23.660
            0.000000  0.000000  0.000000
  -73.362  -73.361  -73.361  -73.361  -39.544  -39.544  -39.544  -39.542  -39.542  -39.542
  -39.542  -39.542  -39.295  -39.294  -39.294  -39.294   -4.116   -1.987   -1.987   -1.987
    0.554    0.554    0.554    2.019    6.236    6.236    6.236    6.975    6.975    6.975
    7.830    7.830    7.954    7.954    7.954    8.009    9.081    9.081    9.081    9.447
    9.447   10.294   10.294   10.294   11.823   11.823   11.823   12.413   12.413   12.544
   12.544   12.544   12.567   12.567   12.567   12.829   13.505   14.454   14.454   14.454
   16.107   16.107   16.107   16.237   16.237   16.237   16.844   16.844   19.819   19.819
   19.819   21.167   21.622   21.622   21.622   21.675   21.675   21.958   21.958   21.958
   22.387   22.387   22.387   23.675
