 &plot nbnd=  30, nks=    81 /
            0.000000  0.000000  0.000000
  -15.739  -15.739  -15.737  -15.737  -15.722  -15.721  -15.709  -15.709  -15.698  -15.698
   -4.920   -4.058    1.705    5.482    5.482    6.172    6.177    6.177    6.426    7.219
    9.517    9.517   10.229   10.444   10.444   10.815   11.571   11.578   11.677   11.677
            0.028868  0.000000  0.000000
  -15.739  -15.739  -15.737  -15.737  -15.722  -15.721  -15.709  -15.709  -15.698  -15.698
   -4.917   -4.057    1.711    5.415    5.467    5.890    6.180    6.435    6.466    7.266
    9.456    9.525   10.256   10.392   10.445   10.863   11.448   11.504   11.642   11.730
            0.057735  0.000000  0.000000
  -15.739  -15.739  -15.737  -15.737  -15.722  -15.721  -15.709  -15.709  -15.698  -15.698
   -4.908   -4.052    1.726    5.235    5.423    5.622    6.188    6.448    6.752    7.395
    9.312    9.549   10.261   10.317   10.444   10.962   11.283   11.439   11.715   11.840
            0.086603  0.000000  0.000000
  -15.739  -15.739  -15.737  -15.737  -15.722  -15.721  -15.709  -15.709  -15.698  -15.698
   -4.892   -4.045    1.753    4.990    5.358    5.371    6.195    6.444    7.024    7.582
    9.144    9.588   10.101   10.389   10.433   10.906   11.313   11.428   11.687   12.082
            0.115470  0.000000  0.000000
  -15.740  -15.739  -15.737  -15.737  -15.722  -15.721  -15.709  -15.709  -15.699  -15.698
   -4.870   -4.034    1.790    4.715    5.130    5.277    6.196    6.418    7.275    7.780
    8.999    9.640    9.940   10.412   10.468   10.725   11.438   11.478   11.725   12.363
            0.144338  0.000000  0.000000
  -15.740  -15.739  -15.737  -15.737  -15.722  -15.721  -15.709  -15.709  -15.699  -15.698
   -4.842   -4.022    1.837    4.431    4.896    5.187    6.188    6.371    7.503    7.921
    8.937    9.695    9.792   10.394   10.467   10.639   11.437   11.585   11.941   12.577
            0.173205  0.000000  0.000000
  -15.740  -15.739  -15.737  -15.736  -15.722  -15.721  -15.709  -15.708  -15.699  -15.698
   -4.808   -4.007    1.894    4.149    4.666    5.092    6.170    6.305    7.702    7.937
    9.011    9.673    9.736   10.318   10.405   10.742   11.399   11.739   12.230   12.812
            0.202073  0.000000  0.000000
  -15.740  -15.738  -15.737  -15.736  -15.721  -15.721  -15.708  -15.708  -15.699  -15.698
   -4.769   -3.991    1.961    3.875    4.444    4.996    6.142    6.219    7.837    7.875
    9.168    9.613    9.745   10.182   10.469   10.881   11.382   11.928   12.543   13.059
            0.230940  0.000000  0.000000
  -15.741  -15.738  -15.737  -15.736  -15.721  -15.720  -15.708  -15.708  -15.699  -15.697
   -4.725   -3.974    2.038    3.612    4.230    4.901    6.106    6.115    7.703    7.994
    9.252    9.701    9.718   10.094   10.594   11.010   11.423   12.146   12.865   13.316
            0.259808  0.000000  0.000000
  -15.741  -15.738  -15.737  -15.735  -15.721  -15.720  -15.708  -15.708  -15.700  -15.697
   -4.678   -3.957    2.124    3.363    4.025    4.810    5.991    6.065    7.550    8.075
    9.220    9.667    9.893   10.105   10.769   11.096   11.562   12.386   13.186   13.582
            0.288675  0.000000  0.000000
  -15.741  -15.738  -15.737  -15.735  -15.721  -15.720  -15.708  -15.707  -15.700  -15.697
   -4.626   -3.941    2.218    3.130    3.831    4.723    5.850    6.020    7.401    8.117
    9.151    9.605    9.984   10.318   10.981   11.153   11.789   12.642   13.488   13.856
            0.317543  0.000000  0.000000
  -15.742  -15.738  -15.737  -15.734  -15.721  -15.719  -15.707  -15.707  -15.700  -15.697
   -4.572   -3.925    2.318    2.917    3.649    4.641    5.694    5.973    7.262    8.127
    9.072    9.541   10.054   10.596   11.221   11.227   12.066   12.912   13.667   13.923
            0.346410  0.000000  0.000000
  -15.742  -15.738  -15.737  -15.734  -15.721  -15.719  -15.707  -15.707  -15.701  -15.696
   -4.516   -3.912    2.416    2.732    3.482    4.567    5.525    5.927    7.138    8.117
    8.992    9.479   10.150   10.835   11.367   11.484   12.369   13.189   13.530   13.879
            0.375278  0.000000  0.000000
  -15.742  -15.738  -15.737  -15.734  -15.721  -15.719  -15.707  -15.706  -15.701  -15.696
   -4.460   -3.902    2.448    2.639    3.331    4.499    5.347    5.883    7.029    8.096
    8.917    9.420   10.267   10.994   11.607   11.765   12.671   13.313   13.468   13.775
            0.404145  0.000000  0.000000
  -15.742  -15.738  -15.737  -15.733  -15.720  -15.719  -15.706  -15.706  -15.701  -15.696
   -4.404   -3.895    2.338    2.715    3.197    4.440    5.165    5.843    6.935    8.070
    8.849    9.368   10.401   11.096   11.918   12.061   12.893   13.127   13.705   13.739
            0.433013  0.000000  0.000000
  -15.743  -15.738  -15.737  -15.733  -15.720  -15.718  -15.706  -15.706  -15.702  -15.696
   -4.350   -3.892    2.211    2.829    3.086    4.389    4.982    5.807    6.856    8.043
    8.790    9.323   10.545   11.177   12.256   12.368   12.801   13.119   13.785   13.986
            0.461880  0.000000  0.000000
  -15.743  -15.738  -15.737  -15.733  -15.720  -15.718  -15.706  -15.705  -15.702  -15.696
   -4.299   -3.893    2.101    2.914    3.030    4.347    4.805    5.776    6.792    8.019
    8.742    9.285   10.697   11.248   12.573   12.604   12.683   13.102   14.023   14.182
            0.490748  0.000000  0.000000
  -15.743  -15.738  -15.737  -15.733  -15.720  -15.718  -15.706  -15.705  -15.702  -15.696
   -4.255   -3.897    2.014    2.880    3.112    4.314    4.641    5.752    6.743    7.999
    8.704    9.256   10.852   11.306   12.416   12.739   13.002   13.205   14.285   14.288
            0.519615  0.000000  0.000000
  -15.743  -15.737  -15.737  -15.732  -15.720  -15.718  -15.706  -15.705  -15.703  -15.696
   -4.219   -3.902    1.951    2.830    3.217    4.291    4.501    5.734    6.708    7.983
    8.677    9.234   11.004   11.339   12.261   12.710   13.318   13.507   14.269   14.459
            0.548483  0.000000  0.000000
  -15.743  -15.737  -15.737  -15.732  -15.720  -15.718  -15.706  -15.704  -15.703  -15.695
   -4.196   -3.908    1.912    2.798    3.297    4.276    4.401    5.723    6.687    7.974
    8.660    9.222   11.145   11.328   12.156   12.655   13.623   13.849   14.129   14.438
            0.577350  0.000000  0.000000
  -15.743  -15.737  -15.737  -15.732  -15.720  -15.718  -15.706  -15.704  -15.703  -15.695
   -4.187   -3.910    1.899    2.787    3.328    4.272    4.364    5.719    6.680    7.971
    8.655    9.217   11.247   11.273   12.119   12.633   13.882   13.922   14.092   14.292
            0.577321  0.016650  0.000000
  -15.743  -15.737  -15.737  -15.732  -15.720  -15.718  -15.706  -15.704  -15.703  -15.695
   -4.187   -3.910    1.901    2.788    3.330    4.255    4.369    5.703    6.696    7.991
    8.621    9.253   11.249   11.277   12.118   12.635   13.807   13.866   14.149   14.336
            0.577293  0.033300  0.000000
  -15.743  -15.737  -15.737  -15.732  -15.720  -15.718  -15.706  -15.704  -15.703  -15.695
   -4.185   -3.910    1.906    2.792    3.335    4.210    4.376    5.657    6.741    8.050
    8.539    9.343   11.255   11.289   12.115   12.642   13.668   13.743   14.233   14.418
            0.577264  0.049950  0.000000
  -15.743  -15.737  -15.737  -15.732  -15.720  -15.718  -15.706  -15.704  -15.703  -15.696
   -4.181   -3.910    1.913    2.797    3.343    4.146    4.382    5.586    6.811    8.143
    8.437    9.457   11.264   11.309   12.109   12.652   13.511   13.599   14.295   14.483
            0.577235  0.066600  0.000000
  -15.743  -15.738  -15.737  -15.732  -15.720  -15.718  -15.706  -15.704  -15.703  -15.696
   -4.177   -3.910    1.924    2.805    3.355    4.067    4.385    5.495    6.900    8.265
    8.334    9.581   11.278   11.338   12.100   12.667   13.348   13.448   14.323   14.494
            0.577206  0.083250  0.000000
  -15.743  -15.738  -15.737  -15.732  -15.720  -15.718  -15.706  -15.704  -15.703  -15.696
   -4.171   -3.910    1.938    2.815    3.371    3.977    4.387    5.390    6.999    8.242
    8.409    9.707   11.295   11.374   12.087   12.684   13.184   13.296   14.315   14.438
            0.577177  0.099900  0.000000
  -15.743  -15.738  -15.737  -15.732  -15.720  -15.718  -15.706  -15.704  -15.703  -15.696
   -4.164   -3.910    1.955    2.828    3.389    3.880    4.386    5.276    7.094    8.172
    8.570    9.831   11.316   11.419   12.069   12.698   13.027   13.147   14.278   14.331
            0.577148  0.116550  0.000000
  -15.743  -15.738  -15.737  -15.732  -15.720  -15.718  -15.706  -15.704  -15.702  -15.696
   -4.156   -3.911    1.974    2.841    3.411    3.777    4.384    5.157    7.170    8.141
    8.744    9.950   11.341   11.471   12.043   12.684   12.903   13.005   14.200   14.220
            0.577119  0.133200  0.000000
  -15.742  -15.738  -15.737  -15.733  -15.720  -15.718  -15.707  -15.703  -15.702  -15.696
   -4.147   -3.912    1.996    2.857    3.437    3.673    4.379    5.037    7.208    8.166
    8.928   10.061   11.369   11.529   12.008   12.591   12.865   12.872   14.059   14.151
            0.577090  0.149850  0.000000
  -15.742  -15.738  -15.737  -15.733  -15.720  -15.718  -15.707  -15.703  -15.702  -15.696
   -4.137   -3.913    2.020    2.873    3.465    3.569    4.372    4.917    7.204    8.249
    9.118   10.164   11.402   11.591   11.960   12.444   12.751   12.886   13.916   14.079
            0.577062  0.166500  0.000000
  -15.742  -15.738  -15.737  -15.733  -15.720  -15.718  -15.707  -15.703  -15.702  -15.696
   -4.126   -3.915    2.047    2.890    3.468    3.498    4.362    4.800    7.166    8.383
    9.311   10.258   11.439   11.656   11.900   12.286   12.645   12.926   13.774   14.011
            0.577033  0.183150  0.000000
  -15.742  -15.738  -15.737  -15.733  -15.719  -15.718  -15.707  -15.703  -15.702  -15.696
   -4.114   -3.917    2.075    2.907    3.370    3.533    4.349    4.687    7.109    8.552
    9.506   10.342   11.477   11.720   11.826   12.126   12.554   12.973   13.636   13.956
            0.577004  0.199800  0.000000
  -15.742  -15.738  -15.737  -15.733  -15.719  -15.718  -15.707  -15.703  -15.702  -15.696
   -4.101   -3.920    2.105    2.924    3.278    3.571    4.331    4.581    7.044    8.744
    9.697   10.416   11.513   11.745   11.777   11.970   12.478   13.019   13.506   13.920
            0.576975  0.216450  0.000000
  -15.742  -15.738  -15.737  -15.733  -15.719  -15.718  -15.707  -15.703  -15.702  -15.697
   -4.088   -3.924    2.135    2.939    3.193    3.613    4.309    4.483    6.979    8.953
    9.882   10.480   11.522   11.687   11.780   11.865   12.413   13.059   13.384   13.904
            0.576946  0.233100  0.000000
  -15.742  -15.738  -15.737  -15.733  -15.719  -15.718  -15.707  -15.703  -15.702  -15.697
   -4.074   -3.929    2.164    2.953    3.117    3.658    4.281    4.395    6.918    9.172
   10.057   10.534   11.462   11.645   11.696   11.893   12.356   13.091   13.273   13.891
            0.576917  0.249750  0.000000
  -15.742  -15.738  -15.737  -15.733  -15.719  -15.718  -15.707  -15.702  -15.702  -15.697
   -4.059   -3.935    2.192    2.963    3.051    3.706    4.248    4.317    6.863    9.400
   10.215   10.577   11.364   11.499   11.746   11.928   12.304   13.114   13.178   13.826
            0.576888  0.266400  0.000000
  -15.741  -15.738  -15.737  -15.733  -15.719  -15.718  -15.708  -15.702  -15.702  -15.697
   -4.045   -3.943    2.217    2.969    2.998    3.758    4.210    4.252    6.817    9.632
   10.349   10.608   11.260   11.358   11.809   11.955   12.253   13.103   13.133   13.712
            0.576860  0.283050  0.000000
  -15.741  -15.738  -15.737  -15.733  -15.719  -15.718  -15.708  -15.702  -15.702  -15.697
   -4.030   -3.951    2.238    2.958    2.970    3.812    4.165    4.201    6.780    9.866
   10.449   10.626   11.164   11.227   11.874   11.974   12.204   13.056   13.150   13.585
            0.576831  0.299700  0.000000
  -15.741  -15.738  -15.737  -15.733  -15.719  -15.718  -15.708  -15.702  -15.702  -15.697
   -4.015   -3.961    2.253    2.935    2.965    3.869    4.114    4.164    6.754   10.097
   10.505   10.627   11.086   11.111   11.935   11.989   12.152   13.043   13.169   13.458
            0.576802  0.316350  0.000000
  -15.741  -15.737  -15.737  -15.733  -15.719  -15.718  -15.708  -15.702  -15.702  -15.697
   -4.001   -3.973    2.261    2.929    2.954    3.930    4.057    4.142    6.738   10.309
   10.506   10.609   11.024   11.035   11.988   12.003   12.098   13.072   13.184   13.343
            0.576773  0.333000  0.000000
  -15.741  -15.737  -15.737  -15.733  -15.718  -15.718  -15.708  -15.702  -15.702  -15.697
   -3.987   -3.986    2.264    2.938    2.939    3.991    3.996    4.135    6.732   10.455
   10.460   10.586   11.000   11.002   12.020   12.021   12.051   13.139   13.146   13.290
            0.547934  0.316350  0.000000
  -15.741  -15.738  -15.737  -15.733  -15.719  -15.718  -15.708  -15.702  -15.702  -15.697
   -4.019   -3.959    2.258    2.896    3.002    3.854    4.130    4.162    6.753   10.277
   10.345   10.592   10.939   11.269   11.886   12.086   12.131   12.913   13.359   13.361
            0.519096  0.299700  0.000000
  -15.741  -15.738  -15.737  -15.733  -15.719  -15.718  -15.708  -15.702  -15.701  -15.697
   -4.057   -3.935    2.255    2.851    3.103    3.705    4.229    4.278    6.810   10.064
   10.132   10.486   10.838   11.648   11.723   12.236   12.238   12.681   13.476   13.532
            0.490257  0.283050  0.000000
  -15.741  -15.738  -15.737  -15.733  -15.719  -15.718  -15.707  -15.703  -15.701  -15.697
   -4.103   -3.914    2.267    2.815    3.219    3.560    4.332    4.433    6.900    9.849
    9.916   10.338   10.701   11.552   11.893   12.369   12.417   12.593   13.549   13.609
            0.461418  0.266400  0.000000
  -15.741  -15.738  -15.736  -15.733  -15.719  -15.718  -15.707  -15.703  -15.701  -15.697
   -4.155   -3.899    2.303    2.795    3.266    3.499    4.457    4.597    7.016    9.642
    9.713   10.167   10.544   11.381   12.008   12.233   12.513   12.981   13.461   13.757
            0.432580  0.249750  0.000000
  -15.742  -15.739  -15.736  -15.733  -15.719  -15.719  -15.707  -15.704  -15.701  -15.697
   -4.212   -3.888    2.365    2.799    3.151    3.614    4.599    4.769    7.154    9.448
    9.529    9.984   10.381   11.216   11.986   12.121   12.652   13.348   13.350   13.924
            0.403741  0.233100  0.000000
  -15.741  -15.739  -15.736  -15.733  -15.720  -15.719  -15.707  -15.705  -15.701  -15.697
   -4.274   -3.884    2.453    2.830    2.999    3.781    4.754    4.946    7.309    9.269
    9.368    9.795   10.219   11.062   11.816   12.128   12.743   13.277   13.611   14.105
            0.374902  0.216450  0.000000
  -15.741  -15.739  -15.736  -15.734  -15.720  -15.719  -15.707  -15.705  -15.701  -15.697
   -4.339   -3.885    2.562    2.853    2.890    3.963    4.916    5.127    7.476    9.108
    9.232    9.606   10.063   10.923   11.641   12.111   12.718   13.305   13.787   14.022
            0.346064  0.199800  0.000000
  -15.741  -15.739  -15.736  -15.734  -15.720  -15.719  -15.707  -15.706  -15.701  -15.697
   -4.407   -3.891    2.616    2.795    2.980    4.152    5.082    5.309    7.649    8.966
    9.126    9.421    9.917   10.802   11.476   12.062   12.589   13.290   13.726   13.939
            0.317225  0.183150  0.000000
  -15.741  -15.739  -15.736  -15.734  -15.720  -15.719  -15.707  -15.706  -15.700  -15.697
   -4.474   -3.901    2.510    2.931    3.100    4.343    5.248    5.490    7.819    8.843
    9.041    9.258    9.782   10.702   11.323   11.983   12.384   12.979   13.802   14.027
            0.288386  0.166500  0.000000
  -15.741  -15.739  -15.736  -15.735  -15.720  -15.720  -15.707  -15.707  -15.700  -15.697
   -4.541   -3.916    2.381    3.125    3.249    4.532    5.411    5.665    7.976    8.738
    8.927    9.177    9.662   10.627   11.182   11.881   12.074   12.677   13.622   13.989
            0.259548  0.149850  0.000000
  -15.741  -15.739  -15.736  -15.735  -15.721  -15.720  -15.708  -15.707  -15.700  -15.697
   -4.605   -3.934    2.259    3.348    3.426    4.714    5.566    5.831    8.108    8.647
    8.760    9.213    9.561   10.580   11.053   11.675   11.757   12.476   13.225   14.000
            0.230709  0.133200  0.000000
  -15.741  -15.739  -15.736  -15.736  -15.721  -15.720  -15.708  -15.708  -15.700  -15.697
   -4.666   -3.953    2.146    3.594    3.629    4.886    5.709    5.983    8.199    8.560
    8.587    9.333    9.485   10.562   10.934   11.261   11.615   12.330   12.872   13.603
            0.201871  0.116550  0.000000
  -15.740  -15.739  -15.736  -15.736  -15.721  -15.720  -15.708  -15.708  -15.699  -15.697
   -4.722   -3.973    2.045    3.856    3.861    5.042    5.837    6.117    8.179    8.461
    8.501    9.445    9.510   10.572   10.824   10.882   11.456   12.212   12.577   13.177
            0.173032  0.099900  0.000000
  -15.740  -15.739  -15.737  -15.736  -15.721  -15.721  -15.708  -15.708  -15.699  -15.698
   -4.772   -3.992    1.956    4.104    4.147    5.180    5.945    6.232    7.996    8.328
    8.568    9.450    9.723   10.495   10.683   10.721   11.293   12.114   12.344   12.750
            0.144193  0.083250  0.000000
  -15.740  -15.739  -15.737  -15.737  -15.722  -15.721  -15.709  -15.708  -15.699  -15.698
   -4.816   -4.011    1.880    4.369    4.447    5.298    6.033    6.325    7.747    8.148
    8.700    9.496    9.950   10.264   10.622   10.754   11.149   12.029   12.155   12.348
            0.115355  0.066600  0.000000
  -15.740  -15.739  -15.737  -15.737  -15.722  -15.721  -15.709  -15.709  -15.699  -15.698
   -4.853   -4.027    1.817    4.645    4.759    5.396    6.100    6.394    7.467    7.924
    8.867    9.556   10.123   10.166   10.523   10.882   11.052   11.903   11.955   12.080
            0.086516  0.049950  0.000000
  -15.739  -15.739  -15.737  -15.737  -15.722  -15.721  -15.709  -15.709  -15.698  -15.698
   -4.882   -4.040    1.768    4.923    5.072    5.482    6.146    6.437    7.164    7.679
    9.059    9.576   10.122   10.332   10.426   11.022   11.045   11.588   11.886   11.958
            0.057677  0.033300  0.000000
  -15.739  -15.739  -15.737  -15.737  -15.722  -15.721  -15.709  -15.709  -15.698  -15.698
   -4.903   -4.050    1.733    5.186    5.342    5.598    6.172    6.451    6.843    7.448
    9.261    9.554   10.237   10.337   10.419   10.994   11.234   11.413   11.803   11.863
            0.028839  0.016650  0.000000
  -15.739  -15.739  -15.737  -15.737  -15.722  -15.721  -15.709  -15.709  -15.698  -15.698
   -4.916   -4.056    1.712    5.396    5.459    5.850    6.179    6.438    6.510    7.280
    9.438    9.527   10.264   10.377   10.443   10.877   11.431   11.475   11.662   11.764
            0.000000  0.000000  0.000000
  -15.739  -15.739  -15.737  -15.737  -15.722  -15.721  -15.709  -15.709  -15.698  -15.698
   -4.920   -4.058    1.705    5.482    5.482    6.172    6.177    6.177    6.426    7.219
    9.517    9.517   10.229   10.444   10.444   10.815   11.571   11.578   11.677   11.677
            0.000000  0.000000  0.015848
  -15.739  -15.739  -15.737  -15.737  -15.722  -15.721  -15.709  -15.709  -15.698  -15.698
   -4.920   -4.060    1.710    5.483    5.483    6.107    6.176    6.176    6.484    7.224
    9.512    9.512   10.229   10.446   10.446   10.800   11.540   11.540   11.585   11.727
            0.000000  0.000000  0.031696
  -15.739  -15.739  -15.737  -15.737  -15.722  -15.721  -15.709  -15.709  -15.698  -15.698
   -4.917   -4.065    1.723    5.486    5.486    5.981    6.172    6.172    6.589    7.238
    9.499    9.499   10.229   10.450   10.450   10.758   11.488   11.488   11.620   11.816
            0.000000  0.000000  0.047545
  -15.739  -15.739  -15.737  -15.737  -15.722  -15.721  -15.709  -15.709  -15.698  -15.698
   -4.912   -4.072    1.744    5.491    5.491    5.837    6.167    6.167    6.696    7.263
    9.478    9.478   10.226   10.454   10.454   10.703   11.448   11.449   11.662   11.917
            0.000000  0.000000  0.063393
  -15.739  -15.739  -15.737  -15.737  -15.722  -15.721  -15.709  -15.709  -15.698  -15.698
   -4.905   -4.083    1.774    5.498    5.498    5.687    6.160    6.160    6.793    7.299
    9.451    9.451   10.217   10.454   10.454   10.648   11.429   11.429   11.696   12.027
            0.000000  0.000000  0.079241
  -15.739  -15.739  -15.737  -15.737  -15.722  -15.721  -15.709  -15.709  -15.698  -15.698
   -4.897   -4.096    1.813    5.507    5.507    5.532    6.150    6.150    6.877    7.346
    9.421    9.421   10.196   10.446   10.446   10.604   11.431   11.431   11.716   12.143
            0.000000  0.000000  0.095089
  -15.739  -15.739  -15.737  -15.737  -15.722  -15.721  -15.709  -15.709  -15.698  -15.698
   -4.887   -4.112    1.859    5.375    5.518    5.518    6.138    6.138    6.948    7.403
    9.388    9.388   10.162   10.429   10.429   10.578   11.456   11.456   11.719   12.265
            0.000000  0.000000  0.110937
  -15.740  -15.740  -15.737  -15.737  -15.722  -15.721  -15.709  -15.709  -15.698  -15.698
   -4.875   -4.131    1.913    5.216    5.530    5.530    6.125    6.125    7.007    7.466
    9.355    9.355   10.115   10.403   10.403   10.570   11.504   11.504   11.712   12.393
            0.000000  0.000000  0.126786
  -15.740  -15.740  -15.737  -15.737  -15.723  -15.721  -15.709  -15.709  -15.698  -15.698
   -4.862   -4.151    1.975    5.057    5.544    5.544    6.109    6.109    7.057    7.530
    9.322    9.322   10.061   10.370   10.370   10.575   11.569   11.570   11.702   12.525
            0.000000  0.000000  0.142634
  -15.740  -15.740  -15.737  -15.737  -15.723  -15.721  -15.709  -15.709  -15.698  -15.698
   -4.847   -4.173    2.045    4.898    5.560    5.560    6.092    6.092    7.102    7.590
    9.291    9.291   10.006   10.332   10.332   10.587   11.651   11.651   11.695   12.662
            0.000000  0.000000  0.158482
  -15.740  -15.740  -15.737  -15.737  -15.723  -15.721  -15.709  -15.709  -15.698  -15.698
   -4.831   -4.197    2.121    4.739    5.578    5.578    6.073    6.073    7.144    7.645
    9.262    9.262    9.955   10.292   10.292   10.601   11.698   11.746   11.746   12.803
            0.000000  0.000000  0.174330
  -15.740  -15.740  -15.736  -15.736  -15.723  -15.721  -15.709  -15.709  -15.698  -15.698
   -4.813   -4.222    2.204    4.582    5.597    5.597    6.052    6.052    7.184    7.690
    9.235    9.235    9.908   10.252   10.252   10.612   11.716   11.850   11.850   12.948
            0.000000  0.000000  0.190178
  -15.740  -15.740  -15.736  -15.736  -15.723  -15.721  -15.709  -15.709  -15.698  -15.698
   -4.795   -4.248    2.294    4.425    5.618    5.618    6.030    6.030    7.224    7.725
    9.211    9.211    9.869   10.212   10.212   10.617   11.750   11.962   11.962   13.096
            0.000000  0.000000  0.206026
  -15.740  -15.740  -15.736  -15.736  -15.723  -15.721  -15.709  -15.709  -15.698  -15.698
   -4.775   -4.274    2.389    4.271    5.639    5.639    6.007    6.007    7.262    7.750
    9.189    9.189    9.838   10.175   10.175   10.616   11.803   12.079   12.079   13.248
            0.000000  0.000000  0.221875
  -15.740  -15.740  -15.736  -15.736  -15.723  -15.721  -15.709  -15.709  -15.698  -15.698
   -4.756   -4.300    2.490    4.119    5.662    5.662    5.982    5.982    7.300    7.765
    9.171    9.171    9.814   10.141   10.141   10.610   11.874   12.198   12.198   13.357
            0.000000  0.000000  0.237723
  -15.740  -15.740  -15.736  -15.736  -15.723  -15.721  -15.709  -15.709  -15.698  -15.698
   -4.736   -4.325    2.596    3.970    5.687    5.687    5.957    5.957    7.337    7.770
    9.156    9.156    9.797   10.111   10.111   10.599   11.960   12.318   12.318   13.264
            0.000000  0.000000  0.253571
  -15.740  -15.740  -15.736  -15.736  -15.723  -15.721  -15.709  -15.709  -15.698  -15.698
   -4.718   -4.349    2.705    3.825    5.712    5.712    5.931    5.931    7.372    7.768
    9.143    9.143    9.786   10.086   10.086   10.586   12.060   12.434   12.434   13.155
            0.000000  0.000000  0.269419
  -15.740  -15.740  -15.736  -15.736  -15.723  -15.721  -15.709  -15.709  -15.698  -15.698
   -4.701   -4.369    2.817    3.686    5.737    5.737    5.904    5.904    7.403    7.761
    9.134    9.134    9.780   10.066   10.066   10.574   12.170   12.540   12.540   13.035
            0.000000  0.000000  0.285267
  -15.740  -15.740  -15.736  -15.736  -15.723  -15.721  -15.709  -15.709  -15.698  -15.698
   -4.687   -4.386    2.927    3.556    5.763    5.763    5.877    5.877    7.429    7.752
    9.127    9.127    9.776   10.051   10.051   10.563   12.283   12.629   12.629   12.914
            0.000000  0.000000  0.301116
  -15.740  -15.740  -15.736  -15.736  -15.723  -15.721  -15.709  -15.709  -15.698  -15.698
   -4.678   -4.397    3.025    3.446    5.789    5.789    5.852    5.852    7.446    7.745
    9.123    9.123    9.775   10.042   10.042   10.556   12.386   12.690   12.690   12.805
            0.000000  0.000000  0.316964
  -15.740  -15.740  -15.736  -15.736  -15.723  -15.721  -15.709  -15.709  -15.698  -15.698
   -4.674   -4.401    3.072    3.395    5.805    5.805    5.835    5.835    7.452    7.742
    9.122    9.122    9.774   10.039   10.039   10.553   12.437   12.712   12.712   12.752
