 &plot nbnd=  25, nks=    81 /
            0.500000  0.500000  0.500000
  -50.680  -24.584  -24.584  -24.584  -19.059   -4.671   -4.671   -4.671   -3.174   -3.174
   -3.174    6.761    7.993    7.993    8.403    8.403    8.403   11.292   11.292   11.292
   15.592   15.592   15.592   15.968   16.152
            0.475000  0.475000  0.475000
  -50.680  -24.584  -24.584  -24.584  -19.059   -4.700   -4.676   -4.676   -3.164   -3.164
   -3.143    6.778    8.000    8.000    8.382    8.403    8.403   11.271   11.271   11.284
   15.586   15.586   15.592   15.962   16.133
            0.450000  0.450000  0.450000
  -50.680  -24.584  -24.584  -24.584  -19.061   -4.779   -4.692   -4.692   -3.136   -3.136
   -3.056    6.827    8.021    8.021    8.325    8.405    8.405   11.209   11.209   11.259
   15.570   15.570   15.594   15.945   16.091
            0.425000  0.425000  0.425000
  -50.680  -24.583  -24.583  -24.583  -19.065   -4.891   -4.715   -4.715   -3.091   -3.091
   -2.933    6.904    8.057    8.057    8.242    8.408    8.408   11.117   11.117   11.219
   15.540   15.540   15.593   15.909   16.049
            0.400000  0.400000  0.400000
  -50.680  -24.582  -24.582  -24.582  -19.070   -5.020   -4.742   -4.742   -3.035   -3.035
   -2.792    7.003    8.104    8.104    8.153    8.415    8.415   11.004   11.004   11.164
   15.495   15.495   15.582   15.857   16.013
            0.375000  0.375000  0.375000
  -50.680  -24.581  -24.580  -24.580  -19.076   -5.153   -4.772   -4.772   -2.971   -2.971
   -2.647    7.110    8.086    8.161    8.161    8.427    8.427   10.885   10.885   11.097
   15.432   15.432   15.546   15.811   15.989
            0.350000  0.350000  0.350000
  -50.680  -24.579  -24.579  -24.579  -19.083   -5.283   -4.800   -4.800   -2.905   -2.905
   -2.511    7.204    8.072    8.226    8.226    8.447    8.447   10.770   10.770   11.020
   15.347   15.347   15.471   15.790   15.956
            0.325000  0.325000  0.325000
  -50.680  -24.577  -24.577  -24.577  -19.091   -5.404   -4.825   -4.825   -2.841   -2.841
   -2.393    7.267    8.142    8.295    8.295    8.478    8.478   10.671   10.671   10.935
   15.243   15.244   15.360   15.792   15.909
            0.300000  0.300000  0.300000
  -50.680  -24.576  -24.575  -24.575  -19.100   -5.512   -4.845   -4.845   -2.782   -2.782
   -2.300    7.305    8.296    8.364    8.364    8.523    8.523   10.596   10.596   10.844
   15.120   15.120   15.226   15.807   15.866
            0.275000  0.275000  0.275000
  -50.680  -24.574  -24.573  -24.573  -19.109   -5.605   -4.859   -4.859   -2.732   -2.732
   -2.237    7.343    8.430    8.430    8.515    8.586    8.586   10.549   10.549   10.750
   14.984   14.984   15.076   15.828   15.828
            0.250000  0.250000  0.250000
  -50.681  -24.572  -24.571  -24.571  -19.119   -5.681   -4.866   -4.866   -2.693   -2.693
   -2.206    7.404    8.490    8.490    8.670    8.670    8.776   10.536   10.536   10.656
   14.839   14.839   14.915   15.791   15.791
            0.225000  0.225000  0.225000
  -50.681  -24.570  -24.569  -24.569  -19.130   -5.739   -4.866   -4.866   -2.666   -2.666
   -2.208    7.497    8.542    8.542    8.777    8.777    9.065   10.557   10.557   10.563
   14.690   14.690   14.745   15.751   15.751
            0.200000  0.200000  0.200000
  -50.681  -24.568  -24.567  -24.567  -19.140   -5.780   -4.860   -4.860   -2.651   -2.651
   -2.240    7.624    8.583    8.583    8.907    8.907    9.371   10.475   10.608   10.608
   14.539   14.539   14.570   15.701   15.701
            0.175000  0.175000  0.175000
  -50.681  -24.566  -24.565  -24.565  -19.150   -5.805   -4.848   -4.848   -2.648   -2.648
   -2.297    7.780    8.616    8.616    9.061    9.061    9.687   10.392   10.685   10.685
   14.390   14.390   14.395   15.635   15.635
            0.150000  0.150000  0.150000
  -50.681  -24.564  -24.563  -24.563  -19.159   -5.815   -4.832   -4.832   -2.655   -2.655
   -2.371    7.955    8.640    8.640    9.235    9.235   10.004   10.317   10.781   10.781
   14.224   14.244   14.244   15.541   15.541
            0.125000  0.125000  0.125000
  -50.681  -24.562  -24.562  -24.562  -19.168   -5.813   -4.813   -4.813   -2.669   -2.669
   -2.456    8.136    8.658    8.658    9.424    9.424   10.251   10.314   10.888   10.888
   14.062   14.101   14.101   15.412   15.412
            0.100000  0.100000  0.100000
  -50.681  -24.561  -24.560  -24.560  -19.176   -5.803   -4.793   -4.793   -2.687   -2.687
   -2.542    8.311    8.671    8.671    9.616    9.616   10.195   10.605   10.996   10.996
   13.915   13.962   13.962   15.256   15.256
            0.075000  0.075000  0.075000
  -50.681  -24.559  -24.559  -24.559  -19.182   -5.788   -4.774   -4.774   -2.706   -2.706
   -2.620    8.466    8.680    8.680    9.798    9.798   10.150   10.863   11.096   11.096
   13.790   13.831   13.831   15.098   15.098
            0.050000  0.050000  0.050000
  -50.681  -24.558  -24.558  -24.558  -19.187   -5.773   -4.759   -4.759   -2.723   -2.723
   -2.683    8.587    8.686    8.686    9.951    9.951   10.118   11.069   11.178   11.178
   13.692   13.718   13.718   14.966   14.966
            0.025000  0.025000  0.025000
  -50.681  -24.558  -24.558  -24.558  -19.190   -5.763   -4.749   -4.749   -2.734   -2.734
   -2.724    8.664    8.689    8.689   10.055   10.055   10.098   11.204   11.232   11.232
   13.629   13.637   13.637   14.880   14.880
            0.000000  0.000000  0.000000
  -50.681  -24.558  -24.558  -24.558  -19.191   -5.759   -4.745   -4.745   -2.738   -2.738
   -2.738    8.690    8.690    8.690   10.092   10.092   10.092   11.252   11.252   11.252
   13.608   13.608   13.608   14.850   14.851
            0.000000  0.025000  0.000000
  -50.681  -24.558  -24.558  -24.558  -19.190   -5.760   -4.748   -4.745   -2.737   -2.737
   -2.732    8.683    8.689    8.689   10.084   10.084   10.084   11.232   11.247   11.247
   13.609   13.621   13.621   14.859   14.862
            0.000000  0.050000  0.000000
  -50.681  -24.558  -24.558  -24.558  -19.189   -5.764   -4.755   -4.744   -2.736   -2.736
   -2.713    8.662    8.685    8.685   10.061   10.063   10.063   11.175   11.233   11.233
   13.611   13.660   13.660   14.884   14.895
            0.000000  0.075000  0.000000
  -50.681  -24.559  -24.558  -24.558  -19.188   -5.772   -4.766   -4.743   -2.733   -2.733
   -2.683    8.628    8.679    8.679   10.024   10.028   10.028   11.085   11.212   11.212
   13.616   13.722   13.722   14.925   14.949
            0.000000  0.100000  0.000000
  -50.681  -24.561  -24.557  -24.557  -19.186   -5.783   -4.778   -4.741   -2.730   -2.730
   -2.643    8.582    8.669    8.669    9.974    9.982    9.982   10.967   11.183   11.183
   13.622   13.805   13.805   14.979   15.019
            0.000000  0.125000  0.000000
  -50.681  -24.562  -24.557  -24.557  -19.183   -5.798   -4.790   -4.739   -2.725   -2.725
   -2.596    8.525    8.657    8.657    9.914    9.927    9.927   10.827   11.150   11.150
   13.630   13.904   13.904   15.044   15.104
            0.000000  0.150000  0.000000
  -50.681  -24.564  -24.557  -24.557  -19.180   -5.818   -4.800   -4.737   -2.720   -2.720
   -2.542    8.459    8.642    8.642    9.847    9.867    9.867   10.672   11.113   11.114
   13.639   14.016   14.016   15.117   15.197
            0.000000  0.175000  0.000000
  -50.681  -24.566  -24.557  -24.557  -19.176   -5.842   -4.805   -4.734   -2.715   -2.715
   -2.485    8.386    8.624    8.624    9.774    9.803    9.803   10.508   11.074   11.075
   13.649   14.137   14.137   15.193   15.294
            0.000000  0.200000  0.000000
  -50.681  -24.568  -24.557  -24.557  -19.172   -5.871   -4.806   -4.731   -2.708   -2.708
   -2.425    8.308    8.603    8.603    9.697    9.739    9.739   10.341   11.034   11.034
   13.660   14.264   14.264   15.268   15.389
            0.000000  0.225000  0.000000
  -50.681  -24.571  -24.557  -24.557  -19.168   -5.904   -4.801   -4.728   -2.702   -2.702
   -2.365    8.226    8.579    8.579    9.620    9.677    9.677   10.174   10.994   10.994
   13.672   14.392   14.393   15.337   15.477
            0.000000  0.250000  0.000000
  -50.681  -24.573  -24.557  -24.557  -19.164   -5.940   -4.792   -4.724   -2.695   -2.695
   -2.306    8.143    8.553    8.553    9.544    9.618    9.618   10.011   10.955   10.955
   13.684   14.520   14.521   15.398   15.553
            0.000000  0.275000  0.000000
  -50.681  -24.575  -24.557  -24.557  -19.160   -5.977   -4.778   -4.721   -2.688   -2.688
   -2.250    8.061    8.525    8.525    9.470    9.563    9.563    9.857   10.917   10.917
   13.696   14.645   14.645   15.448   15.613
            0.000000  0.300000  0.000000
  -50.681  -24.578  -24.557  -24.557  -19.156   -6.015   -4.761   -4.718   -2.682   -2.682
   -2.197    7.982    8.496    8.496    9.401    9.515    9.515    9.712   10.881   10.881
   13.708   14.762   14.762   15.488   15.658
            0.000000  0.325000  0.000000
  -50.681  -24.580  -24.557  -24.557  -19.152   -6.051   -4.743   -4.714   -2.675   -2.675
   -2.148    7.907    8.466    8.466    9.337    9.472    9.472    9.581   10.848   10.848
   13.720   14.871   14.871   15.519   15.692
            0.000000  0.350000  0.000000
  -50.681  -24.582  -24.557  -24.557  -19.148   -6.085   -4.724   -4.712   -2.670   -2.670
   -2.105    7.838    8.438    8.438    9.280    9.436    9.436    9.463   10.818   10.818
   13.730   14.969   14.969   15.543   15.715
            0.000000  0.375000  0.000000
  -50.681  -24.584  -24.556  -24.556  -19.145   -6.115   -4.709   -4.705   -2.664   -2.664
   -2.067    7.776    8.412    8.412    9.230    9.362    9.406    9.406   10.793   10.793
   13.740   15.055   15.055   15.561   15.732
            0.000000  0.400000  0.000000
  -50.681  -24.585  -24.556  -24.556  -19.142   -6.141   -4.707   -4.688   -2.660   -2.660
   -2.036    7.724    8.388    8.388    9.188    9.277    9.383    9.383   10.771   10.771
   13.748   15.127   15.127   15.574   15.743
            0.000000  0.425000  0.000000
  -50.681  -24.587  -24.556  -24.556  -19.140   -6.162   -4.705   -4.674   -2.656   -2.656
   -2.011    7.683    8.369    8.369    9.154    9.211    9.364    9.364   10.754   10.754
   13.755   15.183   15.183   15.583   15.751
            0.000000  0.450000  0.000000
  -50.681  -24.588  -24.556  -24.556  -19.138   -6.178   -4.704   -4.664   -2.654   -2.654
   -1.993    7.652    8.355    8.355    9.130    9.163    9.352    9.352   10.742   10.742
   13.759   15.224   15.224   15.590   15.755
            0.000000  0.475000  0.000000
  -50.681  -24.588  -24.556  -24.556  -19.137   -6.187   -4.703   -4.657   -2.652   -2.652
   -1.982    7.633    8.346    8.346    9.116    9.134    9.344    9.344   10.734   10.734
   13.762   15.248   15.248   15.593   15.759
            0.000000  0.500000  0.000000
  -50.681  -24.588  -24.556  -24.556  -19.137   -6.190   -4.703   -4.655   -2.651   -2.651
   -1.978    7.627    8.343    8.343    9.111    9.124    9.341    9.341   10.732   10.732
   13.763   15.256   15.256   15.594   15.759
            0.025000  0.500000  0.000000
  -50.681  -24.588  -24.556  -24.556  -19.137   -6.187   -4.703   -4.659   -2.651   -2.649
   -1.981    7.625    8.344    8.345    9.024    9.122    9.336    9.437   10.718   10.723
   13.775   15.256   15.257   15.595   15.764
            0.050000  0.500000  0.000000
  -50.681  -24.588  -24.557  -24.556  -19.136   -6.177   -4.703   -4.671   -2.649   -2.641
   -1.988    7.618    8.347    8.352    8.866    9.140    9.320    9.594   10.678   10.698
   13.808   15.254   15.260   15.595   15.779
            0.075000  0.500000  0.000000
  -50.681  -24.588  -24.558  -24.556  -19.135   -6.160   -4.703   -4.691   -2.646   -2.629
   -2.001    7.606    8.351    8.362    8.701    9.170    9.294    9.757   10.615   10.658
   13.863   15.250   15.263   15.597   15.798
            0.100000  0.500000  0.000000
  -50.681  -24.588  -24.559  -24.556  -19.133   -6.137   -4.717   -4.703   -2.642   -2.612
   -2.017    7.591    8.357    8.372    8.536    9.211    9.258    9.918   10.536   10.604
   13.935   15.248   15.268   15.599   15.816
            0.125000  0.500000  0.000000
  -50.681  -24.588  -24.561  -24.556  -19.131   -6.108   -4.750   -4.704   -2.638   -2.592
   -2.037    7.573    8.365    8.374    8.380    9.214    9.262   10.075   10.447   10.540
   14.023   15.245   15.275   15.601   15.833
            0.150000  0.500000  0.000000
  -50.681  -24.588  -24.562  -24.556  -19.129   -6.072   -4.787   -4.707   -2.632   -2.569
   -2.061    7.552    8.217    8.375    8.382    9.164    9.322   10.226   10.355   10.468
   14.124   15.244   15.282   15.603   15.848
            0.175000  0.500000  0.000000
  -50.681  -24.588  -24.564  -24.556  -19.126   -6.031   -4.828   -4.712   -2.626   -2.544
   -2.086    7.529    8.066    8.377    8.386    9.109    9.389   10.267   10.369   10.391
   14.233   15.246   15.291   15.606   15.860
            0.200000  0.500000  0.000000
  -50.681  -24.587  -24.566  -24.556  -19.123   -5.984   -4.871   -4.719   -2.619   -2.518
   -2.113    7.504    7.922    8.362    8.398    9.049    9.461   10.190   10.311   10.502
   14.349   15.251   15.301   15.609   15.871
            0.225000  0.500000  0.000000
  -50.681  -24.587  -24.569  -24.556  -19.120   -5.932   -4.915   -4.730   -2.611   -2.491
   -2.141    7.476    7.787    8.335    8.412    8.988    9.537   10.128   10.229   10.626
   14.469   15.261   15.311   15.612   15.873
            0.250000  0.500000  0.000000
  -50.681  -24.587  -24.571  -24.556  -19.117   -5.876   -4.960   -4.745   -2.604   -2.465
   -2.168    7.446    7.660    8.297    8.428    8.926    9.615   10.082   10.148   10.739
   14.591   15.276   15.322   15.616   15.856
            0.275000  0.500000  0.000000
  -50.680  -24.587  -24.573  -24.556  -19.114   -5.816   -5.003   -4.764   -2.596   -2.439
   -2.194    7.413    7.543    8.252    8.444    8.866    9.692   10.054   10.069   10.840
   14.711   15.296   15.334   15.620   15.839
            0.300000  0.500000  0.000000
  -50.680  -24.587  -24.576  -24.555  -19.111   -5.752   -5.044   -4.789   -2.589   -2.415
   -2.218    7.378    7.437    8.202    8.460    8.807    9.768    9.994   10.041   10.931
   14.828   15.321   15.346   15.623   15.822
            0.325000  0.500000  0.000000
  -50.680  -24.587  -24.578  -24.555  -19.108   -5.685   -5.083   -4.819   -2.582   -2.392
   -2.240    7.340    7.341    8.152    8.477    8.753    9.839    9.923   10.039   11.009
   14.940   15.351   15.357   15.627   15.804
            0.350000  0.500000  0.000000
  -50.680  -24.586  -24.580  -24.555  -19.106   -5.616   -5.118   -4.855   -2.575   -2.372
   -2.259    7.257    7.300    8.106    8.494    8.703    9.859    9.905   10.046   11.076
   15.046   15.368   15.385   15.631   15.785
            0.375000  0.500000  0.000000
  -50.680  -24.586  -24.582  -24.555  -19.103   -5.545   -5.149   -4.897   -2.570   -2.354
   -2.276    7.185    7.262    8.065    8.510    8.660    9.801    9.963   10.058   11.132
   15.142   15.378   15.423   15.634   15.765
            0.400000  0.500000  0.000000
  -50.680  -24.586  -24.583  -24.555  -19.101   -5.473   -5.175   -4.944   -2.565   -2.339
   -2.289    7.126    7.225    8.032    8.525    8.623    9.753   10.013   10.072   11.177
   15.228   15.387   15.462   15.637   15.742
            0.425000  0.500000  0.000000
  -50.680  -24.586  -24.584  -24.555  -19.100   -5.401   -5.196   -4.996   -2.561   -2.327
   -2.299    7.079    7.194    8.006    8.537    8.593    9.713   10.053   10.085   11.212
   15.300   15.395   15.502   15.640   15.717
            0.450000  0.500000  0.000000
  -50.680  -24.586  -24.585  -24.555  -19.098   -5.331   -5.211   -5.053   -2.558   -2.319
   -2.306    7.045    7.170    7.988    8.546    8.572    9.684   10.082   10.096   11.236
   15.356   15.401   15.541   15.642   15.690
            0.475000  0.500000  0.000000
  -50.680  -24.586  -24.586  -24.555  -19.098   -5.264   -5.220   -5.111   -2.556   -2.314
   -2.311    7.025    7.154    7.977    8.552    8.559    9.666   10.100   10.103   11.251
   15.393   15.404   15.577   15.643   15.662
            0.500000  0.500000  0.000000
  -50.680  -24.586  -24.586  -24.555  -19.097   -5.223   -5.223   -5.149   -2.555   -2.312
   -2.312    7.018    7.149    7.974    8.554    8.554    9.660   10.106   10.106   11.256
   15.405   15.405   15.598   15.644   15.644
            0.475000  0.475000  0.000000
  -50.680  -24.586  -24.586  -24.555  -19.098   -5.288   -5.220   -5.086   -2.556   -2.314
   -2.311    7.032    7.160    7.981    8.552    8.561    9.672   10.090   10.105   11.246
   15.387   15.396   15.562   15.645   15.672
            0.450000  0.450000  0.000000
  -50.680  -24.585  -24.585  -24.555  -19.099   -5.379   -5.213   -5.001   -2.560   -2.320
   -2.306    7.069    7.194    8.001    8.547    8.581    9.707   10.044   10.104   11.218
   15.336   15.370   15.502   15.649   15.708
            0.425000  0.425000  0.000000
  -50.680  -24.584  -24.584  -24.555  -19.102   -5.468   -5.202   -4.922   -2.566   -2.330
   -2.300    7.123    7.257    8.036    8.539    8.615    9.764    9.975   10.102   11.173
   15.261   15.327   15.432   15.654   15.739
            0.400000  0.400000  0.000000
  -50.680  -24.583  -24.583  -24.555  -19.105   -5.551   -5.185   -4.854   -2.574   -2.344
   -2.291    7.185    7.355    8.082    8.530    8.662    9.838    9.893   10.101   11.115
   15.170   15.269   15.352   15.659   15.763
            0.375000  0.375000  0.000000
  -50.680  -24.582  -24.582  -24.555  -19.109   -5.626   -5.165   -4.798   -2.584   -2.362
   -2.281    7.253    7.487    8.138    8.523    8.721    9.809    9.928   10.100   11.046
   15.067   15.197   15.261   15.664   15.779
            0.350000  0.350000  0.000000
  -50.680  -24.580  -24.580  -24.555  -19.114   -5.692   -5.140   -4.755   -2.595   -2.383
   -2.272    7.328    7.647    8.203    8.519    8.792    9.737   10.030   10.101   10.972
   14.955   15.112   15.161   15.666   15.790
            0.325000  0.325000  0.000000
  -50.681  -24.579  -24.578  -24.556  -19.120   -5.746   -5.112   -4.726   -2.608   -2.407
   -2.265    7.410    7.831    8.273    8.518    8.875    9.687   10.104   10.140   10.899
   14.836   15.014   15.052   15.664   15.792
            0.300000  0.300000  0.000000
  -50.681  -24.577  -24.576  -24.556  -19.127   -5.789   -5.081   -4.709   -2.622   -2.435
   -2.264    7.499    8.032    8.346    8.522    8.968    9.668   10.110   10.257   10.831
   14.712   14.905   14.936   15.656   15.786
            0.275000  0.275000  0.000000
  -50.681  -24.575  -24.574  -24.556  -19.134   -5.820   -5.047   -4.702   -2.636   -2.465
   -2.271    7.597    8.245    8.418    8.529    9.070    9.688   10.115   10.378   10.777
   14.586   14.786   14.815   15.642   15.769
            0.250000  0.250000  0.000000
  -50.681  -24.572  -24.572  -24.556  -19.141   -5.840   -5.011   -4.704   -2.650   -2.496
   -2.288    7.702    8.463    8.485    8.541    9.180    9.751   10.120   10.499   10.744
   14.457   14.658   14.691   15.618   15.740
            0.225000  0.225000  0.000000
  -50.681  -24.570  -24.570  -24.557  -19.148   -5.849   -4.974   -4.712   -2.664   -2.530
   -2.317    7.816    8.544    8.556    8.683    9.297    9.858   10.120   10.618   10.738
   14.330   14.523   14.565   15.582   15.698
            0.200000  0.200000  0.000000
  -50.681  -24.568  -24.567  -24.557  -19.156   -5.849   -4.936   -4.722   -2.678   -2.563
   -2.358    7.938    8.574    8.594    8.900    9.417   10.004   10.115   10.733   10.761
   14.204   14.383   14.439   15.527   15.636
            0.175000  0.175000  0.000000
  -50.681  -24.566  -24.565  -24.557  -19.163   -5.841   -4.899   -4.733   -2.691   -2.597
   -2.410    8.066    8.594    8.632    9.110    9.539   10.106   10.183   10.811   10.842
   14.084   14.242   14.312   15.450   15.549
            0.150000  0.150000  0.000000
  -50.681  -24.564  -24.563  -24.557  -19.169   -5.829   -4.864   -4.742   -2.702   -2.629
   -2.469    8.197    8.614    8.659    9.314    9.659   10.098   10.383   10.882   10.942
   13.972   14.104   14.184   15.350   15.433
            0.125000  0.125000  0.000000
  -50.681  -24.562  -24.562  -24.557  -19.175   -5.813   -4.831   -4.748   -2.713   -2.659
   -2.533    8.326    8.634    8.676    9.508    9.773   10.092   10.592   10.965   11.031
   13.869   13.972   14.056   15.233   15.298
            0.100000  0.100000  0.000000
  -50.681  -24.561  -24.560  -24.557  -19.181   -5.796   -4.802   -4.750   -2.722   -2.685
   -2.596    8.444    8.652    8.685    9.689    9.877   10.089   10.794   11.050   11.107
   13.780   13.853   13.929   15.114   15.159
            0.075000  0.075000  0.000000
  -50.681  -24.559  -24.559  -24.557  -19.185   -5.781   -4.778   -4.750   -2.729   -2.708
   -2.653    8.546    8.668    8.690    9.849    9.966   10.089   10.977   11.130   11.169
   13.707   13.752   13.809   15.007   15.033
            0.050000  0.050000  0.000000
  -50.681  -24.558  -24.558  -24.558  -19.188   -5.769   -4.760   -4.748   -2.734   -2.724
   -2.698    8.624    8.680    8.691    9.978   10.034   10.090   11.123   11.195   11.214
   13.653   13.674   13.705   14.922   14.934
            0.025000  0.025000  0.000000
  -50.681  -24.558  -24.558  -24.558  -19.190   -5.762   -4.749   -4.746   -2.737   -2.734
   -2.728    8.674    8.688    8.691   10.062   10.077   10.091   11.218   11.237   11.242
   13.619   13.625   13.634   14.869   14.872
            0.000000  0.000000  0.000000
  -50.681  -24.558  -24.558  -24.558  -19.191   -5.759   -4.745   -4.745   -2.738   -2.738
   -2.738    8.690    8.690    8.690   10.092   10.092   10.092   11.252   11.252   11.252
   13.608   13.608   13.608   14.850   14.850
