 &plot nbnd=  42, nks=    81 /
            0.000000  0.000000  0.000000
  -69.786  -69.188  -69.187  -36.533  -36.530  -36.530  -35.936  -35.936  -35.932  -35.932
  -35.932  -35.928  -14.872  -14.872  -14.871  -14.871  -14.856  -14.855  -14.843  -14.843
  -14.833  -14.833   -4.062   -3.199    2.550    6.332    6.332    7.014    7.025    7.025
    7.271    8.063   10.371   10.371   11.076   11.292   11.292   11.640   12.393   12.433
   12.511   12.511
            0.028868  0.000000  0.000000
  -69.786  -69.188  -69.187  -36.533  -36.530  -36.530  -35.936  -35.936  -35.932  -35.932
  -35.931  -35.928  -14.872  -14.872  -14.871  -14.871  -14.856  -14.855  -14.843  -14.843
  -14.833  -14.833   -4.059   -3.197    2.555    6.264    6.317    6.735    7.028    7.280
    7.311    8.109   10.309   10.379   11.104   11.238   11.292   11.688   12.295   12.353
   12.468   12.569
            0.057735  0.000000  0.000000
  -69.786  -69.188  -69.187  -36.533  -36.530  -36.530  -35.936  -35.936  -35.932  -35.932
  -35.931  -35.928  -14.872  -14.872  -14.871  -14.871  -14.856  -14.855  -14.843  -14.843
  -14.833  -14.833   -4.049   -3.193    2.571    6.084    6.273    6.467    7.036    7.293
    7.597    8.239   10.162   10.403   11.105   11.167   11.290   11.789   12.127   12.288
   12.551   12.669
            0.086603  0.000000  0.000000
  -69.786  -69.188  -69.187  -36.533  -36.530  -36.530  -35.936  -35.936  -35.932  -35.932
  -35.931  -35.928  -14.873  -14.872  -14.871  -14.870  -14.856  -14.854  -14.843  -14.843
  -14.833  -14.833   -4.033   -3.185    2.597    5.838    6.208    6.216    7.043    7.289
    7.869    8.426    9.992   10.442   10.943   11.239   11.279   11.743   12.149   12.278
   12.521   12.911
            0.115470  0.000000  0.000000
  -69.786  -69.188  -69.187  -36.533  -36.530  -36.530  -35.936  -35.936  -35.932  -35.932
  -35.931  -35.928  -14.873  -14.872  -14.871  -14.870  -14.855  -14.854  -14.843  -14.843
  -14.833  -14.832   -4.011   -3.175    2.634    5.563    5.976    6.127    7.044    7.263
    8.120    8.624    9.846   10.493   10.780   11.257   11.319   11.565   12.275   12.328
   12.556   13.193
            0.144338  0.000000  0.000000
  -69.786  -69.188  -69.187  -36.533  -36.530  -36.530  -35.936  -35.936  -35.933  -35.932
  -35.931  -35.928  -14.873  -14.872  -14.871  -14.870  -14.855  -14.854  -14.843  -14.843
  -14.833  -14.832   -3.983   -3.162    2.681    5.279    5.741    6.037    7.036    7.217
    8.349    8.764    9.783   10.548   10.632   11.240   11.313   11.484   12.274   12.435
   12.771   13.414
            0.173205  0.000000  0.000000
  -69.786  -69.188  -69.187  -36.533  -36.530  -36.530  -35.936  -35.936  -35.933  -35.932
  -35.930  -35.928  -14.873  -14.872  -14.871  -14.870  -14.855  -14.854  -14.843  -14.843
  -14.833  -14.832   -3.949   -3.148    2.739    4.997    5.513    5.943    7.018    7.151
    8.549    8.780    9.856   10.511   10.588   11.161   11.251   11.589   12.236   12.588
   13.061   13.649
            0.202073  0.000000  0.000000
  -69.786  -69.188  -69.187  -36.533  -36.530  -36.530  -35.936  -35.936  -35.933  -35.932
  -35.930  -35.928  -14.874  -14.872  -14.870  -14.869  -14.855  -14.854  -14.843  -14.843
  -14.834  -14.832   -3.910   -3.132    2.806    4.722    5.290    5.847    6.991    7.065
    8.682    8.720   10.014   10.451   10.595   11.025   11.316   11.726   12.220   12.777
   13.374   13.895
            0.230940  0.000000  0.000000
  -69.786  -69.188  -69.187  -36.533  -36.530  -36.530  -35.936  -35.936  -35.933  -35.932
  -35.930  -35.928  -14.874  -14.872  -14.870  -14.869  -14.855  -14.854  -14.842  -14.842
  -14.834  -14.832   -3.867   -3.115    2.883    4.459    5.076    5.752    6.955    6.961
    8.544    8.841   10.097   10.537   10.567   10.939   11.441   11.853   12.263   12.993
   13.696   14.151
            0.259808  0.000000  0.000000
  -69.786  -69.188  -69.187  -36.533  -36.530  -36.530  -35.936  -35.936  -35.933  -35.932
  -35.930  -35.928  -14.874  -14.871  -14.870  -14.869  -14.855  -14.853  -14.842  -14.842
  -14.834  -14.832   -3.819   -3.098    2.969    4.210    4.871    5.661    6.838    6.914
    8.391    8.922   10.063   10.516   10.727   10.953   11.616   11.936   12.405   13.232
   14.017   14.416
            0.288675  0.000000  0.000000
  -69.786  -69.188  -69.187  -36.533  -36.530  -36.530  -35.936  -35.936  -35.934  -35.931
  -35.930  -35.928  -14.875  -14.871  -14.870  -14.868  -14.855  -14.853  -14.842  -14.842
  -14.834  -14.831   -3.768   -3.081    3.063    3.977    4.678    5.574    6.697    6.869
    8.242    8.964    9.994   10.455   10.821   11.163   11.828   11.991   12.632   13.487
   14.319   14.688
            0.317543  0.000000  0.000000
  -69.786  -69.188  -69.187  -36.533  -36.530  -36.530  -35.936  -35.936  -35.934  -35.931
  -35.930  -35.928  -14.875  -14.871  -14.870  -14.868  -14.854  -14.853  -14.842  -14.841
  -14.835  -14.831   -3.713   -3.066    3.163    3.764    4.497    5.493    6.540    6.822
    8.103    8.975    9.914   10.390   10.893   11.438   12.065   12.067   12.909   13.754
   14.503   14.757
            0.346410  0.000000  0.000000
  -69.786  -69.188  -69.187  -36.533  -36.530  -36.530  -35.936  -35.936  -35.934  -35.931
  -35.929  -35.928  -14.875  -14.871  -14.870  -14.867  -14.854  -14.853  -14.841  -14.841
  -14.835  -14.831   -3.658   -3.053    3.261    3.579    4.330    5.418    6.371    6.776
    7.979    8.965    9.834   10.328   10.990   11.675   12.205   12.329   13.211   14.029
   14.372   14.714
            0.375278  0.000000  0.000000
  -69.786  -69.188  -69.187  -36.533  -36.530  -36.530  -35.936  -35.936  -35.934  -35.931
  -35.929  -35.928  -14.875  -14.871  -14.870  -14.867  -14.854  -14.852  -14.841  -14.841
  -14.835  -14.831   -3.601   -3.043    3.295    3.484    4.178    5.351    6.193    6.733
    7.870    8.944    9.758   10.270   11.108   11.832   12.447   12.609   13.513   14.157
   14.305   14.611
            0.404145  0.000000  0.000000
  -69.786  -69.188  -69.187  -36.533  -36.530  -36.530  -35.936  -35.936  -35.934  -35.931
  -35.929  -35.928  -14.876  -14.871  -14.870  -14.867  -14.854  -14.852  -14.841  -14.840
  -14.836  -14.831   -3.545   -3.036    3.185    3.559    4.046    5.292    6.010    6.692
    7.776    8.918    9.690   10.218   11.242   11.933   12.758   12.904   13.734   13.971
   14.542   14.572
            0.433013  0.000000  0.000000
  -69.786  -69.188  -69.187  -36.533  -36.530  -36.530  -35.936  -35.936  -35.934  -35.931
  -35.929  -35.928  -14.876  -14.871  -14.870  -14.866  -14.854  -14.852  -14.840  -14.840
  -14.836  -14.830   -3.491   -3.033    3.058    3.672    3.936    5.241    5.828    6.656
    7.697    8.891    9.631   10.173   11.386   12.013   13.095   13.210   13.647   13.958
   14.622   14.815
            0.461880  0.000000  0.000000
  -69.786  -69.188  -69.187  -36.533  -36.530  -36.530  -35.936  -35.936  -35.934  -35.931
  -35.929  -35.928  -14.876  -14.871  -14.870  -14.866  -14.854  -14.852  -14.840  -14.840
  -14.836  -14.830   -3.440   -3.034    2.948    3.755    3.883    5.199    5.650    6.625
    7.633    8.867    9.582   10.135   11.538   12.084   13.412   13.453   13.523   13.939
   14.858   15.007
            0.490748  0.000000  0.000000
  -69.786  -69.187  -69.187  -36.533  -36.530  -36.530  -35.936  -35.936  -35.934  -35.931
  -35.929  -35.928  -14.876  -14.871  -14.870  -14.866  -14.854  -14.852  -14.840  -14.839
  -14.837  -14.830   -3.396   -3.038    2.860    3.724    3.962    5.166    5.486    6.601
    7.584    8.846    9.544   10.106   11.692   12.142   13.265   13.578   13.840   14.040
   15.109   15.117
            0.519615  0.000000  0.000000
  -69.786  -69.187  -69.187  -36.533  -36.530  -36.530  -35.936  -35.936  -35.934  -35.931
  -35.929  -35.928  -14.876  -14.871  -14.870  -14.866  -14.854  -14.852  -14.840  -14.839
  -14.837  -14.830   -3.360   -3.043    2.797    3.676    4.066    5.142    5.345    6.583
    7.549    8.831    9.516   10.085   11.844   12.174   13.111   13.549   14.154   14.341
   15.091   15.286
            0.548483  0.000000  0.000000
  -69.786  -69.187  -69.187  -36.533  -36.530  -36.530  -35.936  -35.936  -35.934  -35.931
  -35.929  -35.928  -14.877  -14.871  -14.870  -14.866  -14.854  -14.851  -14.840  -14.839
  -14.837  -14.830   -3.336   -3.049    2.759    3.644    4.146    5.128    5.245    6.572
    7.528    8.822    9.500   10.072   11.984   12.163   13.008   13.495   14.456   14.680
   14.955   15.265
            0.577350  0.000000  0.000000
  -69.786  -69.187  -69.187  -36.533  -36.530  -36.530  -35.936  -35.936  -35.934  -35.931
  -35.929  -35.928  -14.877  -14.871  -14.870  -14.866  -14.854  -14.851  -14.840  -14.839
  -14.837  -14.830   -3.328   -3.051    2.746    3.633    4.177    5.123    5.208    6.569
    7.521    8.819    9.494   10.068   12.092   12.101   12.971   13.472   14.716   14.748
   14.919   15.123
            0.577321  0.016650  0.000000
  -69.786  -69.187  -69.187  -36.533  -36.530  -36.530  -35.936  -35.936  -35.934  -35.931
  -35.929  -35.928  -14.877  -14.871  -14.870  -14.866  -14.854  -14.851  -14.840  -14.839
  -14.837  -14.830   -3.327   -3.051    2.747    3.634    4.179    5.106    5.213    6.553
    7.536    8.839    9.461   10.103   12.094   12.105   12.970   13.474   14.641   14.694
   14.975   15.165
            0.577293  0.033300  0.000000
  -69.786  -69.187  -69.187  -36.533  -36.530  -36.530  -35.936  -35.936  -35.934  -35.931
  -35.929  -35.928  -14.876  -14.871  -14.870  -14.866  -14.854  -14.851  -14.840  -14.839
  -14.837  -14.830   -3.325   -3.051    2.752    3.638    4.184    5.061    5.221    6.507
    7.581    8.898    9.380   10.191   12.100   12.117   12.967   13.481   14.502   14.574
   15.059   15.245
            0.577264  0.049950  0.000000
  -69.786  -69.187  -69.187  -36.533  -36.530  -36.530  -35.936  -35.936  -35.934  -35.931
  -35.929  -35.928  -14.876  -14.871  -14.870  -14.866  -14.854  -14.851  -14.840  -14.838
  -14.837  -14.830   -3.322   -3.051    2.760    3.644    4.192    4.996    5.228    6.436
    7.652    8.991    9.279   10.305   12.109   12.138   12.961   13.492   14.347   14.431
   15.119   15.306
            0.577235  0.066600  0.000000
  -69.786  -69.187  -69.187  -36.533  -36.530  -36.530  -35.936  -35.936  -35.934  -35.931
  -35.929  -35.928  -14.876  -14.871  -14.870  -14.866  -14.854  -14.851  -14.840  -14.838
  -14.837  -14.830   -3.317   -3.051    2.771    3.652    4.204    4.917    5.231    6.345
    7.741    9.112    9.177   10.429   12.122   12.167   12.952   13.506   14.185   14.281
   15.145   15.317
            0.577206  0.083250  0.000000
  -69.786  -69.187  -69.187  -36.533  -36.530  -36.530  -35.936  -35.936  -35.934  -35.931
  -35.929  -35.928  -14.876  -14.871  -14.870  -14.866  -14.854  -14.851  -14.840  -14.838
  -14.837  -14.830   -3.312   -3.051    2.785    3.662    4.219    4.826    5.233    6.240
    7.839    9.085    9.256   10.554   12.139   12.204   12.939   13.523   14.021   14.130
   15.137   15.264
            0.577177  0.099900  0.000000
  -69.786  -69.187  -69.187  -36.533  -36.530  -36.530  -35.936  -35.936  -35.934  -35.931
  -35.929  -35.928  -14.876  -14.871  -14.870  -14.866  -14.854  -14.851  -14.841  -14.838
  -14.837  -14.830   -3.305   -3.051    2.801    3.674    4.238    4.728    5.233    6.126
    7.935    9.016    9.417   10.678   12.160   12.250   12.920   13.536   13.865   13.983
   15.100   15.162
            0.577148  0.116550  0.000000
  -69.786  -69.187  -69.187  -36.533  -36.530  -36.530  -35.936  -35.936  -35.935  -35.931
  -35.929  -35.928  -14.876  -14.871  -14.870  -14.866  -14.854  -14.852  -14.841  -14.838
  -14.837  -14.830   -3.297   -3.052    2.821    3.688    4.260    4.626    5.230    6.008
    8.010    8.986    9.591   10.796   12.185   12.303   12.894   13.523   13.741   13.841
   15.034   15.043
            0.577119  0.133200  0.000000
  -69.786  -69.187  -69.187  -36.533  -36.530  -36.530  -35.936  -35.936  -35.935  -35.931
  -35.929  -35.928  -14.876  -14.871  -14.870  -14.866  -14.853  -14.852  -14.841  -14.838
  -14.837  -14.830   -3.287   -3.053    2.843    3.703    4.286    4.521    5.226    5.887
    8.048    9.010    9.775   10.907   12.214   12.362   12.859   13.430   13.701   13.709
   14.896   14.975
            0.577090  0.149850  0.000000
  -69.786  -69.187  -69.187  -36.533  -36.530  -36.530  -35.936  -35.936  -35.935  -35.931
  -35.929  -35.928  -14.876  -14.871  -14.870  -14.866  -14.853  -14.852  -14.841  -14.838
  -14.837  -14.831   -3.277   -3.054    2.867    3.719    4.314    4.417    5.219    5.767
    8.044    9.094    9.964   11.009   12.246   12.427   12.811   13.285   13.590   13.722
   14.754   14.903
            0.577062  0.166500  0.000000
  -69.786  -69.187  -69.187  -36.533  -36.530  -36.530  -35.936  -35.936  -35.935  -35.931
  -35.929  -35.928  -14.876  -14.871  -14.870  -14.866  -14.853  -14.852  -14.841  -14.837
  -14.837  -14.831   -3.266   -3.056    2.894    3.736    4.315    4.346    5.209    5.650
    8.006    9.228   10.157   11.102   12.283   12.493   12.749   13.126   13.485   13.761
   14.614   14.836
            0.577033  0.183150  0.000000
  -69.786  -69.187  -69.187  -36.533  -36.530  -36.530  -35.936  -35.936  -35.935  -35.931
  -35.929  -35.928  -14.875  -14.871  -14.870  -14.866  -14.853  -14.852  -14.841  -14.837
  -14.836  -14.831   -3.254   -3.058    2.922    3.753    4.218    4.382    5.195    5.538
    7.949    9.396   10.351   11.185   12.321   12.559   12.674   12.967   13.396   13.806
   14.478   14.781
            0.577004  0.199800  0.000000
  -69.786  -69.187  -69.187  -36.533  -36.530  -36.530  -35.936  -35.936  -35.935  -35.931
  -35.929  -35.928  -14.875  -14.871  -14.870  -14.866  -14.853  -14.852  -14.842  -14.837
  -14.836  -14.831   -3.241   -3.061    2.952    3.770    4.126    4.420    5.178    5.432
    7.884    9.588   10.542   11.258   12.357   12.593   12.618   12.812   13.321   13.851
   14.348   14.745
            0.576975  0.216450  0.000000
  -69.786  -69.187  -69.187  -36.533  -36.530  -36.530  -35.936  -35.935  -35.935  -35.931
  -35.929  -35.928  -14.875  -14.871  -14.870  -14.866  -14.853  -14.852  -14.842  -14.837
  -14.836  -14.831   -3.228   -3.065    2.982    3.785    4.040    4.462    5.156    5.335
    7.819    9.797   10.726   11.322   12.367   12.532   12.620   12.710   13.258   13.890
   14.227   14.729
            0.576946  0.233100  0.000000
  -69.786  -69.187  -69.187  -36.533  -36.530  -36.530  -35.936  -35.935  -35.935  -35.931
  -35.928  -35.928  -14.875  -14.871  -14.870  -14.866  -14.853  -14.852  -14.842  -14.837
  -14.836  -14.831   -3.214   -3.070    3.012    3.798    3.964    4.507    5.129    5.246
    7.757   10.016   10.900   11.375   12.307   12.486   12.541   12.740   13.202   13.921
   14.117   14.717
            0.576917  0.249750  0.000000
  -69.786  -69.187  -69.187  -36.533  -36.530  -36.530  -35.936  -35.935  -35.935  -35.931
  -35.928  -35.928  -14.875  -14.871  -14.870  -14.866  -14.853  -14.852  -14.842  -14.837
  -14.836  -14.831   -3.200   -3.076    3.040    3.808    3.898    4.555    5.096    5.169
    7.703   10.244   11.057   11.418   12.208   12.340   12.591   12.776   13.151   13.943
   14.022   14.656
            0.576888  0.266400  0.000000
  -69.786  -69.187  -69.187  -36.533  -36.530  -36.530  -35.936  -35.935  -35.935  -35.931
  -35.928  -35.928  -14.875  -14.871  -14.870  -14.866  -14.852  -14.852  -14.842  -14.837
  -14.836  -14.831   -3.185   -3.083    3.065    3.814    3.844    4.606    5.057    5.104
    7.656   10.476   11.190   11.449   12.104   12.199   12.654   12.804   13.102   13.947
   13.962   14.544
            0.576860  0.283050  0.000000
  -69.786  -69.187  -69.187  -36.533  -36.530  -36.530  -35.936  -35.935  -35.935  -35.931
  -35.928  -35.928  -14.875  -14.871  -14.870  -14.866  -14.852  -14.852  -14.842  -14.837
  -14.836  -14.832   -3.171   -3.092    3.086    3.805    3.815    4.660    5.012    5.053
    7.620   10.710   11.290   11.467   12.008   12.068   12.719   12.824   13.053   13.900
   13.980   14.417
            0.576831  0.299700  0.000000
  -69.786  -69.187  -69.187  -36.533  -36.530  -36.530  -35.936  -35.935  -35.935  -35.931
  -35.928  -35.928  -14.875  -14.871  -14.871  -14.866  -14.852  -14.852  -14.842  -14.836
  -14.836  -14.832   -3.156   -3.102    3.101    3.781    3.810    4.717    4.961    5.016
    7.593   10.940   11.345   11.469   11.928   11.952   12.782   12.839   13.002   13.887
   14.000   14.290
            0.576802  0.316350  0.000000
  -69.786  -69.187  -69.187  -36.533  -36.530  -36.530  -35.936  -35.935  -35.935  -35.931
  -35.928  -35.928  -14.875  -14.871  -14.871  -14.866  -14.852  -14.852  -14.842  -14.836
  -14.836  -14.832   -3.142   -3.114    3.109    3.774    3.800    4.777    4.905    4.994
    7.578   11.152   11.347   11.452   11.864   11.876   12.836   12.853   12.948   13.915
   14.019   14.171
            0.576773  0.333000  0.000000
  -69.786  -69.187  -69.187  -36.533  -36.530  -36.530  -35.936  -35.935  -35.935  -35.931
  -35.928  -35.928  -14.875  -14.871  -14.871  -14.866  -14.852  -14.852  -14.842  -14.836
  -14.836  -14.832   -3.128   -3.126    3.112    3.784    3.785    4.839    4.844    4.987
    7.572   11.296   11.301   11.431   11.840   11.842   12.868   12.870   12.901   13.981
   13.988   14.113
            0.547934  0.316350  0.000000
  -69.786  -69.187  -69.187  -36.533  -36.530  -36.530  -35.936  -35.935  -35.935  -35.931
  -35.928  -35.928  -14.875  -14.871  -14.870  -14.866  -14.852  -14.852  -14.842  -14.836
  -14.836  -14.832   -3.159   -3.099    3.106    3.742    3.847    4.702    4.978    5.014
    7.593   11.118   11.189   11.433   11.778   12.113   12.735   12.931   12.982   13.754
   14.187   14.200
            0.519096  0.299700  0.000000
  -69.786  -69.187  -69.187  -36.533  -36.530  -36.530  -35.936  -35.935  -35.935  -35.931
  -35.928  -35.928  -14.875  -14.871  -14.870  -14.866  -14.852  -14.852  -14.842  -14.837
  -14.836  -14.831   -3.198   -3.075    3.103    3.698    3.948    4.554    5.081    5.126
    7.650   10.906   10.976   11.327   11.677   12.495   12.572   13.076   13.089   13.522
   14.303   14.371
            0.490257  0.283050  0.000000
  -69.786  -69.187  -69.187  -36.533  -36.530  -36.530  -35.936  -35.935  -35.935  -35.931
  -35.929  -35.928  -14.875  -14.871  -14.870  -14.866  -14.853  -14.852  -14.842  -14.837
  -14.836  -14.831   -3.243   -3.055    3.115    3.662    4.062    4.411    5.183    5.281
    7.739   10.691   10.760   11.180   11.541   12.401   12.742   13.219   13.259   13.427
   14.386   14.437
            0.461418  0.266400  0.000000
  -69.786  -69.187  -69.187  -36.533  -36.530  -36.530  -35.936  -35.936  -35.935  -35.931
  -35.929  -35.928  -14.875  -14.872  -14.870  -14.867  -14.853  -14.852  -14.842  -14.838
  -14.836  -14.831   -3.295   -3.039    3.150    3.643    4.106    4.352    5.308    5.444
    7.855   10.484   10.558   11.010   11.385   12.229   12.855   13.077   13.361   13.815
   14.297   14.586
            0.432580  0.249750  0.000000
  -69.786  -69.187  -69.187  -36.533  -36.530  -36.530  -35.936  -35.936  -35.935  -35.931
  -35.929  -35.928  -14.875  -14.872  -14.870  -14.867  -14.853  -14.852  -14.842  -14.838
  -14.835  -14.831   -3.353   -3.029    3.212    3.647    3.993    4.465    5.450    5.616
    7.993   10.290   10.373   10.827   11.223   12.065   12.829   12.968   13.498   14.184
   14.184   14.754
            0.403741  0.233100  0.000000
  -69.786  -69.188  -69.187  -36.533  -36.530  -36.530  -35.936  -35.936  -35.934  -35.931
  -35.929  -35.928  -14.875  -14.872  -14.869  -14.867  -14.853  -14.852  -14.842  -14.839
  -14.835  -14.831   -3.415   -3.024    3.301    3.678    3.842    4.631    5.604    5.793
    8.149   10.112   10.212   10.639   11.062   11.911   12.659   12.973   13.584   14.116
   14.444   14.935
            0.374902  0.216450  0.000000
  -69.786  -69.188  -69.187  -36.533  -36.530  -36.530  -35.936  -35.936  -35.934  -35.931
  -35.929  -35.928  -14.875  -14.872  -14.869  -14.867  -14.853  -14.852  -14.842  -14.839
  -14.835  -14.831   -3.480   -3.025    3.409    3.697    3.738    4.813    5.766    5.974
    8.316    9.950   10.077   10.450   10.907   11.771   12.485   12.955   13.554   14.146
   14.621   14.862
            0.346064  0.199800  0.000000
  -69.786  -69.188  -69.187  -36.533  -36.530  -36.530  -35.936  -35.936  -35.934  -35.931
  -35.929  -35.928  -14.875  -14.872  -14.869  -14.868  -14.854  -14.853  -14.842  -14.840
  -14.835  -14.831   -3.548   -3.031    3.463    3.639    3.828    5.002    5.932    6.156
    8.489    9.808    9.970   10.266   10.761   11.650   12.321   12.904   13.424   14.127
   14.569   14.772
            0.317225  0.183150  0.000000
  -69.786  -69.188  -69.187  -36.533  -36.530  -36.530  -35.936  -35.936  -35.934  -35.931
  -35.929  -35.928  -14.874  -14.872  -14.869  -14.868  -14.854  -14.853  -14.842  -14.841
  -14.835  -14.831   -3.615   -3.042    3.356    3.777    3.948    5.193    6.098    6.336
    8.659    9.685    9.886   10.103   10.627   11.550   12.169   12.825   13.222   13.813
   14.646   14.861
            0.288386  0.166500  0.000000
  -69.786  -69.188  -69.187  -36.533  -36.530  -36.530  -35.936  -35.936  -35.934  -35.931
  -35.930  -35.928  -14.874  -14.872  -14.869  -14.868  -14.854  -14.853  -14.842  -14.841
  -14.835  -14.831   -3.682   -3.057    3.227    3.971    4.097    5.381    6.261    6.511
    8.815    9.580    9.774   10.020   10.507   11.475   12.028   12.721   12.915   13.508
   14.460   14.831
            0.259548  0.149850  0.000000
  -69.786  -69.188  -69.187  -36.533  -36.530  -36.530  -35.936  -35.936  -35.934  -35.931
  -35.930  -35.928  -14.874  -14.872  -14.869  -14.869  -14.854  -14.853  -14.842  -14.841
  -14.834  -14.831   -3.746   -3.074    3.104    4.194    4.274    5.564    6.416    6.677
    8.947    9.489    9.607   10.056   10.406   11.428   11.899   12.519   12.597   13.305
   14.066   14.832
            0.230709  0.133200  0.000000
  -69.786  -69.188  -69.187  -36.533  -36.530  -36.530  -35.936  -35.936  -35.933  -35.931
  -35.930  -35.928  -14.874  -14.872  -14.869  -14.869  -14.855  -14.853  -14.842  -14.842
  -14.834  -14.832   -3.807   -3.094    2.991    4.441    4.477    5.735    6.559    6.829
    9.040    9.403    9.434   10.175   10.330   11.410   11.781   12.106   12.454   13.158
   13.715   14.437
            0.201871  0.116550  0.000000
  -69.786  -69.188  -69.187  -36.533  -36.530  -36.530  -35.936  -35.936  -35.933  -35.932
  -35.930  -35.928  -14.874  -14.872  -14.870  -14.869  -14.855  -14.854  -14.842  -14.842
  -14.834  -14.832   -3.863   -3.114    2.889    4.704    4.708    5.892    6.686    6.964
    9.022    9.304    9.346   10.290   10.352   11.420   11.672   11.728   12.295   13.041
   13.422   14.011
            0.173032  0.099900  0.000000
  -69.786  -69.188  -69.187  -36.533  -36.530  -36.530  -35.936  -35.936  -35.933  -35.932
  -35.930  -35.928  -14.873  -14.872  -14.870  -14.870  -14.855  -14.854  -14.843  -14.843
  -14.833  -14.832   -3.914   -3.133    2.801    4.952    4.993    6.030    6.794    7.078
    8.840    9.172    9.412   10.295   10.565   11.341   11.531   11.570   12.132   12.942
   13.191   13.584
            0.144193  0.083250  0.000000
  -69.786  -69.188  -69.187  -36.533  -36.530  -36.530  -35.936  -35.936  -35.933  -35.932
  -35.931  -35.928  -14.873  -14.872  -14.870  -14.870  -14.855  -14.854  -14.843  -14.843
  -14.833  -14.832   -3.958   -3.151    2.725    5.217    5.294    6.147    6.882    7.171
    8.592    8.992    9.545   10.343   10.793   11.110   11.471   11.602   11.987   12.858
   13.003   13.182
            0.115355  0.066600  0.000000
  -69.786  -69.188  -69.187  -36.533  -36.530  -36.530  -35.936  -35.936  -35.933  -35.932
  -35.931  -35.928  -14.873  -14.872  -14.870  -14.870  -14.855  -14.854  -14.843  -14.843
  -14.833  -14.832   -3.995   -3.168    2.662    5.494    5.605    6.245    6.948    7.240
    8.312    8.769    9.712   10.405   10.968   11.009   11.373   11.730   11.890   12.744
   12.784   12.921
            0.086516  0.049950  0.000000
  -69.786  -69.188  -69.187  -36.533  -36.530  -36.530  -35.936  -35.936  -35.932  -35.932
  -35.931  -35.928  -14.873  -14.872  -14.871  -14.870  -14.856  -14.854  -14.843  -14.843
  -14.833  -14.832   -4.024   -3.181    2.613    5.772    5.919    6.330    6.994    7.283
    8.009    8.523    9.906   10.429   10.965   11.176   11.276   11.856   11.893   12.428
   12.716   12.802
            0.057677  0.033300  0.000000
  -69.786  -69.188  -69.187  -36.533  -36.530  -36.530  -35.936  -35.936  -35.932  -35.932
  -35.931  -35.928  -14.872  -14.872  -14.871  -14.871  -14.856  -14.855  -14.843  -14.843
  -14.833  -14.833   -4.045   -3.191    2.578    6.035    6.190    6.444    7.020    7.296
    7.688    8.292   10.110   10.407   11.080   11.187   11.265   11.823   12.082   12.257
   12.633   12.707
            0.028839  0.016650  0.000000
  -69.786  -69.188  -69.187  -36.533  -36.530  -36.530  -35.936  -35.936  -35.932  -35.932
  -35.931  -35.928  -14.872  -14.872  -14.871  -14.871  -14.856  -14.855  -14.843  -14.843
  -14.833  -14.833   -4.058   -3.197    2.557    6.245    6.309    6.695    7.027    7.283
    7.356    8.124   10.290   10.381   11.112   11.223   11.290   11.702   12.279   12.322
   12.488   12.606
            0.000000  0.000000  0.000000
  -69.786  -69.188  -69.187  -36.533  -36.530  -36.530  -35.936  -35.936  -35.932  -35.932
  -35.932  -35.928  -14.872  -14.872  -14.871  -14.871  -14.856  -14.855  -14.843  -14.843
  -14.833  -14.833   -4.062   -3.199    2.550    6.332    6.332    7.014    7.025    7.025
    7.271    8.063   10.371   10.371   11.076   11.292   11.292   11.640   12.393   12.433
   12.511   12.511
            0.000000  0.000000  0.015848
  -69.786  -69.188  -69.187  -36.533  -36.530  -36.530  -35.936  -35.936  -35.932  -35.932
  -35.932  -35.928  -14.872  -14.872  -14.871  -14.871  -14.856  -14.855  -14.843  -14.843
  -14.833  -14.833   -4.061   -3.201    2.554    6.333    6.333    6.949    7.024    7.024
    7.328    8.068   10.366   10.366   11.076   11.293   11.293   11.624   12.390   12.390
   12.408   12.566
            0.000000  0.000000  0.031696
  -69.786  -69.188  -69.187  -36.533  -36.530  -36.530  -35.936  -35.936  -35.932  -35.932
  -35.932  -35.928  -14.872  -14.872  -14.871  -14.871  -14.856  -14.855  -14.843  -14.843
  -14.833  -14.833   -4.058   -3.205    2.567    6.336    6.336    6.824    7.021    7.021
    7.433    8.082   10.353   10.353   11.076   11.298   11.298   11.581   12.335   12.335
   12.444   12.657
            0.000000  0.000000  0.047545
  -69.786  -69.188  -69.187  -36.533  -36.530  -36.530  -35.936  -35.936  -35.932  -35.932
  -35.932  -35.928  -14.872  -14.872  -14.871  -14.871  -14.856  -14.855  -14.843  -14.843
  -14.833  -14.833   -4.054   -3.213    2.589    6.341    6.341    6.680    7.015    7.015
    7.539    8.107   10.332   10.332   11.074   11.301   11.301   11.525   12.296   12.296
   12.487   12.758
            0.000000  0.000000  0.063393
  -69.786  -69.188  -69.187  -36.533  -36.530  -36.530  -35.936  -35.936  -35.932  -35.932
  -35.932  -35.928  -14.872  -14.872  -14.871  -14.871  -14.856  -14.855  -14.843  -14.843
  -14.833  -14.833   -4.047   -3.224    2.619    6.348    6.348    6.530    7.008    7.008
    7.636    8.143   10.305   10.305   11.065   11.301   11.301   11.469   12.275   12.275
   12.522   12.868
            0.000000  0.000000  0.079241
  -69.786  -69.188  -69.187  -36.533  -36.530  -36.530  -35.936  -35.936  -35.932  -35.932
  -35.932  -35.928  -14.873  -14.873  -14.870  -14.870  -14.856  -14.855  -14.843  -14.843
  -14.833  -14.833   -4.039   -3.237    2.657    6.357    6.357    6.375    6.998    6.998
    7.720    8.191   10.275   10.275   11.043   11.293   11.293   11.425   12.278   12.278
   12.542   12.983
            0.000000  0.000000  0.095089
  -69.786  -69.188  -69.187  -36.533  -36.530  -36.530  -35.936  -35.936  -35.932  -35.932
  -35.932  -35.928  -14.873  -14.873  -14.870  -14.870  -14.856  -14.854  -14.843  -14.843
  -14.833  -14.833   -4.029   -3.253    2.704    6.218    6.367    6.367    6.987    6.987
    7.791    8.248   10.242   10.242   11.006   11.276   11.276   11.400   12.303   12.303
   12.546   13.105
            0.000000  0.000000  0.110937
  -69.786  -69.188  -69.187  -36.533  -36.530  -36.530  -35.936  -35.936  -35.932  -35.932
  -35.932  -35.928  -14.873  -14.873  -14.870  -14.870  -14.856  -14.854  -14.843  -14.843
  -14.833  -14.833   -4.017   -3.272    2.758    6.060    6.380    6.380    6.973    6.973
    7.850    8.311   10.209   10.209   10.955   11.250   11.250   11.395   12.349   12.349
   12.539   13.232
            0.000000  0.000000  0.126786
  -69.786  -69.188  -69.187  -36.533  -36.530  -36.530  -35.936  -35.936  -35.932  -35.932
  -35.932  -35.928  -14.873  -14.873  -14.870  -14.870  -14.856  -14.854  -14.843  -14.843
  -14.833  -14.833   -4.003   -3.292    2.820    5.901    6.394    6.394    6.957    6.957
    7.900    8.376   10.177   10.177   10.898   11.218   11.218   11.403   12.415   12.415
   12.529   13.364
            0.000000  0.000000  0.142634
  -69.786  -69.188  -69.187  -36.533  -36.530  -36.530  -35.936  -35.936  -35.932  -35.932
  -35.932  -35.928  -14.873  -14.873  -14.870  -14.870  -14.856  -14.854  -14.843  -14.843
  -14.833  -14.833   -3.988   -3.314    2.889    5.742    6.410    6.410    6.940    6.940
    7.945    8.437   10.145   10.145   10.840   11.180   11.180   11.417   12.496   12.496
   12.523   13.500
            0.000000  0.000000  0.158482
  -69.786  -69.188  -69.187  -36.533  -36.530  -36.530  -35.936  -35.936  -35.932  -35.932
  -35.932  -35.928  -14.873  -14.873  -14.870  -14.870  -14.856  -14.854  -14.843  -14.843
  -14.833  -14.833   -3.972   -3.338    2.966    5.583    6.427    6.427    6.921    6.921
    7.987    8.492   10.116   10.116   10.785   11.140   11.140   11.432   12.526   12.589
   12.589   13.641
            0.000000  0.000000  0.174330
  -69.786  -69.188  -69.187  -36.533  -36.530  -36.530  -35.936  -35.936  -35.932  -35.932
  -35.932  -35.928  -14.873  -14.873  -14.870  -14.870  -14.856  -14.854  -14.843  -14.843
  -14.833  -14.833   -3.955   -3.363    3.049    5.426    6.446    6.446    6.901    6.901
    8.027    8.538   10.089   10.089   10.736   11.100   11.100   11.445   12.544   12.693
   12.693   13.785
            0.000000  0.000000  0.190178
  -69.786  -69.188  -69.187  -36.533  -36.530  -36.530  -35.936  -35.936  -35.932  -35.932
  -35.932  -35.928  -14.873  -14.873  -14.870  -14.870  -14.856  -14.854  -14.843  -14.843
  -14.833  -14.833   -3.936   -3.389    3.138    5.269    6.467    6.467    6.879    6.879
    8.066    8.574   10.065   10.065   10.695   11.060   11.060   11.451   12.578   12.803
   12.803   13.932
            0.000000  0.000000  0.206026
  -69.786  -69.188  -69.187  -36.533  -36.530  -36.530  -35.936  -35.936  -35.932  -35.932
  -35.932  -35.928  -14.873  -14.873  -14.870  -14.870  -14.856  -14.854  -14.843  -14.843
  -14.833  -14.833   -3.917   -3.415    3.233    5.115    6.489    6.489    6.855    6.855
    8.104    8.599   10.044   10.044   10.661   11.023   11.023   11.452   12.631   12.919
   12.919   14.083
            0.000000  0.000000  0.221875
  -69.786  -69.188  -69.187  -36.533  -36.530  -36.530  -35.936  -35.936  -35.932  -35.932
  -35.932  -35.928  -14.873  -14.873  -14.870  -14.870  -14.856  -14.854  -14.843  -14.843
  -14.833  -14.833   -3.897   -3.442    3.334    4.963    6.512    6.512    6.831    6.831
    8.142    8.614   10.026   10.026   10.636   10.989   10.989   11.446   12.702   13.037
   13.037   14.188
            0.000000  0.000000  0.237723
  -69.786  -69.188  -69.187  -36.533  -36.530  -36.530  -35.936  -35.936  -35.932  -35.932
  -35.932  -35.928  -14.873  -14.873  -14.870  -14.870  -14.856  -14.854  -14.843  -14.843
  -14.833  -14.833   -3.877   -3.467    3.440    4.814    6.536    6.536    6.806    6.806
    8.179    8.620   10.010   10.010   10.618   10.960   10.960   11.436   12.789   13.155
   13.156   14.097
            0.000000  0.000000  0.253571
  -69.786  -69.188  -69.187  -36.533  -36.530  -36.530  -35.936  -35.936  -35.932  -35.932
  -35.932  -35.928  -14.873  -14.873  -14.869  -14.869  -14.856  -14.854  -14.843  -14.843
  -14.833  -14.833   -3.858   -3.490    3.549    4.669    6.561    6.561    6.779    6.779
    8.213    8.619    9.998    9.998   10.605   10.934   10.934   11.423   12.889   13.269
   13.269   13.988
            0.000000  0.000000  0.269419
  -69.786  -69.188  -69.187  -36.533  -36.530  -36.530  -35.936  -35.936  -35.932  -35.932
  -35.932  -35.928  -14.873  -14.873  -14.869  -14.869  -14.856  -14.854  -14.843  -14.843
  -14.833  -14.833   -3.841   -3.511    3.661    4.530    6.586    6.586    6.753    6.753
    8.244    8.613    9.988    9.988   10.598   10.914   10.914   11.411   12.998   13.374
   13.374   13.870
            0.000000  0.000000  0.285267
  -69.786  -69.188  -69.187  -36.533  -36.530  -36.530  -35.936  -35.936  -35.932  -35.932
  -35.932  -35.928  -14.874  -14.874  -14.869  -14.869  -14.856  -14.854  -14.843  -14.843
  -14.833  -14.833   -3.827   -3.528    3.771    4.400    6.612    6.612    6.726    6.726
    8.269    8.604    9.982    9.982   10.593   10.900   10.900   11.401   13.111   13.461
   13.461   13.749
            0.000000  0.000000  0.301116
  -69.786  -69.188  -69.187  -36.533  -36.530  -36.530  -35.936  -35.936  -35.932  -35.932
  -35.932  -35.928  -14.874  -14.874  -14.869  -14.869  -14.856  -14.854  -14.843  -14.843
  -14.833  -14.833   -3.818   -3.539    3.868    4.291    6.638    6.638    6.701    6.701
    8.286    8.597    9.978    9.978   10.591   10.891   10.891   11.394   13.212   13.520
   13.520   13.642
            0.000000  0.000000  0.316964
  -69.786  -69.188  -69.187  -36.533  -36.530  -36.530  -35.936  -35.936  -35.932  -35.932
  -35.932  -35.928  -14.874  -14.874  -14.869  -14.869  -14.856  -14.854  -14.843  -14.843
  -14.833  -14.833   -3.815   -3.543    3.915    4.241    6.654    6.654    6.685    6.685
    8.292    8.594    9.976    9.976   10.591   10.888   10.888   11.391   13.262   13.541
   13.541   13.591
