 &plot nbnd=  92, nks=   101 /
            0.500000  0.250000  0.750000
  -36.092  -36.092  -36.091  -36.029  -14.189  -14.182  -14.181  -14.177  -14.168  -14.162
  -14.160  -14.160  -14.157  -14.111  -14.109  -14.107   -7.765   -7.757   -7.756   -7.756
   -7.755   -7.750   -7.749   -7.747   -7.746   -7.746   -7.745   -7.742   -7.739   -7.737
   -7.736   -7.735   -7.735   -7.734   -7.734   -7.730    4.770    4.775    5.499    5.504
    8.334    8.339    8.886    8.890    9.674    9.678    9.949    9.955   10.115   10.120
   10.266   10.271   10.924   10.925   10.926   10.927   10.937   10.937   10.998   11.000
   11.097   11.098   11.112   11.114   11.718   11.721   12.071   12.074   12.100   12.103
   12.188   12.190   14.168   14.177   14.546   14.553   14.666   14.671   14.688   14.692
   15.109   15.126   15.322   15.332   16.513   16.523   16.694   16.701   17.079   17.084
   17.269   17.272
            0.475000  0.262500  0.712500
  -36.092  -36.091  -36.091  -36.029  -14.190  -14.183  -14.182  -14.179  -14.167  -14.162
  -14.160  -14.160  -14.157  -14.111  -14.110  -14.108   -7.763   -7.757   -7.755   -7.754
   -7.753   -7.750   -7.749   -7.747   -7.745   -7.745   -7.744   -7.741   -7.739   -7.736
   -7.736   -7.735   -7.735   -7.734   -7.734   -7.730    4.790    4.923    5.486    5.495
    8.251    8.258    8.703    8.843    9.716    9.721    9.898    9.934   10.089   10.094
   10.200   10.225   10.913   10.915   10.932   10.937   10.939   10.941   10.987   10.990
   11.067   11.077   11.080   11.082   11.799   11.803   12.059   12.116   12.119   12.131
   12.190   12.215   14.242   14.282   14.567   14.579   14.683   14.709   14.718   14.748
   15.092   15.109   15.243   15.295   16.659   16.676   16.823   16.848   16.934   17.068
   17.304   17.506
            0.450000  0.275000  0.675000
  -36.092  -36.091  -36.091  -36.029  -14.191  -14.184  -14.183  -14.181  -14.166  -14.162
  -14.160  -14.159  -14.158  -14.111  -14.110  -14.108   -7.761   -7.756   -7.753   -7.752
   -7.752   -7.749   -7.748   -7.747   -7.745   -7.745   -7.744   -7.740   -7.739   -7.736
   -7.736   -7.735   -7.735   -7.734   -7.733   -7.731    4.819    5.070    5.452    5.489
    8.181    8.208    8.522    8.780    9.753    9.763    9.861    9.933   10.065   10.081
   10.138   10.179   10.908   10.909   10.936   10.940   10.943   10.950   10.977   10.985
   11.037   11.047   11.053   11.059   11.871   11.881   12.046   12.131   12.140   12.173
   12.190   12.239   14.320   14.390   14.541   14.576   14.672   14.783   14.797   14.810
   15.075   15.100   15.169   15.258   16.716   16.756   16.814   16.965   17.026   17.060
   17.312   17.724
            0.425000  0.287500  0.637500
  -36.092  -36.091  -36.091  -36.029  -14.193  -14.185  -14.184  -14.182  -14.164  -14.162
  -14.160  -14.159  -14.158  -14.111  -14.110  -14.108   -7.760   -7.756   -7.752   -7.751
   -7.751   -7.748   -7.748   -7.747   -7.745   -7.744   -7.744   -7.740   -7.738   -7.736
   -7.736   -7.735   -7.735   -7.734   -7.733   -7.732    4.857    5.207    5.398    5.483
    8.126    8.194    8.356    8.706    9.782    9.799    9.839    9.944   10.046   10.079
   10.086   10.132   10.905   10.909   10.927   10.946   10.947   10.964   10.966   10.980
   11.007   11.019   11.033   11.040   11.927   11.954   12.033   12.145   12.162   12.188
   12.199   12.258   14.403   14.489   14.513   14.583   14.657   14.839   14.851   14.861
   15.054   15.112   15.119   15.212   16.728   16.736   16.749   16.963   17.125   17.281
   17.306   17.587
            0.400000  0.300000  0.600000
  -36.092  -36.091  -36.091  -36.029  -14.193  -14.186  -14.184  -14.183  -14.164  -14.162
  -14.160  -14.159  -14.158  -14.111  -14.109  -14.108   -7.759   -7.755   -7.751   -7.750
   -7.750   -7.748   -7.748   -7.747   -7.745   -7.744   -7.744   -7.740   -7.738   -7.736
   -7.736   -7.735   -7.735   -7.734   -7.733   -7.732    4.904    5.323    5.327    5.480
    8.088    8.215    8.220    8.628    9.803    9.827    9.829    9.952   10.033   10.056
   10.086   10.088   10.904   10.915   10.915   10.947   10.953   10.955   10.972   10.978
   10.979   11.003   11.022   11.025   11.967   12.020   12.021   12.158   12.183   12.184
   12.212   12.263   14.490   14.492   14.557   14.604   14.651   14.860   14.874   14.874
   15.043   15.092   15.154   15.159   16.698   16.701   16.721   16.889   17.299   17.300
   17.462   17.501
            0.375000  0.312500  0.562500
  -36.092  -36.091  -36.091  -36.029  -14.194  -14.186  -14.185  -14.184  -14.163  -14.162
  -14.160  -14.159  -14.158  -14.110  -14.110  -14.109   -7.759   -7.755   -7.751   -7.750
   -7.750   -7.748   -7.748   -7.747   -7.744   -7.744   -7.744   -7.740   -7.738   -7.736
   -7.736   -7.735   -7.735   -7.734   -7.733   -7.732    4.958    5.235    5.415    5.478
    8.067    8.120    8.277    8.552    9.815    9.824    9.852    9.938   10.026   10.050
   10.059   10.097   10.905   10.907   10.924   10.942   10.943   10.953   10.960   10.965
   10.993   10.999   11.011   11.020   11.987   12.007   12.081   12.166   12.178   12.202
   12.211   12.253   14.477   14.547   14.581   14.640   14.695   14.839   14.851   14.860
   15.055   15.103   15.109   15.188   16.667   16.697   16.712   16.816   17.300   17.389
   17.480   17.645
            0.350000  0.325000  0.525000
  -36.092  -36.091  -36.091  -36.029  -14.194  -14.186  -14.185  -14.184  -14.164  -14.161
  -14.160  -14.160  -14.158  -14.110  -14.110  -14.108   -7.759   -7.755   -7.751   -7.750
   -7.750   -7.748   -7.748   -7.747   -7.744   -7.744   -7.744   -7.739   -7.738   -7.736
   -7.735   -7.735   -7.734   -7.734   -7.733   -7.732    5.019    5.134    5.467    5.478
    8.062    8.072    8.369    8.485    9.816    9.821    9.876    9.912   10.024   10.031
   10.082   10.102   10.904   10.908   10.932   10.934   10.936   10.937   10.963   10.965
   11.002   11.004   11.007   11.018   11.989   11.992   12.132   12.169   12.172   12.190
   12.217   12.236   14.470   14.504   14.667   14.684   14.747   14.789   14.798   14.814
   15.067   15.082   15.145   15.191   16.686   16.711   16.714   16.757   17.296   17.317
   17.651   17.735
            0.325000  0.337500  0.487500
  -36.092  -36.091  -36.091  -36.029  -14.193  -14.186  -14.185  -14.183  -14.164  -14.161
  -14.160  -14.160  -14.158  -14.110  -14.110  -14.108   -7.759   -7.755   -7.751   -7.750
   -7.750   -7.748   -7.748   -7.747   -7.745   -7.744   -7.744   -7.739   -7.738   -7.736
   -7.735   -7.735   -7.734   -7.734   -7.733   -7.732    5.025    5.084    5.475    5.480
    8.075    8.080    8.430    8.489    9.808    9.813    9.883    9.902   10.028   10.034
   10.098   10.109   10.906   10.909   10.931   10.933   10.936   10.937   10.965   10.967
   11.008   11.009   11.015   11.021   11.973   11.975   12.143   12.164   12.167   12.173
   12.220   12.230   14.454   14.474   14.686   14.693   14.756   14.765   14.769   14.792
   15.068   15.083   15.166   15.191   16.724   16.728   16.730   16.764   17.252   17.264
   17.680   17.743
            0.300000  0.350000  0.450000
  -36.092  -36.091  -36.091  -36.029  -14.193  -14.185  -14.184  -14.183  -14.164  -14.162
  -14.160  -14.159  -14.158  -14.111  -14.110  -14.108   -7.760   -7.756   -7.752   -7.751
   -7.751   -7.748   -7.748   -7.747   -7.745   -7.744   -7.744   -7.740   -7.738   -7.736
   -7.736   -7.735   -7.735   -7.734   -7.733   -7.731    4.914    5.150    5.443    5.482
    8.108    8.139    8.392    8.630    9.792    9.800    9.857    9.929   10.040   10.056
   10.093   10.129   10.906   10.907   10.932   10.939   10.943   10.948   10.967   10.973
   11.013   11.017   11.024   11.034   11.944   11.955   12.078   12.153   12.161   12.194
   12.201   12.245   14.412   14.476   14.583   14.625   14.697   14.809   14.821   14.834
   15.064   15.094   15.135   15.217   16.728   16.738   16.745   16.888   17.163   17.240
   17.449   17.671
            0.275000  0.362500  0.412500
  -36.092  -36.091  -36.091  -36.029  -14.192  -14.185  -14.183  -14.181  -14.165  -14.163
  -14.160  -14.159  -14.158  -14.111  -14.109  -14.108   -7.761   -7.756   -7.753   -7.752
   -7.751   -7.748   -7.748   -7.747   -7.745   -7.745   -7.744   -7.740   -7.738   -7.737
   -7.736   -7.735   -7.735   -7.734   -7.733   -7.731    4.804    5.216    5.374    5.486
    8.156    8.243    8.373    8.785    9.765    9.792    9.829    9.950   10.056   10.095
   10.100   10.144   10.903   10.911   10.925   10.947   10.952   10.968   10.974   10.990
   11.010   11.028   11.044   11.050   11.900   11.935   12.000   12.135   12.157   12.178
   12.194   12.264   14.377   14.466   14.473   14.548   14.632   14.846   14.860   14.868
   15.051   15.115   15.131   15.215   16.710   16.759   16.763   17.041   17.054   17.199
   17.264   17.552
            0.250000  0.375000  0.375000
  -36.092  -36.091  -36.091  -36.029  -14.191  -14.184  -14.182  -14.180  -14.166  -14.163
  -14.160  -14.158  -14.158  -14.111  -14.109  -14.108   -7.762   -7.757   -7.754   -7.753
   -7.752   -7.749   -7.748   -7.748   -7.745   -7.745   -7.745   -7.740   -7.738   -7.738
   -7.736   -7.735   -7.735   -7.733   -7.733   -7.731    4.700    5.277    5.281    5.491
    8.219    8.373    8.378    8.944    9.730    9.796    9.798    9.958   10.077   10.121
   10.155   10.156   10.901   10.918   10.919   10.946   10.968   10.970   11.003   11.010
   11.014   11.045   11.067   11.069   11.844   11.914   11.915   12.112   12.152   12.153
   12.181   12.278   14.347   14.350   14.437   14.474   14.588   14.862   14.876   14.882
   15.051   15.121   15.187   15.193   16.636   16.784   16.787   16.951   16.952   17.199
   17.217   17.533
            0.225000  0.387500  0.337500
  -36.092  -36.091  -36.091  -36.029  -14.190  -14.183  -14.181  -14.178  -14.167  -14.164
  -14.160  -14.158  -14.158  -14.111  -14.109  -14.108   -7.764   -7.757   -7.755   -7.754
   -7.754   -7.749   -7.749   -7.748   -7.746   -7.746   -7.745   -7.741   -7.738   -7.738
   -7.737   -7.735   -7.734   -7.733   -7.732   -7.731    4.603    5.168    5.337    5.498
    8.298    8.401    8.520    9.096    9.688    9.759    9.821    9.965   10.103   10.166
   10.169   10.220   10.899   10.913   10.926   10.942   10.970   10.986   11.003   11.031
   11.042   11.076   11.091   11.093   11.776   11.822   11.896   12.089   12.127   12.148
   12.159   12.283   14.233   14.327   14.360   14.406   14.573   14.844   14.872   14.876
   15.075   15.155   15.161   15.263   16.525   16.662   16.807   16.822   16.873   17.026
   17.322   17.670
            0.200000  0.400000  0.300000
  -36.092  -36.091  -36.091  -36.029  -14.189  -14.182  -14.180  -14.176  -14.168  -14.164
  -14.160  -14.159  -14.157  -14.111  -14.109  -14.107   -7.765   -7.758   -7.757   -7.756
   -7.755   -7.750   -7.749   -7.748   -7.747   -7.746   -7.746   -7.742   -7.739   -7.738
   -7.737   -7.735   -7.734   -7.733   -7.733   -7.730    4.517    5.050    5.389    5.505
    8.389    8.448    8.661    9.222    9.642    9.714    9.871    9.990   10.134   10.181
   10.231   10.292   10.900   10.909   10.929   10.936   10.970   10.999   11.001   11.042
   11.079   11.115   11.116   11.122   11.696   11.725   11.883   12.071   12.104   12.132
   12.142   12.278   14.120   14.262   14.310   14.347   14.570   14.804   14.847   14.860
   15.108   15.140   15.222   15.345   16.386   16.426   16.751   16.759   16.807   16.889
   17.312   17.608
            0.175000  0.412500  0.262500
  -36.092  -36.091  -36.091  -36.029  -14.187  -14.181  -14.179  -14.174  -14.170  -14.164
  -14.161  -14.159  -14.156  -14.111  -14.109  -14.107   -7.767   -7.759   -7.759   -7.758
   -7.757   -7.752   -7.750   -7.748   -7.747   -7.747   -7.746   -7.743   -7.739   -7.738
   -7.737   -7.736   -7.734   -7.733   -7.733   -7.729    4.443    4.930    5.433    5.512
    8.491    8.517    8.785    9.305    9.596    9.665    9.952   10.052   10.167   10.201
   10.301   10.366   10.902   10.906   10.928   10.929   10.971   10.994   11.015   11.051
   11.119   11.141   11.150   11.153   11.605   11.625   11.876   12.061   12.090   12.103
   12.134   12.262   14.009   14.156   14.294   14.298   14.568   14.752   14.821   14.830
   15.131   15.149   15.312   15.434   16.192   16.220   16.601   16.640   16.684   16.944
   17.168   17.591
            0.150000  0.425000  0.225000
  -36.092  -36.091  -36.091  -36.029  -14.186  -14.179  -14.178  -14.173  -14.171  -14.164
  -14.161  -14.159  -14.156  -14.112  -14.108  -14.106   -7.769   -7.761   -7.760   -7.759
   -7.759   -7.753   -7.751   -7.748   -7.748   -7.747   -7.746   -7.744   -7.739   -7.738
   -7.737   -7.736   -7.734   -7.733   -7.732   -7.728    4.382    4.814    5.469    5.520
    8.599    8.604    8.885    9.340    9.554    9.615   10.061   10.150   10.200   10.223
   10.376   10.440   10.902   10.904   10.919   10.923   10.971   10.987   11.027   11.058
   11.165   11.169   11.174   11.182   11.507   11.522   11.880   12.063   12.075   12.085
   12.124   12.238   13.901   14.043   14.260   14.280   14.568   14.697   14.799   14.800
   15.142   15.173   15.422   15.531   15.976   16.024   16.430   16.501   16.614   16.994
   16.998   17.514
            0.125000  0.437500  0.187500
  -36.092  -36.091  -36.091  -36.029  -14.184  -14.178  -14.177  -14.173  -14.171  -14.165
  -14.162  -14.158  -14.155  -14.112  -14.107  -14.106   -7.771   -7.763   -7.762   -7.761
   -7.760   -7.754   -7.752   -7.748   -7.748   -7.747   -7.746   -7.745   -7.739   -7.738
   -7.737   -7.736   -7.734   -7.733   -7.732   -7.728    4.335    4.704    5.498    5.527
    8.702    8.711    8.962    9.340    9.518    9.568   10.189   10.231   10.245   10.268
   10.450   10.509   10.895   10.906   10.908   10.913   10.972   10.975   11.039   11.064
   11.188   11.200   11.204   11.221   11.406   11.422   11.895   12.052   12.077   12.092
   12.111   12.207   13.795   13.926   14.237   14.265   14.566   14.644   14.779   14.788
   15.151   15.188   15.550   15.639   15.777   15.818   16.292   16.357   16.548   16.829
   17.028   17.372
            0.100000  0.450000  0.150000
  -36.092  -36.091  -36.091  -36.029  -14.182  -14.177  -14.176  -14.173  -14.171  -14.165
  -14.163  -14.157  -14.155  -14.112  -14.107  -14.106   -7.773   -7.764   -7.764   -7.762
   -7.761   -7.755   -7.753   -7.749   -7.748   -7.747   -7.746   -7.746   -7.739   -7.738
   -7.736   -7.736   -7.734   -7.734   -7.731   -7.727    4.303    4.604    5.519    5.535
    8.805    8.817    9.020    9.319    9.493    9.529   10.255   10.264   10.323   10.386
   10.521   10.570   10.880   10.895   10.899   10.906   10.960   10.974   11.049   11.068
   11.191   11.207   11.244   11.282   11.311   11.331   11.924   12.039   12.096   12.100
   12.109   12.171   13.693   13.807   14.228   14.253   14.564   14.600   14.775   14.786
   15.151   15.187   15.602   15.626   15.691   15.759   16.180   16.225   16.490   16.684
   17.008   17.189
            0.075000  0.462500  0.112500
  -36.092  -36.092  -36.091  -36.029  -14.180  -14.177  -14.176  -14.172  -14.171  -14.166
  -14.164  -14.156  -14.155  -14.113  -14.106  -14.105   -7.774   -7.766   -7.765   -7.764
   -7.761   -7.755   -7.754   -7.749   -7.748   -7.748   -7.746   -7.746   -7.739   -7.739
   -7.736   -7.736   -7.734   -7.734   -7.731   -7.726    4.287    4.516    5.533    5.542
    8.901    8.911    9.066    9.288    9.481    9.502   10.269   10.274   10.449   10.490
   10.583   10.620   10.858   10.881   10.884   10.896   10.948   10.975   11.056   11.068
   11.179   11.193   11.244   11.262   11.292   11.342   11.963   12.038   12.081   12.126
   12.131   12.135   13.599   13.691   14.231   14.247   14.555   14.571   14.786   14.795
   15.129   15.157   15.461   15.479   15.846   15.893   16.089   16.116   16.442   16.567
   16.918   16.988
            0.050000  0.475000  0.075000
  -36.092  -36.092  -36.091  -36.029  -14.179  -14.177  -14.176  -14.172  -14.171  -14.167
  -14.165  -14.155  -14.154  -14.113  -14.105  -14.105   -7.775   -7.767   -7.766   -7.765
   -7.762   -7.756   -7.754   -7.749   -7.748   -7.748   -7.747   -7.746   -7.739   -7.739
   -7.736   -7.736   -7.734   -7.734   -7.730   -7.726    4.286    4.441    5.542    5.548
    8.978    8.983    9.106    9.253    9.483    9.491   10.270   10.275   10.559   10.577
   10.632   10.655   10.828   10.868   10.869   10.872   10.946   10.975   11.057   11.063
   11.150   11.152   11.223   11.229   11.341   11.390   12.007   12.049   12.068   12.102
   12.151   12.152   13.523   13.587   14.241   14.247   14.541   14.560   14.811   14.817
   15.071   15.088   15.375   15.394   16.013   16.018   16.038   16.042   16.407   16.479
   16.765   16.782
            0.025000  0.487500  0.037500
  -36.092  -36.092  -36.091  -36.029  -14.178  -14.177  -14.175  -14.172  -14.169  -14.167
  -14.166  -14.154  -14.154  -14.113  -14.105  -14.105   -7.776   -7.767   -7.767   -7.765
   -7.762   -7.756   -7.754   -7.750   -7.749   -7.748   -7.747   -7.747   -7.739   -7.739
   -7.736   -7.736   -7.735   -7.734   -7.730   -7.725    4.302    4.379    5.546    5.552
    9.026    9.027    9.143    9.216    9.491    9.492   10.264   10.269   10.643   10.644
   10.664   10.676   10.797   10.827   10.861   10.865   10.953   10.971   11.051   11.052
   11.126   11.127   11.215   11.218   11.383   11.413   12.044   12.060   12.063   12.078
   12.167   12.168   13.475   13.508   14.252   14.253   14.533   14.553   14.850   14.857
   14.988   14.999   15.340   15.359   15.973   15.993   16.193   16.207   16.389   16.422
   16.577   16.582
            0.000000  0.500000  0.000000
  -36.092  -36.092  -36.091  -36.029  -14.177  -14.177  -14.175  -14.172  -14.168  -14.167
  -14.167  -14.154  -14.154  -14.113  -14.105  -14.105   -7.776   -7.767   -7.767   -7.766
   -7.762   -7.756   -7.754   -7.750   -7.749   -7.748   -7.747   -7.747   -7.739   -7.739
   -7.736   -7.736   -7.735   -7.735   -7.730   -7.725    4.330    4.336    5.548    5.553
    9.042    9.042    9.177    9.181    9.495    9.495   10.261   10.266   10.678   10.678
   10.680   10.680   10.787   10.792   10.859   10.862   10.962   10.964   11.046   11.046
   11.120   11.120   11.212   11.216   11.406   11.413   12.061   12.061   12.067   12.067
   12.173   12.173   13.468   13.470   14.256   14.256   14.531   14.550   14.904   14.904
   14.915   14.932   15.331   15.351   15.958   15.978   16.371   16.384   16.389   16.389
   16.397   16.397
            0.000000  0.475000  0.000000
  -36.092  -36.092  -36.091  -36.029  -14.178  -14.178  -14.176  -14.172  -14.168  -14.167
  -14.167  -14.154  -14.154  -14.113  -14.105  -14.105   -7.776   -7.768   -7.767   -7.766
   -7.762   -7.756   -7.754   -7.750   -7.749   -7.748   -7.747   -7.747   -7.739   -7.739
   -7.736   -7.736   -7.734   -7.734   -7.730   -7.725    4.256    4.411    5.546    5.552
    9.039    9.039    9.109    9.254    9.501    9.501   10.266   10.271   10.668   10.668
   10.689   10.689   10.747   10.829   10.859   10.862   10.944   10.982   11.044   11.044
   11.122   11.122   11.214   11.218   11.379   11.444   12.049   12.049   12.082   12.082
   12.173   12.173   13.437   13.504   14.244   14.244   14.527   14.554   14.912   14.912
   14.913   14.931   15.331   15.351   15.958   15.978   16.330   16.356   16.356   16.419
   16.419   16.426
            0.000000  0.450000  0.000000
  -36.092  -36.092  -36.091  -36.029  -14.178  -14.178  -14.177  -14.171  -14.168  -14.167
  -14.167  -14.154  -14.154  -14.113  -14.105  -14.105   -7.776   -7.768   -7.767   -7.765
   -7.762   -7.757   -7.755   -7.750   -7.749   -7.748   -7.747   -7.747   -7.739   -7.739
   -7.736   -7.736   -7.734   -7.734   -7.730   -7.725    4.179    4.489    5.541    5.547
    9.031    9.031    9.043    9.332    9.515    9.515   10.280   10.285   10.657   10.657
   10.699   10.699   10.703   10.860   10.862   10.864   10.925   11.002   11.037   11.037
   11.127   11.127   11.220   11.224   11.352   11.485   12.039   12.039   12.102   12.102
   12.174   12.174   13.407   13.541   14.211   14.211   14.518   14.562   14.909   14.926
   14.934   14.934   15.330   15.350   15.958   15.978   16.286   16.310   16.310   16.433
   16.433   16.475
            0.000000  0.425000  0.000000
  -36.092  -36.091  -36.091  -36.029  -14.178  -14.178  -14.178  -14.169  -14.168  -14.167
  -14.167  -14.154  -14.154  -14.113  -14.105  -14.105   -7.776   -7.768   -7.767   -7.765
   -7.763   -7.757   -7.755   -7.750   -7.749   -7.749   -7.748   -7.748   -7.739   -7.739
   -7.736   -7.736   -7.733   -7.733   -7.730   -7.725    4.105    4.566    5.534    5.539
    8.983    9.018    9.018    9.413    9.539    9.539   10.304   10.309   10.645   10.645
   10.658   10.708   10.708   10.860   10.864   10.893   10.907   11.021   11.027   11.027
   11.135   11.135   11.230   11.233   11.326   11.532   12.032   12.032   12.126   12.126
   12.174   12.174   13.379   13.582   14.160   14.160   14.509   14.570   14.902   14.919
   14.966   14.966   15.330   15.350   15.958   15.977   16.242   16.256   16.256   16.435
   16.435   16.525
            0.000000  0.400000  0.000000
  -36.092  -36.091  -36.091  -36.029  -14.179  -14.179  -14.179  -14.168  -14.168  -14.166
  -14.166  -14.154  -14.154  -14.112  -14.105  -14.105   -7.776   -7.768   -7.767   -7.765
   -7.763   -7.757   -7.755   -7.751   -7.749   -7.749   -7.748   -7.748   -7.740   -7.740
   -7.736   -7.736   -7.732   -7.732   -7.730   -7.725    4.033    4.643    5.523    5.528
    8.929    9.002    9.002    9.496    9.570    9.570   10.336   10.341   10.613   10.633
   10.633   10.715   10.715   10.861   10.865   10.889   10.916   11.014   11.014   11.040
   11.143   11.143   11.244   11.248   11.302   11.587   12.029   12.029   12.153   12.153
   12.174   12.174   13.353   13.625   14.096   14.096   14.499   14.579   14.892   14.909
   15.003   15.003   15.330   15.350   15.957   15.975   16.195   16.195   16.201   16.426
   16.426   16.576
            0.000000  0.375000  0.000000
  -36.092  -36.091  -36.091  -36.029  -14.180  -14.179  -14.179  -14.167  -14.166  -14.166
  -14.166  -14.154  -14.154  -14.112  -14.105  -14.105   -7.776   -7.768   -7.767   -7.765
   -7.764   -7.758   -7.755   -7.751   -7.750   -7.749   -7.749   -7.749   -7.740   -7.740
   -7.736   -7.736   -7.731   -7.731   -7.730   -7.725    3.963    4.717    5.510    5.515
    8.882    8.985    8.985    9.580    9.607    9.607   10.375   10.379   10.569   10.621
   10.621   10.722   10.722   10.863   10.866   10.871   10.932   11.000   11.000   11.059
   11.151   11.151   11.264   11.267   11.278   11.650   12.029   12.029   12.175   12.175
   12.182   12.182   13.329   13.672   14.024   14.024   14.489   14.587   14.879   14.896
   15.043   15.043   15.329   15.349   15.954   15.973   16.128   16.128   16.161   16.405
   16.405   16.625
            0.000000  0.350000  0.000000
  -36.093  -36.091  -36.091  -36.029  -14.181  -14.180  -14.180  -14.167  -14.165  -14.165
  -14.165  -14.154  -14.154  -14.111  -14.105  -14.105   -7.776   -7.769   -7.767   -7.765
   -7.764   -7.759   -7.756   -7.752   -7.751   -7.750   -7.750   -7.749   -7.741   -7.741
   -7.735   -7.735   -7.731   -7.731   -7.730   -7.725    3.896    4.789    5.495    5.500
    8.842    8.966    8.966    9.648    9.648    9.665   10.418   10.422   10.526   10.610
   10.610   10.728   10.728   10.855   10.864   10.868   10.942   10.985   10.985   11.078
   11.160   11.160   11.251   11.291   11.295   11.719   12.032   12.032   12.176   12.176
   12.213   12.213   13.307   13.723   13.947   13.947   14.480   14.595   14.864   14.880
   15.083   15.083   15.329   15.349   15.950   15.967   16.057   16.057   16.124   16.375
   16.375   16.673
            0.000000  0.325000  0.000000
  -36.093  -36.091  -36.091  -36.029  -14.182  -14.181  -14.181  -14.167  -14.165  -14.165
  -14.163  -14.154  -14.154  -14.111  -14.104  -14.104   -7.776   -7.769   -7.768   -7.766
   -7.764   -7.760   -7.756   -7.753   -7.752   -7.751   -7.751   -7.748   -7.742   -7.742
   -7.734   -7.734   -7.730   -7.730   -7.730   -7.725    3.832    4.858    5.478    5.483
    8.810    8.948    8.948    9.693    9.693    9.749   10.464   10.468   10.486   10.598
   10.598   10.733   10.733   10.839   10.867   10.870   10.947   10.969   10.969   11.096
   11.168   11.168   11.225   11.325   11.330   11.794   12.039   12.039   12.176   12.176
   12.246   12.246   13.286   13.778   13.866   13.866   14.470   14.603   14.845   14.861
   15.121   15.121   15.329   15.348   15.943   15.959   15.984   15.984   16.089   16.336
   16.336   16.706
            0.000000  0.300000  0.000000
  -36.093  -36.091  -36.091  -36.029  -14.182  -14.181  -14.181  -14.166  -14.164  -14.164
  -14.162  -14.154  -14.154  -14.110  -14.104  -14.104   -7.777   -7.769   -7.768   -7.766
   -7.764   -7.761   -7.756   -7.754   -7.753   -7.752   -7.752   -7.748   -7.742   -7.742
   -7.734   -7.734   -7.730   -7.729   -7.729   -7.725    3.772    4.924    5.460    5.465
    8.784    8.930    8.930    9.741    9.741    9.831   10.447   10.510   10.514   10.587
   10.587   10.737   10.737   10.824   10.869   10.872   10.946   10.952   10.952   11.113
   11.176   11.176   11.197   11.369   11.373   11.874   12.048   12.048   12.177   12.177
   12.280   12.280   13.267   13.784   13.784   13.837   14.461   14.610   14.823   14.838
   15.156   15.156   15.328   15.348   15.910   15.910   15.932   15.947   16.055   16.290
   16.290   16.647
            0.000000  0.275000  0.000000
  -36.093  -36.091  -36.091  -36.029  -14.183  -14.182  -14.182  -14.166  -14.164  -14.164
  -14.161  -14.154  -14.154  -14.109  -14.104  -14.104   -7.777   -7.769   -7.769   -7.767
   -7.764   -7.762   -7.757   -7.755   -7.754   -7.753   -7.753   -7.748   -7.743   -7.743
   -7.733   -7.733   -7.730   -7.729   -7.729   -7.725    3.716    4.985    5.442    5.447
    8.766    8.912    8.912    9.791    9.791    9.912   10.411   10.554   10.557   10.577
   10.577   10.740   10.740   10.810   10.872   10.875   10.934   10.934   10.940   11.130
   11.168   11.184   11.184   11.422   11.427   11.957   12.059   12.059   12.178   12.178
   12.315   12.315   13.250   13.702   13.702   13.901   14.452   14.617   14.798   14.812
   15.189   15.189   15.328   15.348   15.836   15.836   15.917   15.930   16.024   16.239
   16.239   16.499
            0.000000  0.250000  0.000000
  -36.093  -36.091  -36.091  -36.029  -14.184  -14.183  -14.183  -14.165  -14.163  -14.163
  -14.159  -14.153  -14.153  -14.108  -14.104  -14.104   -7.777   -7.770   -7.770   -7.767
   -7.763   -7.763   -7.757   -7.756   -7.755   -7.754   -7.754   -7.748   -7.744   -7.744
   -7.733   -7.733   -7.730   -7.728   -7.728   -7.725    3.664    5.042    5.423    5.428
    8.755    8.896    8.896    9.842    9.842    9.991   10.378   10.567   10.567   10.595
   10.597   10.743   10.743   10.797   10.875   10.878   10.915   10.915   10.930   11.137
   11.145   11.191   11.191   11.486   11.491   12.041   12.073   12.073   12.179   12.179
   12.350   12.350   13.234   13.622   13.622   13.970   14.444   14.623   14.769   14.782
   15.219   15.219   15.328   15.348   15.764   15.764   15.896   15.908   15.995   16.185
   16.185   16.350
            0.000000  0.225000  0.000000
  -36.093  -36.091  -36.091  -36.029  -14.184  -14.183  -14.183  -14.165  -14.163  -14.163
  -14.158  -14.153  -14.153  -14.107  -14.104  -14.104   -7.777   -7.771   -7.770   -7.767
   -7.764   -7.763   -7.757   -7.757   -7.756   -7.754   -7.754   -7.748   -7.744   -7.744
   -7.732   -7.732   -7.730   -7.728   -7.728   -7.725    3.616    5.093    5.405    5.410
    8.750    8.881    8.881    9.894    9.894   10.067   10.348   10.558   10.558   10.630
   10.632   10.744   10.744   10.785   10.878   10.882   10.895   10.895   10.917   11.105
   11.160   11.197   11.197   11.560   11.565   12.087   12.087   12.125   12.180   12.180
   12.384   12.384   13.220   13.544   13.544   14.044   14.436   14.628   14.735   14.748
   15.245   15.245   15.328   15.348   15.694   15.694   15.869   15.879   15.968   16.129
   16.129   16.210
            0.000000  0.200000  0.000000
  -36.093  -36.091  -36.091  -36.029  -14.184  -14.184  -14.184  -14.164  -14.163  -14.163
  -14.157  -14.153  -14.153  -14.107  -14.104  -14.104   -7.777   -7.772   -7.770   -7.768
   -7.765   -7.763   -7.758   -7.757   -7.757   -7.755   -7.755   -7.748   -7.745   -7.745
   -7.732   -7.732   -7.730   -7.727   -7.727   -7.725    3.573    5.140    5.387    5.392
    8.751    8.868    8.868    9.946    9.946   10.139   10.320   10.550   10.550   10.660
   10.661   10.746   10.746   10.774   10.875   10.875   10.881   10.885   10.901   11.072
   11.173   11.203   11.203   11.642   11.647   12.103   12.103   12.181   12.181   12.206
   12.418   12.418   13.207   13.471   13.471   14.123   14.428   14.633   14.698   14.710
   15.268   15.268   15.328   15.348   15.629   15.629   15.836   15.844   15.942   16.073
   16.073   16.084
            0.000000  0.175000  0.000000
  -36.093  -36.091  -36.091  -36.029  -14.185  -14.184  -14.184  -14.164  -14.163  -14.163
  -14.156  -14.153  -14.153  -14.106  -14.103  -14.103   -7.777   -7.773   -7.770   -7.768
   -7.766   -7.763   -7.759   -7.758   -7.757   -7.756   -7.756   -7.747   -7.745   -7.745
   -7.731   -7.731   -7.730   -7.727   -7.727   -7.725    3.535    5.181    5.371    5.376
    8.757    8.856    8.856    9.997    9.997   10.208   10.296   10.542   10.542   10.684
   10.685   10.746   10.746   10.765   10.854   10.854   10.881   10.885   10.888   11.040
   11.185   11.208   11.208   11.731   11.736   12.118   12.118   12.181   12.181   12.284
   12.449   12.449   13.195   13.403   13.403   14.206   14.422   14.636   14.657   14.667
   15.288   15.288   15.329   15.349   15.568   15.568   15.798   15.804   15.918   15.970
   16.020   16.020
            0.000000  0.150000  0.000000
  -36.093  -36.091  -36.091  -36.029  -14.185  -14.185  -14.185  -14.163  -14.162  -14.162
  -14.155  -14.153  -14.153  -14.105  -14.103  -14.103   -7.777   -7.774   -7.770   -7.769
   -7.767   -7.762   -7.760   -7.759   -7.758   -7.756   -7.756   -7.747   -7.746   -7.746
   -7.731   -7.731   -7.730   -7.726   -7.726   -7.725    3.501    5.216    5.356    5.361
    8.766    8.845    8.845   10.045   10.045   10.272   10.276   10.536   10.536   10.703
   10.704   10.746   10.746   10.756   10.832   10.832   10.859   10.888   10.892   11.008
   11.196   11.213   11.213   11.823   11.828   12.133   12.133   12.182   12.182   12.354
   12.479   12.479   13.186   13.342   13.342   14.291   14.416   14.607   14.620   14.643
   15.304   15.304   15.330   15.350   15.513   15.513   15.757   15.761   15.871   15.896
   15.970   15.970
            0.000000  0.125000  0.000000
  -36.093  -36.091  -36.091  -36.029  -14.185  -14.185  -14.185  -14.163  -14.162  -14.162
  -14.154  -14.153  -14.153  -14.104  -14.103  -14.103   -7.777   -7.775   -7.771   -7.769
   -7.767   -7.762   -7.761   -7.760   -7.758   -7.757   -7.757   -7.747   -7.746   -7.746
   -7.731   -7.731   -7.730   -7.726   -7.726   -7.725    3.473    5.246    5.343    5.347
    8.777    8.836    8.836   10.091   10.091   10.258   10.333   10.530   10.530   10.717
   10.719   10.747   10.747   10.749   10.811   10.811   10.835   10.891   10.894   10.979
   11.205   11.217   11.217   11.913   11.918   12.147   12.147   12.183   12.183   12.417
   12.505   12.505   13.177   13.288   13.288   14.378   14.411   14.559   14.571   14.646
   15.318   15.318   15.331   15.351   15.465   15.465   15.715   15.717   15.786   15.876
   15.925   15.925
            0.000000  0.100000  0.000000
  -36.093  -36.091  -36.091  -36.029  -14.186  -14.185  -14.185  -14.162  -14.162  -14.162
  -14.153  -14.152  -14.152  -14.104  -14.103  -14.103   -7.777   -7.776   -7.771   -7.770
   -7.768   -7.762   -7.761   -7.761   -7.758   -7.757   -7.757   -7.747   -7.746   -7.746
   -7.730   -7.730   -7.730   -7.726   -7.726   -7.725    3.449    5.270    5.332    5.336
    8.788    8.829    8.829   10.132   10.132   10.243   10.388   10.525   10.525   10.728
   10.729   10.743   10.746   10.746   10.791   10.791   10.809   10.893   10.897   10.952
   11.213   11.220   11.220   11.999   12.003   12.159   12.159   12.183   12.183   12.471
   12.528   12.528   13.170   13.242   13.242   14.406   14.460   14.511   14.523   14.649
   15.329   15.329   15.333   15.353   15.425   15.425   15.676   15.676   15.717   15.857
   15.886   15.886
            0.000000  0.075000  0.000000
  -36.093  -36.091  -36.091  -36.029  -14.186  -14.186  -14.186  -14.162  -14.162  -14.162
  -14.153  -14.152  -14.152  -14.103  -14.103  -14.103   -7.777   -7.777   -7.771   -7.770
   -7.768   -7.762   -7.762   -7.761   -7.758   -7.758   -7.758   -7.747   -7.747   -7.747
   -7.730   -7.730   -7.730   -7.726   -7.726   -7.725    3.431    5.289    5.323    5.327
    8.799    8.823    8.823   10.167   10.167   10.232   10.437   10.522   10.522   10.736
   10.737   10.738   10.746   10.746   10.773   10.773   10.783   10.895   10.899   10.930
   11.219   11.223   11.223   12.073   12.078   12.170   12.170   12.184   12.184   12.514
   12.546   12.546   13.165   13.206   13.206   14.403   14.466   14.474   14.539   14.651
   15.335   15.336   15.336   15.355   15.393   15.393   15.641   15.642   15.663   15.839
   15.854   15.854
            0.000000  0.050000  0.000000
  -36.093  -36.091  -36.091  -36.029  -14.186  -14.186  -14.186  -14.162  -14.162  -14.162
  -14.152  -14.152  -14.152  -14.103  -14.103  -14.103   -7.778   -7.777   -7.771   -7.771
   -7.768   -7.762   -7.762   -7.761   -7.758   -7.758   -7.758   -7.747   -7.747   -7.747
   -7.730   -7.730   -7.730   -7.725   -7.725   -7.725    3.417    5.302    5.317    5.321
    8.808    8.819    8.819   10.195   10.195   10.224   10.478   10.519   10.519   10.735
   10.741   10.743   10.746   10.746   10.759   10.759   10.759   10.896   10.900   10.914
   11.223   11.225   11.225   12.131   12.136   12.177   12.177   12.184   12.184   12.545
   12.559   12.559   13.161   13.179   13.179   14.399   14.429   14.437   14.599   14.652
   15.337   15.341   15.341   15.357   15.372   15.372   15.614   15.616   15.624   15.825
   15.831   15.831
            0.000000  0.025000  0.000000
  -36.093  -36.091  -36.091  -36.029  -14.186  -14.186  -14.186  -14.162  -14.162  -14.162
  -14.152  -14.152  -14.152  -14.103  -14.103  -14.103   -7.778   -7.777   -7.771   -7.771
   -7.769   -7.762   -7.762   -7.762   -7.758   -7.758   -7.758   -7.747   -7.747   -7.747
   -7.730   -7.730   -7.730   -7.725   -7.725   -7.725    3.409    5.308    5.315    5.317
    8.814    8.817    8.817   10.212   10.212   10.219   10.506   10.518   10.518   10.733
   10.740   10.744   10.746   10.746   10.746   10.749   10.749   10.897   10.899   10.905
   11.226   11.226   11.226   12.169   12.173   12.181   12.181   12.185   12.185   12.564
   12.568   12.568   13.159   13.163   13.163   14.394   14.408   14.412   14.640   14.653
   15.338   15.340   15.340   15.358   15.361   15.361   15.597   15.598   15.602   15.816
   15.817   15.817
            0.000000  0.000000  0.000000
  -36.093  -36.091  -36.091  -36.029  -14.186  -14.186  -14.186  -14.162  -14.162  -14.162
  -14.152  -14.152  -14.152  -14.103  -14.103  -14.103   -7.778   -7.778   -7.771   -7.771
   -7.769   -7.762   -7.762   -7.762   -7.758   -7.758   -7.758   -7.747   -7.747   -7.747
   -7.730   -7.730   -7.730   -7.725   -7.725   -7.725    3.407    5.309    5.316    5.316
    8.816    8.816    8.816   10.218   10.218   10.218   10.517   10.517   10.517   10.732
   10.732   10.745   10.745   10.745   10.747   10.747   10.747   10.898   10.898   10.903
   11.226   11.226   11.226   12.182   12.182   12.182   12.186   12.186   12.186   12.570
   12.570   12.570   13.158   13.158   13.158   14.389   14.404   14.404   14.654   14.654
   15.339   15.339   15.339   15.359   15.359   15.359   15.591   15.591   15.595   15.812
   15.812   15.812
            0.000000  0.025000  0.025000
  -36.093  -36.091  -36.091  -36.029  -14.186  -14.186  -14.186  -14.162  -14.162  -14.162
  -14.152  -14.152  -14.152  -14.103  -14.103  -14.103   -7.778   -7.777   -7.771   -7.771
   -7.769   -7.762   -7.762   -7.762   -7.758   -7.758   -7.758   -7.747   -7.747   -7.747
   -7.730   -7.730   -7.730   -7.725   -7.725   -7.725    3.412    5.308    5.314    5.317
    8.815    8.815    8.818   10.206   10.213   10.213   10.504   10.510   10.518   10.737
   10.742   10.744   10.745   10.745   10.749   10.750   10.755   10.898   10.901   10.906
   11.225   11.225   11.226   12.163   12.169   12.170   12.178   12.180   12.184   12.553
   12.565   12.570   13.164   13.164   13.168   14.400   14.413   14.419   14.633   14.646
   15.340   15.340   15.342   15.360   15.361   15.362   15.603   15.605   15.609   15.794
   15.822   15.847
            0.000000  0.050000  0.050000
  -36.093  -36.091  -36.091  -36.029  -14.186  -14.186  -14.186  -14.162  -14.162  -14.162
  -14.153  -14.152  -14.152  -14.103  -14.103  -14.103   -7.777   -7.777   -7.771   -7.771
   -7.768   -7.762   -7.762   -7.761   -7.758   -7.758   -7.758   -7.747   -7.747   -7.747
   -7.730   -7.730   -7.730   -7.726   -7.725   -7.725    3.428    5.305    5.310    5.324
    8.811    8.811    8.823   10.172   10.201   10.201   10.471   10.490   10.521   10.729
   10.742   10.742   10.750   10.759   10.760   10.772   10.780   10.897   10.911   10.915
   11.221   11.221   11.224   12.109   12.128   12.128   12.161   12.175   12.180   12.500
   12.548   12.569   13.183   13.183   13.198   14.428   14.438   14.469   14.577   14.624
   15.339   15.340   15.350   15.367   15.370   15.371   15.633   15.648   15.652   15.750
   15.849   15.943
            0.000000  0.075000  0.075000
  -36.093  -36.091  -36.091  -36.029  -14.186  -14.185  -14.185  -14.163  -14.162  -14.162
  -14.153  -14.153  -14.153  -14.104  -14.103  -14.103   -7.777   -7.776   -7.771   -7.770
   -7.768   -7.762   -7.762   -7.761   -7.757   -7.757   -7.757   -7.747   -7.747   -7.746
   -7.730   -7.730   -7.730   -7.726   -7.726   -7.726    3.454    5.299    5.304    5.337
    8.806    8.806    8.830   10.118   10.181   10.181   10.427   10.460   10.526   10.708
   10.737   10.737   10.767   10.773   10.774   10.807   10.817   10.895   10.926   10.930
   11.214   11.214   11.220   12.030   12.065   12.066   12.136   12.168   12.172   12.417
   12.519   12.567   13.214   13.215   13.241   14.465   14.475   14.499   14.552   14.592
   15.336   15.336   15.355   15.372   15.390   15.391   15.674   15.696   15.723   15.728
   15.891   16.087
            0.000000  0.100000  0.100000
  -36.093  -36.091  -36.091  -36.029  -14.186  -14.185  -14.185  -14.163  -14.162  -14.162
  -14.154  -14.153  -14.153  -14.104  -14.104  -14.103   -7.777   -7.775   -7.770   -7.769
   -7.767   -7.761   -7.761   -7.760   -7.757   -7.757   -7.757   -7.747   -7.746   -7.746
   -7.731   -7.731   -7.730   -7.726   -7.726   -7.726    3.491    5.290    5.295    5.354
    8.798    8.799    8.841   10.048   10.156   10.156   10.378   10.422   10.533   10.678
   10.729   10.730   10.787   10.791   10.792   10.844   10.862   10.893   10.947   10.950
   11.203   11.203   11.216   11.937   11.989   11.989   12.106   12.159   12.163   12.308
   12.479   12.563   13.258   13.259   13.293   14.417   14.511   14.518   14.555   14.657
   15.332   15.334   15.356   15.373   15.420   15.420   15.646   15.715   15.830   15.835
   15.944   16.264
            0.000000  0.125000  0.125000
  -36.093  -36.091  -36.091  -36.029  -14.186  -14.184  -14.184  -14.164  -14.162  -14.162
  -14.156  -14.153  -14.153  -14.105  -14.104  -14.103   -7.776   -7.774   -7.769   -7.768
   -7.766   -7.761   -7.760   -7.759   -7.757   -7.757   -7.756   -7.747   -7.746   -7.745
   -7.731   -7.731   -7.730   -7.727   -7.726   -7.726    3.538    5.279    5.284    5.375
    8.790    8.791    8.854    9.963   10.127   10.127   10.326   10.376   10.541   10.641
   10.718   10.718   10.806   10.811   10.812   10.880   10.886   10.916   10.971   10.974
   11.187   11.187   11.211   11.840   11.907   11.907   12.075   12.148   12.152   12.181
   12.427   12.556   13.314   13.316   13.352   14.336   14.510   14.559   14.570   14.779
   15.331   15.333   15.354   15.370   15.456   15.457   15.608   15.748   15.959   15.964
   16.003   16.466
            0.000000  0.150000  0.150000
  -36.093  -36.091  -36.091  -36.029  -14.185  -14.183  -14.183  -14.165  -14.163  -14.162
  -14.157  -14.154  -14.153  -14.106  -14.105  -14.104   -7.775   -7.773   -7.769   -7.767
   -7.766   -7.760   -7.760   -7.758   -7.756   -7.756   -7.755   -7.746   -7.746   -7.744
   -7.732   -7.731   -7.731   -7.727   -7.727   -7.726    3.595    5.266    5.271    5.399
    8.781    8.782    8.868    9.867   10.095   10.096   10.274   10.321   10.551   10.595
   10.702   10.702   10.824   10.832   10.833   10.885   10.914   10.969   10.997   11.000
   11.167   11.167   11.206   11.747   11.828   11.828   12.041   12.045   12.137   12.141
   12.364   12.547   13.382   13.384   13.417   14.264   14.478   14.607   14.617   14.903
   15.335   15.344   15.350   15.364   15.498   15.500   15.585   15.770   16.065   16.101
   16.106   16.686
            0.000000  0.175000  0.175000
  -36.093  -36.091  -36.091  -36.029  -14.185  -14.183  -14.182  -14.167  -14.163  -14.162
  -14.158  -14.154  -14.154  -14.107  -14.105  -14.104   -7.775   -7.771   -7.768   -7.765
   -7.765   -7.760   -7.759   -7.756   -7.755   -7.755   -7.754   -7.746   -7.745   -7.744
   -7.732   -7.732   -7.731   -7.728   -7.727   -7.727    3.661    5.251    5.256    5.426
    8.772    8.774    8.881    9.763   10.063   10.063   10.223   10.258   10.544   10.561
   10.679   10.679   10.840   10.853   10.854   10.883   10.947   11.022   11.023   11.025
   11.144   11.145   11.202   11.663   11.757   11.757   11.895   12.018   12.126   12.129
   12.292   12.533   13.459   13.461   13.488   14.204   14.455   14.654   14.665   15.001
   15.339   15.342   15.357   15.399   15.545   15.547   15.574   15.779   16.125   16.244
   16.248   16.922
            0.000000  0.200000  0.200000
  -36.093  -36.091  -36.091  -36.029  -14.185  -14.182  -14.181  -14.168  -14.163  -14.162
  -14.160  -14.155  -14.154  -14.108  -14.106  -14.104   -7.774   -7.769   -7.767   -7.764
   -7.764   -7.759   -7.757   -7.755   -7.754   -7.754   -7.753   -7.746   -7.745   -7.743
   -7.733   -7.732   -7.731   -7.729   -7.727   -7.727    3.737    5.236    5.240    5.453
    8.765    8.767    8.892    9.657   10.030   10.031   10.173   10.184   10.487   10.570
   10.645   10.646   10.851   10.873   10.874   10.883   10.976   11.040   11.041   11.078
   11.126   11.128   11.197   11.591   11.700   11.700   11.751   11.996   12.116   12.119
   12.215   12.515   13.545   13.548   13.567   14.157   14.445   14.699   14.711   15.047
   15.336   15.346   15.350   15.515   15.575   15.595   15.598   15.775   16.182   16.377
   16.379   17.169
            0.000000  0.225000  0.225000
  -36.093  -36.091  -36.091  -36.029  -14.185  -14.181  -14.180  -14.170  -14.163  -14.162
  -14.161  -14.155  -14.155  -14.109  -14.106  -14.105   -7.773   -7.768   -7.766   -7.763
   -7.763   -7.758   -7.756   -7.754   -7.753   -7.753   -7.751   -7.746   -7.744   -7.742
   -7.734   -7.733   -7.732   -7.729   -7.728   -7.727    3.822    5.219    5.223    5.479
    8.758    8.761    8.895    9.559    9.998    9.999   10.098   10.125   10.427   10.577
   10.600   10.601   10.857   10.884   10.891   10.892   11.003   11.040   11.041   11.125
   11.127   11.130   11.193   11.532   11.613   11.657   11.658   11.979   12.107   12.110
   12.135   12.493   13.637   13.641   13.654   14.124   14.448   14.742   14.754   15.049
   15.333   15.345   15.356   15.585   15.648   15.650   15.683   15.762   16.231   16.493
   16.493   17.425
            0.000000  0.250000  0.250000
  -36.092  -36.091  -36.091  -36.029  -14.185  -14.180  -14.179  -14.172  -14.164  -14.163
  -14.162  -14.156  -14.156  -14.109  -14.107  -14.105   -7.773   -7.766   -7.765   -7.762
   -7.762   -7.757   -7.754   -7.753   -7.753   -7.752   -7.750   -7.745   -7.744   -7.741
   -7.734   -7.733   -7.732   -7.730   -7.729   -7.728    3.915    5.201    5.206    5.502
    8.753    8.756    8.884    9.479    9.967    9.969   10.000   10.081   10.365   10.543
   10.543   10.580   10.858   10.887   10.906   10.906   11.027   11.031   11.032   11.139
   11.142   11.174   11.190   11.486   11.490   11.628   11.629   11.968   12.056   12.100
   12.103   12.466   13.736   13.740   13.751   14.106   14.464   14.780   14.793   15.027
   15.332   15.344   15.367   15.604   15.701   15.705   15.743   15.880   16.272   16.590
   16.592   17.688
            0.000000  0.275000  0.275000
  -36.092  -36.091  -36.091  -36.029  -14.185  -14.178  -14.178  -14.173  -14.165  -14.164
  -14.162  -14.156  -14.156  -14.110  -14.108  -14.105   -7.772   -7.764   -7.764   -7.762
   -7.761   -7.755   -7.753   -7.752   -7.752   -7.750   -7.749   -7.745   -7.743   -7.740
   -7.735   -7.734   -7.732   -7.731   -7.729   -7.728    4.015    5.184    5.188    5.519
    8.750    8.754    8.853    9.430    9.890    9.939    9.941   10.040   10.303   10.475
   10.475   10.573   10.852   10.891   10.913   10.914   11.026   11.027   11.049   11.155
   11.158   11.186   11.208   11.384   11.459   11.611   11.612   11.962   11.982   12.095
   12.097   12.435   13.837   13.842   13.858   14.103   14.491   14.811   14.827   14.993
   15.336   15.346   15.377   15.628   15.723   15.755   15.760   16.094   16.302   16.675
   16.678   17.954
            0.000000  0.300000  0.300000
  -36.092  -36.091  -36.091  -36.029  -14.185  -14.178  -14.177  -14.175  -14.166  -14.164
  -14.162  -14.157  -14.157  -14.110  -14.108  -14.106   -7.771   -7.764   -7.763   -7.761
   -7.760   -7.753   -7.751   -7.751   -7.750   -7.749   -7.748   -7.744   -7.742   -7.739
   -7.735   -7.735   -7.733   -7.732   -7.730   -7.729    4.123    5.167    5.171    5.529
    8.749    8.754    8.803    9.414    9.768    9.914    9.916   10.003   10.242   10.400
   10.401   10.552   10.844   10.896   10.915   10.916   11.030   11.032   11.068   11.168
   11.171   11.183   11.225   11.302   11.450   11.603   11.604   11.914   11.961   12.092
   12.094   12.400   13.940   13.945   13.975   14.112   14.527   14.836   14.853   14.950
   15.343   15.353   15.384   15.656   15.707   15.808   15.813   16.320   16.321   16.755
   16.759   18.218
            0.000000  0.325000  0.325000
  -36.092  -36.091  -36.091  -36.029  -14.185  -14.178  -14.177  -14.175  -14.168  -14.164
  -14.161  -14.158  -14.157  -14.111  -14.109  -14.106   -7.771   -7.763   -7.762   -7.761
   -7.759   -7.752   -7.750   -7.750   -7.749   -7.748   -7.747   -7.743   -7.741   -7.739
   -7.735   -7.735   -7.733   -7.732   -7.731   -7.730    4.237    5.151    5.155    5.528
    8.743    8.751    8.756    9.428    9.638    9.893    9.895    9.971   10.184   10.322
   10.323   10.511   10.838   10.901   10.913   10.914   11.041   11.043   11.084   11.178
   11.180   11.180   11.226   11.242   11.460   11.601   11.603   11.855   11.965   12.091
   12.092   12.363   14.042   14.048   14.102   14.133   14.570   14.854   14.871   14.902
   15.355   15.363   15.382   15.684   15.703   15.858   15.863   16.326   16.555   16.836
   16.841   18.159
            0.000000  0.350000  0.350000
  -36.092  -36.091  -36.091  -36.029  -14.185  -14.180  -14.176  -14.174  -14.169  -14.165
  -14.161  -14.159  -14.158  -14.111  -14.109  -14.106   -7.770   -7.762   -7.761   -7.760
   -7.757   -7.750   -7.749   -7.749   -7.748   -7.746   -7.746   -7.743   -7.741   -7.738
   -7.736   -7.736   -7.734   -7.733   -7.731   -7.730    4.356    5.136    5.139    5.513
    8.689    8.753    8.759    9.464    9.502    9.876    9.878    9.945   10.129   10.244
   10.246   10.450   10.838   10.906   10.910   10.911   11.055   11.057   11.099   11.177
   11.182   11.185   11.199   11.217   11.483   11.605   11.606   11.805   11.974   12.091
   12.093   12.324   14.140   14.146   14.164   14.238   14.618   14.848   14.865   14.883
   15.367   15.368   15.379   15.706   15.716   15.904   15.910   16.319   16.795   16.923
   16.929   18.090
            0.000000  0.375000  0.375000
  -36.092  -36.091  -36.091  -36.029  -14.185  -14.181  -14.176  -14.173  -14.171  -14.165
  -14.160  -14.160  -14.158  -14.111  -14.110  -14.107   -7.770   -7.761   -7.761   -7.760
   -7.756   -7.749   -7.749   -7.748   -7.746   -7.745   -7.745   -7.742   -7.740   -7.738
   -7.737   -7.736   -7.734   -7.734   -7.732   -7.731    4.478    5.122    5.126    5.483
    8.647    8.758    8.764    9.365    9.515    9.864    9.866    9.924   10.079   10.170
   10.172   10.372   10.844   10.907   10.908   10.910   11.071   11.073   11.111   11.171
   11.174   11.183   11.186   11.202   11.510   11.610   11.612   11.764   11.986   12.093
   12.094   12.285   14.204   14.231   14.238   14.382   14.669   14.792   14.870   14.889
   15.345   15.381   15.390   15.719   15.743   15.944   15.951   16.300   17.020   17.022
   17.044   17.880
            0.000000  0.400000  0.400000
  -36.092  -36.091  -36.091  -36.029  -14.185  -14.183  -14.175  -14.173  -14.171  -14.165
  -14.161  -14.160  -14.159  -14.111  -14.110  -14.107   -7.769   -7.761   -7.760   -7.759
   -7.755   -7.748   -7.748   -7.747   -7.745   -7.745   -7.744   -7.741   -7.739   -7.738
   -7.737   -7.735   -7.735   -7.734   -7.733   -7.732    4.604    5.111    5.114    5.436
    8.626    8.762    8.769    9.229    9.578    9.858    9.861    9.910   10.034   10.102
   10.104   10.284   10.854   10.904   10.906   10.913   11.087   11.089   11.122   11.154
   11.171   11.181   11.182   11.187   11.537   11.617   11.618   11.729   12.003   12.096
   12.097   12.246   14.250   14.312   14.320   14.528   14.721   14.732   14.872   14.891
   15.318   15.393   15.402   15.711   15.786   15.978   15.985   16.270   17.128   17.134
   17.288   17.889
            0.000000  0.425000  0.425000
  -36.092  -36.091  -36.091  -36.029  -14.185  -14.184  -14.175  -14.173  -14.170  -14.165
  -14.162  -14.160  -14.159  -14.111  -14.111  -14.107   -7.769   -7.760   -7.760   -7.759
   -7.754   -7.747   -7.747   -7.746   -7.745   -7.744   -7.744   -7.740   -7.738   -7.738
   -7.737   -7.735   -7.735   -7.734   -7.734   -7.733    4.730    5.102    5.105    5.372
    8.629    8.767    8.774    9.099    9.650    9.859    9.861    9.901    9.995   10.041
   10.044   10.189   10.866   10.902   10.904   10.914   11.102   11.105   11.132   11.143
   11.167   11.169   11.175   11.178   11.564   11.623   11.624   11.701   12.023   12.099
   12.099   12.208   14.302   14.381   14.389   14.669   14.670   14.773   14.872   14.891
   15.296   15.402   15.411   15.676   15.841   16.005   16.012   16.227   17.244   17.250
   17.537   17.560
            0.000000  0.450000  0.450000
  -36.092  -36.091  -36.091  -36.029  -14.185  -14.184  -14.175  -14.174  -14.168  -14.165
  -14.163  -14.160  -14.159  -14.111  -14.111  -14.107   -7.769   -7.760   -7.760   -7.759
   -7.753   -7.747   -7.747   -7.745   -7.745   -7.743   -7.743   -7.739   -7.739   -7.737
   -7.736   -7.735   -7.735   -7.735   -7.735   -7.733    4.854    5.095    5.098    5.292
    8.655    8.771    8.779    8.978    9.729    9.867    9.870    9.900    9.963    9.988
    9.991   10.093   10.879   10.901   10.902   10.912   11.117   11.119   11.137   11.140
   11.156   11.163   11.168   11.170   11.588   11.628   11.629   11.676   12.047   12.101
   12.102   12.171   14.359   14.433   14.441   14.608   14.786   14.822   14.870   14.889
   15.294   15.408   15.417   15.610   15.903   16.023   16.030   16.173   17.361   17.367
   17.484   17.666
            0.000000  0.475000  0.475000
  -36.092  -36.091  -36.091  -36.029  -14.185  -14.185  -14.175  -14.175  -14.167  -14.165
  -14.164  -14.159  -14.159  -14.111  -14.111  -14.107   -7.769   -7.760   -7.760   -7.759
   -7.753   -7.746   -7.746   -7.744   -7.744   -7.743   -7.743   -7.739   -7.739   -7.736
   -7.736   -7.736   -7.736   -7.735   -7.735   -7.734    4.976    5.091    5.094    5.197
    8.706    8.774    8.782    8.871    9.814    9.883    9.886    9.905    9.937    9.944
    9.948    9.998   10.891   10.900   10.902   10.908   11.130   11.132   11.136   11.147
   11.147   11.158   11.159   11.161   11.611   11.631   11.632   11.654   12.074   12.103
   12.103   12.137   14.419   14.465   14.474   14.544   14.850   14.868   14.869   14.888
   15.334   15.412   15.420   15.518   15.971   16.034   16.041   16.110   17.457   17.463
   17.467   17.571
            0.000000  0.500000  0.500000
  -36.091  -36.091  -36.091  -36.029  -14.185  -14.185  -14.175  -14.175  -14.166  -14.165
  -14.165  -14.160  -14.159  -14.111  -14.111  -14.107   -7.769   -7.760   -7.760   -7.759
   -7.753   -7.746   -7.746   -7.744   -7.744   -7.743   -7.743   -7.739   -7.738   -7.736
   -7.736   -7.736   -7.736   -7.735   -7.735   -7.735    5.084    5.093    5.093    5.095
    8.775    8.775    8.778    8.787    9.899    9.904    9.904    9.907    9.915    9.915
    9.915    9.925   10.899   10.900   10.901   10.901   11.137   11.137   11.138   11.146
   11.153   11.153   11.154   11.154   11.632   11.632   11.633   11.633   12.099   12.104
   12.104   12.108   14.474   14.478   14.485   14.485   14.869   14.869   14.886   14.889
   15.413   15.413   15.419   15.424   16.036   16.039   16.045   16.045   17.498   17.498
   17.503   17.503
            0.037500  0.500000  0.487500
  -36.091  -36.091  -36.091  -36.029  -14.186  -14.185  -14.175  -14.175  -14.166  -14.165
  -14.165  -14.160  -14.159  -14.111  -14.111  -14.107   -7.768   -7.760   -7.760   -7.759
   -7.753   -7.746   -7.746   -7.744   -7.744   -7.743   -7.743   -7.739   -7.738   -7.736
   -7.736   -7.736   -7.736   -7.735   -7.735   -7.734    5.064    5.070    5.120    5.125
    8.742    8.745    8.783    8.788    9.881    9.884    9.910    9.911    9.922    9.927
    9.932    9.934   10.898   10.898   10.903   10.903   11.127   11.128   11.130   11.137
   11.148   11.148   11.151   11.151   11.642   11.643   11.653   11.654   12.096   12.101
   12.112   12.117   14.468   14.470   14.501   14.502   14.863   14.864   14.880   14.885
   15.364   15.366   15.412   15.414   16.070   16.075   16.109   16.111   17.466   17.466
   17.492   17.493
            0.075000  0.500000  0.475000
  -36.092  -36.091  -36.091  -36.029  -14.186  -14.185  -14.176  -14.176  -14.166  -14.165
  -14.164  -14.160  -14.159  -14.111  -14.111  -14.107   -7.768   -7.759   -7.759   -7.758
   -7.753   -7.746   -7.746   -7.744   -7.744   -7.743   -7.743   -7.739   -7.738   -7.736
   -7.736   -7.736   -7.736   -7.735   -7.735   -7.734    5.049    5.054    5.159    5.164
    8.679    8.684    8.764    8.769    9.866    9.869    9.906    9.909    9.932    9.936
    9.962    9.965   10.895   10.896   10.905   10.905   11.105   11.106   11.110   11.116
   11.135   11.135   11.140   11.140   11.677   11.678   11.701   11.702   12.098   12.102
   12.127   12.132   14.465   14.467   14.527   14.530   14.847   14.848   14.865   14.871
   15.280   15.283   15.369   15.372   16.175   16.181   16.257   16.261   17.396   17.396
   17.444   17.445
            0.112500  0.500000  0.462500
  -36.092  -36.091  -36.091  -36.029  -14.187  -14.185  -14.177  -14.177  -14.166  -14.164
  -14.163  -14.159  -14.159  -14.111  -14.111  -14.108   -7.767   -7.758   -7.758   -7.757
   -7.753   -7.747   -7.746   -7.745   -7.744   -7.743   -7.743   -7.739   -7.738   -7.736
   -7.736   -7.736   -7.735   -7.735   -7.735   -7.734    5.042    5.047    5.203    5.208
    8.595    8.599    8.723    8.727    9.856    9.859    9.904    9.907    9.944    9.948
    9.992    9.996   10.893   10.893   10.908   10.909   11.076   11.078   11.084   11.088
   11.116   11.116   11.121   11.122   11.728   11.729   11.769   11.770   12.105   12.109
   12.146   12.150   14.470   14.473   14.560   14.564   14.821   14.824   14.844   14.851
   15.196   15.201   15.319   15.324   16.319   16.326   16.453   16.458   17.300   17.300
   17.365   17.367
            0.150000  0.500000  0.450000
  -36.092  -36.091  -36.091  -36.029  -14.189  -14.186  -14.179  -14.179  -14.165  -14.163
  -14.162  -14.159  -14.159  -14.111  -14.111  -14.108   -7.766   -7.757   -7.757   -7.756
   -7.753   -7.747   -7.746   -7.745   -7.744   -7.743   -7.743   -7.739   -7.738   -7.736
   -7.736   -7.736   -7.735   -7.735   -7.734   -7.733    5.044    5.049    5.252    5.257
    8.493    8.498    8.665    8.670    9.849    9.853    9.901    9.906    9.958    9.963
   10.019   10.023   10.891   10.891   10.912   10.912   11.047   11.049   11.056   11.060
   11.093   11.093   11.098   11.099   11.787   11.789   11.848   11.849   12.116   12.120
   12.165   12.169   14.481   14.484   14.596   14.601   14.790   14.794   14.821   14.830
   15.129   15.135   15.275   15.282   16.482   16.490   16.675   16.680   17.189   17.190
   17.267   17.268
            0.187500  0.500000  0.437500
  -36.092  -36.091  -36.091  -36.029  -14.190  -14.186  -14.180  -14.180  -14.165  -14.162
  -14.161  -14.159  -14.159  -14.111  -14.110  -14.108   -7.764   -7.755   -7.755   -7.754
   -7.753   -7.747   -7.747   -7.745   -7.745   -7.743   -7.743   -7.739   -7.738   -7.736
   -7.736   -7.735   -7.735   -7.735   -7.734   -7.733    5.053    5.059    5.302    5.307
    8.384    8.388    8.596    8.600    9.845    9.849    9.899    9.904    9.972    9.977
   10.039   10.044   10.889   10.890   10.917   10.917   11.020   11.021   11.029   11.032
   11.067   11.068   11.071   11.072   11.849   11.851   11.931   11.931   12.131   12.134
   12.184   12.188   14.494   14.500   14.632   14.637   14.765   14.769   14.802   14.811
   15.084   15.091   15.239   15.248   16.648   16.657   16.893   16.899   17.089   17.090
   17.166   17.168
            0.225000  0.500000  0.425000
  -36.092  -36.091  -36.091  -36.029  -14.191  -14.186  -14.182  -14.182  -14.164  -14.162
  -14.161  -14.159  -14.159  -14.110  -14.110  -14.108   -7.762   -7.754   -7.754   -7.753
   -7.753   -7.747   -7.747   -7.745   -7.744   -7.743   -7.743   -7.739   -7.738   -7.736
   -7.736   -7.735   -7.735   -7.734   -7.734   -7.733    5.071    5.077    5.352    5.357
    8.273    8.277    8.519    8.524    9.843    9.847    9.898    9.903    9.985    9.990
   10.052   10.057   10.889   10.890   10.921   10.922   10.996   10.997   11.005   11.008
   11.042   11.043   11.044   11.046   11.909   11.911   12.010   12.011   12.146   12.150
   12.201   12.205   14.509   14.517   14.663   14.669   14.754   14.756   14.790   14.799
   15.060   15.068   15.209   15.219   16.778   16.786   16.908   16.910   17.102   17.105
   17.199   17.203
            0.262500  0.500000  0.412500
  -36.092  -36.091  -36.091  -36.029  -14.193  -14.187  -14.184  -14.183  -14.164  -14.161
  -14.160  -14.159  -14.159  -14.110  -14.110  -14.108   -7.761   -7.754   -7.752   -7.752
   -7.751   -7.747   -7.747   -7.746   -7.744   -7.743   -7.743   -7.739   -7.738   -7.736
   -7.736   -7.735   -7.735   -7.734   -7.734   -7.732    5.096    5.101    5.398    5.403
    8.169    8.173    8.439    8.444    9.844    9.848    9.897    9.902    9.994    9.999
   10.057   10.063   10.891   10.892   10.925   10.926   10.974   10.974   10.984   10.986
   11.018   11.019   11.021   11.023   11.965   11.966   12.081   12.082   12.162   12.166
   12.215   12.218   14.524   14.534   14.688   14.694   14.759   14.760   14.789   14.798
   15.053   15.062   15.183   15.194   16.787   16.791   16.800   16.802   17.164   17.171
   17.433   17.438
            0.300000  0.500000  0.400000
  -36.092  -36.091  -36.091  -36.029  -14.194  -14.187  -14.185  -14.184  -14.163  -14.160
  -14.160  -14.159  -14.159  -14.110  -14.110  -14.109   -7.759   -7.754   -7.751   -7.750
   -7.750   -7.747   -7.747   -7.746   -7.744   -7.743   -7.743   -7.740   -7.738   -7.736
   -7.735   -7.735   -7.734   -7.734   -7.733   -7.732    5.127    5.133    5.435    5.440
    8.079    8.083    8.360    8.364    9.848    9.852    9.897    9.902    9.999   10.004
   10.055   10.061   10.895   10.896   10.927   10.927   10.954   10.955   10.967   10.969
   10.998   10.998   11.004   11.006   12.014   12.015   12.138   12.140   12.177   12.180
   12.226   12.228   14.545   14.557   14.709   14.714   14.775   14.777   14.799   14.806
   15.058   15.068   15.160   15.171   16.693   16.695   16.711   16.712   17.317   17.326
   17.660   17.665
            0.337500  0.500000  0.387500
  -36.092  -36.091  -36.091  -36.029  -14.195  -14.187  -14.186  -14.185  -14.162  -14.160
  -14.160  -14.159  -14.159  -14.110  -14.110  -14.109   -7.758   -7.754   -7.749   -7.749
   -7.749   -7.747   -7.747   -7.746   -7.744   -7.743   -7.743   -7.740   -7.737   -7.736
   -7.735   -7.735   -7.734   -7.734   -7.733   -7.732    5.164    5.169    5.459    5.464
    8.010    8.015    8.284    8.289    9.856    9.861    9.899    9.904    9.998   10.003
   10.047   10.053   10.898   10.900   10.926   10.926   10.938   10.939   10.953   10.955
   10.984   10.985   10.991   10.994   12.056   12.057   12.177   12.180   12.190   12.193
   12.233   12.234   14.574   14.587   14.728   14.731   14.795   14.797   14.814   14.820
   15.067   15.077   15.142   15.152   16.600   16.603   16.624   16.625   17.482   17.492
   17.849   17.850
            0.375000  0.500000  0.375000
  -36.091  -36.091  -36.091  -36.029  -14.195  -14.187  -14.187  -14.186  -14.162  -14.160
  -14.160  -14.159  -14.159  -14.110  -14.110  -14.109   -7.757   -7.754   -7.748   -7.748
   -7.748   -7.747   -7.747   -7.746   -7.744   -7.743   -7.743   -7.740   -7.737   -7.735
   -7.735   -7.735   -7.734   -7.734   -7.733   -7.732    5.204    5.209    5.466    5.471
    7.969    7.974    8.214    8.219    9.868    9.873    9.903    9.908    9.991    9.997
   10.032   10.038   10.899   10.901   10.922   10.922   10.930   10.932   10.942   10.944
   10.978   10.978   10.983   10.985   12.089   12.091   12.197   12.200   12.201   12.204
   12.237   12.238   14.612   14.626   14.744   14.746   14.811   14.812   14.831   14.835
   15.074   15.083   15.129   15.140   16.528   16.530   16.553   16.553   17.617   17.627
   17.866   17.868
            0.412500  0.500000  0.362500
  -36.092  -36.091  -36.091  -36.029  -14.196  -14.188  -14.187  -14.187  -14.162  -14.160
  -14.160  -14.159  -14.159  -14.110  -14.110  -14.109   -7.756   -7.754   -7.748   -7.748
   -7.748   -7.747   -7.747   -7.746   -7.744   -7.743   -7.743   -7.740   -7.737   -7.735
   -7.735   -7.735   -7.734   -7.734   -7.733   -7.732    5.246    5.251    5.453    5.458
    7.959    7.964    8.154    8.159    9.885    9.891    9.910    9.915    9.980    9.985
   10.013   10.019   10.896   10.898   10.916   10.916   10.932   10.934   10.936   10.938
   10.976   10.976   10.977   10.980   12.116   12.116   12.199   12.201   12.209   12.212
   12.239   12.240   14.658   14.672   14.757   14.760   14.816   14.816   14.841   14.843
   15.078   15.084   15.123   15.133   16.482   16.485   16.505   16.506   17.678   17.687
   17.958   17.962
            0.450000  0.500000  0.350000
  -36.091  -36.091  -36.091  -36.029  -14.196  -14.188  -14.187  -14.187  -14.161  -14.160
  -14.160  -14.159  -14.159  -14.110  -14.110  -14.109   -7.757   -7.754   -7.748   -7.748
   -7.748   -7.747   -7.747   -7.745   -7.744   -7.743   -7.743   -7.740   -7.736   -7.735
   -7.735   -7.735   -7.734   -7.733   -7.733   -7.733    5.289    5.295    5.420    5.424
    7.984    7.988    8.106    8.111    9.908    9.913    9.920    9.925    9.965    9.971
    9.988    9.994   10.895   10.896   10.909   10.909   10.937   10.938   10.940   10.941
   10.974   10.975   10.976   10.977   12.134   12.134   12.185   12.186   12.215   12.219
   12.235   12.237   14.707   14.720   14.767   14.771   14.807   14.808   14.829   14.836
   15.084   15.088   15.118   15.127   16.470   16.472   16.487   16.488   17.693   17.701
   17.875   17.881
            0.487500  0.500000  0.337500
  -36.091  -36.091  -36.091  -36.029  -14.196  -14.188  -14.187  -14.187  -14.161  -14.160
  -14.160  -14.160  -14.159  -14.110  -14.110  -14.109   -7.757   -7.753   -7.749   -7.749
   -7.749   -7.747   -7.747   -7.745   -7.744   -7.743   -7.743   -7.740   -7.736   -7.735
   -7.735   -7.735   -7.734   -7.733   -7.733   -7.733    5.331    5.336    5.367    5.371
    8.040    8.044    8.073    8.079    9.933    9.934    9.935    9.942    9.949    9.955
    9.960    9.967   10.898   10.899   10.902   10.903   10.944   10.945   10.947   10.947
   10.974   10.975   10.975   10.977   12.144   12.145   12.158   12.159   12.220   12.223
   12.226   12.229   14.751   14.761   14.770   14.774   14.791   14.792   14.795   14.804
   15.096   15.100   15.107   15.117   16.493   16.495   16.500   16.501   17.698   17.705
   17.746   17.753
            0.525000  0.500000  0.325000
  -36.091  -36.091  -36.091  -36.029  -14.195  -14.188  -14.186  -14.186  -14.161  -14.160
  -14.160  -14.160  -14.159  -14.110  -14.110  -14.109   -7.758   -7.753   -7.749   -7.749
   -7.749   -7.747   -7.747   -7.745   -7.744   -7.743   -7.743   -7.740   -7.736   -7.735
   -7.735   -7.735   -7.734   -7.733   -7.733   -7.733    5.297    5.302    5.371    5.375
    8.056    8.061    8.125    8.131    9.924    9.927    9.928    9.932    9.954    9.960
    9.972    9.978   10.897   10.898   10.906   10.907   10.952   10.953   10.955   10.955
   10.976   10.977   10.978   10.980   12.120   12.120   12.148   12.149   12.212   12.216
   12.225   12.228   14.719   14.730   14.756   14.761   14.786   14.787   14.797   14.807
   15.089   15.093   15.114   15.124   16.540   16.542   16.552   16.553   17.603   17.610
   17.699   17.705
            0.562500  0.500000  0.312500
  -36.091  -36.091  -36.091  -36.029  -14.195  -14.188  -14.186  -14.185  -14.162  -14.160
  -14.160  -14.159  -14.159  -14.110  -14.110  -14.109   -7.758   -7.754   -7.750   -7.750
   -7.749   -7.747   -7.747   -7.746   -7.744   -7.743   -7.743   -7.740   -7.737   -7.736
   -7.735   -7.735   -7.734   -7.734   -7.733   -7.732    5.216    5.221    5.405    5.410
    8.058    8.063    8.234    8.239    9.887    9.892    9.910    9.915    9.974    9.980
   10.011   10.017   10.895   10.896   10.917   10.917   10.957   10.958   10.960   10.962
   10.984   10.984   10.986   10.989   12.071   12.072   12.145   12.147   12.196   12.199
   12.227   12.229   14.637   14.649   14.732   14.737   14.784   14.785   14.812   14.820
   15.069   15.074   15.136   15.146   16.607   16.609   16.631   16.632   17.459   17.467
   17.689   17.695
            0.600000  0.500000  0.300000
  -36.092  -36.091  -36.091  -36.029  -14.194  -14.187  -14.185  -14.184  -14.163  -14.160
  -14.160  -14.159  -14.159  -14.110  -14.110  -14.109   -7.759   -7.754   -7.751   -7.750
   -7.750   -7.747   -7.747   -7.746   -7.744   -7.743   -7.743   -7.740   -7.738   -7.736
   -7.735   -7.735   -7.734   -7.734   -7.733   -7.732    5.127    5.133    5.435    5.440
    8.079    8.083    8.360    8.364    9.848    9.852    9.897    9.902    9.999   10.004
   10.055   10.061   10.895   10.896   10.927   10.927   10.954   10.955   10.967   10.969
   10.998   10.998   11.004   11.006   12.014   12.015   12.138   12.140   12.177   12.180
   12.226   12.228   14.545   14.557   14.709   14.714   14.775   14.777   14.799   14.806
   15.058   15.068   15.160   15.171   16.693   16.695   16.711   16.712   17.317   17.326
   17.660   17.665
            0.637500  0.500000  0.287500
  -36.092  -36.091  -36.091  -36.029  -14.193  -14.186  -14.184  -14.183  -14.164  -14.161
  -14.160  -14.160  -14.158  -14.110  -14.110  -14.108   -7.760   -7.755   -7.752   -7.751
   -7.751   -7.748   -7.747   -7.747   -7.745   -7.744   -7.744   -7.739   -7.738   -7.736
   -7.736   -7.735   -7.735   -7.734   -7.734   -7.732    5.035    5.041    5.459    5.464
    8.118    8.123    8.496    8.500    9.805    9.810    9.891    9.896   10.026   10.031
   10.104   10.109   10.898   10.899   10.935   10.935   10.948   10.949   10.973   10.975
   11.019   11.020   11.025   11.027   11.949   11.951   12.127   12.129   12.156   12.160
   12.222   12.224   14.448   14.459   14.687   14.693   14.751   14.755   14.764   14.771
   15.062   15.075   15.189   15.200   16.758   16.762   16.791   16.794   17.170   17.179
   17.604   17.609
            0.675000  0.500000  0.275000
  -36.092  -36.091  -36.091  -36.029  -14.192  -14.185  -14.183  -14.181  -14.165  -14.161
  -14.160  -14.160  -14.158  -14.111  -14.110  -14.108   -7.761   -7.756   -7.753   -7.752
   -7.752   -7.749   -7.748   -7.747   -7.745   -7.745   -7.744   -7.740   -7.739   -7.736
   -7.736   -7.735   -7.735   -7.734   -7.734   -7.731    4.943    4.949    5.477    5.482
    8.175    8.180    8.634    8.639    9.762    9.766    9.895    9.900   10.055   10.060
   10.156   10.161   10.904   10.905   10.939   10.939   10.941   10.942   10.979   10.981
   11.047   11.048   11.048   11.051   11.878   11.880   12.112   12.115   12.136   12.139
   12.213   12.215   14.352   14.362   14.665   14.673   14.696   14.704   14.741   14.743
   15.075   15.091   15.225   15.235   16.745   16.751   16.894   16.897   17.005   17.014
   17.518   17.523
            0.712500  0.500000  0.262500
  -36.092  -36.091  -36.091  -36.029  -14.190  -14.183  -14.182  -14.179  -14.167  -14.162
  -14.160  -14.160  -14.157  -14.111  -14.110  -14.108   -7.763   -7.756   -7.754   -7.754
   -7.753   -7.749   -7.749   -7.747   -7.745   -7.745   -7.744   -7.741   -7.739   -7.736
   -7.736   -7.735   -7.735   -7.734   -7.734   -7.730    4.854    4.859    5.490    5.495
    8.248    8.253    8.767    8.771    9.718    9.722    9.913    9.919   10.085   10.090
   10.210   10.215   10.913   10.914   10.934   10.934   10.940   10.940   10.987   10.989
   11.072   11.073   11.080   11.082   11.800   11.803   12.094   12.097   12.116   12.120
   12.201   12.204   14.258   14.268   14.613   14.620   14.672   14.676   14.715   14.717
   15.092   15.108   15.268   15.279   16.667   16.673   16.833   16.838   16.993   16.997
   17.405   17.409
            0.750000  0.500000  0.250000
  -36.092  -36.092  -36.091  -36.029  -14.189  -14.182  -14.181  -14.177  -14.168  -14.162
  -14.160  -14.160  -14.157  -14.111  -14.109  -14.107   -7.765   -7.757   -7.756   -7.756
   -7.755   -7.750   -7.749   -7.747   -7.746   -7.746   -7.745   -7.742   -7.739   -7.737
   -7.736   -7.735   -7.735   -7.734   -7.734   -7.730    4.770    4.775    5.499    5.504
    8.334    8.339    8.886    8.890    9.674    9.678    9.949    9.955   10.115   10.120
   10.266   10.271   10.924   10.925   10.926   10.927   10.937   10.937   10.998   11.000
   11.097   11.098   11.112   11.114   11.718   11.721   12.071   12.074   12.100   12.103
   12.188   12.190   14.168   14.177   14.546   14.553   14.666   14.671   14.688   14.692
   15.109   15.126   15.322   15.332   16.513   16.523   16.694   16.701   17.079   17.084
   17.269   17.272
            0.750000  0.493750  0.256250
  -36.092  -36.091  -36.091  -36.029  -14.189  -14.182  -14.182  -14.177  -14.168  -14.162
  -14.160  -14.160  -14.157  -14.111  -14.109  -14.107   -7.764   -7.757   -7.756   -7.755
   -7.755   -7.750   -7.749   -7.747   -7.746   -7.746   -7.745   -7.742   -7.739   -7.737
   -7.736   -7.735   -7.735   -7.734   -7.734   -7.730    4.765    4.800    5.498    5.503
    8.323    8.328    8.856    8.893    9.680    9.683    9.941    9.952   10.112   10.116
   10.257   10.265   10.922   10.923   10.927   10.929   10.938   10.938   10.996   10.998
   11.093   11.095   11.108   11.110   11.728   11.731   12.066   12.085   12.102   12.105
   12.188   12.194   14.177   14.190   14.552   14.558   14.669   14.674   14.685   14.701
   15.107   15.123   15.312   15.328   16.535   16.545   16.710   16.716   17.053   17.091
   17.264   17.312
            0.750000  0.487500  0.262500
  -36.092  -36.091  -36.091  -36.029  -14.189  -14.182  -14.182  -14.178  -14.168  -14.162
  -14.160  -14.160  -14.157  -14.111  -14.109  -14.107   -7.764   -7.757   -7.756   -7.755
   -7.754   -7.750   -7.749   -7.747   -7.746   -7.745   -7.744   -7.741   -7.739   -7.737
   -7.736   -7.735   -7.735   -7.734   -7.734   -7.730    4.759    4.827    5.496    5.502
    8.313    8.318    8.824    8.897    9.685    9.689    9.932    9.950   10.109   10.113
   10.247   10.261   10.919   10.920   10.929   10.932   10.938   10.938   10.995   10.997
   11.089   11.093   11.104   11.106   11.739   11.742   12.059   12.097   12.103   12.107
   12.186   12.199   14.184   14.206   14.553   14.559   14.675   14.681   14.683   14.712
   15.104   15.121   15.298   15.326   16.556   16.565   16.726   16.733   17.025   17.101
   17.256   17.353
            0.750000  0.481250  0.268750
  -36.092  -36.091  -36.091  -36.029  -14.189  -14.182  -14.182  -14.178  -14.168  -14.162
  -14.160  -14.160  -14.157  -14.111  -14.109  -14.107   -7.764   -7.757   -7.756   -7.755
   -7.754   -7.750   -7.749   -7.747   -7.746   -7.745   -7.744   -7.741   -7.739   -7.737
   -7.736   -7.735   -7.735   -7.734   -7.734   -7.730    4.753    4.854    5.494    5.500
    8.303    8.309    8.793    8.902    9.690    9.694    9.923    9.950   10.106   10.110
   10.236   10.257   10.917   10.918   10.931   10.935   10.938   10.939   10.994   10.996
   11.084   11.091   11.100   11.102   11.749   11.752   12.052   12.105   12.107   12.110
   12.185   12.204   14.191   14.222   14.549   14.556   14.675   14.689   14.694   14.723
   15.102   15.119   15.284   15.324   16.573   16.583   16.743   16.753   16.999   17.110
   17.246   17.392
            0.750000  0.475000  0.275000
  -36.092  -36.091  -36.091  -36.029  -14.190  -14.183  -14.182  -14.178  -14.167  -14.162
  -14.160  -14.160  -14.157  -14.111  -14.109  -14.107   -7.764   -7.757   -7.755   -7.755
   -7.754   -7.750   -7.749   -7.747   -7.746   -7.745   -7.744   -7.741   -7.739   -7.736
   -7.736   -7.735   -7.735   -7.734   -7.734   -7.730    4.747    4.882    5.490    5.499
    8.294    8.301    8.763    8.906    9.695    9.700    9.913    9.949   10.103   10.108
   10.226   10.253   10.914   10.916   10.933   10.938   10.939   10.940   10.993   10.996
   11.080   11.089   11.096   11.098   11.758   11.762   12.045   12.107   12.110   12.119
   12.184   12.209   14.198   14.239   14.541   14.551   14.670   14.702   14.709   14.735
   15.100   15.117   15.270   15.321   16.587   16.600   16.759   16.776   16.974   17.119
   17.235   17.431
            0.750000  0.468750  0.281250
  -36.092  -36.091  -36.091  -36.029  -14.190  -14.183  -14.182  -14.178  -14.167  -14.162
  -14.160  -14.160  -14.157  -14.111  -14.109  -14.107   -7.764   -7.757   -7.755   -7.755
   -7.754   -7.750   -7.749   -7.747   -7.746   -7.745   -7.744   -7.741   -7.739   -7.736
   -7.736   -7.735   -7.735   -7.734   -7.734   -7.730    4.741    4.909    5.484    5.498
    8.286    8.295    8.733    8.910    9.699    9.706    9.904    9.948   10.100   10.107
   10.216   10.248   10.913   10.914   10.935   10.938   10.940   10.942   10.992   10.996
   11.076   11.087   11.092   11.095   11.768   11.772   12.037   12.108   12.112   12.128
   12.183   12.215   14.205   14.255   14.532   14.544   14.665   14.716   14.725   14.747
   15.098   15.115   15.255   15.319   16.598   16.617   16.775   16.803   16.950   17.128
   17.222   17.468
            0.750000  0.462500  0.287500
  -36.092  -36.091  -36.091  -36.029  -14.190  -14.183  -14.182  -14.178  -14.167  -14.162
  -14.160  -14.160  -14.157  -14.111  -14.109  -14.108   -7.763   -7.757   -7.755   -7.754
   -7.754   -7.750   -7.749   -7.747   -7.746   -7.745   -7.744   -7.741   -7.739   -7.736
   -7.736   -7.735   -7.735   -7.734   -7.734   -7.730    4.736    4.936    5.478    5.497
    8.277    8.290    8.703    8.914    9.703    9.712    9.895    9.948   10.097   10.106
   10.206   10.243   10.911   10.912   10.937   10.938   10.940   10.946   10.991   10.996
   11.071   11.085   11.088   11.091   11.777   11.782   12.029   12.109   12.114   12.136
   12.182   12.221   14.212   14.272   14.521   14.537   14.660   14.731   14.742   14.759
   15.096   15.113   15.241   15.315   16.607   16.633   16.789   16.831   16.929   17.136
   17.208   17.504
            0.750000  0.456250  0.293750
  -36.092  -36.091  -36.091  -36.029  -14.190  -14.183  -14.182  -14.179  -14.167  -14.162
  -14.160  -14.160  -14.157  -14.111  -14.109  -14.108   -7.763   -7.757   -7.755   -7.754
   -7.753   -7.750   -7.749   -7.747   -7.746   -7.745   -7.745   -7.741   -7.739   -7.736
   -7.736   -7.735   -7.735   -7.734   -7.734   -7.730    4.731    4.963    5.471    5.496
    8.269    8.287    8.674    8.918    9.707    9.718    9.887    9.948   10.095   10.106
   10.196   10.238   10.910   10.911   10.937   10.940   10.941   10.949   10.989   10.997
   11.067   11.083   11.085   11.088   11.785   11.792   12.022   12.110   12.117   12.144
   12.180   12.227   14.220   14.288   14.509   14.530   14.655   14.746   14.758   14.771
   15.093   15.111   15.227   15.311   16.613   16.649   16.804   16.862   16.909   17.144
   17.192   17.539
            0.750000  0.450000  0.300000
  -36.092  -36.091  -36.091  -36.029  -14.190  -14.183  -14.182  -14.179  -14.167  -14.162
  -14.160  -14.159  -14.157  -14.111  -14.109  -14.108   -7.763   -7.757   -7.755   -7.754
   -7.753   -7.750   -7.749   -7.747   -7.746   -7.745   -7.745   -7.741   -7.739   -7.736
   -7.736   -7.735   -7.734   -7.734   -7.733   -7.731    4.726    4.989    5.462    5.496
    8.262    8.285    8.646    8.922    9.710    9.725    9.879    9.949   10.092   10.107
   10.187   10.232   10.909   10.909   10.937   10.941   10.942   10.953   10.988   10.997
   11.062   11.080   11.082   11.085   11.794   11.802   12.014   12.110   12.119   12.150
   12.179   12.233   14.228   14.304   14.497   14.522   14.649   14.760   14.773   14.785
   15.090   15.110   15.214   15.306   16.619   16.665   16.816   16.889   16.895   17.152
   17.176   17.572
            0.750000  0.443750  0.306250
  -36.092  -36.091  -36.091  -36.029  -14.190  -14.183  -14.182  -14.179  -14.167  -14.162
  -14.160  -14.159  -14.157  -14.111  -14.109  -14.108   -7.763   -7.757   -7.755   -7.754
   -7.753   -7.749   -7.749   -7.747   -7.746   -7.745   -7.745   -7.741   -7.739   -7.737
   -7.736   -7.735   -7.734   -7.734   -7.733   -7.731    4.722    5.016    5.452    5.495
    8.255    8.284    8.618    8.925    9.713    9.731    9.871    9.949   10.090   10.108
   10.178   10.227   10.908   10.909   10.936   10.942   10.944   10.957   10.987   10.998
   11.058   11.076   11.080   11.082   11.801   11.812   12.006   12.111   12.122   12.156
   12.177   12.239   14.237   14.320   14.484   14.515   14.643   14.775   14.786   14.800
   15.087   15.110   15.201   15.301   16.623   16.680   16.828   16.873   16.926   17.158
   17.159   17.603
            0.750000  0.437500  0.312500
  -36.092  -36.091  -36.091  -36.029  -14.190  -14.184  -14.182  -14.179  -14.167  -14.163
  -14.160  -14.159  -14.157  -14.111  -14.109  -14.108   -7.763   -7.757   -7.754   -7.754
   -7.753   -7.749   -7.749   -7.747   -7.746   -7.745   -7.745   -7.741   -7.739   -7.737
   -7.736   -7.735   -7.734   -7.734   -7.733   -7.731    4.718    5.042    5.441    5.494
    8.249    8.285    8.591    8.928    9.716    9.737    9.863    9.950   10.088   10.110
   10.169   10.221   10.906   10.908   10.935   10.942   10.947   10.961   10.986   11.000
   11.053   11.072   11.078   11.080   11.808   11.822   11.998   12.111   12.125   12.161
   12.176   12.245   14.245   14.336   14.472   14.509   14.637   14.788   14.799   14.815
   15.084   15.111   15.188   15.294   16.626   16.694   16.839   16.858   16.959   17.141
   17.165   17.633
            0.750000  0.431250  0.318750
  -36.092  -36.091  -36.091  -36.029  -14.191  -14.184  -14.182  -14.179  -14.166  -14.163
  -14.160  -14.159  -14.157  -14.111  -14.109  -14.108   -7.763   -7.757   -7.754   -7.754
   -7.753   -7.749   -7.749   -7.747   -7.746   -7.745   -7.745   -7.741   -7.739   -7.737
   -7.736   -7.735   -7.734   -7.734   -7.733   -7.731    4.715    5.068    5.430    5.494
    8.243    8.288    8.565    8.931    9.719    9.743    9.856    9.951   10.086   10.112
   10.161   10.215   10.905   10.908   10.934   10.943   10.949   10.966   10.984   11.001
   11.049   11.068   11.075   11.078   11.815   11.832   11.990   12.112   12.127   12.165
   12.174   12.250   14.255   14.351   14.459   14.502   14.631   14.800   14.811   14.828
   15.080   15.113   15.177   15.287   16.628   16.708   16.844   16.850   16.993   17.122
   17.172   17.660
            0.750000  0.425000  0.325000
  -36.092  -36.091  -36.091  -36.029  -14.191  -14.184  -14.182  -14.179  -14.166  -14.163
  -14.160  -14.159  -14.158  -14.111  -14.109  -14.108   -7.762   -7.757   -7.754   -7.753
   -7.753   -7.749   -7.749   -7.747   -7.745   -7.745   -7.745   -7.741   -7.739   -7.737
   -7.736   -7.735   -7.734   -7.734   -7.733   -7.731    4.712    5.093    5.417    5.493
    8.238    8.292    8.540    8.934    9.721    9.749    9.848    9.952   10.084   10.115
   10.153   10.208   10.904   10.909   10.932   10.943   10.951   10.970   10.983   11.003
   11.044   11.065   11.074   11.076   11.821   11.841   11.982   12.112   12.130   12.168
   12.172   12.256   14.264   14.366   14.447   14.497   14.625   14.811   14.823   14.841
   15.076   15.116   15.166   15.279   16.630   16.722   16.833   16.858   17.026   17.103
   17.177   17.686
            0.750000  0.418750  0.331250
  -36.092  -36.091  -36.091  -36.029  -14.191  -14.184  -14.182  -14.180  -14.166  -14.163
  -14.160  -14.159  -14.158  -14.111  -14.109  -14.108   -7.762   -7.757   -7.754   -7.753
   -7.753   -7.749   -7.748   -7.747   -7.745   -7.745   -7.745   -7.740   -7.739   -7.737
   -7.736   -7.735   -7.734   -7.734   -7.733   -7.731    4.709    5.118    5.403    5.493
    8.234    8.297    8.516    8.936    9.723    9.755    9.841    9.953   10.083   10.119
   10.146   10.202   10.903   10.909   10.931   10.944   10.953   10.974   10.982   11.004
   11.040   11.061   11.072   11.075   11.826   11.851   11.973   12.112   12.133   12.170
   12.172   12.261   14.274   14.379   14.434   14.492   14.618   14.821   14.835   14.851
   15.072   15.121   15.156   15.270   16.632   16.734   16.823   16.866   17.059   17.084
   17.182   17.708
            0.750000  0.412500  0.337500
  -36.092  -36.091  -36.091  -36.029  -14.191  -14.184  -14.182  -14.180  -14.166  -14.163
  -14.160  -14.159  -14.158  -14.111  -14.109  -14.108   -7.762   -7.757   -7.754   -7.753
   -7.753   -7.749   -7.748   -7.747   -7.745   -7.745   -7.745   -7.740   -7.738   -7.737
   -7.736   -7.735   -7.734   -7.734   -7.733   -7.731    4.707    5.143    5.388    5.492
    8.230    8.304    8.492    8.938    9.725    9.761    9.834    9.954   10.081   10.122
   10.140   10.195   10.903   10.910   10.929   10.944   10.956   10.979   10.980   11.006
   11.035   11.058   11.070   11.074   11.831   11.860   11.965   12.112   12.136   12.168
   12.174   12.265   14.283   14.393   14.421   14.487   14.612   14.830   14.846   14.860
   15.067   15.127   15.147   15.260   16.633   16.746   16.815   16.875   17.064   17.092
   17.187   17.728
            0.750000  0.406250  0.343750
  -36.092  -36.091  -36.091  -36.029  -14.191  -14.184  -14.182  -14.180  -14.166  -14.163
  -14.160  -14.159  -14.158  -14.111  -14.109  -14.108   -7.762   -7.757   -7.754   -7.753
   -7.753   -7.749   -7.748   -7.747   -7.745   -7.745   -7.745   -7.740   -7.738   -7.737
   -7.736   -7.735   -7.734   -7.733   -7.733   -7.731    4.704    5.167    5.372    5.492
    8.227    8.312    8.470    8.940    9.726    9.767    9.828    9.955   10.080   10.127
   10.135   10.188   10.902   10.911   10.928   10.945   10.958   10.979   10.983   11.008
   11.030   11.054   11.069   11.072   11.835   11.869   11.957   12.112   12.138   12.165
   12.176   12.269   14.294   14.404   14.410   14.483   14.606   14.838   14.856   14.867
   15.063   15.134   15.141   15.250   16.634   16.756   16.808   16.885   17.044   17.123
   17.190   17.624
            0.750000  0.400000  0.350000
  -36.092  -36.091  -36.091  -36.029  -14.191  -14.184  -14.182  -14.180  -14.166  -14.163
  -14.160  -14.159  -14.158  -14.111  -14.109  -14.108   -7.762   -7.757   -7.754   -7.753
   -7.753   -7.749   -7.748   -7.748   -7.745   -7.745   -7.745   -7.740   -7.738   -7.737
   -7.736   -7.735   -7.734   -7.733   -7.733   -7.731    4.703    5.191    5.355    5.492
    8.224    8.322    8.449    8.942    9.728    9.773    9.821    9.956   10.079   10.129
   10.133   10.182   10.902   10.912   10.926   10.945   10.960   10.977   10.988   11.010
   11.026   11.051   11.068   11.071   11.838   11.879   11.949   12.112   12.141   12.163
   12.178   12.272   14.304   14.396   14.416   14.480   14.600   14.845   14.865   14.871
   15.059   15.132   15.145   15.239   16.635   16.764   16.802   16.895   17.025   17.152
   17.193   17.596
            0.750000  0.393750  0.356250
  -36.092  -36.091  -36.091  -36.029  -14.191  -14.184  -14.182  -14.180  -14.166  -14.163
  -14.160  -14.158  -14.158  -14.111  -14.109  -14.108   -7.762   -7.757   -7.754   -7.753
   -7.753   -7.749   -7.748   -7.748   -7.745   -7.745   -7.745   -7.740   -7.738   -7.737
   -7.736   -7.735   -7.734   -7.733   -7.733   -7.731    4.701    5.214    5.337    5.492
    8.222    8.333    8.429    8.943    9.729    9.779    9.815    9.957   10.078   10.126
   10.137   10.175   10.901   10.914   10.924   10.945   10.962   10.975   10.992   11.011
   11.021   11.049   11.068   11.070   11.841   11.888   11.940   12.112   12.144   12.160
   12.179   12.275   14.315   14.384   14.424   14.477   14.595   14.852   14.872   14.874
   15.056   15.127   15.155   15.227   16.635   16.771   16.797   16.907   17.006   17.178
   17.196   17.571
            0.750000  0.387500  0.362500
  -36.092  -36.091  -36.091  -36.029  -14.191  -14.184  -14.182  -14.180  -14.166  -14.163
  -14.160  -14.158  -14.158  -14.111  -14.109  -14.108   -7.762   -7.757   -7.754   -7.753
   -7.752   -7.749   -7.748   -7.748   -7.745   -7.745   -7.745   -7.740   -7.738   -7.738
   -7.736   -7.735   -7.735   -7.733   -7.733   -7.731    4.701    5.236    5.319    5.491
    8.220    8.346    8.410    8.944    9.729    9.785    9.809    9.958   10.078   10.123
   10.143   10.168   10.901   10.915   10.922   10.946   10.965   10.973   10.997   11.013
   11.017   11.047   11.067   11.070   11.842   11.897   11.932   12.112   12.147   12.158
   12.180   12.277   14.326   14.372   14.431   14.476   14.591   14.857   14.876   14.877
   15.053   15.124   15.166   15.215   16.635   16.777   16.793   16.921   16.987   17.197
   17.199   17.551
            0.750000  0.381250  0.368750
  -36.092  -36.091  -36.091  -36.029  -14.191  -14.184  -14.182  -14.180  -14.166  -14.163
  -14.160  -14.158  -14.158  -14.111  -14.109  -14.108   -7.762   -7.757   -7.754   -7.753
   -7.752   -7.749   -7.748   -7.748   -7.745   -7.745   -7.745   -7.740   -7.738   -7.738
   -7.736   -7.735   -7.735   -7.733   -7.733   -7.731    4.700    5.258    5.299    5.491
    8.220    8.360    8.392    8.944    9.730    9.791    9.803    9.958   10.077   10.122
   10.149   10.162   10.901   10.917   10.920   10.946   10.967   10.971   11.001   11.012
   11.014   11.045   11.067   11.069   11.844   11.906   11.923   12.112   12.150   12.155
   12.181   12.278   14.337   14.360   14.435   14.474   14.588   14.861   14.876   14.880
   15.052   15.121   15.178   15.203   16.636   16.782   16.789   16.936   16.969   17.199
   17.212   17.537
            0.750000  0.375000  0.375000
  -36.092  -36.091  -36.091  -36.029  -14.191  -14.184  -14.182  -14.180  -14.166  -14.163
  -14.160  -14.158  -14.158  -14.111  -14.109  -14.108   -7.762   -7.757   -7.754   -7.753
   -7.752   -7.749   -7.748   -7.748   -7.745   -7.745   -7.745   -7.740   -7.738   -7.738
   -7.736   -7.735   -7.735   -7.733   -7.733   -7.731    4.700    5.277    5.281    5.491
    8.219    8.373    8.378    8.944    9.730    9.796    9.798    9.958   10.077   10.121
   10.155   10.156   10.901   10.918   10.919   10.946   10.968   10.970   11.003   11.010
   11.014   11.045   11.067   11.069   11.844   11.914   11.915   12.112   12.152   12.153
   12.181   12.278   14.347   14.350   14.437   14.474   14.588   14.862   14.876   14.882
   15.051   15.121   15.187   15.193   16.636   16.784   16.787   16.951   16.952   17.199
   17.217   17.533
