 &plot nbnd=  13, nks=   101 /
            0.000000  1.000000  0.500000
   -8.594   -8.484   -8.472   -8.452   -8.439   -3.927   -0.303    2.815    3.001   10.508
   10.818   11.397   12.151
            0.025000  0.925000  0.500000
   -8.593   -8.485   -8.472   -8.452   -8.439   -3.956   -0.277    2.696    3.197   10.262
   10.924   11.386   12.396
            0.050000  0.850000  0.500000
   -8.592   -8.485   -8.474   -8.451   -8.439   -4.039   -0.208    2.601    3.516    9.866
   10.905   11.548   12.923
            0.075000  0.775000  0.500000
   -8.589   -8.487   -8.477   -8.449   -8.440   -4.162   -0.108    2.604    3.877    9.469
   10.836   11.810   13.530
            0.100000  0.700000  0.500000
   -8.585   -8.488   -8.480   -8.448   -8.440   -4.311    0.005    2.714    4.248    9.109
   10.800   12.049   13.609
            0.125000  0.625000  0.500000
   -8.581   -8.489   -8.484   -8.445   -8.441   -4.470    0.124    2.925    4.594    8.809
   10.806   12.059   13.118
            0.150000  0.550000  0.500000
   -8.577   -8.491   -8.488   -8.443   -8.442   -4.627    0.250    3.220    4.871    8.572
   10.833   11.649   13.047
            0.175000  0.475000  0.500000
   -8.574   -8.492   -8.491   -8.443   -8.441   -4.772    0.387    3.569    5.038    8.390
   10.763   11.303   13.030
            0.200000  0.400000  0.500000
   -8.571   -8.493   -8.492   -8.444   -8.440   -4.897    0.540    3.938    5.061    8.250
   10.521   11.313   12.846
            0.225000  0.325000  0.500000
   -8.569   -8.494   -8.492   -8.445   -8.439   -4.998    0.709    4.274    4.938    8.175
   10.339   11.455   12.549
            0.250000  0.250000  0.500000
   -8.568   -8.494   -8.492   -8.447   -8.438   -5.071    0.890    4.444    4.778    8.231
   10.233   11.613   12.236
            0.275000  0.175000  0.500000
   -8.567   -8.494   -8.491   -8.447   -8.438   -5.113    1.066    4.195    4.864    8.454
   10.135   11.677   12.045
            0.300000  0.100000  0.500000
   -8.567   -8.494   -8.491   -8.448   -8.439   -5.123    1.203    3.846    4.968    8.783
   10.037   11.533   12.097
            0.325000  0.025000  0.500000
   -8.567   -8.493   -8.491   -8.448   -8.439   -5.103    1.239    3.592    5.026    9.012
   10.056   11.414   12.141
            0.350000 -0.050000  0.500000
   -8.568   -8.493   -8.491   -8.447   -8.440   -5.055    1.120    3.530    5.052    8.922
   10.272   11.466   12.082
            0.375000 -0.125000  0.500000
   -8.569   -8.493   -8.491   -8.446   -8.440   -4.984    0.861    3.667    5.060    8.628
   10.441   11.519   12.238
            0.400000 -0.200000  0.500000
   -8.571   -8.493   -8.492   -8.444   -8.440   -4.897    0.540    3.938    5.061    8.250
   10.521   11.313   12.846
            0.425000 -0.275000  0.500000
   -8.573   -8.494   -8.493   -8.442   -8.440   -4.807    0.227    4.278    5.058    7.840
   10.586   11.078   13.518
            0.450000 -0.350000  0.500000
   -8.575   -8.494   -8.493   -8.441   -8.439   -4.725   -0.028    4.631    5.055    7.441
   10.655   10.892   13.895
            0.475000 -0.425000  0.500000
   -8.576   -8.494   -8.494   -8.440   -8.439   -4.668   -0.195    4.927    5.052    7.118
   10.714   10.777   13.905
            0.500000 -0.500000  0.500000
   -8.577   -8.494   -8.494   -8.439   -8.439   -4.647   -0.253    5.052    5.052    6.985
   10.738   10.738   13.867
            0.475000 -0.475000  0.475000
   -8.576   -8.494   -8.494   -8.439   -8.439   -4.664   -0.223    5.056    5.056    6.990
   10.740   10.741   13.866
            0.450000 -0.450000  0.450000
   -8.575   -8.494   -8.494   -8.440   -8.440   -4.711   -0.134    5.070    5.070    7.005
   10.747   10.747   13.859
            0.425000 -0.425000  0.425000
   -8.573   -8.494   -8.494   -8.440   -8.440   -4.786    0.010    5.094    5.094    7.029
   10.757   10.757   13.835
            0.400000 -0.400000  0.400000
   -8.571   -8.495   -8.495   -8.440   -8.440   -4.882    0.203    5.126    5.126    7.063
   10.768   10.768   13.764
            0.375000 -0.375000  0.375000
   -8.568   -8.496   -8.496   -8.441   -8.441   -4.994    0.439    5.167    5.167    7.106
   10.778   10.778   13.610
            0.350000 -0.350000  0.350000
   -8.564   -8.496   -8.496   -8.441   -8.441   -5.116    0.712    5.217    5.217    7.157
   10.782   10.782   13.351
            0.325000 -0.325000  0.325000
   -8.560   -8.497   -8.497   -8.442   -8.442   -5.243    1.016    5.274    5.274    7.215
   10.778   10.778   13.014
            0.300000 -0.300000  0.300000
   -8.556   -8.498   -8.498   -8.442   -8.442   -5.371    1.347    5.339    5.339    7.278
   10.760   10.760   12.636
            0.275000 -0.275000  0.275000
   -8.551   -8.500   -8.500   -8.442   -8.442   -5.497    1.701    5.411    5.411    7.345
   10.725   10.725   12.242
            0.250000 -0.250000  0.250000
   -8.546   -8.501   -8.501   -8.443   -8.443   -5.618    2.074    5.488    5.488    7.413
   10.670   10.670   11.848
            0.225000 -0.225000  0.225000
   -8.540   -8.502   -8.502   -8.443   -8.443   -5.732    2.463    5.569    5.569    7.475
   10.595   10.595   11.464
            0.200000 -0.200000  0.200000
   -8.535   -8.504   -8.504   -8.443   -8.443   -5.837    2.865    5.653    5.653    7.525
   10.501   10.501   11.099
            0.175000 -0.175000  0.175000
   -8.530   -8.505   -8.505   -8.443   -8.443   -5.933    3.278    5.738    5.738    7.553
   10.394   10.394   10.762
            0.150000 -0.150000  0.150000
   -8.526   -8.506   -8.506   -8.443   -8.443   -6.017    3.699    5.821    5.821    7.544
   10.280   10.280   10.467
            0.125000 -0.125000  0.125000
   -8.521   -8.507   -8.507   -8.443   -8.443   -6.090    4.125    5.901    5.901    7.483
   10.166   10.166   10.226
            0.100000 -0.100000  0.100000
   -8.518   -8.508   -8.508   -8.443   -8.443   -6.150    4.553    5.972    5.972    7.354
   10.048   10.060   10.060
            0.075000 -0.075000  0.075000
   -8.514   -8.509   -8.509   -8.443   -8.443   -6.198    4.978    6.033    6.033    7.153
    9.934    9.968    9.968
            0.050000 -0.050000  0.050000
   -8.512   -8.510   -8.510   -8.443   -8.443   -6.232    5.397    6.080    6.080    6.887
    9.872    9.897    9.898
            0.025000 -0.025000  0.025000
   -8.511   -8.510   -8.510   -8.443   -8.443   -6.252    5.801    6.109    6.109    6.569
    9.845    9.853    9.853
            0.000000  0.000000  0.000000
   -8.510   -8.510   -8.510   -8.443   -8.443   -6.259    6.119    6.119    6.119    6.278
    9.838    9.838    9.838
            0.000000  0.000000  0.050000
   -8.511   -8.510   -8.510   -8.443   -8.443   -6.250    5.759    6.088    6.088    6.637
    9.802    9.880    9.880
            0.000000  0.000000  0.100000
   -8.513   -8.509   -8.509   -8.444   -8.443   -6.223    5.331    6.000    6.000    7.060
    9.702   10.004   10.004
            0.000000  0.000000  0.150000
   -8.517   -8.508   -8.508   -8.444   -8.443   -6.177    4.903    5.866    5.866    7.473
    9.556   10.197   10.197
            0.000000  0.000000  0.200000
   -8.522   -8.507   -8.507   -8.445   -8.442   -6.114    4.479    5.699    5.699    7.865
    9.385   10.447   10.447
            0.000000  0.000000  0.250000
   -8.528   -8.504   -8.504   -8.446   -8.442   -6.033    4.060    5.512    5.512    8.216
    9.214   10.740   10.740
            0.000000  0.000000  0.300000
   -8.534   -8.502   -8.502   -8.447   -8.441   -5.936    3.646    5.314    5.314    8.472
    9.093   11.066   11.066
            0.000000  0.000000  0.350000
   -8.542   -8.499   -8.499   -8.448   -8.440   -5.823    3.238    5.113    5.113    8.529
    9.114   11.417   11.417
            0.000000  0.000000  0.400000
   -8.549   -8.496   -8.496   -8.449   -8.439   -5.695    2.838    4.916    4.916    8.423
    9.222   11.787   11.787
            0.000000  0.000000  0.450000
   -8.556   -8.493   -8.493   -8.451   -8.438   -5.553    2.445    4.725    4.725    8.275
    9.283   12.171   12.171
            0.000000  0.000000  0.500000
   -8.564   -8.490   -8.490   -8.453   -8.437   -5.398    2.061    4.544    4.544    8.126
    9.256   12.567   12.567
            0.000000  0.000000  0.550000
   -8.571   -8.487   -8.487   -8.454   -8.436   -5.233    1.687    4.375    4.375    7.990
    9.151   12.970   12.970
            0.000000  0.000000  0.600000
   -8.578   -8.483   -8.483   -8.456   -8.435   -5.059    1.327    4.221    4.221    7.871
    8.993   13.379   13.379
            0.000000  0.000000  0.650000
   -8.584   -8.480   -8.480   -8.458   -8.434   -4.879    0.982    4.082    4.082    7.772
    8.807   13.789   13.789
            0.000000  0.000000  0.700000
   -8.589   -8.477   -8.477   -8.459   -8.434   -4.697    0.656    3.960    3.960    7.694
    8.612   14.198   14.198
            0.000000  0.000000  0.750000
   -8.594   -8.475   -8.475   -8.461   -8.433   -4.519    0.356    3.855    3.855    7.638
    8.422   14.599   14.599
            0.000000  0.000000  0.800000
   -8.598   -8.473   -8.473   -8.462   -8.432   -4.350    0.087    3.769    3.769    7.606
    8.245   14.985   14.985
            0.000000  0.000000  0.850000
   -8.601   -8.471   -8.471   -8.463   -8.432   -4.200   -0.141    3.701    3.701    7.597
    8.086   15.341   15.341
            0.000000  0.000000  0.900000
   -8.604   -8.470   -8.470   -8.463   -8.431   -4.080   -0.317    3.652    3.652    7.611
    7.950   15.642   15.642
            0.000000  0.000000  0.950000
   -8.605   -8.469   -8.469   -8.464   -8.431   -4.002   -0.429    3.623    3.623    7.645
    7.842   15.852   15.852
            0.000000  0.000000  1.000000
   -8.606   -8.468   -8.468   -8.464   -8.431   -3.974   -0.467    3.613    3.613    7.673
    7.789   15.929   15.929
            0.050000  0.025000  0.950000
   -8.605   -8.469   -8.469   -8.463   -8.431   -4.000   -0.425    3.568    3.626    7.697
    7.907   15.674   15.780
            0.100000  0.050000  0.900000
   -8.602   -8.471   -8.470   -8.462   -8.432   -4.071   -0.307    3.453    3.665    7.791
    8.220   14.966   15.426
            0.150000  0.075000  0.850000
   -8.599   -8.474   -8.472   -8.460   -8.433   -4.174   -0.142    3.316    3.734    7.953
    8.683   14.066   14.951
            0.200000  0.100000  0.800000
   -8.595   -8.478   -8.475   -8.458   -8.434   -4.290    0.033    3.209    3.837    8.171
    9.248   13.139   14.409
            0.250000  0.125000  0.750000
   -8.590   -8.482   -8.478   -8.455   -8.435   -4.406    0.176    3.174    3.982    8.424
    9.858   12.284   13.839
            0.300000  0.150000  0.700000
   -8.585   -8.486   -8.481   -8.452   -8.437   -4.511    0.259    3.230    4.173    8.670
   10.354   11.687   13.274
            0.350000  0.175000  0.650000
   -8.581   -8.489   -8.484   -8.449   -8.438   -4.597    0.275    3.366    4.413    8.800
   10.372   11.747   12.795
            0.400000  0.200000  0.600000
   -8.578   -8.491   -8.487   -8.446   -8.439   -4.659    0.240    3.548    4.679    8.646
   10.327   11.795   12.817
            0.450000  0.225000  0.550000
   -8.576   -8.492   -8.490   -8.443   -8.440   -4.694    0.180    3.740    4.913    8.309
   10.509   11.413   13.325
            0.500000  0.250000  0.500000
   -8.576   -8.492   -8.492   -8.442   -8.441   -4.700    0.113    3.912    5.015    8.071
   10.659   11.130   13.660
            0.550000  0.275000  0.450000
   -8.576   -8.493   -8.491   -8.443   -8.440   -4.678    0.052    4.018    4.928    8.052
   10.501   11.251   13.647
            0.600000  0.300000  0.400000
   -8.578   -8.492   -8.490   -8.444   -8.439   -4.628    0.004    3.977    4.755    8.172
   10.391   11.473   13.426
            0.650000  0.325000  0.350000
   -8.580   -8.491   -8.488   -8.445   -8.438   -4.553   -0.032    3.735    4.626    8.301
   10.468   11.722   13.134
            0.700000  0.350000  0.300000
   -8.583   -8.489   -8.485   -8.447   -8.438   -4.458   -0.059    3.395    4.498    8.434
   10.626   12.051   12.881
            0.750000  0.375000  0.250000
   -8.585   -8.488   -8.482   -8.448   -8.438   -4.347   -0.087    3.068    4.306    8.635
   10.737   12.219   12.993
            0.800000  0.400000  0.200000
   -8.588   -8.487   -8.479   -8.450   -8.438   -4.229   -0.125    2.817    4.047    8.936
   10.790   12.038   13.544
            0.850000  0.425000  0.150000
   -8.590   -8.486   -8.476   -8.451   -8.439   -4.114   -0.176    2.672    3.749    9.329
   10.818   11.813   13.553
            0.900000  0.450000  0.100000
   -8.592   -8.485   -8.474   -8.452   -8.439   -4.017   -0.235    2.643    3.446    9.787
   10.839   11.617   12.958
            0.950000  0.475000  0.050000
   -8.594   -8.484   -8.472   -8.452   -8.439   -3.950   -0.284    2.716    3.169   10.247
   10.845   11.467   12.400
            1.000000  0.500000  0.000000
   -8.594   -8.484   -8.472   -8.452   -8.439   -3.927   -0.303    2.815    3.001   10.508
   10.818   11.397   12.151
            0.987500  0.512500  0.000000
   -8.594   -8.484   -8.472   -8.452   -8.439   -3.927   -0.302    2.810    3.010   10.484
   10.799   11.429   12.168
            0.975000  0.525000  0.000000
   -8.594   -8.484   -8.472   -8.452   -8.439   -3.930   -0.301    2.794    3.037   10.401
   10.770   11.510   12.214
            0.962500  0.537500  0.000000
   -8.594   -8.484   -8.472   -8.452   -8.439   -3.933   -0.300    2.773    3.077   10.265
   10.754   11.619   12.281
            0.950000  0.550000  0.000000
   -8.594   -8.484   -8.472   -8.452   -8.438   -3.937   -0.299    2.748    3.126   10.100
   10.746   11.743   12.364
            0.937500  0.562500  0.000000
   -8.594   -8.484   -8.472   -8.452   -8.438   -3.943   -0.298    2.723    3.182    9.922
   10.741   11.876   12.460
            0.925000  0.575000  0.000000
   -8.594   -8.484   -8.472   -8.453   -8.438   -3.948   -0.297    2.698    3.244    9.739
   10.735   12.015   12.565
            0.912500  0.587500  0.000000
   -8.594   -8.483   -8.472   -8.453   -8.438   -3.954   -0.296    2.674    3.311    9.557
   10.728   12.158   12.678
            0.900000  0.600000  0.000000
   -8.594   -8.483   -8.473   -8.453   -8.438   -3.961   -0.296    2.651    3.380    9.377
   10.720   12.304   12.795
            0.887500  0.612500  0.000000
   -8.594   -8.483   -8.473   -8.453   -8.438   -3.967   -0.295    2.630    3.452    9.203
   10.711   12.453   12.916
            0.875000  0.625000  0.000000
   -8.595   -8.482   -8.473   -8.453   -8.438   -3.974   -0.295    2.610    3.525    9.036
   10.702   12.604   13.038
            0.862500  0.637500  0.000000
   -8.595   -8.482   -8.473   -8.453   -8.437   -3.980   -0.295    2.592    3.598    8.878
   10.693   12.757   13.161
            0.850000  0.650000  0.000000
   -8.595   -8.482   -8.473   -8.454   -8.437   -3.986   -0.295    2.575    3.669    8.730
   10.685   12.910   13.281
            0.837500  0.662500  0.000000
   -8.595   -8.481   -8.473   -8.454   -8.437   -3.991   -0.295    2.561    3.738    8.594
   10.676   13.065   13.397
            0.825000  0.675000  0.000000
   -8.595   -8.481   -8.474   -8.454   -8.437   -3.996   -0.296    2.548    3.802    8.471
   10.669   13.218   13.507
            0.812500  0.687500  0.000000
   -8.595   -8.481   -8.474   -8.454   -8.437   -4.000   -0.296    2.537    3.860    8.363
   10.663   13.370   13.610
            0.800000  0.700000  0.000000
   -8.595   -8.481   -8.474   -8.454   -8.437   -4.003   -0.297    2.528    3.911    8.273
   10.657   13.517   13.703
            0.787500  0.712500  0.000000
   -8.595   -8.480   -8.474   -8.454   -8.437   -4.006   -0.297    2.521    3.952    8.200
   10.653   13.653   13.786
            0.775000  0.725000  0.000000
   -8.595   -8.480   -8.474   -8.454   -8.437   -4.008   -0.297    2.516    3.982    8.147
   10.650   13.761   13.866
            0.762500  0.737500  0.000000
   -8.595   -8.480   -8.474   -8.454   -8.437   -4.010   -0.297    2.513    4.001    8.114
   10.648   13.821   13.945
            0.750000  0.750000  0.000000
   -8.595   -8.480   -8.474   -8.454   -8.437   -4.010   -0.297    2.512    4.008    8.103
   10.647   13.838   13.982
