 &plot nbnd=  26, nks=    81 /
            0.500000  0.500000  0.500000
  -53.119  -26.989  -26.989  -26.989  -21.800   -5.898   -5.898   -5.898   -4.211   -4.211
   -4.211    5.319    6.055    6.055    6.638    6.638    6.638   10.445   10.445   10.445
   14.219   14.219   14.219   17.842   18.138   18.138
            0.475000  0.475000  0.475000
  -53.119  -26.988  -26.988  -26.988  -21.801   -5.923   -5.903   -5.903   -4.204   -4.204
   -4.188    5.338    6.065    6.065    6.627    6.643    6.643   10.424   10.424   10.436
   14.206   14.207   14.207   17.858   17.858   17.873
            0.450000  0.450000  0.450000
  -53.119  -26.988  -26.988  -26.988  -21.802   -5.993   -5.917   -5.917   -4.182   -4.182
   -4.123    5.391    6.095    6.095    6.598    6.660    6.660   10.365   10.365   10.411
   14.168   14.174   14.174   17.874   17.874   17.959
            0.425000  0.425000  0.425000
  -53.120  -26.987  -26.987  -26.987  -21.804   -6.096   -5.938   -5.938   -4.149   -4.149
   -4.029    5.476    6.144    6.144    6.559    6.689    6.689   10.273   10.273   10.370
   14.107   14.120   14.120   17.818   17.819   18.090
            0.400000  0.400000  0.400000
  -53.120  -26.986  -26.986  -26.986  -21.807   -6.219   -5.964   -5.964   -4.107   -4.107
   -3.920    5.584    6.211    6.211    6.525    6.731    6.731   10.157   10.157   10.315
   14.025   14.045   14.045   17.690   17.690   18.245
            0.375000  0.375000  0.375000
  -53.120  -26.984  -26.984  -26.984  -21.811   -6.353   -5.993   -5.993   -4.059   -4.059
   -3.809    5.702    6.293    6.293    6.519    6.788    6.788   10.027   10.027   10.248
   13.922   13.951   13.951   17.513   17.513   18.403
            0.350000  0.350000  0.350000
  -53.120  -26.982  -26.982  -26.982  -21.815   -6.488   -6.023   -6.023   -4.010   -4.010
   -3.705    5.809    6.389    6.389    6.567    6.862    6.862    9.894    9.894   10.170
   13.802   13.839   13.839   17.302   17.302   18.543
            0.325000  0.325000  0.325000
  -53.120  -26.980  -26.980  -26.980  -21.820   -6.619   -6.051   -6.051   -3.962   -3.962
   -3.615    5.891    6.494    6.494    6.692    6.955    6.955    9.766    9.766   10.083
   13.666   13.713   13.713   17.062   17.062   18.650
            0.300000  0.300000  0.300000
  -53.120  -26.978  -26.978  -26.978  -21.825   -6.741   -6.076   -6.076   -3.919   -3.919
   -3.547    5.956    6.605    6.605    6.888    7.070    7.070    9.651    9.651    9.992
   13.516   13.573   13.573   16.798   16.799   18.716
            0.275000  0.275000  0.275000
  -53.120  -26.976  -26.975  -26.975  -21.831   -6.853   -6.097   -6.097   -3.882   -3.882
   -3.502    6.024    6.717    6.717    7.138    7.208    7.208    9.558    9.558    9.897
   13.354   13.422   13.422   16.518   16.518   18.594
            0.250000  0.250000  0.250000
  -53.121  -26.973  -26.973  -26.973  -21.837   -6.951   -6.113   -6.113   -3.854   -3.854
   -3.483    6.110    6.827    6.827    7.369    7.369    7.424    9.492    9.492    9.801
   13.182   13.262   13.262   16.224   16.224   18.376
            0.225000  0.225000  0.225000
  -53.121  -26.971  -26.970  -26.970  -21.843   -7.035   -6.124   -6.124   -3.835   -3.835
   -3.489    6.221    6.931    6.931    7.552    7.552    7.735    9.458    9.458    9.708
   13.004   13.095   13.095   15.923   15.923   18.112
            0.200000  0.200000  0.200000
  -53.121  -26.969  -26.968  -26.968  -21.849   -7.104   -6.130   -6.130   -3.826   -3.826
   -3.518    6.357    7.026    7.026    7.754    7.754    8.060    9.458    9.458    9.618
   12.821   12.922   12.922   15.619   15.619   17.823
            0.175000  0.175000  0.175000
  -53.121  -26.966  -26.966  -26.966  -21.855   -7.159   -6.131   -6.131   -3.825   -3.825
   -3.564    6.512    7.108    7.108    7.974    7.974    8.394    9.493    9.493    9.534
   12.638   12.744   12.744   15.319   15.319   17.525
            0.150000  0.150000  0.150000
  -53.121  -26.964  -26.963  -26.963  -21.861   -7.199   -6.127   -6.127   -3.831   -3.831
   -3.622    6.678    7.177    7.177    8.205    8.205    8.728    9.458    9.561    9.561
   12.458   12.563   12.563   15.029   15.029   17.229
            0.125000  0.125000  0.125000
  -53.121  -26.962  -26.961  -26.961  -21.866   -7.228   -6.122   -6.122   -3.842   -3.842
   -3.687    6.845    7.230    7.230    8.442    8.442    9.054    9.390    9.653    9.653
   12.285   12.381   12.381   14.756   14.756   16.949
            0.100000  0.100000  0.100000
  -53.121  -26.960  -26.960  -26.960  -21.871   -7.247   -6.114   -6.114   -3.856   -3.856
   -3.751    7.002    7.270    7.270    8.675    8.675    9.334    9.363    9.761    9.761
   12.123   12.201   12.201   14.510   14.510   16.696
            0.075000  0.075000  0.075000
  -53.122  -26.959  -26.959  -26.959  -21.874   -7.258   -6.106   -6.106   -3.870   -3.870
   -3.808    7.138    7.299    7.299    8.890    8.890    9.289    9.639    9.873    9.873
   11.977   12.030   12.030   14.300   14.300   16.482
            0.050000  0.050000  0.050000
  -53.122  -26.958  -26.958  -26.958  -21.877   -7.264   -6.100   -6.100   -3.882   -3.882
   -3.854    7.243    7.318    7.318    9.067    9.067    9.256    9.866    9.974    9.974
   11.856   11.883   11.883   14.138   14.138   16.320
            0.025000  0.025000  0.025000
  -53.122  -26.957  -26.957  -26.957  -21.879   -7.267   -6.095   -6.095   -3.891   -3.891
   -3.883    7.309    7.329    7.329    9.187    9.187    9.236   10.019   10.047   10.047
   11.771   11.779   11.779   14.035   14.035   16.219
            0.000000  0.000000  0.000000
  -53.122  -26.957  -26.957  -26.957  -21.880   -7.267   -6.094   -6.094   -3.893   -3.893
   -3.893    7.332    7.332    7.332    9.229    9.229    9.229   10.073   10.073   10.073
   11.741   11.741   11.741   13.999   13.999   16.185
            0.000000  0.025000  0.000000
  -53.122  -26.957  -26.957  -26.957  -21.880   -7.267   -6.095   -6.093   -3.893   -3.893
   -3.889    7.323    7.332    7.332    9.219    9.219    9.223   10.050   10.067   10.067
   11.742   11.759   11.759   13.999   14.023   16.196
            0.000000  0.050000  0.000000
  -53.122  -26.958  -26.957  -26.957  -21.879   -7.267   -6.099   -6.092   -3.892   -3.892
   -3.876    7.296    7.331    7.331    9.189    9.189    9.205    9.983   10.048   10.048
   11.744   11.810   11.810   14.000   14.091   16.230
            0.000000  0.075000  0.000000
  -53.122  -26.959  -26.957  -26.957  -21.878   -7.266   -6.104   -6.091   -3.890   -3.890
   -3.854    7.251    7.329    7.329    9.141    9.141    9.176    9.879   10.020   10.020
   11.747   11.891   11.891   14.000   14.197   16.289
            0.000000  0.100000  0.000000
  -53.122  -26.960  -26.957  -26.957  -21.877   -7.266   -6.110   -6.089   -3.887   -3.887
   -3.825    7.191    7.326    7.326    9.076    9.076    9.137    9.745    9.987    9.987
   11.752   11.995   11.995   14.001   14.334   16.359
            0.000000  0.125000  0.000000
  -53.122  -26.962  -26.957  -26.957  -21.875   -7.267   -6.115   -6.087   -3.884   -3.884
   -3.790    7.115    7.323    7.323    8.998    8.998    9.089    9.590    9.952    9.952
   11.759   12.117   12.117   14.003   14.492   16.464
            0.000000  0.150000  0.000000
  -53.121  -26.964  -26.956  -26.956  -21.873   -7.270   -6.119   -6.084   -3.880   -3.880
   -3.750    7.027    7.320    7.320    8.911    8.911    9.034    9.423    9.917    9.917
   11.766   12.250   12.250   14.004   14.663   16.566
            0.000000  0.175000  0.000000
  -53.121  -26.967  -26.956  -26.956  -21.871   -7.275   -6.119   -6.081   -3.876   -3.876
   -3.706    6.927    7.317    7.317    8.817    8.817    8.974    9.251    9.882    9.882
   11.774   12.391   12.391   14.005   14.841   16.697
            0.000000  0.200000  0.000000
  -53.121  -26.969  -26.956  -26.956  -21.868   -7.283   -6.116   -6.078   -3.872   -3.872
   -3.660    6.819    7.313    7.313    8.719    8.719    8.910    9.078    9.849    9.849
   11.783   12.535   12.535   14.006   15.021   16.847
            0.000000  0.225000  0.000000
  -53.121  -26.972  -26.956  -26.956  -21.866   -7.293   -6.107   -6.075   -3.867   -3.867
   -3.614    6.705    7.310    7.310    8.621    8.621    8.845    8.911    9.818    9.818
   11.792   12.679   12.679   14.007   15.197   16.997
            0.000000  0.250000  0.000000
  -53.121  -26.975  -26.956  -26.956  -21.863   -7.306   -6.095   -6.071   -3.862   -3.862
   -3.568    6.588    7.307    7.307    8.525    8.525    8.751    8.780    9.788    9.788
   11.802   12.820   12.820   14.009   15.366   17.162
            0.000000  0.275000  0.000000
  -53.121  -26.978  -26.956  -26.956  -21.861   -7.321   -6.078   -6.068   -3.857   -3.857
   -3.523    6.471    7.304    7.304    8.432    8.433    8.601    8.717    9.761    9.761
   11.812   12.957   12.957   14.010   15.526   17.308
            0.000000  0.300000  0.000000
  -53.121  -26.981  -26.956  -26.956  -21.858   -7.338   -6.065   -6.058   -3.852   -3.852
   -3.480    6.356    7.302    7.302    8.345    8.345    8.464    8.656    9.735    9.735
   11.821   13.085   13.085   14.011   15.674   17.506
            0.000000  0.325000  0.000000
  -53.121  -26.984  -26.956  -26.956  -21.856   -7.355   -6.061   -6.037   -3.847   -3.847
   -3.441    6.247    7.301    7.301    8.264    8.264    8.341    8.600    9.712    9.712
   11.831   13.204   13.204   14.012   15.808   17.675
            0.000000  0.350000  0.000000
  -53.121  -26.986  -26.955  -26.955  -21.854   -7.372   -6.058   -6.014   -3.843   -3.843
   -3.406    6.146    7.301    7.301    8.191    8.191    8.233    8.549    9.692    9.692
   11.839   13.311   13.311   14.012   15.927   17.836
            0.000000  0.375000  0.000000
  -53.121  -26.988  -26.955  -26.955  -21.852   -7.388   -6.056   -5.992   -3.839   -3.839
   -3.375    6.056    7.302    7.302    8.127    8.127    8.141    8.505    9.675    9.675
   11.847   13.405   13.405   14.013   16.030   17.984
            0.000000  0.400000  0.000000
  -53.121  -26.990  -26.955  -26.955  -21.850   -7.402   -6.053   -5.972   -3.836   -3.836
   -3.349    5.980    7.303    7.303    8.064    8.072    8.072    8.467    9.660    9.660
   11.853   13.484   13.484   14.014   16.115   17.955
            0.000000  0.425000  0.000000
  -53.121  -26.992  -26.955  -26.955  -21.849   -7.413   -6.051   -5.956   -3.833   -3.833
   -3.329    5.918    7.304    7.304    8.005    8.029    8.029    8.437    9.649    9.649
   11.859   13.547   13.547   14.014   16.182   18.220
            0.000000  0.450000  0.000000
  -53.121  -26.993  -26.955  -26.955  -21.848   -7.422   -6.050   -5.943   -3.831   -3.831
   -3.314    5.872    7.306    7.306    7.962    7.997    7.997    8.416    9.641    9.641
   11.862   13.593   13.593   14.014   16.231   18.299
            0.000000  0.475000  0.000000
  -53.121  -26.993  -26.955  -26.955  -21.847   -7.427   -6.049   -5.935   -3.830   -3.830
   -3.305    5.845    7.307    7.307    7.936    7.978    7.978    8.403    9.636    9.636
   11.865   13.621   13.621   14.015   16.260   18.347
            0.000000  0.500000  0.000000
  -53.121  -26.994  -26.955  -26.955  -21.847   -7.429   -6.049   -5.932   -3.830   -3.830
   -3.302    5.836    7.307    7.307    7.927    7.971    7.971    8.398    9.634    9.634
   11.866   13.630   13.630   14.015   16.270   18.364
            0.025000  0.500000  0.000000
  -53.121  -26.993  -26.955  -26.955  -21.847   -7.426   -6.049   -5.935   -3.829   -3.828
   -3.304    5.835    7.302    7.308    7.788    7.968    8.078    8.436    9.618    9.622
   11.881   13.630   13.630   14.031   16.278   18.374
            0.050000  0.500000  0.000000
  -53.121  -26.993  -26.956  -26.955  -21.846   -7.415   -6.047   -5.944   -3.828   -3.822
   -3.310    5.833    7.288    7.309    7.615    7.957    8.157    8.543    9.571    9.587
   11.926   13.629   13.630   14.079   16.304   18.174
            0.075000  0.500000  0.000000
  -53.121  -26.993  -26.957  -26.955  -21.846   -7.397   -6.046   -5.957   -3.826   -3.812
   -3.319    5.830    7.264    7.312    7.438    7.940    8.208    8.693    9.499    9.531
   11.996   13.629   13.630   14.152   16.347   18.203
            0.100000  0.500000  0.000000
  -53.121  -26.993  -26.958  -26.955  -21.845   -7.373   -6.044   -5.976   -3.823   -3.798
   -3.331    5.827    7.227    7.262    7.316    7.917    8.249    8.860    9.411    9.460
   12.089   13.628   13.632   14.244   16.409   18.242
            0.125000  0.500000  0.000000
  -53.121  -26.993  -26.960  -26.955  -21.844   -7.342   -6.042   -5.999   -3.819   -3.781
   -3.346    5.822    7.089    7.176    7.321    7.889    8.290    9.029    9.314    9.377
   12.198   13.627   13.635   14.344   16.490   18.291
            0.150000  0.500000  0.000000
  -53.121  -26.993  -26.962  -26.955  -21.842   -7.305   -6.041   -6.025   -3.815   -3.762
   -3.363    5.816    6.921    7.111    7.326    7.856    8.334    9.196    9.219    9.288
   12.319   13.626   13.642   14.446   16.590   18.348
            0.175000  0.500000  0.000000
  -53.121  -26.993  -26.965  -26.955  -21.841   -7.262   -6.054   -6.041   -3.810   -3.741
   -3.381    5.808    6.760    7.029    7.333    7.819    8.381    9.130    9.194    9.357
   12.447   13.625   13.652   14.544   16.709   18.413
            0.200000  0.500000  0.000000
  -53.121  -26.993  -26.967  -26.954  -21.839   -7.214   -6.085   -6.043   -3.805   -3.719
   -3.401    5.800    6.607    6.933    7.341    7.780    8.432    9.054    9.099    9.508
   12.580   13.624   13.668   14.632   16.842   18.483
            0.225000  0.500000  0.000000
  -53.121  -26.992  -26.970  -26.954  -21.837   -7.161   -6.117   -6.048   -3.800   -3.696
   -3.420    5.790    6.462    6.824    7.350    7.739    8.484    8.992    9.004    9.649
   12.714   13.622   13.688   14.709   16.988   18.557
            0.250000  0.500000  0.000000
  -53.121  -26.992  -26.973  -26.954  -21.835   -7.104   -6.149   -6.055   -3.794   -3.673
   -3.440    5.779    6.327    6.707    7.359    7.697    8.537    8.913    8.946    9.778
   12.847   13.621   13.714   14.775   17.141   18.634
            0.275000  0.500000  0.000000
  -53.120  -26.992  -26.976  -26.954  -21.834   -7.043   -6.181   -6.067   -3.788   -3.650
   -3.458    5.764    6.203    6.586    7.369    7.656    8.590    8.826    8.912    9.894
   12.975   13.621   13.745   14.830   17.296   18.712
            0.300000  0.500000  0.000000
  -53.120  -26.992  -26.978  -26.954  -21.832   -6.979   -6.211   -6.084   -3.783   -3.628
   -3.474    5.747    6.090    6.469    7.380    7.616    8.642    8.745    8.890    9.996
   13.096   13.620   13.780   14.875   17.449   18.789
            0.325000  0.500000  0.000000
  -53.120  -26.991  -26.981  -26.954  -21.830   -6.913   -6.239   -6.106   -3.777   -3.608
   -3.489    5.725    5.988    6.360    7.391    7.579    8.670    8.691    8.877   10.085
   13.209   13.619   13.817   14.912   17.594   18.863
            0.350000  0.500000  0.000000
  -53.120  -26.991  -26.983  -26.954  -21.829   -6.845   -6.265   -6.132   -3.773   -3.589
   -3.502    5.698    5.899    6.265    7.401    7.545    8.602    8.736    8.870   10.159
   13.311   13.618   13.856   14.941   17.728   18.932
            0.375000  0.500000  0.000000
  -53.120  -26.991  -26.985  -26.954  -21.827   -6.777   -6.288   -6.165   -3.768   -3.573
   -3.512    5.666    5.823    6.187    7.412    7.514    8.543    8.776    8.868   10.221
   13.401   13.618   13.894   14.964   17.847   18.994
            0.400000  0.500000  0.000000
  -53.120  -26.991  -26.987  -26.954  -21.826   -6.709   -6.307   -6.202   -3.764   -3.559
   -3.520    5.632    5.759    6.127    7.421    7.488    8.494    8.810    8.868   10.270
   13.477   13.618   13.929   14.981   17.949   19.047
            0.425000  0.500000  0.000000
  -53.120  -26.991  -26.989  -26.953  -21.825   -6.644   -6.322   -6.243   -3.761   -3.548
   -3.526    5.598    5.710    6.085    7.429    7.468    8.454    8.837    8.870   10.308
   13.537   13.617   13.959   14.994   18.030   19.091
            0.450000  0.500000  0.000000
  -53.120  -26.991  -26.990  -26.953  -21.824   -6.583   -6.334   -6.286   -3.759   -3.540
   -3.530    5.570    5.675    6.058    7.435    7.453    8.425    8.857    8.872   10.334
   13.581   13.617   13.982   15.003   18.089   18.855
            0.475000  0.500000  0.000000
  -53.120  -26.991  -26.990  -26.953  -21.824   -6.534   -6.340   -6.324   -3.758   -3.535
   -3.533    5.551    5.653    6.042    7.439    7.444    8.408    8.870    8.873   10.349
   13.608   13.617   13.996   15.008   18.125   18.836
            0.500000  0.500000  0.000000
  -53.120  -26.991  -26.991  -26.953  -21.824   -6.512   -6.343   -6.343   -3.757   -3.534
   -3.534    5.545    5.646    6.038    7.440    7.440    8.402    8.874    8.874   10.355
   13.617   13.617   14.001   15.010   18.137   18.830
            0.475000  0.475000  0.000000
  -53.120  -26.990  -26.990  -26.953  -21.824   -6.552   -6.341   -6.307   -3.758   -3.536
   -3.533    5.558    5.661    6.047    7.437    7.448    8.413    8.863    8.875   10.344
   13.607   13.610   13.991   15.007   18.113   18.842
            0.450000  0.450000  0.000000
  -53.120  -26.990  -26.990  -26.953  -21.825   -6.629   -6.338   -6.242   -3.761   -3.542
   -3.532    5.593    5.707    6.076    7.426    7.470    8.448    8.834    8.878   10.314
   13.576   13.587   13.962   14.996   18.041   18.869
            0.425000  0.425000  0.000000
  -53.120  -26.989  -26.989  -26.954  -21.826   -6.713   -6.331   -6.177   -3.765   -3.552
   -3.530    5.644    5.791    6.123    7.410    7.506    8.503    8.790    8.884   10.266
   13.526   13.549   13.914   14.979   17.926   18.870
            0.400000  0.400000  0.000000
  -53.120  -26.988  -26.987  -26.954  -21.828   -6.796   -6.323   -6.121   -3.771   -3.565
   -3.528    5.706    5.913    6.188    7.392    7.557    8.575    8.738    8.894   10.202
   13.457   13.497   13.848   14.955   17.769   18.800
            0.375000  0.375000  0.000000
  -53.120  -26.986  -26.986  -26.954  -21.831   -6.875   -6.312   -6.077   -3.779   -3.582
   -3.525    5.781    6.070    6.268    7.373    7.622    8.661    8.685    8.907   10.124
   13.371   13.430   13.764   14.923   17.576   18.678
            0.350000  0.350000  0.000000
  -53.120  -26.984  -26.984  -26.954  -21.834   -6.948   -6.299   -6.045   -3.787   -3.602
   -3.522    5.867    6.257    6.362    7.355    7.700    8.640    8.759    8.925   10.038
   13.271   13.349   13.665   14.884   17.352   18.527
            0.325000  0.325000  0.000000
  -53.121  -26.982  -26.981  -26.954  -21.837   -7.013   -6.284   -6.026   -3.797   -3.625
   -3.522    5.964    6.466    6.472    7.339    7.791    8.611    8.865    8.949    9.946
   13.157   13.255   13.552   14.837   17.101   18.356
            0.300000  0.300000  0.000000
  -53.121  -26.980  -26.979  -26.955  -21.841   -7.070   -6.267   -6.018   -3.807   -3.650
   -3.526    6.072    6.578    6.708    7.327    7.894    8.606    8.978    8.980    9.854
   13.033   13.147   13.427   14.782   16.829   18.170
            0.275000  0.275000  0.000000
  -53.121  -26.977  -26.976  -26.955  -21.845   -7.118   -6.249   -6.020   -3.818   -3.676
   -3.535    6.189    6.694    6.962    7.317    8.007    8.628    9.019    9.095    9.766
   12.901   13.028   13.292   14.721   16.540   17.972
            0.250000  0.250000  0.000000
  -53.121  -26.974  -26.974  -26.955  -21.849   -7.157   -6.230   -6.028   -3.828   -3.704
   -3.552    6.314    6.809    7.228    7.311    8.131    8.682    9.065    9.215    9.687
   12.763   12.898   13.147   14.652   16.240   17.764
            0.225000  0.225000  0.000000
  -53.121  -26.972  -26.971  -26.955  -21.854   -7.188   -6.211   -6.040   -3.839   -3.732
   -3.577    6.446    6.918    7.308    7.501    8.262    8.769    9.118    9.335    9.623
   12.622   12.760   12.995   14.577   15.933   17.549
            0.200000  0.200000  0.000000
  -53.121  -26.969  -26.968  -26.956  -21.858   -7.213   -6.191   -6.054   -3.849   -3.760
   -3.610    6.581    7.018    7.308    7.776    8.400    8.889    9.171    9.455    9.585
   12.481   12.615   12.836   14.497   15.625   17.331
            0.175000  0.175000  0.000000
  -53.121  -26.967  -26.966  -26.956  -21.863   -7.231   -6.172   -6.068   -3.858   -3.787
   -3.650    6.719    7.105    7.310    8.046    8.541    9.039    9.213    9.571    9.584
   12.342   12.465   12.671   14.413   15.322   17.115
            0.150000  0.150000  0.000000
  -53.121  -26.964  -26.964  -26.956  -21.867   -7.244   -6.153   -6.079   -3.867   -3.812
   -3.696    6.854    7.177    7.313    8.305    8.683    9.212    9.234    9.628    9.682
   12.209   12.316   12.503   14.328   15.029   16.905
            0.125000  0.125000  0.000000
  -53.121  -26.962  -26.962  -26.956  -21.870   -7.253   -6.137   -6.087   -3.875   -3.835
   -3.744    6.982    7.232    7.317    8.548    8.820    9.239    9.400    9.710    9.786
   12.084   12.171   12.333   14.245   14.755   16.714
            0.100000  0.100000  0.000000
  -53.121  -26.960  -26.960  -26.956  -21.874   -7.259   -6.122   -6.092   -3.881   -3.855
   -3.791    7.097    7.273    7.322    8.768    8.949    9.236    9.592    9.809    9.879
   11.972   12.035   12.165   14.167   14.509   16.534
            0.075000  0.075000  0.000000
  -53.122  -26.959  -26.959  -26.957  -21.876   -7.263   -6.110   -6.094   -3.887   -3.871
   -3.832    7.195    7.301    7.326    8.956    9.062    9.233    9.774    9.910    9.959
   11.877   11.916   12.007   14.099   14.299   16.387
            0.050000  0.050000  0.000000
  -53.122  -26.958  -26.958  -26.957  -21.878   -7.266   -6.101   -6.094   -3.890   -3.883
   -3.865    7.270    7.319    7.329    9.103    9.151    9.231    9.928    9.995   10.020
   11.803   11.822   11.871   14.046   14.137   16.275
            0.025000  0.025000  0.000000
  -53.122  -26.957  -26.957  -26.957  -21.879   -7.267   -6.095   -6.094   -3.893   -3.891
   -3.886    7.316    7.329    7.331    9.197    9.209    9.229   10.035   10.053   10.060
   11.757   11.762   11.776   14.011   14.034   16.208
            0.000000  0.000000  0.000000
  -53.122  -26.957  -26.957  -26.957  -21.880   -7.267   -6.094   -6.094   -3.893   -3.893
   -3.893    7.332    7.332    7.332    9.229    9.229    9.229   10.073   10.073   10.073
   11.741   11.741   11.741   13.999   13.999   16.185
